
Running 333 tests using 8 workers

  ok   2 [chromium] ‚Ä∫ tests\e2e\accessibility.spec.ts:58:7 ‚Ä∫ Accessibility - Keyboard Navigation ‚Ä∫ should activate links with Enter key (6.1s)
  ok   6 [chromium] ‚Ä∫ tests\e2e\accessibility.spec.ts:153:7 ‚Ä∫ Accessibility - Keyboard Navigation ‚Ä∫ should have visible focus indicators (6.4s)
  ok   8 [chromium] ‚Ä∫ tests\e2e\accessibility.spec.ts:181:7 ‚Ä∫ Accessibility - Screen Reader Support ‚Ä∫ should have proper page title (6.4s)
  ok   5 [chromium] ‚Ä∫ tests\e2e\accessibility.spec.ts:97:7 ‚Ä∫ Accessibility - Keyboard Navigation ‚Ä∫ should trap focus in modal dialogs (6.4s)
  ok   1 [chromium] ‚Ä∫ tests\e2e\accessibility.spec.ts:38:7 ‚Ä∫ Accessibility - Keyboard Navigation ‚Ä∫ should support Shift+Tab to navigate backwards (6.4s)
  ok   4 [chromium] ‚Ä∫ tests\e2e\accessibility.spec.ts:79:7 ‚Ä∫ Accessibility - Keyboard Navigation ‚Ä∫ should activate buttons with Space key (6.4s)
  ok   7 [chromium] ‚Ä∫ tests\e2e\accessibility.spec.ts:129:7 ‚Ä∫ Accessibility - Keyboard Navigation ‚Ä∫ should close modal with Escape key (6.6s)
  ok  11 [chromium] ‚Ä∫ tests\e2e\accessibility.spec.ts:205:7 ‚Ä∫ Accessibility - Screen Reader Support ‚Ä∫ should have landmark regions (3.5s)
  ok  15 [chromium] ‚Ä∫ tests\e2e\accessibility.spec.ts:289:7 ‚Ä∫ Accessibility - Screen Reader Support ‚Ä∫ should have accessible button labels (3.3s)
  ok  10 [chromium] ‚Ä∫ tests\e2e\accessibility.spec.ts:218:7 ‚Ä∫ Accessibility - Screen Reader Support ‚Ä∫ should have accessible navigation (3.6s)
  ok  13 [chromium] ‚Ä∫ tests\e2e\accessibility.spec.ts:250:7 ‚Ä∫ Accessibility - Screen Reader Support ‚Ä∫ should have accessible form labels (3.6s)
  ok  14 [chromium] ‚Ä∫ tests\e2e\accessibility.spec.ts:277:7 ‚Ä∫ Accessibility - Screen Reader Support ‚Ä∫ should announce dynamic content changes (3.6s)
  ok  12 [chromium] ‚Ä∫ tests\e2e\accessibility.spec.ts:231:7 ‚Ä∫ Accessibility - Screen Reader Support ‚Ä∫ should have alt text for images (3.6s)
  x    9 [chromium] ‚Ä∫ tests\e2e\accessibility.spec.ts:189:7 ‚Ä∫ Accessibility - Screen Reader Support ‚Ä∫ should have proper heading hierarchy (3.7s)
Homepage violations: [
  {
    id: [32m'color-contrast'[39m,
    impact: [32m'serious'[39m,
    tags: [
      [32m'cat.color'[39m,  [32m'wcag2aa'[39m,
      [32m'wcag143'[39m,    [32m'TTv5'[39m,
      [32m'TT13.c'[39m,     [32m'EN-301-549'[39m,
      [32m'EN-9.1.4.3'[39m, [32m'ACT'[39m,
      [32m'RGAAv4'[39m,     [32m'RGAA-3.2.1'[39m
    ],
    description: [32m'Ensure the contrast between foreground and background colors meets WCAG 2 AA minimum contrast ratio thresholds'[39m,
    help: [32m'Elements must meet minimum color contrast ratio thresholds'[39m,
    helpUrl: [32m'https://dequeuniversity.com/rules/axe/4.11/color-contrast?application=playwright'[39m,
    nodes: [ [36m[Object][39m ]
  }
]
  ok  18 [chromium] ‚Ä∫ tests\e2e\accessibility.spec.ts:351:7 ‚Ä∫ Accessibility - ARIA Compliance ‚Ä∫ should have valid ARIA attributes (4.5s)
  ok  19 [chromium] ‚Ä∫ tests\e2e\accessibility.spec.ts:368:7 ‚Ä∫ Accessibility - ARIA Compliance ‚Ä∫ should use ARIA roles correctly (4.5s)
Color contrast violations: [
  {
    id: [32m'color-contrast'[39m,
    impact: [32m'serious'[39m,
    tags: [
      [32m'cat.color'[39m,  [32m'wcag2aa'[39m,
      [32m'wcag143'[39m,    [32m'TTv5'[39m,
      [32m'TT13.c'[39m,     [32m'EN-301-549'[39m,
      [32m'EN-9.1.4.3'[39m, [32m'ACT'[39m,
      [32m'RGAAv4'[39m,     [32m'RGAA-3.2.1'[39m
    ],
    description: [32m'Ensure the contrast between foreground and background colors meets WCAG 2 AA minimum contrast ratio thresholds'[39m,
    help: [32m'Elements must meet minimum color contrast ratio thresholds'[39m,
    helpUrl: [32m'https://dequeuniversity.com/rules/axe/4.11/color-contrast?application=playwright'[39m,
    nodes: [ [36m[Object][39m ]
  }
]
  ok  21 [chromium] ‚Ä∫ tests\e2e\accessibility.spec.ts:400:7 ‚Ä∫ Accessibility - Full Page Scans ‚Ä∫ should pass WCAG 2.1 AA on systems map (5.6s)
  x   20 [chromium] ‚Ä∫ tests\e2e\accessibility.spec.ts:385:7 ‚Ä∫ Accessibility - Full Page Scans ‚Ä∫ should pass WCAG 2.1 AA on homepage (4.8s)
  x   16 [chromium] ‚Ä∫ tests\e2e\accessibility.spec.ts:312:7 ‚Ä∫ Accessibility - Color and Contrast ‚Ä∫ should pass automated color contrast checks (5.5s)
  ok  17 [chromium] ‚Ä∫ tests\e2e\accessibility.spec.ts:333:7 ‚Ä∫ Accessibility - Color and Contrast ‚Ä∫ should not rely solely on color for information (6.1s)

========== COMPREHENSIVE INTERACTION TEST ==========

  ok  23 [chromium] ‚Ä∫ tests\e2e\accessibility.spec.ts:461:7 ‚Ä∫ Accessibility - Focus Management ‚Ä∫ should focus first element in modal when opened (2.8s)
  ok  22 [chromium] ‚Ä∫ tests\e2e\accessibility.spec.ts:432:7 ‚Ä∫ Accessibility - Focus Management ‚Ä∫ should restore focus after modal closes (3.1s)
  ok  24 [chromium] ‚Ä∫ tests\e2e\accessibility.spec.ts:487:7 ‚Ä∫ Accessibility - Focus Management ‚Ä∫ should not lose focus on page navigation (2.1s)
‚úì Diagram loaded
‚úì 71 nodes rendered
‚úì 53 edges rendered

Initial transform: translate(120,60) scale(0.8)

--- Test 1: Zoom IN ---
BROWSER: %cDownload the React DevTools for a better development experience: https://reactjs.org/link/react-devtools font-weight:bold
BROWSER: [zustand devtools middleware] Please install/enable Redux devtools extension
BROWSER: [zustand devtools middleware] Please install/enable Redux devtools extension
BROWSER: ‚ö†Ô∏è React Router Future Flag Warning: React Router will begin wrapping state updates in `React.startTransition` in v7. You can use the `v7_startTransition` future flag to opt-in early. For more information, see https://reactrouter.com/v6/upgrading/future#v7_starttransition.
BROWSER: ‚ö†Ô∏è React Router Future Flag Warning: Relative route resolution within Splat routes is changing in v7. You can use the `v7_relativeSplatPath` future flag to opt-in early. For more information, see https://reactrouter.com/v6/upgrading/future#v7_relativesplatpath.
‚úì Zoom IN works

--- Test 2: Zoom OUT ---
‚úì Zoom OUT executed

--- Test 3: Pan ---
‚úì Pan executed

--- Test 4: Node Hover ---
API Response: http://localhost:8002/api/mechanisms/?limit=1000
  Status: 200
  Body preview: [{"id":"paternal_overweight_preconception_to_offspring_lung_function","name":"Paternal Preconception Overweight ‚Üí Offspring Lung Function","from_node_id":"paternal_overweight_preconception","from_node...
‚úì Node hover effect works

--- Test 5: Node Click ---
‚úì Node click executed without error

--- Test 6: Edge Visibility ---
Edge stroke: #EF4444, width: 2.5
‚úì Edges are visible with proper stroke width

--- Test 7: Node Box Visibility ---
Node box: 27.8x12.7px
‚úì Node boxes are visible (large enough)

--- Test 8: Text Readability ---
Text: "Paternal", size: 10.8px
‚úì Text labels are readable
API Response: http://localhost:8002/api/nodes/crisis-endpoints
  Status: 200
  Body preview: [{"nodeId":"acute_liver_failure_incidence","label":"Acute Liver Failure Incidence","category":"biological","scale":7,"description":null},{"nodeId":"adult_asthma_prevalence","label":"Adult Asthma Preva...

‚úì Screenshot saved

========== ALL TESTS COMPLETE ==========

Summary:
- 71 nodes rendering correctly
- 53 edges visible
- Zoom, pan, and interactions functional
- Visual elements properly sized and visible
  ok  28 [chromium] ‚Ä∫ tests\e2e\crisis-explorer-view.spec.ts:28:7 ‚Ä∫ Crisis Explorer View ‚Ä∫ Crisis Explorer view loads (3.4s)
  ok  25 [chromium] ‚Ä∫ tests\e2e\comprehensive-interaction-test.spec.ts:7:5 ‚Ä∫ Comprehensive Diagram Interaction Test (5.3s)
Best practice violations: [
  {
    id: [32m'landmark-one-main'[39m,
    impact: [32m'moderate'[39m,
    tags: [ [32m'cat.semantics'[39m, [32m'best-practice'[39m ],
    description: [32m'Ensure the document has a main landmark'[39m,
    help: [32m'Document should have one main landmark'[39m,
    helpUrl: [32m'https://dequeuniversity.com/rules/axe/4.11/landmark-one-main?application=playwright'[39m,
    nodes: [ [36m[Object][39m ]
  },
  {
    id: [32m'page-has-heading-one'[39m,
    impact: [32m'moderate'[39m,
    tags: [ [32m'cat.semantics'[39m, [32m'best-practice'[39m ],
    description: [32m'Ensure that the page, or at least one of its frames contains a level-one heading'[39m,
    help: [32m'Page should contain a level-one heading'[39m,
    helpUrl: [32m'https://dequeuniversity.com/rules/axe/4.11/page-has-heading-one?application=playwright'[39m,
    nodes: [ [36m[Object][39m ]
  },
  {
    id: [32m'region'[39m,
    impact: [32m'moderate'[39m,
    tags: [ [32m'cat.keyboard'[39m, [32m'best-practice'[39m, [32m'RGAAv4'[39m, [32m'RGAA-9.2.1'[39m ],
    description: [32m'Ensure all page content is contained by landmarks'[39m,
    help: [32m'All page content should be contained by landmarks'[39m,
    helpUrl: [32m'https://dequeuniversity.com/rules/axe/4.11/region?application=playwright'[39m,
    nodes: [ [36m[Object][39m, [36m[Object][39m ]
  },
  {
    id: [32m'skip-link'[39m,
    impact: [32m'moderate'[39m,
    tags: [ [32m'cat.keyboard'[39m, [32m'best-practice'[39m, [32m'RGAAv4'[39m, [32m'RGAA-12.7.1'[39m ],
    description: [32m'Ensure all skip links have a focusable target'[39m,
    help: [32m'The skip-link target should exist and be focusable'[39m,
    helpUrl: [32m'https://dequeuniversity.com/rules/axe/4.11/skip-link?application=playwright'[39m,
    nodes: [ [36m[Object][39m ]
  }
]
  ok  29 [chromium] ‚Ä∫ tests\e2e\accessibility.spec.ts:415:7 ‚Ä∫ Accessibility - Full Page Scans ‚Ä∫ should pass best practices checks (3.4s)

=== STEP 1: Page loaded ===
Small touch target: Skip to main content (155.390625x24)
  ok  31 [chromium] ‚Ä∫ tests\e2e\accessibility.spec.ts:535:7 ‚Ä∫ Accessibility - Mobile and Touch ‚Ä∫ should be zoomable on mobile (2.6s)
  ok  30 [chromium] ‚Ä∫ tests\e2e\accessibility.spec.ts:509:7 ‚Ä∫ Accessibility - Mobile and Touch ‚Ä∫ should support touch targets on mobile (2.7s)
  ok  34 [chromium] ‚Ä∫ tests\e2e\crisis-explorer-view.spec.ts:59:7 ‚Ä∫ Crisis Explorer View ‚Ä∫ Configuration controls are present (3.3s)
Found 10 crisis endpoints
‚úì Selected crisis endpoint
‚úì Set max degrees to 3
‚úì Clicked Explore button

=== STEP 2: Waiting for API response ===
  ok  36 [chromium] ‚Ä∫ tests\e2e\crisis-explorer-view.spec.ts:86:7 ‚Ä∫ Crisis Explorer View ‚Ä∫ Evidence strength selection works (3.6s)
  ok  35 [chromium] ‚Ä∫ tests\e2e\crisis-explorer-view.spec.ts:70:7 ‚Ä∫ Crisis Explorer View ‚Ä∫ Max degrees slider works (3.9s)
API Response: http://localhost:8002/api/nodes/crisis-subgraph
  Status: 200
  Body preview: {"nodes":[{"nodeId":"peer_support_service_utilization","label":"Peer Support Service Utilization","category":"social_environment","scale":4,"degreeFromCrisis":2,"isCrisisEndpoint":false,"isPolicyLever...
  x   32 [chromium] ‚Ä∫ tests\e2e\crisis-explorer-view.spec.ts:33:7 ‚Ä∫ Crisis Explorer View ‚Ä∫ Crisis endpoints load from API (7.4s)
  ok  37 [chromium] ‚Ä∫ tests\e2e\crisis-explorer-view.spec.ts:99:7 ‚Ä∫ Crisis Explorer View ‚Ä∫ Explore button appears after selection (6.0s)
  x    3 [chromium] ‚Ä∫ tests\e2e\accessibility.spec.ts:17:7 ‚Ä∫ Accessibility - Keyboard Navigation ‚Ä∫ should navigate through all interactive elements with Tab (31.6s)
  ok  38 [chromium] ‚Ä∫ tests\e2e\crisis-explorer-view.spec.ts:115:7 ‚Ä∫ Crisis Explorer View ‚Ä∫ Explore button disabled without selection (5.8s)
  x   39 [chromium] ‚Ä∫ tests\e2e\crisis-explorer-view.spec.ts:132:7 ‚Ä∫ Crisis Explorer View ‚Ä∫ Can trigger crisis exploration (6.0s)

=== STEP 3: Checking DOM state ===
Body contains "Total Nodes": [33mtrue[39m
Body contains "Subgraph Statistics": [33mtrue[39m
Body contains "Policy Levers": [33mtrue[39m
Body contains "Exploring": [33mfalse[39m
Body contains "Loading": [33mfalse[39m
Selector "text=/subgraph statistics/i": count=1, visible=true
Selector "text=/total nodes/i": count=1, visible=true
Selector "text=/total edges/i": count=0, visible=false
Selector "text=/policy levers/i": count=3, visible=true
Selector "[data-testid="crisis-stats"]": count=0, visible=false
Selector ".crisis-stats": count=0, visible=false
Selector "div:has-text("Total Nodes")": count=11, visible=true
Selector "div:has-text("Subgraph")": count=8, visible=true

=== Checking for SVG elements ===
SVG "svg": count=3, visible=true
SVG "svg:has(g.graph-container)": count=1, visible=true
SVG "svg g.graph-container": count=1, visible=true
SVG "[data-testid="mechanism-graph"]": count=0, visible=false
SVG ".mechanism-graph svg": count=0, visible=false

=== Checking network activity ===
‚úì Screenshot saved to test-results/crisis-explorer-debug-state.png

Total div elements: 120

Current URL: http://localhost:3000/crisis-explorer
  ok  33 [chromium] ‚Ä∫ tests\e2e\crisis-explorer-view.spec.ts:44:7 ‚Ä∫ Crisis Explorer View ‚Ä∫ Can select crisis endpoint (13.4s)
  ok  26 [chromium] ‚Ä∫ tests\e2e\crisis-explorer-debug.spec.ts:10:7 ‚Ä∫ Crisis Explorer Debug ‚Ä∫ Debug visualization rendering (18.1s)
  ok  27 [chromium] ‚Ä∫ tests\e2e\crisis-explorer-debug.spec.ts:125:7 ‚Ä∫ Crisis Explorer Debug ‚Ä∫ Debug API call directly (17.9s)
  ok  44 [chromium] ‚Ä∫ tests\e2e\dashboard.spec.ts:18:7 ‚Ä∫ Dashboard Navigation and Layout ‚Ä∫ should load the dashboard homepage (1.8s)
  ok  45 [chromium] ‚Ä∫ tests\e2e\dashboard.spec.ts:23:7 ‚Ä∫ Dashboard Navigation and Layout ‚Ä∫ should display main navigation links (2.0s)
  ok  46 [chromium] ‚Ä∫ tests\e2e\dashboard.spec.ts:34:7 ‚Ä∫ Dashboard Navigation and Layout ‚Ä∫ should navigate to Alcoholism System view (2.0s)
  ok  40 [chromium] ‚Ä∫ tests\e2e\crisis-explorer-view.spec.ts:171:7 ‚Ä∫ Crisis Explorer View ‚Ä∫ Displays results after exploration (6.3s)
  ok  48 [chromium] ‚Ä∫ tests\e2e\dashboard.spec.ts:42:7 ‚Ä∫ Dashboard Navigation and Layout ‚Ä∫ should navigate between views (2.1s)
  ok  49 [chromium] ‚Ä∫ tests\e2e\dashboard.spec.ts:57:7 ‚Ä∫ Dashboard Navigation and Layout ‚Ä∫ should highlight active navigation link (1.9s)
  ok  50 [chromium] ‚Ä∫ tests\e2e\dashboard.spec.ts:72:7 ‚Ä∫ Dashboard Navigation and Layout ‚Ä∫ should render header with logo (1.9s)
  ok  51 [chromium] ‚Ä∫ tests\e2e\dashboard.spec.ts:80:7 ‚Ä∫ Dashboard Navigation and Layout ‚Ä∫ should render main content area (1.9s)
  ok  52 [chromium] ‚Ä∫ tests\e2e\dashboard.spec.ts:86:7 ‚Ä∫ Dashboard Navigation and Layout ‚Ä∫ should be responsive on mobile viewport (1.8s)
  ok  53 [chromium] ‚Ä∫ tests\e2e\dashboard.spec.ts:96:7 ‚Ä∫ Dashboard Navigation and Layout ‚Ä∫ should be responsive on tablet viewport (1.5s)
  ok  54 [chromium] ‚Ä∫ tests\e2e\dashboard.spec.ts:104:7 ‚Ä∫ Dashboard Navigation and Layout ‚Ä∫ should maintain scroll position on navigation (1.6s)
  ok  55 [chromium] ‚Ä∫ tests\e2e\dashboard.spec.ts:121:7 ‚Ä∫ Dashboard Navigation and Layout ‚Ä∫ should handle browser back/forward buttons (1.8s)
  -   59 [chromium] ‚Ä∫ tests\e2e\dashboard.spec.ts:162:8 ‚Ä∫ Dashboard Accessibility ‚Ä∫ should have proper heading hierarchy
  ok  56 [chromium] ‚Ä∫ tests\e2e\dashboard.spec.ts:135:7 ‚Ä∫ Dashboard Navigation and Layout ‚Ä∫ should display page title correctly (1.3s)
  ok  57 [chromium] ‚Ä∫ tests\e2e\dashboard.spec.ts:141:7 ‚Ä∫ Dashboard Content Loading ‚Ä∫ should show loading states appropriately (1.4s)
  ok  47 [chromium] ‚Ä∫ tests\e2e\crisis-explorer-view.spec.ts:219:7 ‚Ä∫ Crisis Explorer View ‚Ä∫ Can select multiple crisis endpoints (5.7s)
  ok  58 [chromium] ‚Ä∫ tests\e2e\dashboard.spec.ts:149:7 ‚Ä∫ Dashboard Content Loading ‚Ä∫ should handle network errors gracefully (1.5s)

========== EDGE COUNT DIAGNOSTIC ==========

  ok  60 [chromium] ‚Ä∫ tests\e2e\dashboard.spec.ts:169:7 ‚Ä∫ Dashboard Accessibility ‚Ä∫ should have skip to main content link (1.4s)
  ok  61 [chromium] ‚Ä∫ tests\e2e\dashboard.spec.ts:184:7 ‚Ä∫ Dashboard Accessibility ‚Ä∫ should support keyboard navigation (1.5s)

========== CONSOLE LOGS ==========
[info] %cDownload the React DevTools for a better development experience: https://reactjs.org/link/react-devtools font-weight:bold
[warning] [zustand devtools middleware] Please install/enable Redux devtools extension
[warning] [zustand devtools middleware] Please install/enable Redux devtools extension
[warning] ‚ö†Ô∏è React Router Future Flag Warning: React Router will begin wrapping state updates in `React.startTransition` in v7. You can use the `v7_startTransition` future flag to opt-in early. For more information, see https://reactrouter.com/v6/upgrading/future#v7_starttransition.
[warning] ‚ö†Ô∏è React Router Future Flag Warning: Relative route resolution within Splat routes is changing in v7. You can use the `v7_relativeSplatPath` future flag to opt-in early. For more information, see https://reactrouter.com/v6/upgrading/future#v7_relativesplatpath.
[error] Access to XMLHttpRequest at 'http://localhost:8002/api/mechanisms/?limit=1000' from origin 'http://localhost:3000' has been blocked by CORS policy: No 'Access-Control-Allow-Origin' header is present on the requested resource.
[error] Failed to load resource: net::ERR_FAILED
[error] Access to XMLHttpRequest at 'http://localhost:8002/api/mechanisms/?limit=1000' from origin 'http://localhost:3000' has been blocked by CORS policy: No 'Access-Control-Allow-Origin' header is present on the requested resource.
[error] Failed to load resource: net::ERR_FAILED

========== ERRORS ==========
Access to XMLHttpRequest at 'http://localhost:8002/api/mechanisms/?limit=1000' from origin 'http://localhost:3000' has been blocked by CORS policy: No 'Access-Control-Allow-Origin' header is present on the requested resource.
Failed to load resource: net::ERR_FAILED
Access to XMLHttpRequest at 'http://localhost:8002/api/mechanisms/?limit=1000' from origin 'http://localhost:3000' has been blocked by CORS policy: No 'Access-Control-Allow-Origin' header is present on the requested resource.
Failed to load resource: net::ERR_FAILED

========== WARNINGS ==========
[zustand devtools middleware] Please install/enable Redux devtools extension
[zustand devtools middleware] Please install/enable Redux devtools extension
‚ö†Ô∏è React Router Future Flag Warning: React Router will begin wrapping state updates in `React.startTransition` in v7. You can use the `v7_startTransition` future flag to opt-in early. For more information, see https://reactrouter.com/v6/upgrading/future#v7_starttransition.
‚ö†Ô∏è React Router Future Flag Warning: Relative route resolution within Splat routes is changing in v7. You can use the `v7_relativeSplatPath` future flag to opt-in early. For more information, see https://reactrouter.com/v6/upgrading/future#v7_relativesplatpath.

========== MECHANISM GRAPH LOGS ==========

Found 3 total SVG elements

========== SVG INFO ==========
NO SVG FOUND!
Total paths in g.links: 0
Total g.link groups: 0
  ok  62 [chromium] ‚Ä∫ tests\e2e\diagnostic-console.spec.ts:7:5 ‚Ä∫ capture console logs from systems-map (4.5s)

Transparent hitbox paths: 0
Visible stroke paths: 0

========== DIAGNOSTIC COMPLETE ==========

  ok  63 [chromium] ‚Ä∫ tests\e2e\edge-count-diagnostic.spec.ts:3:5 ‚Ä∫ Edge Count Diagnostic (4.6s)
  x   64 [chromium] ‚Ä∫ tests\e2e\evidence-badges.spec.ts:16:7 ‚Ä∫ Evidence Quality Badges ‚Ä∫ Systems Map should display evidence badges on edges (14.8s)
  x   65 [chromium] ‚Ä∫ tests\e2e\evidence-badges.spec.ts:56:7 ‚Ä∫ Evidence Quality Badges ‚Ä∫ Evidence badges should be color-coded by quality (14.8s)
  x   66 [chromium] ‚Ä∫ tests\e2e\evidence-badges.spec.ts:92:7 ‚Ä∫ Evidence Quality Badges ‚Ä∫ Edge hover should show full evidence details (14.1s)
Found 0 potential Evidence Base tabs
‚ùå Evidence Base tab not found - view not implemented yet
  x   67 [chromium] ‚Ä∫ tests\e2e\evidence-badges.spec.ts:129:7 ‚Ä∫ Evidence Quality Badges ‚Ä∫ Legend should explain evidence quality levels (14.4s)
  -   69 [chromium] ‚Ä∫ tests\e2e\evidence-base-view.spec.ts:23:7 ‚Ä∫ Evidence Base View ‚Ä∫ Evidence Base tab should be accessible
  x   68 [chromium] ‚Ä∫ tests\e2e\evidence-badges.spec.ts:164:7 ‚Ä∫ Evidence Quality Badges ‚Ä∫ Should filter edges by evidence quality (14.6s)
  -   70 [chromium] ‚Ä∫ tests\e2e\evidence-base-view.spec.ts:51:7 ‚Ä∫ Evidence Base View ‚Ä∫ Evidence Base should display table of mechanisms
  -   71 [chromium] ‚Ä∫ tests\e2e\evidence-base-view.spec.ts:105:7 ‚Ä∫ Evidence Base View ‚Ä∫ Should search mechanisms by node names
  -   72 [chromium] ‚Ä∫ tests\e2e\evidence-base-view.spec.ts:196:7 ‚Ä∫ Evidence Base View ‚Ä∫ Should filter mechanisms by category
  -   74 [chromium] ‚Ä∫ tests\e2e\evidence-base-view.spec.ts:332:7 ‚Ä∫ Evidence Base View ‚Ä∫ Should show "Show in Map" button
  -   73 [chromium] ‚Ä∫ tests\e2e\evidence-base-view.spec.ts:288:7 ‚Ä∫ Evidence Base View ‚Ä∫ Should show citations and sources
  -   77 [chromium] ‚Ä∫ tests\e2e\evidence-base-view.spec.ts:463:7 ‚Ä∫ Evidence Base View ‚Ä∫ Should handle pagination for large mechanism lists
  x   41 [chromium] ‚Ä∫ tests\e2e\crisis-explorer-view.spec.ts:152:7 ‚Ä∫ Crisis Explorer View ‚Ä∫ Shows loading state during exploration (34.2s)
  -   75 [chromium] ‚Ä∫ tests\e2e\evidence-base-view.spec.ts:387:7 ‚Ä∫ Evidence Base View ‚Ä∫ Should show evidence quality indicators in table
  x   42 [chromium] ‚Ä∫ tests\e2e\crisis-explorer-view.spec.ts:200:7 ‚Ä∫ Crisis Explorer View ‚Ä∫ Reset button clears selection (34.3s)
  -   76 [chromium] ‚Ä∫ tests\e2e\evidence-base-view.spec.ts:426:7 ‚Ä∫ Evidence Base View ‚Ä∫ Should support export/download functionality
  -   78 [chromium] ‚Ä∫ tests\e2e\evidence-base-view.spec.ts:148:7 ‚Ä∫ Evidence Base View ‚Ä∫ Should filter mechanisms by evidence quality
  -   79 [chromium] ‚Ä∫ tests\e2e\evidence-base-view.spec.ts:244:7 ‚Ä∫ Evidence Base View ‚Ä∫ Should show mechanism details panel
  ok  80 [chromium] ‚Ä∫ tests\e2e\filters-search.spec.ts:20:7 ‚Ä∫ Search Functionality ‚Ä∫ should have search input field (2.0s)
  ok  81 [chromium] ‚Ä∫ tests\e2e\filters-search.spec.ts:48:7 ‚Ä∫ Search Functionality ‚Ä∫ should filter mechanisms by search term (1.7s)
  x   43 [chromium] ‚Ä∫ tests\e2e\crisis-explorer-view.spec.ts:186:7 ‚Ä∫ Crisis Explorer View ‚Ä∫ Shows visualization after exploration (34.3s)
  ok  82 [chromium] ‚Ä∫ tests\e2e\filters-search.spec.ts:97:7 ‚Ä∫ Search Functionality ‚Ä∫ should handle no results gracefully (1.8s)
  ok  83 [chromium] ‚Ä∫ tests\e2e\filters-search.spec.ts:120:7 ‚Ä∫ Search Functionality ‚Ä∫ should be case-insensitive (1.9s)
  ok  84 [chromium] ‚Ä∫ tests\e2e\filters-search.spec.ts:153:7 ‚Ä∫ Category Filtering ‚Ä∫ should have category filter controls (1.7s)
  ok  85 [chromium] ‚Ä∫ tests\e2e\filters-search.spec.ts:162:7 ‚Ä∫ Category Filtering ‚Ä∫ should display available categories (1.8s)
  ok  86 [chromium] ‚Ä∫ tests\e2e\filters-search.spec.ts:177:7 ‚Ä∫ Category Filtering ‚Ä∫ should filter by structural category (1.7s)
  ok  87 [chromium] ‚Ä∫ tests\e2e\filters-search.spec.ts:213:7 ‚Ä∫ Category Filtering ‚Ä∫ should reset to show all categories (1.7s)
  ok  88 [chromium] ‚Ä∫ tests\e2e\filters-search.spec.ts:244:7 ‚Ä∫ Directionality Filtering ‚Ä∫ should have directionality filter (1.7s)
  ok  89 [chromium] ‚Ä∫ tests\e2e\filters-search.spec.ts:253:7 ‚Ä∫ Directionality Filtering ‚Ä∫ should filter by positive directionality (2.0s)
  ok  91 [chromium] ‚Ä∫ tests\e2e\filters-search.spec.ts:277:7 ‚Ä∫ Directionality Filtering ‚Ä∫ should filter by negative directionality (2.0s)
  ok  92 [chromium] ‚Ä∫ tests\e2e\filters-search.spec.ts:305:7 ‚Ä∫ Combined Filtering ‚Ä∫ should combine search and category filters (1.9s)
  ok  90 [chromium] ‚Ä∫ tests\e2e\filters-search.spec.ts:33:7 ‚Ä∫ Search Functionality ‚Ä∫ should accept text input in search field (2.4s)
  ok  94 [chromium] ‚Ä∫ tests\e2e\filters-search.spec.ts:324:7 ‚Ä∫ Combined Filtering ‚Ä∫ should clear all filters (2.0s)
  ok  95 [chromium] ‚Ä∫ tests\e2e\filters-search.spec.ts:356:7 ‚Ä∫ Filter UI/UX ‚Ä∫ should show active filter count (1.9s)
  ok  93 [chromium] ‚Ä∫ tests\e2e\filters-search.spec.ts:72:7 ‚Ä∫ Search Functionality ‚Ä∫ should clear search results (2.4s)
  ok  96 [chromium] ‚Ä∫ tests\e2e\filters-search.spec.ts:365:7 ‚Ä∫ Filter UI/UX ‚Ä∫ should update results count dynamically (2.0s)
  ok  98 [chromium] ‚Ä∫ tests\e2e\filters-search.spec.ts:373:7 ‚Ä∫ Filter UI/UX ‚Ä∫ should show loading state while filtering (2.1s)
  ok  99 [chromium] ‚Ä∫ tests\e2e\filters-search.spec.ts:392:7 ‚Ä∫ Filter UI/UX ‚Ä∫ should persist filters on page navigation (2.1s)

========== FORCE-DIRECTED LAYOUT DIAGNOSTIC ==========

  ok 105 [chromium] ‚Ä∫ tests\e2e\filters-search.spec.ts:505:7 ‚Ä∫ Filter Performance ‚Ä∫ should debounce search input (363ms)
  ok  97 [chromium] ‚Ä∫ tests\e2e\filters-search.spec.ts:197:7 ‚Ä∫ Category Filtering ‚Ä∫ should filter by economic category (2.4s)

========== HEADER & PANEL INTERACTION TEST ==========

  ok 100 [chromium] ‚Ä∫ tests\e2e\filters-search.spec.ts:426:7 ‚Ä∫ Filter Accessibility ‚Ä∫ should have accessible labels (2.2s)
  ok 101 [chromium] ‚Ä∫ tests\e2e\filters-search.spec.ts:441:7 ‚Ä∫ Filter Accessibility ‚Ä∫ should announce filter changes to screen readers (2.1s)
  ok 102 [chromium] ‚Ä∫ tests\e2e\filters-search.spec.ts:448:7 ‚Ä∫ Filter Accessibility ‚Ä∫ should support keyboard navigation (2.2s)
[warning] [zustand devtools middleware] Please install/enable Redux devtools extension
[warning] [zustand devtools middleware] Please install/enable Redux devtools extension
  ok 103 [chromium] ‚Ä∫ tests\e2e\filters-search.spec.ts:466:7 ‚Ä∫ Filter Accessibility ‚Ä∫ should support Enter key to submit search (2.2s)
[warning] ‚ö†Ô∏è React Router Future Flag Warning: React Router will begin wrapping state updates in `React.startTransition` in v7. You can use the `v7_startTransition` future flag to opt-in early. For more information, see https://reactrouter.com/v6/upgrading/future#v7_starttransition.
[warning] ‚ö†Ô∏è React Router Future Flag Warning: Relative route resolution within Splat routes is changing in v7. You can use the `v7_relativeSplatPath` future flag to opt-in early. For more information, see https://reactrouter.com/v6/upgrading/future#v7_relativesplatpath.
  ok 104 [chromium] ‚Ä∫ tests\e2e\filters-search.spec.ts:484:7 ‚Ä∫ Filter Performance ‚Ä∫ should filter quickly with large datasets (2.2s)
‚úì Diagram loaded in hierarchical mode
‚úì Header visible initially
Header z-index: 30
‚úì Found Force-Directed button
‚úì Clicked Force-Directed button

--- Checking for JavaScript errors ---
Nodes in force-directed mode: 71
‚úì Nodes still rendering
Edges in force-directed mode: 53
First node transform: translate(-79.73277099890684, 1068.2850876520315)
‚úì Screenshots saved

--- Testing force-directed interactions ---
Attempting to drag node...
‚úì Drag attempted

--- Testing physics settings ---
‚úì Physics settings panel opened
‚úì Adjusted repulsion setting

--- Switching back to hierarchical ---
  x  109 [chromium] ‚Ä∫ tests\e2e\hierarchical-diagram-debug.spec.ts:37:7 ‚Ä∫ Hierarchical Diagram - Visual Inspection ‚Ä∫ should verify nodes are arranged in 5 vertical columns (12.1s)
  x  110 [chromium] ‚Ä∫ tests\e2e\hierarchical-diagram-debug.spec.ts:86:7 ‚Ä∫ Hierarchical Diagram - Visual Inspection ‚Ä∫ should verify level labels are present (12.2s)
  x  108 [chromium] ‚Ä∫ tests\e2e\hierarchical-diagram-debug.spec.ts:21:7 ‚Ä∫ Hierarchical Diagram - Visual Inspection ‚Ä∫ should take screenshot of full visualization for review (12.4s)
  x  111 [chromium] ‚Ä∫ tests\e2e\hierarchical-diagram-debug.spec.ts:111:7 ‚Ä∫ Hierarchical Diagram - Visual Inspection ‚Ä∫ should verify edges use bezier curves (paths not lines) (12.0s)
  x  112 [chromium] ‚Ä∫ tests\e2e\hierarchical-diagram-debug.spec.ts:132:7 ‚Ä∫ Hierarchical Diagram - Visual Inspection ‚Ä∫ should verify nodes have uniform white fill (12.3s)
  x  113 [chromium] ‚Ä∫ tests\e2e\hierarchical-diagram-debug.spec.ts:147:7 ‚Ä∫ Hierarchical Diagram - Visual Inspection ‚Ä∫ should verify glow effect appears on hover (12.1s)
  x  107 [chromium] ‚Ä∫ tests\e2e\header-panel-interaction.spec.ts:7:5 ‚Ä∫ Header and Panel Interaction Test (14.0s)
‚úì Switched back to hierarchical
Nodes after switching back: 71

========== DIAGNOSTIC COMPLETE ==========

  ok 106 [chromium] ‚Ä∫ tests\e2e\force-directed-diagnostic.spec.ts:7:5 ‚Ä∫ Force-Directed Layout Diagnostic (15.5s)
  ok 114 [chromium] ‚Ä∫ tests\e2e\important-nodes.spec.ts:15:9 ‚Ä∫ Important Nodes View ‚Ä∫ Page Load and Layout ‚Ä∫ should load the important nodes page (2.9s)
Found 0 edges
Found 159 text elements in nodes
Text 0: "Paternal" (size: 10.8px, weight: 500)
Text 1: "Preconception" (size: 10.8px, weight: 500)
Text 2: "Overweight" (size: 10.8px, weight: 500)
Text 3: "Offspring Lung" (size: 10.8px, weight: 500)
SVG dimensions: 1200 x 2289
Expected: 1728 x 1248
Text 4: "Function" (size: 10.8px, weight: 500)
  ok 118 [chromium] ‚Ä∫ tests\e2e\hierarchical-diagram-debug.spec.ts:268:7 ‚Ä∫ Hierarchical Diagram - Specific Issues ‚Ä∫ issue: edges may be crossing nodes or going wrong direction (3.7s)
  ok 117 [chromium] ‚Ä∫ tests\e2e\hierarchical-diagram-debug.spec.ts:244:7 ‚Ä∫ Hierarchical Diagram - Specific Issues ‚Ä∫ issue: text may be truncated or unreadable (4.1s)
  x  115 [chromium] ‚Ä∫ tests\e2e\hierarchical-diagram-debug.spec.ts:178:7 ‚Ä∫ Hierarchical Diagram - Visual Inspection ‚Ä∫ should measure canvas dimensions (4.5s)
Found 0 alcohol-related nodes
  ok 122 [chromium] ‚Ä∫ tests\e2e\important-nodes.spec.ts:20:9 ‚Ä∫ Important Nodes View ‚Ä∫ Page Load and Layout ‚Ä∫ should display nodes table (3.2s)
Found 65 overlapping node pairs out of 71 nodes
  x  121 [chromium] ‚Ä∫ tests\e2e\hierarchical-diagram-debug.spec.ts:346:7 ‚Ä∫ Alcoholism System Diagram - Specific View ‚Ä∫ should verify alcoholism nodes are correctly categorized (3.7s)
Alcoholism diagram - Nodes: 0, Edges: 0
  ok 120 [chromium] ‚Ä∫ tests\e2e\hierarchical-diagram-debug.spec.ts:333:7 ‚Ä∫ Alcoholism System Diagram - Specific View ‚Ä∫ should screenshot alcoholism-specific visualization (4.7s)
  ok 123 [chromium] ‚Ä∫ tests\e2e\important-nodes.spec.ts:25:9 ‚Ä∫ Important Nodes View ‚Ä∫ Page Load and Layout ‚Ä∫ should show statistics cards (2.1s)
  ok 124 [chromium] ‚Ä∫ tests\e2e\important-nodes.spec.ts:33:9 ‚Ä∫ Important Nodes View ‚Ä∫ Table Display ‚Ä∫ should display table headers (1.9s)
SVG size: 1280 x 664
Content bounding box: 195.35122680664062 x 510.1651306152344
Content position: (485.4465637207031, 72.50161743164062) to (680.7977905273438, 582.666748046875)
  x  116 [chromium] ‚Ä∫ tests\e2e\hierarchical-diagram-debug.spec.ts:200:7 ‚Ä∫ Hierarchical Diagram - Specific Issues ‚Ä∫ issue: nodes may be overlapping vertically (6.2s)
  ok 119 [chromium] ‚Ä∫ tests\e2e\hierarchical-diagram-debug.spec.ts:291:7 ‚Ä∫ Hierarchical Diagram - Specific Issues ‚Ä∫ issue: canvas may not be sized correctly for content (6.2s)
  ok 125 [chromium] ‚Ä∫ tests\e2e\important-nodes.spec.ts:50:9 ‚Ä∫ Important Nodes View ‚Ä∫ Table Display ‚Ä∫ should display node name column (2.4s)
  ok 126 [chromium] ‚Ä∫ tests\e2e\important-nodes.spec.ts:62:9 ‚Ä∫ Important Nodes View ‚Ä∫ Table Display ‚Ä∫ should display connections column (2.1s)
  ok 127 [chromium] ‚Ä∫ tests\e2e\important-nodes.spec.ts:69:9 ‚Ä∫ Important Nodes View ‚Ä∫ Table Display ‚Ä∫ should display evidence column (2.1s)
  ok 128 [chromium] ‚Ä∫ tests\e2e\important-nodes.spec.ts:76:9 ‚Ä∫ Important Nodes View ‚Ä∫ Table Display ‚Ä∫ should display table rows (2.1s)
  ok 131 [chromium] ‚Ä∫ tests\e2e\important-nodes.spec.ts:118:9 ‚Ä∫ Important Nodes View ‚Ä∫ Table Sorting ‚Ä∫ should toggle sort direction on repeated clicks (2.0s)
  ok 129 [chromium] ‚Ä∫ tests\e2e\important-nodes.spec.ts:100:9 ‚Ä∫ Important Nodes View ‚Ä∫ Table Sorting ‚Ä∫ should allow sorting by importance score (3.0s)
  ok 130 [chromium] ‚Ä∫ tests\e2e\important-nodes.spec.ts:109:9 ‚Ä∫ Important Nodes View ‚Ä∫ Table Sorting ‚Ä∫ should allow sorting by connections (2.9s)
  ok 134 [chromium] ‚Ä∫ tests\e2e\important-nodes.spec.ts:141:9 ‚Ä∫ Important Nodes View ‚Ä∫ Top N Control ‚Ä∫ should display top N slider or input (2.0s)
  ok 133 [chromium] ‚Ä∫ tests\e2e\important-nodes.spec.ts:131:9 ‚Ä∫ Important Nodes View ‚Ä∫ Table Sorting ‚Ä∫ should show sort indicators (2.0s)
  ok 132 [chromium] ‚Ä∫ tests\e2e\important-nodes.spec.ts:43:9 ‚Ä∫ Important Nodes View ‚Ä∫ Table Display ‚Ä∫ should display node rank column (2.7s)
  ok 136 [chromium] ‚Ä∫ tests\e2e\important-nodes.spec.ts:155:9 ‚Ä∫ Important Nodes View ‚Ä∫ Top N Control ‚Ä∫ should show current top N value (2.0s)
  ok 135 [chromium] ‚Ä∫ tests\e2e\important-nodes.spec.ts:55:9 ‚Ä∫ Important Nodes View ‚Ä∫ Table Display ‚Ä∫ should display importance score column (2.6s)
  ok 139 [chromium] ‚Ä∫ tests\e2e\important-nodes.spec.ts:186:9 ‚Ä∫ Important Nodes View ‚Ä∫ Filtering ‚Ä∫ should have category filter (2.1s)
  ok 138 [chromium] ‚Ä∫ tests\e2e\important-nodes.spec.ts:161:9 ‚Ä∫ Important Nodes View ‚Ä∫ Top N Control ‚Ä∫ should allow adjusting top N value (2.1s)
  ok 141 [chromium] ‚Ä∫ tests\e2e\important-nodes.spec.ts:198:9 ‚Ä∫ Important Nodes View ‚Ä∫ Filtering ‚Ä∫ should have scale filter (2.1s)
  ok 140 [chromium] ‚Ä∫ tests\e2e\important-nodes.spec.ts:171:9 ‚Ä∫ Important Nodes View ‚Ä∫ Top N Control ‚Ä∫ should update table when top N changes (2.5s)
  ok 137 [chromium] ‚Ä∫ tests\e2e\important-nodes.spec.ts:90:9 ‚Ä∫ Important Nodes View ‚Ä∫ Table Sorting ‚Ä∫ should allow sorting by rank (2.7s)
  ok 142 [chromium] ‚Ä∫ tests\e2e\important-nodes.spec.ts:206:9 ‚Ä∫ Important Nodes View ‚Ä∫ Filtering ‚Ä∫ should have minimum connections filter (2.2s)
  ok 144 [chromium] ‚Ä∫ tests\e2e\important-nodes.spec.ts:220:9 ‚Ä∫ Important Nodes View ‚Ä∫ Filtering ‚Ä∫ should show filter reset button (2.5s)
  ok 145 [chromium] ‚Ä∫ tests\e2e\important-nodes.spec.ts:230:9 ‚Ä∫ Important Nodes View ‚Ä∫ Node Interaction ‚Ä∫ should allow clicking on node rows (2.3s)
  ok 146 [chromium] ‚Ä∫ tests\e2e\important-nodes.spec.ts:246:9 ‚Ä∫ Important Nodes View ‚Ä∫ Node Interaction ‚Ä∫ should highlight selected node (2.4s)
  ok 148 [chromium] ‚Ä∫ tests\e2e\important-nodes.spec.ts:280:9 ‚Ä∫ Important Nodes View ‚Ä∫ Export Functionality ‚Ä∫ should have export button (2.3s)
  ok 147 [chromium] ‚Ä∫ tests\e2e\important-nodes.spec.ts:270:9 ‚Ä∫ Important Nodes View ‚Ä∫ Node Interaction ‚Ä∫ should have highlight on graph button (2.7s)
  ok 143 [chromium] ‚Ä∫ tests\e2e\important-nodes.spec.ts:214:9 ‚Ä∫ Important Nodes View ‚Ä∫ Filtering ‚Ä∫ should apply filters to table (3.1s)
  ok 150 [chromium] ‚Ä∫ tests\e2e\important-nodes.spec.ts:296:9 ‚Ä∫ Important Nodes View ‚Ä∫ Statistics Display ‚Ä∫ should display total nodes count (2.3s)
  ok 149 [chromium] ‚Ä∫ tests\e2e\important-nodes.spec.ts:288:9 ‚Ä∫ Important Nodes View ‚Ä∫ Export Functionality ‚Ä∫ should indicate export format (2.6s)
  ok 152 [chromium] ‚Ä∫ tests\e2e\important-nodes.spec.ts:312:9 ‚Ä∫ Important Nodes View ‚Ä∫ Statistics Display ‚Ä∫ should display average connections (2.3s)
  ok 153 [chromium] ‚Ä∫ tests\e2e\important-nodes.spec.ts:322:9 ‚Ä∫ Important Nodes View ‚Ä∫ Responsive Design ‚Ä∫ should adapt table to mobile viewport (2.4s)
  ok 156 [chromium] ‚Ä∫ tests\e2e\important-nodes.spec.ts:355:9 ‚Ä∫ Important Nodes View ‚Ä∫ Loading and Error States ‚Ä∫ should show loading indicator (2.0s)
  ok 154 [chromium] ‚Ä∫ tests\e2e\important-nodes.spec.ts:330:9 ‚Ä∫ Important Nodes View ‚Ä∫ Responsive Design ‚Ä∫ should have horizontal scroll on mobile if needed (2.2s)
  ok 151 [chromium] ‚Ä∫ tests\e2e\important-nodes.spec.ts:304:9 ‚Ä∫ Important Nodes View ‚Ä∫ Statistics Display ‚Ä∫ should display average importance score (2.6s)
  ok 155 [chromium] ‚Ä∫ tests\e2e\important-nodes.spec.ts:346:9 ‚Ä∫ Important Nodes View ‚Ä∫ Responsive Design ‚Ä∫ should adapt to tablet viewport (2.7s)
  ok 158 [chromium] ‚Ä∫ tests\e2e\important-nodes.spec.ts:367:9 ‚Ä∫ Important Nodes View ‚Ä∫ Loading and Error States ‚Ä∫ should show empty state when no nodes match filters (2.1s)
  ok 157 [chromium] ‚Ä∫ tests\e2e\important-nodes.spec.ts:361:9 ‚Ä∫ Important Nodes View ‚Ä∫ Loading and Error States ‚Ä∫ should show error message on failure (2.3s)

========== STARTING MANUAL INTERACTION TEST ==========

  ok 160 [chromium] ‚Ä∫ tests\e2e\important-nodes.spec.ts:385:9 ‚Ä∫ Important Nodes View ‚Ä∫ Accessibility ‚Ä∫ should support keyboard navigation in table (2.1s)
  ok 159 [chromium] ‚Ä∫ tests\e2e\important-nodes.spec.ts:375:9 ‚Ä∫ Important Nodes View ‚Ä∫ Accessibility ‚Ä∫ should have accessible table structure (2.2s)
  ok 162 [chromium] ‚Ä∫ tests\e2e\important-nodes.spec.ts:413:9 ‚Ä∫ Important Nodes View ‚Ä∫ Accessibility ‚Ä∫ should announce sort changes to screen readers (2.1s)
  ok 163 [chromium] ‚Ä∫ tests\e2e\important-nodes.spec.ts:421:9 ‚Ä∫ Important Nodes View ‚Ä∫ Graph Integration ‚Ä∫ should integrate with systems map view (2.3s)
  ok 164 [chromium] ‚Ä∫ tests\e2e\important-nodes.spec.ts:427:9 ‚Ä∫ Important Nodes View ‚Ä∫ Graph Integration ‚Ä∫ should maintain selection state across views (2.0s)
  ok 161 [chromium] ‚Ä∫ tests\e2e\important-nodes.spec.ts:398:9 ‚Ä∫ Important Nodes View ‚Ä∫ Accessibility ‚Ä∫ should have accessible filter controls (2.8s)
  ok 166 [chromium] ‚Ä∫ tests\e2e\mechanism-details.spec.ts:21:7 ‚Ä∫ Mechanism Details Display ‚Ä∫ should show mechanism details when clicking a node (2.3s)
‚úì Diagram loaded
Initial transform: translate(120,60) scale(0.8)
‚úì Found 53 nodes
‚úì Found 106 edges
‚úì Found 219 text labels

--- Testing ZOOM functionality ---
  ok 168 [chromium] ‚Ä∫ tests\e2e\mechanism-details.spec.ts:61:7 ‚Ä∫ Mechanism Details Display ‚Ä∫ should show source and target nodes (2.1s)
  ok 167 [chromium] ‚Ä∫ tests\e2e\mechanism-details.spec.ts:43:7 ‚Ä∫ Mechanism Details Display ‚Ä∫ should display mechanism name and description (2.1s)
  ok 169 [chromium] ‚Ä∫ tests\e2e\mechanism-details.spec.ts:79:7 ‚Ä∫ Mechanism Details Display ‚Ä∫ should display mechanism category (2.3s)
After zoom IN: translate(-127.543951924991,-499.2946163805266) scale(1.2125732532083184)
‚úì Zoom IN works - transform changed
  ok 170 [chromium] ‚Ä∫ tests\e2e\mechanism-details.spec.ts:94:7 ‚Ä∫ Mechanism Details Display ‚Ä∫ should show directionality indicator (2.2s)
  ok 171 [chromium] ‚Ä∫ tests\e2e\mechanism-details.spec.ts:124:7 ‚Ä∫ Mechanism Evidence and Quality ‚Ä∫ should display evidence quality rating (2.0s)
  ok 172 [chromium] ‚Ä∫ tests\e2e\mechanism-details.spec.ts:131:7 ‚Ä∫ Mechanism Evidence and Quality ‚Ä∫ should show number of studies (1.9s)
After zoom OUT: translate(120.00000000000006,60) scale(0.7999999999999999)
‚úì Zoom OUT works - transform changed

--- Testing PAN functionality ---
  ok 173 [chromium] ‚Ä∫ tests\e2e\mechanism-details.spec.ts:138:7 ‚Ä∫ Mechanism Evidence and Quality ‚Ä∫ should display causal pathway steps (2.1s)
After PAN: translate(465.77038574218756,405.7703857421875) scale(0.7999999999999999)
‚úì Pan works - transform changed

--- Testing NODE interactions ---
Testing node: unknown
Opacity before hover: 1, after: 1
‚ö† Node hover may not have visual feedback (opacity unchanged)
  ok 174 [chromium] ‚Ä∫ tests\e2e\mechanism-details.spec.ts:147:7 ‚Ä∫ Mechanism Evidence and Quality ‚Ä∫ should show moderators when available (2.1s)
  ok 176 [chromium] ‚Ä∫ tests\e2e\mechanism-details.spec.ts:163:7 ‚Ä∫ Mechanism Details Navigation ‚Ä∫ should close details panel (2.1s)
  ok 175 [chromium] ‚Ä∫ tests\e2e\mechanism-details.spec.ts:154:7 ‚Ä∫ Mechanism Evidence and Quality ‚Ä∫ should display structural competency notes (2.2s)
  ok 177 [chromium] ‚Ä∫ tests\e2e\mechanism-details.spec.ts:195:7 ‚Ä∫ Mechanism Details Navigation ‚Ä∫ should navigate to related mechanisms (2.1s)
  ok 179 [chromium] ‚Ä∫ tests\e2e\mechanism-details.spec.ts:251:7 ‚Ä∫ Mechanism Details Metadata ‚Ä∫ should show spatial variation (2.0s)
  ok 178 [chromium] ‚Ä∫ tests\e2e\mechanism-details.spec.ts:215:7 ‚Ä∫ Mechanism Details Navigation ‚Ä∫ should support keyboard navigation to close (2.1s)
‚úì Node click selection works

--- Testing EDGE visibility ---
‚úì Edges visible with style: { stroke: [32m'rgba(0, 0, 0, 0)'[39m, strokeWidth: [32m'8px'[39m, opacity: [32m'1'[39m }

--- Testing LABEL readability ---
‚úì Label text: "Structural
Determinants"
Label style: {
  fontSize: [32m'12px'[39m,
  fill: [32m'rgb(102, 102, 102)'[39m,
  fontFamily: [32m'Nobel, Avenir, Futura, Arial, sans-serif'[39m
}

--- Taking screenshot for manual review ---
‚úì Screenshot saved to test-results/manual-interaction-screenshot.png

========== INTERACTION TEST COMPLETE ==========

  ok 165 [chromium] ‚Ä∫ tests\e2e\manual-interaction-test.spec.ts:14:5 ‚Ä∫ Manual Diagram Interaction Test (6.4s)
  ok 180 [chromium] ‚Ä∫ tests\e2e\mechanism-details.spec.ts:258:7 ‚Ä∫ Mechanism Details Metadata ‚Ä∫ should show temporal variation (2.1s)
  ok 181 [chromium] ‚Ä∫ tests\e2e\mechanism-details.spec.ts:265:7 ‚Ä∫ Mechanism Details Metadata ‚Ä∫ should display timestamps (2.0s)
  ok 182 [chromium] ‚Ä∫ tests\e2e\mechanism-details.spec.ts:285:7 ‚Ä∫ Mechanism Details Actions ‚Ä∫ should have share or export functionality (2.0s)
  ok 183 [chromium] ‚Ä∫ tests\e2e\mechanism-details.spec.ts:294:7 ‚Ä∫ Mechanism Details Actions ‚Ä∫ should have edit functionality for admin users (2.1s)
  ok 185 [chromium] ‚Ä∫ tests\e2e\mechanism-details.spec.ts:328:7 ‚Ä∫ Mechanism Details Accessibility ‚Ä∫ should trap focus within modal when open (2.0s)
  ok 186 [chromium] ‚Ä∫ tests\e2e\mechanism-details.spec.ts:356:7 ‚Ä∫ Mechanism Details Accessibility ‚Ä∫ should support keyboard navigation (2.0s)
  ok 184 [chromium] ‚Ä∫ tests\e2e\mechanism-details.spec.ts:306:7 ‚Ä∫ Mechanism Details Accessibility ‚Ä∫ should have proper ARIA labels (2.1s)
  ok 187 [chromium] ‚Ä∫ tests\e2e\mechanism-details.spec.ts:378:7 ‚Ä∫ Mechanism Details Responsive Design ‚Ä∫ should display correctly on mobile (2.1s)
  ok 188 [chromium] ‚Ä∫ tests\e2e\mechanism-details.spec.ts:400:7 ‚Ä∫ Mechanism Details Responsive Design ‚Ä∫ should display correctly on tablet (2.1s)
Found 1 potential Node Library tabs
‚úì Node Library tab found
‚ùå Scale filter not found
Current URL: http://localhost:3000/important-nodes
‚úì Navigated to Node Library view
‚ùå Search input not found
‚ùå "View in Map" button not found
‚ùå Connections column not found
‚ùå Node table not found
  -  193 [chromium] ‚Ä∫ tests\e2e\node-library-view.spec.ts:196:7 ‚Ä∫ Node Library View ‚Ä∫ Should filter nodes by scale
  ok 189 [chromium] ‚Ä∫ tests\e2e\node-library-view.spec.ts:23:7 ‚Ä∫ Node Library View ‚Ä∫ Node Library tab should be accessible (5.2s)
  -  194 [chromium] ‚Ä∫ tests\e2e\node-library-view.spec.ts:244:7 ‚Ä∫ Node Library View ‚Ä∫ Should sort nodes by connections
  -  195 [chromium] ‚Ä∫ tests\e2e\node-library-view.spec.ts:283:7 ‚Ä∫ Node Library View ‚Ä∫ Should show "View in Map" button
  -  191 [chromium] ‚Ä∫ tests\e2e\node-library-view.spec.ts:105:7 ‚Ä∫ Node Library View ‚Ä∫ Should search nodes by name
  -  190 [chromium] ‚Ä∫ tests\e2e\node-library-view.spec.ts:51:7 ‚Ä∫ Node Library View ‚Ä∫ Node Library should display table of all nodes

========== NODE RENDERING DIAGNOSTIC ==========

‚ùå Category filter not found
  -  192 [chromium] ‚Ä∫ tests\e2e\node-library-view.spec.ts:148:7 ‚Ä∫ Node Library View ‚Ä∫ Should filter nodes by category
  ok 202 [chromium] ‚Ä∫ tests\e2e\pathfinder-view.spec.ts:45:7 ‚Ä∫ Pathfinder View ‚Ä∫ Selection mode toggles are present (3.4s)
‚ö† Pagination not found (may not be needed for current dataset size)
  ok 197 [chromium] ‚Ä∫ tests\e2e\node-library-view.spec.ts:407:7 ‚Ä∫ Node Library View ‚Ä∫ Should handle pagination for large node lists (4.0s)
  ok 200 [chromium] ‚Ä∫ tests\e2e\pathfinder-view.spec.ts:28:7 ‚Ä∫ Pathfinder View ‚Ä∫ Pathfinder view loads successfully (4.4s)
  ok 201 [chromium] ‚Ä∫ tests\e2e\pathfinder-view.spec.ts:34:7 ‚Ä∫ Pathfinder View ‚Ä∫ Graph visualization is present (6.8s)
  ok 203 [chromium] ‚Ä∫ tests\e2e\pathfinder-view.spec.ts:56:7 ‚Ä∫ Pathfinder View ‚Ä∫ Can select from node by clicking (6.4s)
  ok 206 [chromium] ‚Ä∫ tests\e2e\pathfinder-view.spec.ts:127:7 ‚Ä∫ Pathfinder View ‚Ä∫ Algorithm selection is present (3.2s)
  ok 209 [chromium] ‚Ä∫ tests\e2e\pathfinder-view.spec.ts:179:7 ‚Ä∫ Pathfinder View ‚Ä∫ Shows error for invalid node selection (3.3s)
  x  210 [chromium] ‚Ä∫ tests\e2e\pathfinder.spec.ts:16:9 ‚Ä∫ Pathfinder View ‚Ä∫ Page Load and Layout ‚Ä∫ should load the pathfinder page (2.2s)
  x  199 [chromium] ‚Ä∫ tests\e2e\node-rendering-diagnostic.spec.ts:7:5 ‚Ä∫ Node Rendering Diagnostic (15.5s)
  ok 207 [chromium] ‚Ä∫ tests\e2e\pathfinder-view.spec.ts:138:7 ‚Ä∫ Pathfinder View ‚Ä∫ Find Paths button appears after node selection (11.3s)
  ok 208 [chromium] ‚Ä∫ tests\e2e\pathfinder-view.spec.ts:153:7 ‚Ä∫ Pathfinder View ‚Ä∫ Shows loading state when finding paths (11.1s)
  ok 212 [chromium] ‚Ä∫ tests\e2e\pathfinder.spec.ts:35:9 ‚Ä∫ Pathfinder View ‚Ä∫ Page Load and Layout ‚Ä∫ should display search configuration controls (2.2s)
  x  205 [chromium] ‚Ä∫ tests\e2e\pathfinder-view.spec.ts:104:7 ‚Ä∫ Pathfinder View ‚Ä∫ Can select both from and to nodes (19.2s)
  x  211 [chromium] ‚Ä∫ tests\e2e\pathfinder.spec.ts:21:9 ‚Ä∫ Pathfinder View ‚Ä∫ Page Load and Layout ‚Ä∫ should display node selection inputs (8.6s)
  x  213 [chromium] ‚Ä∫ tests\e2e\pathfinder.spec.ts:30:9 ‚Ä∫ Pathfinder View ‚Ä∫ Page Load and Layout ‚Ä∫ should display algorithm selection (7.5s)
  ok 216 [chromium] ‚Ä∫ tests\e2e\pathfinder.spec.ts:71:9 ‚Ä∫ Pathfinder View ‚Ä∫ Node Selection ‚Ä∫ should allow swapping from and to nodes (2.1s)
  x  196 [chromium] ‚Ä∫ tests\e2e\node-library-view.spec.ts:328:7 ‚Ä∫ Node Library View ‚Ä∫ Should show node preview panel (32.8s)
  ok 217 [chromium] ‚Ä∫ tests\e2e\pathfinder.spec.ts:83:9 ‚Ä∫ Pathfinder View ‚Ä∫ Node Selection ‚Ä∫ should show selection mode instructions for graph click (2.0s)
  ok 218 [chromium] ‚Ä∫ tests\e2e\pathfinder.spec.ts:103:9 ‚Ä∫ Pathfinder View ‚Ä∫ Algorithm Configuration ‚Ä∫ should allow selecting algorithm (1.8s)
  ok 219 [chromium] ‚Ä∫ tests\e2e\pathfinder.spec.ts:91:9 ‚Ä∫ Pathfinder View ‚Ä∫ Algorithm Configuration ‚Ä∫ should display available algorithms (2.5s)
  ok 220 [chromium] ‚Ä∫ tests\e2e\pathfinder.spec.ts:121:9 ‚Ä∫ Pathfinder View ‚Ä∫ Search Configuration ‚Ä∫ should allow configuring max depth (2.0s)
  ok 221 [chromium] ‚Ä∫ tests\e2e\pathfinder.spec.ts:133:9 ‚Ä∫ Pathfinder View ‚Ä∫ Search Configuration ‚Ä∫ should allow configuring max paths (2.2s)
  ok 222 [chromium] ‚Ä∫ tests\e2e\pathfinder.spec.ts:144:9 ‚Ä∫ Pathfinder View ‚Ä∫ Search Configuration ‚Ä∫ should show advanced filters toggle (1.8s)
  x  198 [chromium] ‚Ä∫ tests\e2e\node-library-view.spec.ts:371:7 ‚Ä∫ Node Library View ‚Ä∫ Should show node connections in preview (33.8s)
  ok 225 [chromium] ‚Ä∫ tests\e2e\pathfinder.spec.ts:169:9 ‚Ä∫ Pathfinder View ‚Ä∫ Category Filtering ‚Ä∫ should support exclude categories mode (1.9s)
  ok 223 [chromium] ‚Ä∫ tests\e2e\pathfinder.spec.ts:154:9 ‚Ä∫ Pathfinder View ‚Ä∫ Category Filtering ‚Ä∫ should allow filtering by categories (2.4s)
  ok 224 [chromium] ‚Ä∫ tests\e2e\pathfinder.spec.ts:113:9 ‚Ä∫ Pathfinder View ‚Ä∫ Algorithm Configuration ‚Ä∫ should display algorithm descriptions (2.4s)
  ok 226 [chromium] ‚Ä∫ tests\e2e\pathfinder.spec.ts:177:9 ‚Ä∫ Pathfinder View ‚Ä∫ Category Filtering ‚Ä∫ should support only categories mode (2.0s)
  ok 227 [chromium] ‚Ä∫ tests\e2e\pathfinder.spec.ts:191:9 ‚Ä∫ Pathfinder View ‚Ä∫ Pathfinding Execution ‚Ä∫ should disable find button when nodes not selected (1.8s)
  ok 228 [chromium] ‚Ä∫ tests\e2e\pathfinder.spec.ts:199:9 ‚Ä∫ Pathfinder View ‚Ä∫ Pathfinding Execution ‚Ä∫ should show loading state during search (2.2s)
  x  204 [chromium] ‚Ä∫ tests\e2e\pathfinder-view.spec.ts:79:7 ‚Ä∫ Pathfinder View ‚Ä∫ Mode switches after selecting from node (33.1s)
  ok 229 [chromium] ‚Ä∫ tests\e2e\pathfinder.spec.ts:205:9 ‚Ä∫ Pathfinder View ‚Ä∫ Pathfinding Execution ‚Ä∫ should have clear/reset button (1.9s)
  ok 230 [chromium] ‚Ä∫ tests\e2e\pathfinder.spec.ts:215:9 ‚Ä∫ Pathfinder View ‚Ä∫ Path Results Display ‚Ä∫ should have results container (2.0s)
  ok 231 [chromium] ‚Ä∫ tests\e2e\pathfinder.spec.ts:223:9 ‚Ä∫ Pathfinder View ‚Ä∫ Path Results Display ‚Ä∫ should display path metrics when results exist (1.8s)
  ok 233 [chromium] ‚Ä∫ tests\e2e\pathfinder.spec.ts:247:9 ‚Ä∫ Pathfinder View ‚Ä∫ Path Details ‚Ä∫ should show mechanism breakdown for selected path (1.9s)
  ok 232 [chromium] ‚Ä∫ tests\e2e\pathfinder.spec.ts:231:9 ‚Ä∫ Pathfinder View ‚Ä∫ Path Results Display ‚Ä∫ should show no results message when appropriate (2.7s)
  ok 235 [chromium] ‚Ä∫ tests\e2e\pathfinder.spec.ts:253:9 ‚Ä∫ Pathfinder View ‚Ä∫ Path Details ‚Ä∫ should display evidence grades for path steps (2.3s)
  ok 236 [chromium] ‚Ä∫ tests\e2e\pathfinder.spec.ts:259:9 ‚Ä∫ Pathfinder View ‚Ä∫ Path Details ‚Ä∫ should show direction indicators (1.9s)
  ok 234 [chromium] ‚Ä∫ tests\e2e\pathfinder.spec.ts:186:9 ‚Ä∫ Pathfinder View ‚Ä∫ Pathfinding Execution ‚Ä∫ should have find paths button (2.3s)
  ok 238 [chromium] ‚Ä∫ tests\e2e\pathfinder.spec.ts:275:9 ‚Ä∫ Pathfinder View ‚Ä∫ Graph Integration ‚Ä∫ should integrate with systems map view (1.8s)
  ok 237 [chromium] ‚Ä∫ tests\e2e\pathfinder.spec.ts:267:9 ‚Ä∫ Pathfinder View ‚Ä∫ Graph Integration ‚Ä∫ should have highlight on graph button (2.9s)
  ok 240 [chromium] ‚Ä∫ tests\e2e\pathfinder.spec.ts:289:9 ‚Ä∫ Pathfinder View ‚Ä∫ Responsive Design ‚Ä∫ should adapt to tablet viewport (2.0s)
  ok 241 [chromium] ‚Ä∫ tests\e2e\pathfinder.spec.ts:296:9 ‚Ä∫ Pathfinder View ‚Ä∫ Responsive Design ‚Ä∫ should have scrollable results on small screens (2.1s)
  ok 239 [chromium] ‚Ä∫ tests\e2e\pathfinder.spec.ts:283:9 ‚Ä∫ Pathfinder View ‚Ä∫ Responsive Design ‚Ä∫ should adapt to mobile viewport (2.1s)
  ok 242 [chromium] ‚Ä∫ tests\e2e\pathfinder.spec.ts:241:9 ‚Ä∫ Pathfinder View ‚Ä∫ Path Details ‚Ä∫ should allow selecting individual paths (2.7s)
  ok 245 [chromium] ‚Ä∫ tests\e2e\pathfinder.spec.ts:330:9 ‚Ä∫ Pathfinder View ‚Ä∫ Accessibility ‚Ä∫ should announce search status to screen readers (2.5s)
  ok 246 [chromium] ‚Ä∫ tests\e2e\pathfinder.spec.ts:338:9 ‚Ä∫ Pathfinder View ‚Ä∫ Error Handling ‚Ä∫ should show error message on search failure (2.4s)
  ok 247 [chromium] ‚Ä∫ tests\e2e\pathfinder.spec.ts:344:9 ‚Ä∫ Pathfinder View ‚Ä∫ Error Handling ‚Ä∫ should validate node selection (2.6s)
  ok 243 [chromium] ‚Ä∫ tests\e2e\pathfinder.spec.ts:305:9 ‚Ä∫ Pathfinder View ‚Ä∫ Accessibility ‚Ä∫ should have accessible form controls (3.8s)
  ok 248 [chromium] ‚Ä∫ tests\e2e\pathfinder.spec.ts:350:9 ‚Ä∫ Pathfinder View ‚Ä∫ Error Handling ‚Ä∫ should handle same source and target node (3.1s)
  ok 250 [chromium] ‚Ä∫ tests\e2e\remaining-views.spec.ts:21:7 ‚Ä∫ Pathway Explorer View ‚Ä∫ should display pathway list (2.8s)
  ok 251 [chromium] ‚Ä∫ tests\e2e\remaining-views.spec.ts:27:7 ‚Ä∫ Pathway Explorer View ‚Ä∫ should have search functionality (2.7s)
  x  249 [chromium] ‚Ä∫ tests\e2e\remaining-views.spec.ts:16:7 ‚Ä∫ Pathway Explorer View ‚Ä∫ should load pathway explorer page (2.8s)
  ok 252 [chromium] ‚Ä∫ tests\e2e\remaining-views.spec.ts:35:7 ‚Ä∫ Pathway Explorer View ‚Ä∫ should have category filter (2.9s)
  ok 255 [chromium] ‚Ä∫ tests\e2e\remaining-views.spec.ts:57:7 ‚Ä∫ Pathway Explorer View ‚Ä∫ should show pathway preview information (2.9s)
  ok 254 [chromium] ‚Ä∫ tests\e2e\remaining-views.spec.ts:51:7 ‚Ä∫ Pathway Explorer View ‚Ä∫ should display pathway cards or list items (3.0s)
  ok 256 [chromium] ‚Ä∫ tests\e2e\remaining-views.spec.ts:73:7 ‚Ä∫ Pathway Explorer View ‚Ä∫ should display detailed pathway view (2.8s)
  x  244 [chromium] ‚Ä∫ tests\e2e\pathfinder.spec.ts:321:9 ‚Ä∫ Pathfinder View ‚Ä∫ Accessibility ‚Ä∫ should support keyboard navigation (8.3s)
  x  215 [chromium] ‚Ä∫ tests\e2e\pathfinder.spec.ts:59:9 ‚Ä∫ Pathfinder View ‚Ä∫ Node Selection ‚Ä∫ should allow selecting to node via search (30.6s)
  x  214 [chromium] ‚Ä∫ tests\e2e\pathfinder.spec.ts:45:9 ‚Ä∫ Pathfinder View ‚Ä∫ Node Selection ‚Ä∫ should allow selecting from node via search (33.9s)
  ok 259 [chromium] ‚Ä∫ tests\e2e\remaining-views.spec.ts:96:7 ‚Ä∫ Crisis Explorer View ‚Ä∫ should display crisis endpoint selection (2.9s)
  ok 257 [chromium] ‚Ä∫ tests\e2e\remaining-views.spec.ts:79:7 ‚Ä∫ Pathway Explorer View ‚Ä∫ should be responsive on mobile (3.6s)
  x  258 [chromium] ‚Ä∫ tests\e2e\remaining-views.spec.ts:91:7 ‚Ä∫ Crisis Explorer View ‚Ä∫ should load crisis explorer page (3.2s)
  x  253 [chromium] ‚Ä∫ tests\e2e\remaining-views.spec.ts:43:7 ‚Ä∫ Pathway Explorer View ‚Ä∫ should have evidence quality filter (7.4s)
  ok 260 [chromium] ‚Ä∫ tests\e2e\remaining-views.spec.ts:135:7 ‚Ä∫ Crisis Explorer View ‚Ä∫ should have explore button (2.2s)
  ok 261 [chromium] ‚Ä∫ tests\e2e\remaining-views.spec.ts:140:7 ‚Ä∫ Crisis Explorer View ‚Ä∫ should display subgraph statistics (2.2s)
  ok 262 [chromium] ‚Ä∫ tests\e2e\remaining-views.spec.ts:63:7 ‚Ä∫ Pathway Explorer View ‚Ä∫ should allow selecting pathway for details (8.8s)
  ok 265 [chromium] ‚Ä∫ tests\e2e\remaining-views.spec.ts:106:7 ‚Ä∫ Crisis Explorer View ‚Ä∫ should allow selecting multiple crises (6.8s)
  ok 266 [chromium] ‚Ä∫ tests\e2e\remaining-views.spec.ts:117:7 ‚Ä∫ Crisis Explorer View ‚Ä∫ should have upstream traversal configuration (6.6s)
  ok 264 [chromium] ‚Ä∫ tests\e2e\remaining-views.spec.ts:167:7 ‚Ä∫ Crisis Explorer View ‚Ä∫ should highlight crisis endpoints in visualization (8.9s)
  ok 263 [chromium] ‚Ä∫ tests\e2e\remaining-views.spec.ts:158:7 ‚Ä∫ Crisis Explorer View ‚Ä∫ should have tab-based node filtering (9.1s)
  ok 267 [chromium] ‚Ä∫ tests\e2e\remaining-views.spec.ts:126:7 ‚Ä∫ Crisis Explorer View ‚Ä∫ should have minimum evidence filter (4.5s)
  ok 268 [chromium] ‚Ä∫ tests\e2e\remaining-views.spec.ts:152:7 ‚Ä∫ Crisis Explorer View ‚Ä∫ should display network visualization (3.9s)
  ok 271 [chromium] ‚Ä∫ tests\e2e\remaining-views.spec.ts:185:7 ‚Ä∫ Alcoholism System View ‚Ä∫ should load alcoholism system page (5.3s)
  ok 269 [chromium] ‚Ä∫ tests\e2e\remaining-views.spec.ts:146:7 ‚Ä∫ Crisis Explorer View ‚Ä∫ should identify policy levers (5.6s)
  ok 273 [chromium] ‚Ä∫ tests\e2e\remaining-views.spec.ts:196:7 ‚Ä∫ Alcoholism System View ‚Ä∫ should display statistics dashboard (4.6s)
  ok 274 [chromium] ‚Ä∫ tests\e2e\remaining-views.spec.ts:202:7 ‚Ä∫ Alcoholism System View ‚Ä∫ should categorize nodes by type (9.8s)
  ok 272 [chromium] ‚Ä∫ tests\e2e\remaining-views.spec.ts:190:7 ‚Ä∫ Alcoholism System View ‚Ä∫ should display filtered alcoholism subgraph (10.3s)
  ok 276 [chromium] ‚Ä∫ tests\e2e\remaining-views.spec.ts:217:7 ‚Ä∫ Alcoholism System View ‚Ä∫ should support node and edge interactions (11.0s)
  ok 277 [chromium] ‚Ä∫ tests\e2e\remaining-views.spec.ts:226:7 ‚Ä∫ Alcoholism System View ‚Ä∫ should have download/export functionality (7.2s)
  ok 270 [chromium] ‚Ä∫ tests\e2e\remaining-views.spec.ts:173:7 ‚Ä∫ Crisis Explorer View ‚Ä∫ should be responsive on mobile (14.2s)
  ok 280 [chromium] ‚Ä∫ tests\e2e\remaining-views.spec.ts:246:7 ‚Ä∫ Alcoholism System View ‚Ä∫ should be responsive on mobile (6.3s)
  ok 279 [chromium] ‚Ä∫ tests\e2e\remaining-views.spec.ts:240:7 ‚Ä∫ Alcoholism System View ‚Ä∫ should use Cytoscape visualization (11.9s)
  ok 283 [chromium] ‚Ä∫ tests\e2e\remaining-views.spec.ts:275:7 ‚Ä∫ Cross-View Integration ‚Ä∫ should share state across views (5.1s)
  ok 282 [chromium] ‚Ä∫ tests\e2e\remaining-views.spec.ts:259:7 ‚Ä∫ Cross-View Integration ‚Ä∫ should maintain navigation between views (5.8s)
  ok 281 [chromium] ‚Ä∫ tests\e2e\remaining-views.spec.ts:251:7 ‚Ä∫ Alcoholism System View ‚Ä∫ should show policy lever identification (8.1s)
  ok 278 [chromium] ‚Ä∫ tests\e2e\remaining-views.spec.ts:234:7 ‚Ä∫ Alcoholism System View ‚Ä∫ should display category breakdown (13.7s)
‚ö† No explanation of active vs reserved scales found
  ok 290 [chromium] ‚Ä∫ tests\e2e\scale-badges.spec.ts:280:7 ‚Ä∫ Scale Badges on Nodes ‚Ä∫ Should show active vs reserved scales (6.1s)
Node aria-label: Paternal Preconception Overweight, 0 incoming and 1 outgoing connections
  ok 287 [chromium] ‚Ä∫ tests\e2e\scale-badges.spec.ts:146:7 ‚Ä∫ Scale Badges on Nodes ‚Ä∫ Node hover should show scale information (9.3s)
  x  275 [chromium] ‚Ä∫ tests\e2e\remaining-views.spec.ts:208:7 ‚Ä∫ Alcoholism System View ‚Ä∫ should display legend with node types (10.5s)
‚ö† No legend found on Systems Map
  -  288 [chromium] ‚Ä∫ tests\e2e\scale-badges.spec.ts:194:7 ‚Ä∫ Scale Badges on Nodes ‚Ä∫ Legend should explain 7-scale system
  ok 291 [chromium] ‚Ä∫ tests\e2e\systems-map.spec.ts:21:7 ‚Ä∫ Systems Map Visualization ‚Ä∫ should render the graph visualization (5.0s)
  ok 292 [chromium] ‚Ä∫ tests\e2e\systems-map.spec.ts:26:7 ‚Ä∫ Systems Map Visualization ‚Ä∫ should display mechanism nodes (3.8s)
  x  285 [chromium] ‚Ä∫ tests\e2e\scale-badges.spec.ts:57:7 ‚Ä∫ Scale Badges on Nodes ‚Ä∫ Scale badges should show values 1-7 (16.5s)
  x  284 [chromium] ‚Ä∫ tests\e2e\scale-badges.spec.ts:16:7 ‚Ä∫ Scale Badges on Nodes ‚Ä∫ Systems Map nodes should display scale badges (18.0s)
  x  286 [chromium] ‚Ä∫ tests\e2e\scale-badges.spec.ts:96:7 ‚Ä∫ Scale Badges on Nodes ‚Ä∫ Hierarchical layout should group nodes by scale (16.2s)
  x  289 [chromium] ‚Ä∫ tests\e2e\scale-badges.spec.ts:230:7 ‚Ä∫ Scale Badges on Nodes ‚Ä∫ Should filter nodes by scale (15.8s)
  ok 294 [chromium] ‚Ä∫ tests\e2e\systems-map.spec.ts:62:7 ‚Ä∫ Systems Map Interactions ‚Ä∫ should highlight node on hover (7.1s)
  ok 295 [chromium] ‚Ä∫ tests\e2e\systems-map.spec.ts:86:7 ‚Ä∫ Systems Map Interactions ‚Ä∫ should select node on click (7.1s)
  ok 293 [chromium] ‚Ä∫ tests\e2e\systems-map.spec.ts:44:7 ‚Ä∫ Systems Map Visualization ‚Ä∫ should show node labels (10.9s)
  ok 296 [chromium] ‚Ä∫ tests\e2e\systems-map.spec.ts:35:7 ‚Ä∫ Systems Map Visualization ‚Ä∫ should display mechanism edges (4.9s)
  ok 298 [chromium] ‚Ä∫ tests\e2e\systems-map.spec.ts:206:7 ‚Ä∫ Systems Map Filtering ‚Ä∫ should search for mechanisms when available (2.2s)
  ok 297 [chromium] ‚Ä∫ tests\e2e\systems-map.spec.ts:183:7 ‚Ä∫ Systems Map Filtering ‚Ä∫ should filter by category when available (2.8s)
  ok 299 [chromium] ‚Ä∫ tests\e2e\systems-map.spec.ts:228:7 ‚Ä∫ Systems Map Legend and Info ‚Ä∫ should display legend when available (2.6s)
  ok 300 [chromium] ‚Ä∫ tests\e2e\systems-map.spec.ts:236:7 ‚Ä∫ Systems Map Legend and Info ‚Ä∫ should show mechanism count or stats (2.6s)
  ok 302 [chromium] ‚Ä∫ tests\e2e\systems-map.spec.ts:258:7 ‚Ä∫ Systems Map Responsive Design ‚Ä∫ should adapt to tablet viewport (2.5s)
  ok 301 [chromium] ‚Ä∫ tests\e2e\systems-map.spec.ts:246:7 ‚Ä∫ Systems Map Responsive Design ‚Ä∫ should adapt to mobile viewport (3.0s)
  -  310 [chromium] ‚Ä∫ tests\e2e\systems-map.spec.ts:304:8 ‚Ä∫ Systems Map Accessibility ‚Ä∫ should have accessible title
  -  311 [chromium] ‚Ä∫ tests\e2e\systems-map.spec.ts:311:8 ‚Ä∫ Systems Map Accessibility ‚Ä∫ should have keyboard navigation support
  -  312 [chromium] ‚Ä∫ tests\e2e\systems-map.spec.ts:325:8 ‚Ä∫ Systems Map Accessibility ‚Ä∫ should support screen reader announcements
  ok 307 [chromium] ‚Ä∫ tests\e2e\systems-map.spec.ts:266:7 ‚Ä∫ Systems Map Responsive Design ‚Ä∫ should adapt to desktop viewport (2.8s)
  ok 308 [chromium] ‚Ä∫ tests\e2e\systems-map.spec.ts:276:7 ‚Ä∫ Systems Map Performance ‚Ä∫ should load within reasonable time (3.1s)
  ok 304 [chromium] ‚Ä∫ tests\e2e\systems-map.spec.ts:124:7 ‚Ä∫ Systems Map Interactions ‚Ä∫ should support zoom in/out (4.4s)
  ok 306 [chromium] ‚Ä∫ tests\e2e\systems-map.spec.ts:172:7 ‚Ä∫ Systems Map Filtering ‚Ä∫ should show category filter controls (4.2s)
  ok 303 [chromium] ‚Ä∫ tests\e2e\systems-map.spec.ts:107:7 ‚Ä∫ Systems Map Interactions ‚Ä∫ should show mechanism details on node click (4.7s)
  ok 309 [chromium] ‚Ä∫ tests\e2e\systems-map.spec.ts:288:7 ‚Ä∫ Systems Map Performance ‚Ä∫ should handle large datasets (3.3s)
  ok 305 [chromium] ‚Ä∫ tests\e2e\systems-map.spec.ts:148:7 ‚Ä∫ Systems Map Interactions ‚Ä∫ should support pan/drag (4.9s)
‚úì Crisis Explorer page loaded
Found 0 crisis endpoints
  ok 319 [chromium] ‚Ä∫ tests\e2e\user-workflow-pathfinding.spec.ts:84:7 ‚Ä∫ User Workflow: Pathfinding ‚Ä∫ Pathfinding with algorithm selection (5.3s)
‚ö† Not enough crisis endpoints for multi-selection test
  ok 314 [chromium] ‚Ä∫ tests\e2e\user-workflow-crisis-analysis.spec.ts:122:7 ‚Ä∫ User Workflow: Crisis Analysis ‚Ä∫ Multiple crisis endpoints selection (7.9s)
  x  313 [chromium] ‚Ä∫ tests\e2e\user-workflow-crisis-analysis.spec.ts:11:7 ‚Ä∫ User Workflow: Crisis Analysis ‚Ä∫ Complete crisis analysis workflow (8.7s)
  ok 322 [chromium] ‚Ä∫ tests\e2e\user-workflows.spec.ts:9:7 ‚Ä∫ User Workflow: Discovery and Exploration ‚Ä∫ complete discovery workflow: browse ‚Üí search ‚Üí view details ‚Üí explore connections (2.6s)
‚úì Switched to From mode
‚úì Switched to To mode
‚úì Switched back to From mode
From button class: px-3 py-1 text-sm rounded bg-blue-600 text-white
  ok 321 [chromium] ‚Ä∫ tests\e2e\user-workflow-pathfinding.spec.ts:165:7 ‚Ä∫ User Workflow: Pathfinding ‚Ä∫ Mode toggle manual switching (4.3s)
  x  323 [chromium] ‚Ä∫ tests\e2e\user-workflows.spec.ts:92:7 ‚Ä∫ User Workflow: Pathfinding Analysis ‚Ä∫ complete pathfinding workflow: select source ‚Üí select target ‚Üí configure ‚Üí find paths ‚Üí analyze results (2.1s)
  ok 324 [chromium] ‚Ä∫ tests\e2e\user-workflows.spec.ts:143:7 ‚Ä∫ User Workflow: Pathfinding Analysis ‚Ä∫ pathfinding workflow with advanced filters (3.1s)
  ok 325 [chromium] ‚Ä∫ tests\e2e\user-workflows.spec.ts:59:7 ‚Ä∫ User Workflow: Discovery and Exploration ‚Ä∫ discovery workflow with filtering (2.6s)
  ok 327 [chromium] ‚Ä∫ tests\e2e\user-workflows.spec.ts:294:7 ‚Ä∫ User Workflow: Node Importance Analysis ‚Ä∫ export important nodes workflow (2.1s)
  ok 326 [chromium] ‚Ä∫ tests\e2e\user-workflows.spec.ts:232:7 ‚Ä∫ User Workflow: Node Importance Analysis ‚Ä∫ complete importance analysis workflow: view rankings ‚Üí filter ‚Üí sort ‚Üí explore connections (4.2s)
  x  328 [chromium] ‚Ä∫ tests\e2e\user-workflows.spec.ts:174:7 ‚Ä∫ User Workflow: Crisis Analysis ‚Ä∫ complete crisis analysis workflow: select crises ‚Üí configure ‚Üí explore ‚Üí identify levers (2.8s)
  ok 330 [chromium] ‚Ä∫ tests\e2e\user-workflows.spec.ts:372:7 ‚Ä∫ User Workflow: Cross-View Navigation ‚Ä∫ maintain state when navigating between views (2.6s)
  x  318 [chromium] ‚Ä∫ tests\e2e\user-workflow-pathfinding.spec.ts:11:7 ‚Ä∫ User Workflow: Pathfinding ‚Ä∫ Complete pathfinding workflow - researcher finds paths (19.6s)
  x  320 [chromium] ‚Ä∫ tests\e2e\user-workflow-pathfinding.spec.ts:126:7 ‚Ä∫ User Workflow: Pathfinding ‚Ä∫ Error handling - selecting same node twice (20.3s)
  ok 332 [chromium] ‚Ä∫ tests\e2e\user-workflows.spec.ts:427:7 ‚Ä∫ User Workflow: Error Recovery ‚Ä∫ handle network errors gracefully (2.2s)
  x  329 [chromium] ‚Ä∫ tests\e2e\user-workflows.spec.ts:326:7 ‚Ä∫ User Workflow: Cross-View Navigation ‚Ä∫ navigate through all major views maintaining context (7.7s)
  ok 333 [chromium] ‚Ä∫ tests\e2e\user-workflows.spec.ts:435:7 ‚Ä∫ User Workflow: Error Recovery ‚Ä∫ recover from invalid user input (2.3s)
  ok 331 [chromium] ‚Ä∫ tests\e2e\user-workflows.spec.ts:402:7 ‚Ä∫ User Workflow: Search and Filter ‚Ä∫ comprehensive filtering workflow across views (6.0s)
  x  315 [chromium] ‚Ä∫ tests\e2e\user-workflow-crisis-analysis.spec.ts:172:7 ‚Ä∫ User Workflow: Crisis Analysis ‚Ä∫ Reset functionality (32.7s)
  x  317 [chromium] ‚Ä∫ tests\e2e\user-workflow-crisis-analysis.spec.ts:257:7 ‚Ä∫ User Workflow: Crisis Analysis ‚Ä∫ Filter by policy levers tab (32.7s)
  x  316 [chromium] ‚Ä∫ tests\e2e\user-workflow-crisis-analysis.spec.ts:216:7 ‚Ä∫ User Workflow: Crisis Analysis ‚Ä∫ Clear selection button (32.8s)


  1) [chromium] ‚Ä∫ tests\e2e\accessibility.spec.ts:17:7 ‚Ä∫ Accessibility - Keyboard Navigation ‚Ä∫ should navigate through all interactive elements with Tab 

    [31mTest timeout of 30000ms exceeded.[39m

    Error: keyboard.press: Target page, context or browser has been closed
        at C:\Users\mauri\OneDrive - Harvard University\New folder (2)\healthsystems\frontend\tests\e2e\accessibility.spec.ts:24:27)
        at C:\Users\mauri\OneDrive - Harvard University\New folder (2)\healthsystems\frontend\node_modules\playwright\lib\worker\workerMain.js:310:9)
        at C:\Users\mauri\OneDrive - Harvard University\New folder (2)\healthsystems\frontend\node_modules\playwright\lib\worker\testInfo.js:305:11)

    attachment #1: screenshot (image/png) ‚îÄ‚îÄ‚îÄ‚îÄ‚îÄ‚îÄ‚îÄ‚îÄ‚îÄ‚îÄ‚îÄ‚îÄ‚îÄ‚îÄ‚îÄ‚îÄ‚îÄ‚îÄ‚îÄ‚îÄ‚îÄ‚îÄ‚îÄ‚îÄ‚îÄ‚îÄ‚îÄ‚îÄ‚îÄ‚îÄ‚îÄ‚îÄ‚îÄ‚îÄ‚îÄ‚îÄ‚îÄ‚îÄ‚îÄ‚îÄ‚îÄ‚îÄ‚îÄ‚îÄ‚îÄ‚îÄ‚îÄ‚îÄ‚îÄ‚îÄ‚îÄ‚îÄ‚îÄ‚îÄ‚îÄ‚îÄ‚îÄ‚îÄ
    test-results\accessibility-Accessibilit-3074b-teractive-elements-with-Tab-chromium\test-failed-1.png
    ‚îÄ‚îÄ‚îÄ‚îÄ‚îÄ‚îÄ‚îÄ‚îÄ‚îÄ‚îÄ‚îÄ‚îÄ‚îÄ‚îÄ‚îÄ‚îÄ‚îÄ‚îÄ‚îÄ‚îÄ‚îÄ‚îÄ‚îÄ‚îÄ‚îÄ‚îÄ‚îÄ‚îÄ‚îÄ‚îÄ‚îÄ‚îÄ‚îÄ‚îÄ‚îÄ‚îÄ‚îÄ‚îÄ‚îÄ‚îÄ‚îÄ‚îÄ‚îÄ‚îÄ‚îÄ‚îÄ‚îÄ‚îÄ‚îÄ‚îÄ‚îÄ‚îÄ‚îÄ‚îÄ‚îÄ‚îÄ‚îÄ‚îÄ‚îÄ‚îÄ‚îÄ‚îÄ‚îÄ‚îÄ‚îÄ‚îÄ‚îÄ‚îÄ‚îÄ‚îÄ‚îÄ‚îÄ‚îÄ‚îÄ‚îÄ‚îÄ‚îÄ‚îÄ‚îÄ‚îÄ‚îÄ‚îÄ‚îÄ‚îÄ‚îÄ‚îÄ‚îÄ‚îÄ‚îÄ‚îÄ‚îÄ‚îÄ‚îÄ‚îÄ‚îÄ‚îÄ

    attachment #2: video (video/webm) ‚îÄ‚îÄ‚îÄ‚îÄ‚îÄ‚îÄ‚îÄ‚îÄ‚îÄ‚îÄ‚îÄ‚îÄ‚îÄ‚îÄ‚îÄ‚îÄ‚îÄ‚îÄ‚îÄ‚îÄ‚îÄ‚îÄ‚îÄ‚îÄ‚îÄ‚îÄ‚îÄ‚îÄ‚îÄ‚îÄ‚îÄ‚îÄ‚îÄ‚îÄ‚îÄ‚îÄ‚îÄ‚îÄ‚îÄ‚îÄ‚îÄ‚îÄ‚îÄ‚îÄ‚îÄ‚îÄ‚îÄ‚îÄ‚îÄ‚îÄ‚îÄ‚îÄ‚îÄ‚îÄ‚îÄ‚îÄ‚îÄ‚îÄ‚îÄ‚îÄ‚îÄ‚îÄ
    test-results\accessibility-Accessibilit-3074b-teractive-elements-with-Tab-chromium\video.webm
    ‚îÄ‚îÄ‚îÄ‚îÄ‚îÄ‚îÄ‚îÄ‚îÄ‚îÄ‚îÄ‚îÄ‚îÄ‚îÄ‚îÄ‚îÄ‚îÄ‚îÄ‚îÄ‚îÄ‚îÄ‚îÄ‚îÄ‚îÄ‚îÄ‚îÄ‚îÄ‚îÄ‚îÄ‚îÄ‚îÄ‚îÄ‚îÄ‚îÄ‚îÄ‚îÄ‚îÄ‚îÄ‚îÄ‚îÄ‚îÄ‚îÄ‚îÄ‚îÄ‚îÄ‚îÄ‚îÄ‚îÄ‚îÄ‚îÄ‚îÄ‚îÄ‚îÄ‚îÄ‚îÄ‚îÄ‚îÄ‚îÄ‚îÄ‚îÄ‚îÄ‚îÄ‚îÄ‚îÄ‚îÄ‚îÄ‚îÄ‚îÄ‚îÄ‚îÄ‚îÄ‚îÄ‚îÄ‚îÄ‚îÄ‚îÄ‚îÄ‚îÄ‚îÄ‚îÄ‚îÄ‚îÄ‚îÄ‚îÄ‚îÄ‚îÄ‚îÄ‚îÄ‚îÄ‚îÄ‚îÄ‚îÄ‚îÄ‚îÄ‚îÄ‚îÄ‚îÄ

    Error Context: test-results\accessibility-Accessibilit-3074b-teractive-elements-with-Tab-chromium\error-context.md

  2) [chromium] ‚Ä∫ tests\e2e\accessibility.spec.ts:189:7 ‚Ä∫ Accessibility - Screen Reader Support ‚Ä∫ should have proper heading hierarchy 

    Error: [2mexpect([22m[31mreceived[39m[2m).[22mtoBe[2m([22m[32mexpected[39m[2m) // Object.is equality[22m

    Expected: [32m1[39m
    Received: [31m0[39m
        at C:\Users\mauri\OneDrive - Harvard University\New folder (2)\healthsystems\frontend\tests\e2e\accessibility.spec.ts:196:21)
        at C:\Users\mauri\OneDrive - Harvard University\New folder (2)\healthsystems\frontend\node_modules\playwright\lib\worker\workerMain.js:310:9)
        at C:\Users\mauri\OneDrive - Harvard University\New folder (2)\healthsystems\frontend\node_modules\playwright\lib\worker\testInfo.js:305:11)
        at C:\Users\mauri\OneDrive - Harvard University\New folder (2)\healthsystems\frontend\node_modules\playwright\lib\worker\workerMain.js:308:7)

    attachment #1: screenshot (image/png) ‚îÄ‚îÄ‚îÄ‚îÄ‚îÄ‚îÄ‚îÄ‚îÄ‚îÄ‚îÄ‚îÄ‚îÄ‚îÄ‚îÄ‚îÄ‚îÄ‚îÄ‚îÄ‚îÄ‚îÄ‚îÄ‚îÄ‚îÄ‚îÄ‚îÄ‚îÄ‚îÄ‚îÄ‚îÄ‚îÄ‚îÄ‚îÄ‚îÄ‚îÄ‚îÄ‚îÄ‚îÄ‚îÄ‚îÄ‚îÄ‚îÄ‚îÄ‚îÄ‚îÄ‚îÄ‚îÄ‚îÄ‚îÄ‚îÄ‚îÄ‚îÄ‚îÄ‚îÄ‚îÄ‚îÄ‚îÄ‚îÄ‚îÄ
    test-results\accessibility-Accessibilit-bad15-ve-proper-heading-hierarchy-chromium\test-failed-1.png
    ‚îÄ‚îÄ‚îÄ‚îÄ‚îÄ‚îÄ‚îÄ‚îÄ‚îÄ‚îÄ‚îÄ‚îÄ‚îÄ‚îÄ‚îÄ‚îÄ‚îÄ‚îÄ‚îÄ‚îÄ‚îÄ‚îÄ‚îÄ‚îÄ‚îÄ‚îÄ‚îÄ‚îÄ‚îÄ‚îÄ‚îÄ‚îÄ‚îÄ‚îÄ‚îÄ‚îÄ‚îÄ‚îÄ‚îÄ‚îÄ‚îÄ‚îÄ‚îÄ‚îÄ‚îÄ‚îÄ‚îÄ‚îÄ‚îÄ‚îÄ‚îÄ‚îÄ‚îÄ‚îÄ‚îÄ‚îÄ‚îÄ‚îÄ‚îÄ‚îÄ‚îÄ‚îÄ‚îÄ‚îÄ‚îÄ‚îÄ‚îÄ‚îÄ‚îÄ‚îÄ‚îÄ‚îÄ‚îÄ‚îÄ‚îÄ‚îÄ‚îÄ‚îÄ‚îÄ‚îÄ‚îÄ‚îÄ‚îÄ‚îÄ‚îÄ‚îÄ‚îÄ‚îÄ‚îÄ‚îÄ‚îÄ‚îÄ‚îÄ‚îÄ‚îÄ‚îÄ

    attachment #2: video (video/webm) ‚îÄ‚îÄ‚îÄ‚îÄ‚îÄ‚îÄ‚îÄ‚îÄ‚îÄ‚îÄ‚îÄ‚îÄ‚îÄ‚îÄ‚îÄ‚îÄ‚îÄ‚îÄ‚îÄ‚îÄ‚îÄ‚îÄ‚îÄ‚îÄ‚îÄ‚îÄ‚îÄ‚îÄ‚îÄ‚îÄ‚îÄ‚îÄ‚îÄ‚îÄ‚îÄ‚îÄ‚îÄ‚îÄ‚îÄ‚îÄ‚îÄ‚îÄ‚îÄ‚îÄ‚îÄ‚îÄ‚îÄ‚îÄ‚îÄ‚îÄ‚îÄ‚îÄ‚îÄ‚îÄ‚îÄ‚îÄ‚îÄ‚îÄ‚îÄ‚îÄ‚îÄ‚îÄ
    test-results\accessibility-Accessibilit-bad15-ve-proper-heading-hierarchy-chromium\video.webm
    ‚îÄ‚îÄ‚îÄ‚îÄ‚îÄ‚îÄ‚îÄ‚îÄ‚îÄ‚îÄ‚îÄ‚îÄ‚îÄ‚îÄ‚îÄ‚îÄ‚îÄ‚îÄ‚îÄ‚îÄ‚îÄ‚îÄ‚îÄ‚îÄ‚îÄ‚îÄ‚îÄ‚îÄ‚îÄ‚îÄ‚îÄ‚îÄ‚îÄ‚îÄ‚îÄ‚îÄ‚îÄ‚îÄ‚îÄ‚îÄ‚îÄ‚îÄ‚îÄ‚îÄ‚îÄ‚îÄ‚îÄ‚îÄ‚îÄ‚îÄ‚îÄ‚îÄ‚îÄ‚îÄ‚îÄ‚îÄ‚îÄ‚îÄ‚îÄ‚îÄ‚îÄ‚îÄ‚îÄ‚îÄ‚îÄ‚îÄ‚îÄ‚îÄ‚îÄ‚îÄ‚îÄ‚îÄ‚îÄ‚îÄ‚îÄ‚îÄ‚îÄ‚îÄ‚îÄ‚îÄ‚îÄ‚îÄ‚îÄ‚îÄ‚îÄ‚îÄ‚îÄ‚îÄ‚îÄ‚îÄ‚îÄ‚îÄ‚îÄ‚îÄ‚îÄ‚îÄ

    Error Context: test-results\accessibility-Accessibilit-bad15-ve-proper-heading-hierarchy-chromium\error-context.md

  3) [chromium] ‚Ä∫ tests\e2e\accessibility.spec.ts:312:7 ‚Ä∫ Accessibility - Color and Contrast ‚Ä∫ should pass automated color contrast checks 

    Error: [2mexpect([22m[31mreceived[39m[2m).[22mtoBe[2m([22m[32mexpected[39m[2m) // Object.is equality[22m

    Expected: [32m0[39m
    Received: [31m1[39m
        at C:\Users\mauri\OneDrive - Harvard University\New folder (2)\healthsystems\frontend\tests\e2e\accessibility.spec.ts:330:39)
        at C:\Users\mauri\OneDrive - Harvard University\New folder (2)\healthsystems\frontend\node_modules\playwright\lib\worker\workerMain.js:310:9)
        at C:\Users\mauri\OneDrive - Harvard University\New folder (2)\healthsystems\frontend\node_modules\playwright\lib\worker\testInfo.js:305:11)
        at C:\Users\mauri\OneDrive - Harvard University\New folder (2)\healthsystems\frontend\node_modules\playwright\lib\worker\workerMain.js:308:7)

    attachment #1: screenshot (image/png) ‚îÄ‚îÄ‚îÄ‚îÄ‚îÄ‚îÄ‚îÄ‚îÄ‚îÄ‚îÄ‚îÄ‚îÄ‚îÄ‚îÄ‚îÄ‚îÄ‚îÄ‚îÄ‚îÄ‚îÄ‚îÄ‚îÄ‚îÄ‚îÄ‚îÄ‚îÄ‚îÄ‚îÄ‚îÄ‚îÄ‚îÄ‚îÄ‚îÄ‚îÄ‚îÄ‚îÄ‚îÄ‚îÄ‚îÄ‚îÄ‚îÄ‚îÄ‚îÄ‚îÄ‚îÄ‚îÄ‚îÄ‚îÄ‚îÄ‚îÄ‚îÄ‚îÄ‚îÄ‚îÄ‚îÄ‚îÄ‚îÄ‚îÄ
    test-results\accessibility-Accessibilit-91ac7-mated-color-contrast-checks-chromium\test-failed-1.png
    ‚îÄ‚îÄ‚îÄ‚îÄ‚îÄ‚îÄ‚îÄ‚îÄ‚îÄ‚îÄ‚îÄ‚îÄ‚îÄ‚îÄ‚îÄ‚îÄ‚îÄ‚îÄ‚îÄ‚îÄ‚îÄ‚îÄ‚îÄ‚îÄ‚îÄ‚îÄ‚îÄ‚îÄ‚îÄ‚îÄ‚îÄ‚îÄ‚îÄ‚îÄ‚îÄ‚îÄ‚îÄ‚îÄ‚îÄ‚îÄ‚îÄ‚îÄ‚îÄ‚îÄ‚îÄ‚îÄ‚îÄ‚îÄ‚îÄ‚îÄ‚îÄ‚îÄ‚îÄ‚îÄ‚îÄ‚îÄ‚îÄ‚îÄ‚îÄ‚îÄ‚îÄ‚îÄ‚îÄ‚îÄ‚îÄ‚îÄ‚îÄ‚îÄ‚îÄ‚îÄ‚îÄ‚îÄ‚îÄ‚îÄ‚îÄ‚îÄ‚îÄ‚îÄ‚îÄ‚îÄ‚îÄ‚îÄ‚îÄ‚îÄ‚îÄ‚îÄ‚îÄ‚îÄ‚îÄ‚îÄ‚îÄ‚îÄ‚îÄ‚îÄ‚îÄ‚îÄ

    attachment #2: video (video/webm) ‚îÄ‚îÄ‚îÄ‚îÄ‚îÄ‚îÄ‚îÄ‚îÄ‚îÄ‚îÄ‚îÄ‚îÄ‚îÄ‚îÄ‚îÄ‚îÄ‚îÄ‚îÄ‚îÄ‚îÄ‚îÄ‚îÄ‚îÄ‚îÄ‚îÄ‚îÄ‚îÄ‚îÄ‚îÄ‚îÄ‚îÄ‚îÄ‚îÄ‚îÄ‚îÄ‚îÄ‚îÄ‚îÄ‚îÄ‚îÄ‚îÄ‚îÄ‚îÄ‚îÄ‚îÄ‚îÄ‚îÄ‚îÄ‚îÄ‚îÄ‚îÄ‚îÄ‚îÄ‚îÄ‚îÄ‚îÄ‚îÄ‚îÄ‚îÄ‚îÄ‚îÄ‚îÄ
    test-results\accessibility-Accessibilit-91ac7-mated-color-contrast-checks-chromium\video-1.webm
    ‚îÄ‚îÄ‚îÄ‚îÄ‚îÄ‚îÄ‚îÄ‚îÄ‚îÄ‚îÄ‚îÄ‚îÄ‚îÄ‚îÄ‚îÄ‚îÄ‚îÄ‚îÄ‚îÄ‚îÄ‚îÄ‚îÄ‚îÄ‚îÄ‚îÄ‚îÄ‚îÄ‚îÄ‚îÄ‚îÄ‚îÄ‚îÄ‚îÄ‚îÄ‚îÄ‚îÄ‚îÄ‚îÄ‚îÄ‚îÄ‚îÄ‚îÄ‚îÄ‚îÄ‚îÄ‚îÄ‚îÄ‚îÄ‚îÄ‚îÄ‚îÄ‚îÄ‚îÄ‚îÄ‚îÄ‚îÄ‚îÄ‚îÄ‚îÄ‚îÄ‚îÄ‚îÄ‚îÄ‚îÄ‚îÄ‚îÄ‚îÄ‚îÄ‚îÄ‚îÄ‚îÄ‚îÄ‚îÄ‚îÄ‚îÄ‚îÄ‚îÄ‚îÄ‚îÄ‚îÄ‚îÄ‚îÄ‚îÄ‚îÄ‚îÄ‚îÄ‚îÄ‚îÄ‚îÄ‚îÄ‚îÄ‚îÄ‚îÄ‚îÄ‚îÄ‚îÄ

    attachment #3: video (video/webm) ‚îÄ‚îÄ‚îÄ‚îÄ‚îÄ‚îÄ‚îÄ‚îÄ‚îÄ‚îÄ‚îÄ‚îÄ‚îÄ‚îÄ‚îÄ‚îÄ‚îÄ‚îÄ‚îÄ‚îÄ‚îÄ‚îÄ‚îÄ‚îÄ‚îÄ‚îÄ‚îÄ‚îÄ‚îÄ‚îÄ‚îÄ‚îÄ‚îÄ‚îÄ‚îÄ‚îÄ‚îÄ‚îÄ‚îÄ‚îÄ‚îÄ‚îÄ‚îÄ‚îÄ‚îÄ‚îÄ‚îÄ‚îÄ‚îÄ‚îÄ‚îÄ‚îÄ‚îÄ‚îÄ‚îÄ‚îÄ‚îÄ‚îÄ‚îÄ‚îÄ‚îÄ‚îÄ
    test-results\accessibility-Accessibilit-91ac7-mated-color-contrast-checks-chromium\video.webm
    ‚îÄ‚îÄ‚îÄ‚îÄ‚îÄ‚îÄ‚îÄ‚îÄ‚îÄ‚îÄ‚îÄ‚îÄ‚îÄ‚îÄ‚îÄ‚îÄ‚îÄ‚îÄ‚îÄ‚îÄ‚îÄ‚îÄ‚îÄ‚îÄ‚îÄ‚îÄ‚îÄ‚îÄ‚îÄ‚îÄ‚îÄ‚îÄ‚îÄ‚îÄ‚îÄ‚îÄ‚îÄ‚îÄ‚îÄ‚îÄ‚îÄ‚îÄ‚îÄ‚îÄ‚îÄ‚îÄ‚îÄ‚îÄ‚îÄ‚îÄ‚îÄ‚îÄ‚îÄ‚îÄ‚îÄ‚îÄ‚îÄ‚îÄ‚îÄ‚îÄ‚îÄ‚îÄ‚îÄ‚îÄ‚îÄ‚îÄ‚îÄ‚îÄ‚îÄ‚îÄ‚îÄ‚îÄ‚îÄ‚îÄ‚îÄ‚îÄ‚îÄ‚îÄ‚îÄ‚îÄ‚îÄ‚îÄ‚îÄ‚îÄ‚îÄ‚îÄ‚îÄ‚îÄ‚îÄ‚îÄ‚îÄ‚îÄ‚îÄ‚îÄ‚îÄ‚îÄ

    Error Context: test-results\accessibility-Accessibilit-91ac7-mated-color-contrast-checks-chromium\error-context.md

  4) [chromium] ‚Ä∫ tests\e2e\accessibility.spec.ts:385:7 ‚Ä∫ Accessibility - Full Page Scans ‚Ä∫ should pass WCAG 2.1 AA on homepage 

    Error: [2mexpect([22m[31mreceived[39m[2m).[22mtoHaveLength[2m([22m[32mexpected[39m[2m)[22m

    Expected length: [32m0[39m
    Received length: [31m1[39m
    Received array:  [31m[{"description": "Ensure the contrast between foreground and background colors meets WCAG 2 AA minimum contrast ratio thresholds", "help": "Elements must meet minimum color contrast ratio thresholds", "helpUrl": "https://dequeuniversity.com/rules/axe/4.11/color-contrast?application=playwright", "id": "color-contrast", "impact": "serious", "nodes": [{"all": [], "any": [{"data": {"bgColor": "#ffffff", "contrastRatio": 3.55, "expectedContrastRatio": "4.5:1", "fgColor": "#ea580c", "fontSize": "9.0pt (12px)", "fontWeight": "normal", "messageKey": null}, "id": "color-contrast", "impact": "serious", "message": "Element has insufficient color contrast of 3.55 (foreground color: #ea580c, background color: #ffffff, font size: 9.0pt (12px), font weight: normal). Expected contrast ratio of 4.5:1", "relatedNodes": [{"html": "<header class=\"h-14 bg-white border-b border-gray-200 px-6 flex items-center justify-between fixed top-0 left-0 right-0 z-30 shadow-sm\">", "target": ["header"]}]}], "failureSummary": "Fix any of the following:[39m
    [31m  Element has insufficient color contrast of 3.55 (foreground color: #ea580c, background color: #ffffff, font size: 9.0pt (12px), font weight: normal). Expected contrast ratio of 4.5:1", "html": "<a aria-current=\"page\" class=\"px-3 py-2 text-xs font-medium transition-all relative text-orange-600\" href=\"/\">Systems Map<div class=\"absolute bottom-0 left-0 right-0 h-0.5 bg-orange-500\"></div></a>", "impact": "serious", "none": [], "target": [".text-orange-600"]}], "tags": ["cat.color", "wcag2aa", "wcag143", "TTv5", "TT13.c", "EN-301-549", "EN-9.1.4.3", "ACT", "RGAAv4", "RGAA-3.2.1"]}][39m
        at C:\Users\mauri\OneDrive - Harvard University\New folder (2)\healthsystems\frontend\tests\e2e\accessibility.spec.ts:397:35)
        at C:\Users\mauri\OneDrive - Harvard University\New folder (2)\healthsystems\frontend\node_modules\playwright\lib\worker\workerMain.js:310:9)
        at C:\Users\mauri\OneDrive - Harvard University\New folder (2)\healthsystems\frontend\node_modules\playwright\lib\worker\testInfo.js:305:11)
        at C:\Users\mauri\OneDrive - Harvard University\New folder (2)\healthsystems\frontend\node_modules\playwright\lib\worker\workerMain.js:308:7)

    attachment #1: screenshot (image/png) ‚îÄ‚îÄ‚îÄ‚îÄ‚îÄ‚îÄ‚îÄ‚îÄ‚îÄ‚îÄ‚îÄ‚îÄ‚îÄ‚îÄ‚îÄ‚îÄ‚îÄ‚îÄ‚îÄ‚îÄ‚îÄ‚îÄ‚îÄ‚îÄ‚îÄ‚îÄ‚îÄ‚îÄ‚îÄ‚îÄ‚îÄ‚îÄ‚îÄ‚îÄ‚îÄ‚îÄ‚îÄ‚îÄ‚îÄ‚îÄ‚îÄ‚îÄ‚îÄ‚îÄ‚îÄ‚îÄ‚îÄ‚îÄ‚îÄ‚îÄ‚îÄ‚îÄ‚îÄ‚îÄ‚îÄ‚îÄ‚îÄ‚îÄ
    test-results\accessibility-Accessibilit-bc772-ass-WCAG-2-1-AA-on-homepage-chromium\test-failed-1.png
    ‚îÄ‚îÄ‚îÄ‚îÄ‚îÄ‚îÄ‚îÄ‚îÄ‚îÄ‚îÄ‚îÄ‚îÄ‚îÄ‚îÄ‚îÄ‚îÄ‚îÄ‚îÄ‚îÄ‚îÄ‚îÄ‚îÄ‚îÄ‚îÄ‚îÄ‚îÄ‚îÄ‚îÄ‚îÄ‚îÄ‚îÄ‚îÄ‚îÄ‚îÄ‚îÄ‚îÄ‚îÄ‚îÄ‚îÄ‚îÄ‚îÄ‚îÄ‚îÄ‚îÄ‚îÄ‚îÄ‚îÄ‚îÄ‚îÄ‚îÄ‚îÄ‚îÄ‚îÄ‚îÄ‚îÄ‚îÄ‚îÄ‚îÄ‚îÄ‚îÄ‚îÄ‚îÄ‚îÄ‚îÄ‚îÄ‚îÄ‚îÄ‚îÄ‚îÄ‚îÄ‚îÄ‚îÄ‚îÄ‚îÄ‚îÄ‚îÄ‚îÄ‚îÄ‚îÄ‚îÄ‚îÄ‚îÄ‚îÄ‚îÄ‚îÄ‚îÄ‚îÄ‚îÄ‚îÄ‚îÄ‚îÄ‚îÄ‚îÄ‚îÄ‚îÄ‚îÄ

    attachment #2: video (video/webm) ‚îÄ‚îÄ‚îÄ‚îÄ‚îÄ‚îÄ‚îÄ‚îÄ‚îÄ‚îÄ‚îÄ‚îÄ‚îÄ‚îÄ‚îÄ‚îÄ‚îÄ‚îÄ‚îÄ‚îÄ‚îÄ‚îÄ‚îÄ‚îÄ‚îÄ‚îÄ‚îÄ‚îÄ‚îÄ‚îÄ‚îÄ‚îÄ‚îÄ‚îÄ‚îÄ‚îÄ‚îÄ‚îÄ‚îÄ‚îÄ‚îÄ‚îÄ‚îÄ‚îÄ‚îÄ‚îÄ‚îÄ‚îÄ‚îÄ‚îÄ‚îÄ‚îÄ‚îÄ‚îÄ‚îÄ‚îÄ‚îÄ‚îÄ‚îÄ‚îÄ‚îÄ‚îÄ
    test-results\accessibility-Accessibilit-bc772-ass-WCAG-2-1-AA-on-homepage-chromium\video.webm
    ‚îÄ‚îÄ‚îÄ‚îÄ‚îÄ‚îÄ‚îÄ‚îÄ‚îÄ‚îÄ‚îÄ‚îÄ‚îÄ‚îÄ‚îÄ‚îÄ‚îÄ‚îÄ‚îÄ‚îÄ‚îÄ‚îÄ‚îÄ‚îÄ‚îÄ‚îÄ‚îÄ‚îÄ‚îÄ‚îÄ‚îÄ‚îÄ‚îÄ‚îÄ‚îÄ‚îÄ‚îÄ‚îÄ‚îÄ‚îÄ‚îÄ‚îÄ‚îÄ‚îÄ‚îÄ‚îÄ‚îÄ‚îÄ‚îÄ‚îÄ‚îÄ‚îÄ‚îÄ‚îÄ‚îÄ‚îÄ‚îÄ‚îÄ‚îÄ‚îÄ‚îÄ‚îÄ‚îÄ‚îÄ‚îÄ‚îÄ‚îÄ‚îÄ‚îÄ‚îÄ‚îÄ‚îÄ‚îÄ‚îÄ‚îÄ‚îÄ‚îÄ‚îÄ‚îÄ‚îÄ‚îÄ‚îÄ‚îÄ‚îÄ‚îÄ‚îÄ‚îÄ‚îÄ‚îÄ‚îÄ‚îÄ‚îÄ‚îÄ‚îÄ‚îÄ‚îÄ

    attachment #3: video (video/webm) ‚îÄ‚îÄ‚îÄ‚îÄ‚îÄ‚îÄ‚îÄ‚îÄ‚îÄ‚îÄ‚îÄ‚îÄ‚îÄ‚îÄ‚îÄ‚îÄ‚îÄ‚îÄ‚îÄ‚îÄ‚îÄ‚îÄ‚îÄ‚îÄ‚îÄ‚îÄ‚îÄ‚îÄ‚îÄ‚îÄ‚îÄ‚îÄ‚îÄ‚îÄ‚îÄ‚îÄ‚îÄ‚îÄ‚îÄ‚îÄ‚îÄ‚îÄ‚îÄ‚îÄ‚îÄ‚îÄ‚îÄ‚îÄ‚îÄ‚îÄ‚îÄ‚îÄ‚îÄ‚îÄ‚îÄ‚îÄ‚îÄ‚îÄ‚îÄ‚îÄ‚îÄ‚îÄ
    test-results\accessibility-Accessibilit-bc772-ass-WCAG-2-1-AA-on-homepage-chromium\video-1.webm
    ‚îÄ‚îÄ‚îÄ‚îÄ‚îÄ‚îÄ‚îÄ‚îÄ‚îÄ‚îÄ‚îÄ‚îÄ‚îÄ‚îÄ‚îÄ‚îÄ‚îÄ‚îÄ‚îÄ‚îÄ‚îÄ‚îÄ‚îÄ‚îÄ‚îÄ‚îÄ‚îÄ‚îÄ‚îÄ‚îÄ‚îÄ‚îÄ‚îÄ‚îÄ‚îÄ‚îÄ‚îÄ‚îÄ‚îÄ‚îÄ‚îÄ‚îÄ‚îÄ‚îÄ‚îÄ‚îÄ‚îÄ‚îÄ‚îÄ‚îÄ‚îÄ‚îÄ‚îÄ‚îÄ‚îÄ‚îÄ‚îÄ‚îÄ‚îÄ‚îÄ‚îÄ‚îÄ‚îÄ‚îÄ‚îÄ‚îÄ‚îÄ‚îÄ‚îÄ‚îÄ‚îÄ‚îÄ‚îÄ‚îÄ‚îÄ‚îÄ‚îÄ‚îÄ‚îÄ‚îÄ‚îÄ‚îÄ‚îÄ‚îÄ‚îÄ‚îÄ‚îÄ‚îÄ‚îÄ‚îÄ‚îÄ‚îÄ‚îÄ‚îÄ‚îÄ‚îÄ

    Error Context: test-results\accessibility-Accessibilit-bc772-ass-WCAG-2-1-AA-on-homepage-chromium\error-context.md

  5) [chromium] ‚Ä∫ tests\e2e\crisis-explorer-view.spec.ts:33:7 ‚Ä∫ Crisis Explorer View ‚Ä∫ Crisis endpoints load from API 

    Error: [2mexpect([22m[31mreceived[39m[2m).[22mtoBeGreaterThan[2m([22m[32mexpected[39m[2m)[22m

    Expected: > [32m0[39m
    Received:   [31m0[39m
        at C:\Users\mauri\OneDrive - Harvard University\New folder (2)\healthsystems\frontend\tests\e2e\crisis-explorer-view.spec.ts:41:27)
        at C:\Users\mauri\OneDrive - Harvard University\New folder (2)\healthsystems\frontend\node_modules\playwright\lib\worker\workerMain.js:310:9)
        at C:\Users\mauri\OneDrive - Harvard University\New folder (2)\healthsystems\frontend\node_modules\playwright\lib\worker\testInfo.js:305:11)
        at C:\Users\mauri\OneDrive - Harvard University\New folder (2)\healthsystems\frontend\node_modules\playwright\lib\worker\workerMain.js:308:7)

    attachment #1: screenshot (image/png) ‚îÄ‚îÄ‚îÄ‚îÄ‚îÄ‚îÄ‚îÄ‚îÄ‚îÄ‚îÄ‚îÄ‚îÄ‚îÄ‚îÄ‚îÄ‚îÄ‚îÄ‚îÄ‚îÄ‚îÄ‚îÄ‚îÄ‚îÄ‚îÄ‚îÄ‚îÄ‚îÄ‚îÄ‚îÄ‚îÄ‚îÄ‚îÄ‚îÄ‚îÄ‚îÄ‚îÄ‚îÄ‚îÄ‚îÄ‚îÄ‚îÄ‚îÄ‚îÄ‚îÄ‚îÄ‚îÄ‚îÄ‚îÄ‚îÄ‚îÄ‚îÄ‚îÄ‚îÄ‚îÄ‚îÄ‚îÄ‚îÄ‚îÄ
    test-results\crisis-explorer-view-Crisi-6840a-sis-endpoints-load-from-API-chromium\test-failed-1.png
    ‚îÄ‚îÄ‚îÄ‚îÄ‚îÄ‚îÄ‚îÄ‚îÄ‚îÄ‚îÄ‚îÄ‚îÄ‚îÄ‚îÄ‚îÄ‚îÄ‚îÄ‚îÄ‚îÄ‚îÄ‚îÄ‚îÄ‚îÄ‚îÄ‚îÄ‚îÄ‚îÄ‚îÄ‚îÄ‚îÄ‚îÄ‚îÄ‚îÄ‚îÄ‚îÄ‚îÄ‚îÄ‚îÄ‚îÄ‚îÄ‚îÄ‚îÄ‚îÄ‚îÄ‚îÄ‚îÄ‚îÄ‚îÄ‚îÄ‚îÄ‚îÄ‚îÄ‚îÄ‚îÄ‚îÄ‚îÄ‚îÄ‚îÄ‚îÄ‚îÄ‚îÄ‚îÄ‚îÄ‚îÄ‚îÄ‚îÄ‚îÄ‚îÄ‚îÄ‚îÄ‚îÄ‚îÄ‚îÄ‚îÄ‚îÄ‚îÄ‚îÄ‚îÄ‚îÄ‚îÄ‚îÄ‚îÄ‚îÄ‚îÄ‚îÄ‚îÄ‚îÄ‚îÄ‚îÄ‚îÄ‚îÄ‚îÄ‚îÄ‚îÄ‚îÄ‚îÄ

    attachment #2: video (video/webm) ‚îÄ‚îÄ‚îÄ‚îÄ‚îÄ‚îÄ‚îÄ‚îÄ‚îÄ‚îÄ‚îÄ‚îÄ‚îÄ‚îÄ‚îÄ‚îÄ‚îÄ‚îÄ‚îÄ‚îÄ‚îÄ‚îÄ‚îÄ‚îÄ‚îÄ‚îÄ‚îÄ‚îÄ‚îÄ‚îÄ‚îÄ‚îÄ‚îÄ‚îÄ‚îÄ‚îÄ‚îÄ‚îÄ‚îÄ‚îÄ‚îÄ‚îÄ‚îÄ‚îÄ‚îÄ‚îÄ‚îÄ‚îÄ‚îÄ‚îÄ‚îÄ‚îÄ‚îÄ‚îÄ‚îÄ‚îÄ‚îÄ‚îÄ‚îÄ‚îÄ‚îÄ‚îÄ
    test-results\crisis-explorer-view-Crisi-6840a-sis-endpoints-load-from-API-chromium\video.webm
    ‚îÄ‚îÄ‚îÄ‚îÄ‚îÄ‚îÄ‚îÄ‚îÄ‚îÄ‚îÄ‚îÄ‚îÄ‚îÄ‚îÄ‚îÄ‚îÄ‚îÄ‚îÄ‚îÄ‚îÄ‚îÄ‚îÄ‚îÄ‚îÄ‚îÄ‚îÄ‚îÄ‚îÄ‚îÄ‚îÄ‚îÄ‚îÄ‚îÄ‚îÄ‚îÄ‚îÄ‚îÄ‚îÄ‚îÄ‚îÄ‚îÄ‚îÄ‚îÄ‚îÄ‚îÄ‚îÄ‚îÄ‚îÄ‚îÄ‚îÄ‚îÄ‚îÄ‚îÄ‚îÄ‚îÄ‚îÄ‚îÄ‚îÄ‚îÄ‚îÄ‚îÄ‚îÄ‚îÄ‚îÄ‚îÄ‚îÄ‚îÄ‚îÄ‚îÄ‚îÄ‚îÄ‚îÄ‚îÄ‚îÄ‚îÄ‚îÄ‚îÄ‚îÄ‚îÄ‚îÄ‚îÄ‚îÄ‚îÄ‚îÄ‚îÄ‚îÄ‚îÄ‚îÄ‚îÄ‚îÄ‚îÄ‚îÄ‚îÄ‚îÄ‚îÄ‚îÄ

    Error Context: test-results\crisis-explorer-view-Crisi-6840a-sis-endpoints-load-from-API-chromium\error-context.md

  6) [chromium] ‚Ä∫ tests\e2e\crisis-explorer-view.spec.ts:132:7 ‚Ä∫ Crisis Explorer View ‚Ä∫ Can trigger crisis exploration 

    Error: [2mexpect([22m[31mlocator[39m[2m).[22mtoBeVisible[2m([22m[2m)[22m failed

    Locator: locator('text=/exploring|loading/i').or(locator('[role="progressbar"]')).or(locator('text=/total nodes|total edges|policy levers/i'))
    Expected: visible
    Error: strict mode violation: locator('text=/exploring|loading/i').or(locator('[role="progressbar"]')).or(locator('text=/total nodes|total edges|policy levers/i')) resolved to 3 elements:
        1) <p class="text-gray-600">Select crisis outcomes to discover upstream causa‚Ä¶</p> aka getByText('Select crisis outcomes to')
        2) <span class="flex items-center justify-center">‚Ä¶</span> aka getByRole('button', { name: 'Exploring...' })
        3) <div class="text-gray-600">Exploring upstream pathways...</div> aka getByText('Exploring upstream pathways...')

    Call log:
    [2m  - Expect "toBeVisible" with timeout 10000ms[22m
    [2m  - waiting for locator('text=/exploring|loading/i').or(locator('[role="progressbar"]')).or(locator('text=/total nodes|total edges|policy levers/i'))[22m

        at C:\Users\mauri\OneDrive - Harvard University\New folder (2)\healthsystems\frontend\tests\e2e\crisis-explorer-view.spec.ts:149:37)
        at C:\Users\mauri\OneDrive - Harvard University\New folder (2)\healthsystems\frontend\node_modules\playwright\lib\worker\workerMain.js:310:9)
        at C:\Users\mauri\OneDrive - Harvard University\New folder (2)\healthsystems\frontend\node_modules\playwright\lib\worker\testInfo.js:305:11)
        at C:\Users\mauri\OneDrive - Harvard University\New folder (2)\healthsystems\frontend\node_modules\playwright\lib\worker\workerMain.js:308:7)

    attachment #1: screenshot (image/png) ‚îÄ‚îÄ‚îÄ‚îÄ‚îÄ‚îÄ‚îÄ‚îÄ‚îÄ‚îÄ‚îÄ‚îÄ‚îÄ‚îÄ‚îÄ‚îÄ‚îÄ‚îÄ‚îÄ‚îÄ‚îÄ‚îÄ‚îÄ‚îÄ‚îÄ‚îÄ‚îÄ‚îÄ‚îÄ‚îÄ‚îÄ‚îÄ‚îÄ‚îÄ‚îÄ‚îÄ‚îÄ‚îÄ‚îÄ‚îÄ‚îÄ‚îÄ‚îÄ‚îÄ‚îÄ‚îÄ‚îÄ‚îÄ‚îÄ‚îÄ‚îÄ‚îÄ‚îÄ‚îÄ‚îÄ‚îÄ‚îÄ‚îÄ
    test-results\crisis-explorer-view-Crisi-504d5--trigger-crisis-exploration-chromium\test-failed-1.png
    ‚îÄ‚îÄ‚îÄ‚îÄ‚îÄ‚îÄ‚îÄ‚îÄ‚îÄ‚îÄ‚îÄ‚îÄ‚îÄ‚îÄ‚îÄ‚îÄ‚îÄ‚îÄ‚îÄ‚îÄ‚îÄ‚îÄ‚îÄ‚îÄ‚îÄ‚îÄ‚îÄ‚îÄ‚îÄ‚îÄ‚îÄ‚îÄ‚îÄ‚îÄ‚îÄ‚îÄ‚îÄ‚îÄ‚îÄ‚îÄ‚îÄ‚îÄ‚îÄ‚îÄ‚îÄ‚îÄ‚îÄ‚îÄ‚îÄ‚îÄ‚îÄ‚îÄ‚îÄ‚îÄ‚îÄ‚îÄ‚îÄ‚îÄ‚îÄ‚îÄ‚îÄ‚îÄ‚îÄ‚îÄ‚îÄ‚îÄ‚îÄ‚îÄ‚îÄ‚îÄ‚îÄ‚îÄ‚îÄ‚îÄ‚îÄ‚îÄ‚îÄ‚îÄ‚îÄ‚îÄ‚îÄ‚îÄ‚îÄ‚îÄ‚îÄ‚îÄ‚îÄ‚îÄ‚îÄ‚îÄ‚îÄ‚îÄ‚îÄ‚îÄ‚îÄ‚îÄ

    attachment #2: video (video/webm) ‚îÄ‚îÄ‚îÄ‚îÄ‚îÄ‚îÄ‚îÄ‚îÄ‚îÄ‚îÄ‚îÄ‚îÄ‚îÄ‚îÄ‚îÄ‚îÄ‚îÄ‚îÄ‚îÄ‚îÄ‚îÄ‚îÄ‚îÄ‚îÄ‚îÄ‚îÄ‚îÄ‚îÄ‚îÄ‚îÄ‚îÄ‚îÄ‚îÄ‚îÄ‚îÄ‚îÄ‚îÄ‚îÄ‚îÄ‚îÄ‚îÄ‚îÄ‚îÄ‚îÄ‚îÄ‚îÄ‚îÄ‚îÄ‚îÄ‚îÄ‚îÄ‚îÄ‚îÄ‚îÄ‚îÄ‚îÄ‚îÄ‚îÄ‚îÄ‚îÄ‚îÄ‚îÄ
    test-results\crisis-explorer-view-Crisi-504d5--trigger-crisis-exploration-chromium\video.webm
    ‚îÄ‚îÄ‚îÄ‚îÄ‚îÄ‚îÄ‚îÄ‚îÄ‚îÄ‚îÄ‚îÄ‚îÄ‚îÄ‚îÄ‚îÄ‚îÄ‚îÄ‚îÄ‚îÄ‚îÄ‚îÄ‚îÄ‚îÄ‚îÄ‚îÄ‚îÄ‚îÄ‚îÄ‚îÄ‚îÄ‚îÄ‚îÄ‚îÄ‚îÄ‚îÄ‚îÄ‚îÄ‚îÄ‚îÄ‚îÄ‚îÄ‚îÄ‚îÄ‚îÄ‚îÄ‚îÄ‚îÄ‚îÄ‚îÄ‚îÄ‚îÄ‚îÄ‚îÄ‚îÄ‚îÄ‚îÄ‚îÄ‚îÄ‚îÄ‚îÄ‚îÄ‚îÄ‚îÄ‚îÄ‚îÄ‚îÄ‚îÄ‚îÄ‚îÄ‚îÄ‚îÄ‚îÄ‚îÄ‚îÄ‚îÄ‚îÄ‚îÄ‚îÄ‚îÄ‚îÄ‚îÄ‚îÄ‚îÄ‚îÄ‚îÄ‚îÄ‚îÄ‚îÄ‚îÄ‚îÄ‚îÄ‚îÄ‚îÄ‚îÄ‚îÄ‚îÄ

    Error Context: test-results\crisis-explorer-view-Crisi-504d5--trigger-crisis-exploration-chromium\error-context.md

  7) [chromium] ‚Ä∫ tests\e2e\crisis-explorer-view.spec.ts:152:7 ‚Ä∫ Crisis Explorer View ‚Ä∫ Shows loading state during exploration 

    [31mTest timeout of 30000ms exceeded.[39m

    Error: locator.click: Test timeout of 30000ms exceeded.
    Call log:
    [2m  - waiting for locator('input[type="checkbox"]').first()[22m

        at C:\Users\mauri\OneDrive - Harvard University\New folder (2)\healthsystems\frontend\tests\e2e\crisis-explorer-view.spec.ts:156:20)
        at C:\Users\mauri\OneDrive - Harvard University\New folder (2)\healthsystems\frontend\node_modules\playwright\lib\worker\workerMain.js:310:9)
        at C:\Users\mauri\OneDrive - Harvard University\New folder (2)\healthsystems\frontend\node_modules\playwright\lib\worker\testInfo.js:305:11)
        at C:\Users\mauri\OneDrive - Harvard University\New folder (2)\healthsystems\frontend\node_modules\playwright\lib\worker\workerMain.js:308:7)

    attachment #1: screenshot (image/png) ‚îÄ‚îÄ‚îÄ‚îÄ‚îÄ‚îÄ‚îÄ‚îÄ‚îÄ‚îÄ‚îÄ‚îÄ‚îÄ‚îÄ‚îÄ‚îÄ‚îÄ‚îÄ‚îÄ‚îÄ‚îÄ‚îÄ‚îÄ‚îÄ‚îÄ‚îÄ‚îÄ‚îÄ‚îÄ‚îÄ‚îÄ‚îÄ‚îÄ‚îÄ‚îÄ‚îÄ‚îÄ‚îÄ‚îÄ‚îÄ‚îÄ‚îÄ‚îÄ‚îÄ‚îÄ‚îÄ‚îÄ‚îÄ‚îÄ‚îÄ‚îÄ‚îÄ‚îÄ‚îÄ‚îÄ‚îÄ‚îÄ‚îÄ
    test-results\crisis-explorer-view-Crisi-b8d0e-ng-state-during-exploration-chromium\test-failed-1.png
    ‚îÄ‚îÄ‚îÄ‚îÄ‚îÄ‚îÄ‚îÄ‚îÄ‚îÄ‚îÄ‚îÄ‚îÄ‚îÄ‚îÄ‚îÄ‚îÄ‚îÄ‚îÄ‚îÄ‚îÄ‚îÄ‚îÄ‚îÄ‚îÄ‚îÄ‚îÄ‚îÄ‚îÄ‚îÄ‚îÄ‚îÄ‚îÄ‚îÄ‚îÄ‚îÄ‚îÄ‚îÄ‚îÄ‚îÄ‚îÄ‚îÄ‚îÄ‚îÄ‚îÄ‚îÄ‚îÄ‚îÄ‚îÄ‚îÄ‚îÄ‚îÄ‚îÄ‚îÄ‚îÄ‚îÄ‚îÄ‚îÄ‚îÄ‚îÄ‚îÄ‚îÄ‚îÄ‚îÄ‚îÄ‚îÄ‚îÄ‚îÄ‚îÄ‚îÄ‚îÄ‚îÄ‚îÄ‚îÄ‚îÄ‚îÄ‚îÄ‚îÄ‚îÄ‚îÄ‚îÄ‚îÄ‚îÄ‚îÄ‚îÄ‚îÄ‚îÄ‚îÄ‚îÄ‚îÄ‚îÄ‚îÄ‚îÄ‚îÄ‚îÄ‚îÄ‚îÄ

    attachment #2: video (video/webm) ‚îÄ‚îÄ‚îÄ‚îÄ‚îÄ‚îÄ‚îÄ‚îÄ‚îÄ‚îÄ‚îÄ‚îÄ‚îÄ‚îÄ‚îÄ‚îÄ‚îÄ‚îÄ‚îÄ‚îÄ‚îÄ‚îÄ‚îÄ‚îÄ‚îÄ‚îÄ‚îÄ‚îÄ‚îÄ‚îÄ‚îÄ‚îÄ‚îÄ‚îÄ‚îÄ‚îÄ‚îÄ‚îÄ‚îÄ‚îÄ‚îÄ‚îÄ‚îÄ‚îÄ‚îÄ‚îÄ‚îÄ‚îÄ‚îÄ‚îÄ‚îÄ‚îÄ‚îÄ‚îÄ‚îÄ‚îÄ‚îÄ‚îÄ‚îÄ‚îÄ‚îÄ‚îÄ
    test-results\crisis-explorer-view-Crisi-b8d0e-ng-state-during-exploration-chromium\video.webm
    ‚îÄ‚îÄ‚îÄ‚îÄ‚îÄ‚îÄ‚îÄ‚îÄ‚îÄ‚îÄ‚îÄ‚îÄ‚îÄ‚îÄ‚îÄ‚îÄ‚îÄ‚îÄ‚îÄ‚îÄ‚îÄ‚îÄ‚îÄ‚îÄ‚îÄ‚îÄ‚îÄ‚îÄ‚îÄ‚îÄ‚îÄ‚îÄ‚îÄ‚îÄ‚îÄ‚îÄ‚îÄ‚îÄ‚îÄ‚îÄ‚îÄ‚îÄ‚îÄ‚îÄ‚îÄ‚îÄ‚îÄ‚îÄ‚îÄ‚îÄ‚îÄ‚îÄ‚îÄ‚îÄ‚îÄ‚îÄ‚îÄ‚îÄ‚îÄ‚îÄ‚îÄ‚îÄ‚îÄ‚îÄ‚îÄ‚îÄ‚îÄ‚îÄ‚îÄ‚îÄ‚îÄ‚îÄ‚îÄ‚îÄ‚îÄ‚îÄ‚îÄ‚îÄ‚îÄ‚îÄ‚îÄ‚îÄ‚îÄ‚îÄ‚îÄ‚îÄ‚îÄ‚îÄ‚îÄ‚îÄ‚îÄ‚îÄ‚îÄ‚îÄ‚îÄ‚îÄ

    Error Context: test-results\crisis-explorer-view-Crisi-b8d0e-ng-state-during-exploration-chromium\error-context.md

  8) [chromium] ‚Ä∫ tests\e2e\crisis-explorer-view.spec.ts:186:7 ‚Ä∫ Crisis Explorer View ‚Ä∫ Shows visualization after exploration 

    [31mTest timeout of 30000ms exceeded.[39m

    Error: locator.click: Test timeout of 30000ms exceeded.
    Call log:
    [2m  - waiting for locator('input[type="checkbox"]').first()[22m

        at C:\Users\mauri\OneDrive - Harvard University\New folder (2)\healthsystems\frontend\tests\e2e\crisis-explorer-view.spec.ts:190:20)
        at C:\Users\mauri\OneDrive - Harvard University\New folder (2)\healthsystems\frontend\node_modules\playwright\lib\worker\workerMain.js:310:9)
        at C:\Users\mauri\OneDrive - Harvard University\New folder (2)\healthsystems\frontend\node_modules\playwright\lib\worker\testInfo.js:305:11)
        at C:\Users\mauri\OneDrive - Harvard University\New folder (2)\healthsystems\frontend\node_modules\playwright\lib\worker\workerMain.js:308:7)

    attachment #1: screenshot (image/png) ‚îÄ‚îÄ‚îÄ‚îÄ‚îÄ‚îÄ‚îÄ‚îÄ‚îÄ‚îÄ‚îÄ‚îÄ‚îÄ‚îÄ‚îÄ‚îÄ‚îÄ‚îÄ‚îÄ‚îÄ‚îÄ‚îÄ‚îÄ‚îÄ‚îÄ‚îÄ‚îÄ‚îÄ‚îÄ‚îÄ‚îÄ‚îÄ‚îÄ‚îÄ‚îÄ‚îÄ‚îÄ‚îÄ‚îÄ‚îÄ‚îÄ‚îÄ‚îÄ‚îÄ‚îÄ‚îÄ‚îÄ‚îÄ‚îÄ‚îÄ‚îÄ‚îÄ‚îÄ‚îÄ‚îÄ‚îÄ‚îÄ‚îÄ
    test-results\crisis-explorer-view-Crisi-06e96-alization-after-exploration-chromium\test-failed-1.png
    ‚îÄ‚îÄ‚îÄ‚îÄ‚îÄ‚îÄ‚îÄ‚îÄ‚îÄ‚îÄ‚îÄ‚îÄ‚îÄ‚îÄ‚îÄ‚îÄ‚îÄ‚îÄ‚îÄ‚îÄ‚îÄ‚îÄ‚îÄ‚îÄ‚îÄ‚îÄ‚îÄ‚îÄ‚îÄ‚îÄ‚îÄ‚îÄ‚îÄ‚îÄ‚îÄ‚îÄ‚îÄ‚îÄ‚îÄ‚îÄ‚îÄ‚îÄ‚îÄ‚îÄ‚îÄ‚îÄ‚îÄ‚îÄ‚îÄ‚îÄ‚îÄ‚îÄ‚îÄ‚îÄ‚îÄ‚îÄ‚îÄ‚îÄ‚îÄ‚îÄ‚îÄ‚îÄ‚îÄ‚îÄ‚îÄ‚îÄ‚îÄ‚îÄ‚îÄ‚îÄ‚îÄ‚îÄ‚îÄ‚îÄ‚îÄ‚îÄ‚îÄ‚îÄ‚îÄ‚îÄ‚îÄ‚îÄ‚îÄ‚îÄ‚îÄ‚îÄ‚îÄ‚îÄ‚îÄ‚îÄ‚îÄ‚îÄ‚îÄ‚îÄ‚îÄ‚îÄ

    attachment #2: video (video/webm) ‚îÄ‚îÄ‚îÄ‚îÄ‚îÄ‚îÄ‚îÄ‚îÄ‚îÄ‚îÄ‚îÄ‚îÄ‚îÄ‚îÄ‚îÄ‚îÄ‚îÄ‚îÄ‚îÄ‚îÄ‚îÄ‚îÄ‚îÄ‚îÄ‚îÄ‚îÄ‚îÄ‚îÄ‚îÄ‚îÄ‚îÄ‚îÄ‚îÄ‚îÄ‚îÄ‚îÄ‚îÄ‚îÄ‚îÄ‚îÄ‚îÄ‚îÄ‚îÄ‚îÄ‚îÄ‚îÄ‚îÄ‚îÄ‚îÄ‚îÄ‚îÄ‚îÄ‚îÄ‚îÄ‚îÄ‚îÄ‚îÄ‚îÄ‚îÄ‚îÄ‚îÄ‚îÄ
    test-results\crisis-explorer-view-Crisi-06e96-alization-after-exploration-chromium\video.webm
    ‚îÄ‚îÄ‚îÄ‚îÄ‚îÄ‚îÄ‚îÄ‚îÄ‚îÄ‚îÄ‚îÄ‚îÄ‚îÄ‚îÄ‚îÄ‚îÄ‚îÄ‚îÄ‚îÄ‚îÄ‚îÄ‚îÄ‚îÄ‚îÄ‚îÄ‚îÄ‚îÄ‚îÄ‚îÄ‚îÄ‚îÄ‚îÄ‚îÄ‚îÄ‚îÄ‚îÄ‚îÄ‚îÄ‚îÄ‚îÄ‚îÄ‚îÄ‚îÄ‚îÄ‚îÄ‚îÄ‚îÄ‚îÄ‚îÄ‚îÄ‚îÄ‚îÄ‚îÄ‚îÄ‚îÄ‚îÄ‚îÄ‚îÄ‚îÄ‚îÄ‚îÄ‚îÄ‚îÄ‚îÄ‚îÄ‚îÄ‚îÄ‚îÄ‚îÄ‚îÄ‚îÄ‚îÄ‚îÄ‚îÄ‚îÄ‚îÄ‚îÄ‚îÄ‚îÄ‚îÄ‚îÄ‚îÄ‚îÄ‚îÄ‚îÄ‚îÄ‚îÄ‚îÄ‚îÄ‚îÄ‚îÄ‚îÄ‚îÄ‚îÄ‚îÄ‚îÄ

    Error Context: test-results\crisis-explorer-view-Crisi-06e96-alization-after-exploration-chromium\error-context.md

  9) [chromium] ‚Ä∫ tests\e2e\crisis-explorer-view.spec.ts:200:7 ‚Ä∫ Crisis Explorer View ‚Ä∫ Reset button clears selection 

    [31mTest timeout of 30000ms exceeded.[39m

    Error: locator.click: Test timeout of 30000ms exceeded.
    Call log:
    [2m  - waiting for locator('input[type="checkbox"]').first()[22m

        at C:\Users\mauri\OneDrive - Harvard University\New folder (2)\healthsystems\frontend\tests\e2e\crisis-explorer-view.spec.ts:205:20)
        at C:\Users\mauri\OneDrive - Harvard University\New folder (2)\healthsystems\frontend\node_modules\playwright\lib\worker\workerMain.js:310:9)
        at C:\Users\mauri\OneDrive - Harvard University\New folder (2)\healthsystems\frontend\node_modules\playwright\lib\worker\testInfo.js:305:11)
        at C:\Users\mauri\OneDrive - Harvard University\New folder (2)\healthsystems\frontend\node_modules\playwright\lib\worker\workerMain.js:308:7)

    attachment #1: screenshot (image/png) ‚îÄ‚îÄ‚îÄ‚îÄ‚îÄ‚îÄ‚îÄ‚îÄ‚îÄ‚îÄ‚îÄ‚îÄ‚îÄ‚îÄ‚îÄ‚îÄ‚îÄ‚îÄ‚îÄ‚îÄ‚îÄ‚îÄ‚îÄ‚îÄ‚îÄ‚îÄ‚îÄ‚îÄ‚îÄ‚îÄ‚îÄ‚îÄ‚îÄ‚îÄ‚îÄ‚îÄ‚îÄ‚îÄ‚îÄ‚îÄ‚îÄ‚îÄ‚îÄ‚îÄ‚îÄ‚îÄ‚îÄ‚îÄ‚îÄ‚îÄ‚îÄ‚îÄ‚îÄ‚îÄ‚îÄ‚îÄ‚îÄ‚îÄ
    test-results\crisis-explorer-view-Crisi-e1801-set-button-clears-selection-chromium\test-failed-1.png
    ‚îÄ‚îÄ‚îÄ‚îÄ‚îÄ‚îÄ‚îÄ‚îÄ‚îÄ‚îÄ‚îÄ‚îÄ‚îÄ‚îÄ‚îÄ‚îÄ‚îÄ‚îÄ‚îÄ‚îÄ‚îÄ‚îÄ‚îÄ‚îÄ‚îÄ‚îÄ‚îÄ‚îÄ‚îÄ‚îÄ‚îÄ‚îÄ‚îÄ‚îÄ‚îÄ‚îÄ‚îÄ‚îÄ‚îÄ‚îÄ‚îÄ‚îÄ‚îÄ‚îÄ‚îÄ‚îÄ‚îÄ‚îÄ‚îÄ‚îÄ‚îÄ‚îÄ‚îÄ‚îÄ‚îÄ‚îÄ‚îÄ‚îÄ‚îÄ‚îÄ‚îÄ‚îÄ‚îÄ‚îÄ‚îÄ‚îÄ‚îÄ‚îÄ‚îÄ‚îÄ‚îÄ‚îÄ‚îÄ‚îÄ‚îÄ‚îÄ‚îÄ‚îÄ‚îÄ‚îÄ‚îÄ‚îÄ‚îÄ‚îÄ‚îÄ‚îÄ‚îÄ‚îÄ‚îÄ‚îÄ‚îÄ‚îÄ‚îÄ‚îÄ‚îÄ‚îÄ

    attachment #2: video (video/webm) ‚îÄ‚îÄ‚îÄ‚îÄ‚îÄ‚îÄ‚îÄ‚îÄ‚îÄ‚îÄ‚îÄ‚îÄ‚îÄ‚îÄ‚îÄ‚îÄ‚îÄ‚îÄ‚îÄ‚îÄ‚îÄ‚îÄ‚îÄ‚îÄ‚îÄ‚îÄ‚îÄ‚îÄ‚îÄ‚îÄ‚îÄ‚îÄ‚îÄ‚îÄ‚îÄ‚îÄ‚îÄ‚îÄ‚îÄ‚îÄ‚îÄ‚îÄ‚îÄ‚îÄ‚îÄ‚îÄ‚îÄ‚îÄ‚îÄ‚îÄ‚îÄ‚îÄ‚îÄ‚îÄ‚îÄ‚îÄ‚îÄ‚îÄ‚îÄ‚îÄ‚îÄ‚îÄ
    test-results\crisis-explorer-view-Crisi-e1801-set-button-clears-selection-chromium\video.webm
    ‚îÄ‚îÄ‚îÄ‚îÄ‚îÄ‚îÄ‚îÄ‚îÄ‚îÄ‚îÄ‚îÄ‚îÄ‚îÄ‚îÄ‚îÄ‚îÄ‚îÄ‚îÄ‚îÄ‚îÄ‚îÄ‚îÄ‚îÄ‚îÄ‚îÄ‚îÄ‚îÄ‚îÄ‚îÄ‚îÄ‚îÄ‚îÄ‚îÄ‚îÄ‚îÄ‚îÄ‚îÄ‚îÄ‚îÄ‚îÄ‚îÄ‚îÄ‚îÄ‚îÄ‚îÄ‚îÄ‚îÄ‚îÄ‚îÄ‚îÄ‚îÄ‚îÄ‚îÄ‚îÄ‚îÄ‚îÄ‚îÄ‚îÄ‚îÄ‚îÄ‚îÄ‚îÄ‚îÄ‚îÄ‚îÄ‚îÄ‚îÄ‚îÄ‚îÄ‚îÄ‚îÄ‚îÄ‚îÄ‚îÄ‚îÄ‚îÄ‚îÄ‚îÄ‚îÄ‚îÄ‚îÄ‚îÄ‚îÄ‚îÄ‚îÄ‚îÄ‚îÄ‚îÄ‚îÄ‚îÄ‚îÄ‚îÄ‚îÄ‚îÄ‚îÄ‚îÄ

    Error Context: test-results\crisis-explorer-view-Crisi-e1801-set-button-clears-selection-chromium\error-context.md

  10) [chromium] ‚Ä∫ tests\e2e\evidence-badges.spec.ts:16:7 ‚Ä∫ Evidence Quality Badges ‚Ä∫ Systems Map should display evidence badges on edges 

    Error: [2mexpect([22m[31mlocator[39m[2m).[22mtoBeVisible[2m([22m[2m)[22m failed

    Locator: locator('svg:has(g.graph-container)')
    Expected: visible
    Timeout: 10000ms
    Error: element(s) not found

    Call log:
    [2m  - Expect "toBeVisible" with timeout 10000ms[22m
    [2m  - waiting for locator('svg:has(g.graph-container)')[22m

        at C:\Users\mauri\OneDrive - Harvard University\New folder (2)\healthsystems\frontend\tests\e2e\evidence-badges.spec.ts:24:23)
        at C:\Users\mauri\OneDrive - Harvard University\New folder (2)\healthsystems\frontend\node_modules\playwright\lib\worker\workerMain.js:310:9)
        at C:\Users\mauri\OneDrive - Harvard University\New folder (2)\healthsystems\frontend\node_modules\playwright\lib\worker\testInfo.js:305:11)
        at C:\Users\mauri\OneDrive - Harvard University\New folder (2)\healthsystems\frontend\node_modules\playwright\lib\worker\workerMain.js:308:7)

    attachment #1: screenshot (image/png) ‚îÄ‚îÄ‚îÄ‚îÄ‚îÄ‚îÄ‚îÄ‚îÄ‚îÄ‚îÄ‚îÄ‚îÄ‚îÄ‚îÄ‚îÄ‚îÄ‚îÄ‚îÄ‚îÄ‚îÄ‚îÄ‚îÄ‚îÄ‚îÄ‚îÄ‚îÄ‚îÄ‚îÄ‚îÄ‚îÄ‚îÄ‚îÄ‚îÄ‚îÄ‚îÄ‚îÄ‚îÄ‚îÄ‚îÄ‚îÄ‚îÄ‚îÄ‚îÄ‚îÄ‚îÄ‚îÄ‚îÄ‚îÄ‚îÄ‚îÄ‚îÄ‚îÄ‚îÄ‚îÄ‚îÄ‚îÄ‚îÄ‚îÄ
    test-results\evidence-badges-Evidence-Q-bf29e-ay-evidence-badges-on-edges-chromium\test-failed-1.png
    ‚îÄ‚îÄ‚îÄ‚îÄ‚îÄ‚îÄ‚îÄ‚îÄ‚îÄ‚îÄ‚îÄ‚îÄ‚îÄ‚îÄ‚îÄ‚îÄ‚îÄ‚îÄ‚îÄ‚îÄ‚îÄ‚îÄ‚îÄ‚îÄ‚îÄ‚îÄ‚îÄ‚îÄ‚îÄ‚îÄ‚îÄ‚îÄ‚îÄ‚îÄ‚îÄ‚îÄ‚îÄ‚îÄ‚îÄ‚îÄ‚îÄ‚îÄ‚îÄ‚îÄ‚îÄ‚îÄ‚îÄ‚îÄ‚îÄ‚îÄ‚îÄ‚îÄ‚îÄ‚îÄ‚îÄ‚îÄ‚îÄ‚îÄ‚îÄ‚îÄ‚îÄ‚îÄ‚îÄ‚îÄ‚îÄ‚îÄ‚îÄ‚îÄ‚îÄ‚îÄ‚îÄ‚îÄ‚îÄ‚îÄ‚îÄ‚îÄ‚îÄ‚îÄ‚îÄ‚îÄ‚îÄ‚îÄ‚îÄ‚îÄ‚îÄ‚îÄ‚îÄ‚îÄ‚îÄ‚îÄ‚îÄ‚îÄ‚îÄ‚îÄ‚îÄ‚îÄ

    attachment #2: video (video/webm) ‚îÄ‚îÄ‚îÄ‚îÄ‚îÄ‚îÄ‚îÄ‚îÄ‚îÄ‚îÄ‚îÄ‚îÄ‚îÄ‚îÄ‚îÄ‚îÄ‚îÄ‚îÄ‚îÄ‚îÄ‚îÄ‚îÄ‚îÄ‚îÄ‚îÄ‚îÄ‚îÄ‚îÄ‚îÄ‚îÄ‚îÄ‚îÄ‚îÄ‚îÄ‚îÄ‚îÄ‚îÄ‚îÄ‚îÄ‚îÄ‚îÄ‚îÄ‚îÄ‚îÄ‚îÄ‚îÄ‚îÄ‚îÄ‚îÄ‚îÄ‚îÄ‚îÄ‚îÄ‚îÄ‚îÄ‚îÄ‚îÄ‚îÄ‚îÄ‚îÄ‚îÄ‚îÄ
    test-results\evidence-badges-Evidence-Q-bf29e-ay-evidence-badges-on-edges-chromium\video.webm
    ‚îÄ‚îÄ‚îÄ‚îÄ‚îÄ‚îÄ‚îÄ‚îÄ‚îÄ‚îÄ‚îÄ‚îÄ‚îÄ‚îÄ‚îÄ‚îÄ‚îÄ‚îÄ‚îÄ‚îÄ‚îÄ‚îÄ‚îÄ‚îÄ‚îÄ‚îÄ‚îÄ‚îÄ‚îÄ‚îÄ‚îÄ‚îÄ‚îÄ‚îÄ‚îÄ‚îÄ‚îÄ‚îÄ‚îÄ‚îÄ‚îÄ‚îÄ‚îÄ‚îÄ‚îÄ‚îÄ‚îÄ‚îÄ‚îÄ‚îÄ‚îÄ‚îÄ‚îÄ‚îÄ‚îÄ‚îÄ‚îÄ‚îÄ‚îÄ‚îÄ‚îÄ‚îÄ‚îÄ‚îÄ‚îÄ‚îÄ‚îÄ‚îÄ‚îÄ‚îÄ‚îÄ‚îÄ‚îÄ‚îÄ‚îÄ‚îÄ‚îÄ‚îÄ‚îÄ‚îÄ‚îÄ‚îÄ‚îÄ‚îÄ‚îÄ‚îÄ‚îÄ‚îÄ‚îÄ‚îÄ‚îÄ‚îÄ‚îÄ‚îÄ‚îÄ‚îÄ

    Error Context: test-results\evidence-badges-Evidence-Q-bf29e-ay-evidence-badges-on-edges-chromium\error-context.md

  11) [chromium] ‚Ä∫ tests\e2e\evidence-badges.spec.ts:56:7 ‚Ä∫ Evidence Quality Badges ‚Ä∫ Evidence badges should be color-coded by quality 

    Error: [2mexpect([22m[31mlocator[39m[2m).[22mtoBeVisible[2m([22m[2m)[22m failed

    Locator: locator('svg:has(g.graph-container)')
    Expected: visible
    Timeout: 10000ms
    Error: element(s) not found

    Call log:
    [2m  - Expect "toBeVisible" with timeout 10000ms[22m
    [2m  - waiting for locator('svg:has(g.graph-container)')[22m

        at C:\Users\mauri\OneDrive - Harvard University\New folder (2)\healthsystems\frontend\tests\e2e\evidence-badges.spec.ts:62:23)
        at C:\Users\mauri\OneDrive - Harvard University\New folder (2)\healthsystems\frontend\node_modules\playwright\lib\worker\workerMain.js:310:9)
        at C:\Users\mauri\OneDrive - Harvard University\New folder (2)\healthsystems\frontend\node_modules\playwright\lib\worker\testInfo.js:305:11)
        at C:\Users\mauri\OneDrive - Harvard University\New folder (2)\healthsystems\frontend\node_modules\playwright\lib\worker\workerMain.js:308:7)

    attachment #1: screenshot (image/png) ‚îÄ‚îÄ‚îÄ‚îÄ‚îÄ‚îÄ‚îÄ‚îÄ‚îÄ‚îÄ‚îÄ‚îÄ‚îÄ‚îÄ‚îÄ‚îÄ‚îÄ‚îÄ‚îÄ‚îÄ‚îÄ‚îÄ‚îÄ‚îÄ‚îÄ‚îÄ‚îÄ‚îÄ‚îÄ‚îÄ‚îÄ‚îÄ‚îÄ‚îÄ‚îÄ‚îÄ‚îÄ‚îÄ‚îÄ‚îÄ‚îÄ‚îÄ‚îÄ‚îÄ‚îÄ‚îÄ‚îÄ‚îÄ‚îÄ‚îÄ‚îÄ‚îÄ‚îÄ‚îÄ‚îÄ‚îÄ‚îÄ‚îÄ
    test-results\evidence-badges-Evidence-Q-847a9-d-be-color-coded-by-quality-chromium\test-failed-1.png
    ‚îÄ‚îÄ‚îÄ‚îÄ‚îÄ‚îÄ‚îÄ‚îÄ‚îÄ‚îÄ‚îÄ‚îÄ‚îÄ‚îÄ‚îÄ‚îÄ‚îÄ‚îÄ‚îÄ‚îÄ‚îÄ‚îÄ‚îÄ‚îÄ‚îÄ‚îÄ‚îÄ‚îÄ‚îÄ‚îÄ‚îÄ‚îÄ‚îÄ‚îÄ‚îÄ‚îÄ‚îÄ‚îÄ‚îÄ‚îÄ‚îÄ‚îÄ‚îÄ‚îÄ‚îÄ‚îÄ‚îÄ‚îÄ‚îÄ‚îÄ‚îÄ‚îÄ‚îÄ‚îÄ‚îÄ‚îÄ‚îÄ‚îÄ‚îÄ‚îÄ‚îÄ‚îÄ‚îÄ‚îÄ‚îÄ‚îÄ‚îÄ‚îÄ‚îÄ‚îÄ‚îÄ‚îÄ‚îÄ‚îÄ‚îÄ‚îÄ‚îÄ‚îÄ‚îÄ‚îÄ‚îÄ‚îÄ‚îÄ‚îÄ‚îÄ‚îÄ‚îÄ‚îÄ‚îÄ‚îÄ‚îÄ‚îÄ‚îÄ‚îÄ‚îÄ‚îÄ

    attachment #2: video (video/webm) ‚îÄ‚îÄ‚îÄ‚îÄ‚îÄ‚îÄ‚îÄ‚îÄ‚îÄ‚îÄ‚îÄ‚îÄ‚îÄ‚îÄ‚îÄ‚îÄ‚îÄ‚îÄ‚îÄ‚îÄ‚îÄ‚îÄ‚îÄ‚îÄ‚îÄ‚îÄ‚îÄ‚îÄ‚îÄ‚îÄ‚îÄ‚îÄ‚îÄ‚îÄ‚îÄ‚îÄ‚îÄ‚îÄ‚îÄ‚îÄ‚îÄ‚îÄ‚îÄ‚îÄ‚îÄ‚îÄ‚îÄ‚îÄ‚îÄ‚îÄ‚îÄ‚îÄ‚îÄ‚îÄ‚îÄ‚îÄ‚îÄ‚îÄ‚îÄ‚îÄ‚îÄ‚îÄ
    test-results\evidence-badges-Evidence-Q-847a9-d-be-color-coded-by-quality-chromium\video.webm
    ‚îÄ‚îÄ‚îÄ‚îÄ‚îÄ‚îÄ‚îÄ‚îÄ‚îÄ‚îÄ‚îÄ‚îÄ‚îÄ‚îÄ‚îÄ‚îÄ‚îÄ‚îÄ‚îÄ‚îÄ‚îÄ‚îÄ‚îÄ‚îÄ‚îÄ‚îÄ‚îÄ‚îÄ‚îÄ‚îÄ‚îÄ‚îÄ‚îÄ‚îÄ‚îÄ‚îÄ‚îÄ‚îÄ‚îÄ‚îÄ‚îÄ‚îÄ‚îÄ‚îÄ‚îÄ‚îÄ‚îÄ‚îÄ‚îÄ‚îÄ‚îÄ‚îÄ‚îÄ‚îÄ‚îÄ‚îÄ‚îÄ‚îÄ‚îÄ‚îÄ‚îÄ‚îÄ‚îÄ‚îÄ‚îÄ‚îÄ‚îÄ‚îÄ‚îÄ‚îÄ‚îÄ‚îÄ‚îÄ‚îÄ‚îÄ‚îÄ‚îÄ‚îÄ‚îÄ‚îÄ‚îÄ‚îÄ‚îÄ‚îÄ‚îÄ‚îÄ‚îÄ‚îÄ‚îÄ‚îÄ‚îÄ‚îÄ‚îÄ‚îÄ‚îÄ‚îÄ

    Error Context: test-results\evidence-badges-Evidence-Q-847a9-d-be-color-coded-by-quality-chromium\error-context.md

  12) [chromium] ‚Ä∫ tests\e2e\evidence-badges.spec.ts:92:7 ‚Ä∫ Evidence Quality Badges ‚Ä∫ Edge hover should show full evidence details 

    Error: [2mexpect([22m[31mlocator[39m[2m).[22mtoBeVisible[2m([22m[2m)[22m failed

    Locator: locator('svg:has(g.graph-container)')
    Expected: visible
    Timeout: 10000ms
    Error: element(s) not found

    Call log:
    [2m  - Expect "toBeVisible" with timeout 10000ms[22m
    [2m  - waiting for locator('svg:has(g.graph-container)')[22m

        at C:\Users\mauri\OneDrive - Harvard University\New folder (2)\healthsystems\frontend\tests\e2e\evidence-badges.spec.ts:98:23)
        at C:\Users\mauri\OneDrive - Harvard University\New folder (2)\healthsystems\frontend\node_modules\playwright\lib\worker\workerMain.js:310:9)
        at C:\Users\mauri\OneDrive - Harvard University\New folder (2)\healthsystems\frontend\node_modules\playwright\lib\worker\testInfo.js:305:11)
        at C:\Users\mauri\OneDrive - Harvard University\New folder (2)\healthsystems\frontend\node_modules\playwright\lib\worker\workerMain.js:308:7)

    attachment #1: screenshot (image/png) ‚îÄ‚îÄ‚îÄ‚îÄ‚îÄ‚îÄ‚îÄ‚îÄ‚îÄ‚îÄ‚îÄ‚îÄ‚îÄ‚îÄ‚îÄ‚îÄ‚îÄ‚îÄ‚îÄ‚îÄ‚îÄ‚îÄ‚îÄ‚îÄ‚îÄ‚îÄ‚îÄ‚îÄ‚îÄ‚îÄ‚îÄ‚îÄ‚îÄ‚îÄ‚îÄ‚îÄ‚îÄ‚îÄ‚îÄ‚îÄ‚îÄ‚îÄ‚îÄ‚îÄ‚îÄ‚îÄ‚îÄ‚îÄ‚îÄ‚îÄ‚îÄ‚îÄ‚îÄ‚îÄ‚îÄ‚îÄ‚îÄ‚îÄ
    test-results\evidence-badges-Evidence-Q-2310a--show-full-evidence-details-chromium\test-failed-1.png
    ‚îÄ‚îÄ‚îÄ‚îÄ‚îÄ‚îÄ‚îÄ‚îÄ‚îÄ‚îÄ‚îÄ‚îÄ‚îÄ‚îÄ‚îÄ‚îÄ‚îÄ‚îÄ‚îÄ‚îÄ‚îÄ‚îÄ‚îÄ‚îÄ‚îÄ‚îÄ‚îÄ‚îÄ‚îÄ‚îÄ‚îÄ‚îÄ‚îÄ‚îÄ‚îÄ‚îÄ‚îÄ‚îÄ‚îÄ‚îÄ‚îÄ‚îÄ‚îÄ‚îÄ‚îÄ‚îÄ‚îÄ‚îÄ‚îÄ‚îÄ‚îÄ‚îÄ‚îÄ‚îÄ‚îÄ‚îÄ‚îÄ‚îÄ‚îÄ‚îÄ‚îÄ‚îÄ‚îÄ‚îÄ‚îÄ‚îÄ‚îÄ‚îÄ‚îÄ‚îÄ‚îÄ‚îÄ‚îÄ‚îÄ‚îÄ‚îÄ‚îÄ‚îÄ‚îÄ‚îÄ‚îÄ‚îÄ‚îÄ‚îÄ‚îÄ‚îÄ‚îÄ‚îÄ‚îÄ‚îÄ‚îÄ‚îÄ‚îÄ‚îÄ‚îÄ‚îÄ

    attachment #2: video (video/webm) ‚îÄ‚îÄ‚îÄ‚îÄ‚îÄ‚îÄ‚îÄ‚îÄ‚îÄ‚îÄ‚îÄ‚îÄ‚îÄ‚îÄ‚îÄ‚îÄ‚îÄ‚îÄ‚îÄ‚îÄ‚îÄ‚îÄ‚îÄ‚îÄ‚îÄ‚îÄ‚îÄ‚îÄ‚îÄ‚îÄ‚îÄ‚îÄ‚îÄ‚îÄ‚îÄ‚îÄ‚îÄ‚îÄ‚îÄ‚îÄ‚îÄ‚îÄ‚îÄ‚îÄ‚îÄ‚îÄ‚îÄ‚îÄ‚îÄ‚îÄ‚îÄ‚îÄ‚îÄ‚îÄ‚îÄ‚îÄ‚îÄ‚îÄ‚îÄ‚îÄ‚îÄ‚îÄ
    test-results\evidence-badges-Evidence-Q-2310a--show-full-evidence-details-chromium\video.webm
    ‚îÄ‚îÄ‚îÄ‚îÄ‚îÄ‚îÄ‚îÄ‚îÄ‚îÄ‚îÄ‚îÄ‚îÄ‚îÄ‚îÄ‚îÄ‚îÄ‚îÄ‚îÄ‚îÄ‚îÄ‚îÄ‚îÄ‚îÄ‚îÄ‚îÄ‚îÄ‚îÄ‚îÄ‚îÄ‚îÄ‚îÄ‚îÄ‚îÄ‚îÄ‚îÄ‚îÄ‚îÄ‚îÄ‚îÄ‚îÄ‚îÄ‚îÄ‚îÄ‚îÄ‚îÄ‚îÄ‚îÄ‚îÄ‚îÄ‚îÄ‚îÄ‚îÄ‚îÄ‚îÄ‚îÄ‚îÄ‚îÄ‚îÄ‚îÄ‚îÄ‚îÄ‚îÄ‚îÄ‚îÄ‚îÄ‚îÄ‚îÄ‚îÄ‚îÄ‚îÄ‚îÄ‚îÄ‚îÄ‚îÄ‚îÄ‚îÄ‚îÄ‚îÄ‚îÄ‚îÄ‚îÄ‚îÄ‚îÄ‚îÄ‚îÄ‚îÄ‚îÄ‚îÄ‚îÄ‚îÄ‚îÄ‚îÄ‚îÄ‚îÄ‚îÄ‚îÄ

    Error Context: test-results\evidence-badges-Evidence-Q-2310a--show-full-evidence-details-chromium\error-context.md

  13) [chromium] ‚Ä∫ tests\e2e\evidence-badges.spec.ts:129:7 ‚Ä∫ Evidence Quality Badges ‚Ä∫ Legend should explain evidence quality levels 

    Error: [2mexpect([22m[31mlocator[39m[2m).[22mtoBeVisible[2m([22m[2m)[22m failed

    Locator: locator('svg:has(g.graph-container)')
    Expected: visible
    Timeout: 10000ms
    Error: element(s) not found

    Call log:
    [2m  - Expect "toBeVisible" with timeout 10000ms[22m
    [2m  - waiting for locator('svg:has(g.graph-container)')[22m

        at C:\Users\mauri\OneDrive - Harvard University\New folder (2)\healthsystems\frontend\tests\e2e\evidence-badges.spec.ts:135:23)
        at C:\Users\mauri\OneDrive - Harvard University\New folder (2)\healthsystems\frontend\node_modules\playwright\lib\worker\workerMain.js:310:9)
        at C:\Users\mauri\OneDrive - Harvard University\New folder (2)\healthsystems\frontend\node_modules\playwright\lib\worker\testInfo.js:305:11)
        at C:\Users\mauri\OneDrive - Harvard University\New folder (2)\healthsystems\frontend\node_modules\playwright\lib\worker\workerMain.js:308:7)

    attachment #1: screenshot (image/png) ‚îÄ‚îÄ‚îÄ‚îÄ‚îÄ‚îÄ‚îÄ‚îÄ‚îÄ‚îÄ‚îÄ‚îÄ‚îÄ‚îÄ‚îÄ‚îÄ‚îÄ‚îÄ‚îÄ‚îÄ‚îÄ‚îÄ‚îÄ‚îÄ‚îÄ‚îÄ‚îÄ‚îÄ‚îÄ‚îÄ‚îÄ‚îÄ‚îÄ‚îÄ‚îÄ‚îÄ‚îÄ‚îÄ‚îÄ‚îÄ‚îÄ‚îÄ‚îÄ‚îÄ‚îÄ‚îÄ‚îÄ‚îÄ‚îÄ‚îÄ‚îÄ‚îÄ‚îÄ‚îÄ‚îÄ‚îÄ‚îÄ‚îÄ
    test-results\evidence-badges-Evidence-Q-08b2e-ain-evidence-quality-levels-chromium\test-failed-1.png
    ‚îÄ‚îÄ‚îÄ‚îÄ‚îÄ‚îÄ‚îÄ‚îÄ‚îÄ‚îÄ‚îÄ‚îÄ‚îÄ‚îÄ‚îÄ‚îÄ‚îÄ‚îÄ‚îÄ‚îÄ‚îÄ‚îÄ‚îÄ‚îÄ‚îÄ‚îÄ‚îÄ‚îÄ‚îÄ‚îÄ‚îÄ‚îÄ‚îÄ‚îÄ‚îÄ‚îÄ‚îÄ‚îÄ‚îÄ‚îÄ‚îÄ‚îÄ‚îÄ‚îÄ‚îÄ‚îÄ‚îÄ‚îÄ‚îÄ‚îÄ‚îÄ‚îÄ‚îÄ‚îÄ‚îÄ‚îÄ‚îÄ‚îÄ‚îÄ‚îÄ‚îÄ‚îÄ‚îÄ‚îÄ‚îÄ‚îÄ‚îÄ‚îÄ‚îÄ‚îÄ‚îÄ‚îÄ‚îÄ‚îÄ‚îÄ‚îÄ‚îÄ‚îÄ‚îÄ‚îÄ‚îÄ‚îÄ‚îÄ‚îÄ‚îÄ‚îÄ‚îÄ‚îÄ‚îÄ‚îÄ‚îÄ‚îÄ‚îÄ‚îÄ‚îÄ‚îÄ

    attachment #2: video (video/webm) ‚îÄ‚îÄ‚îÄ‚îÄ‚îÄ‚îÄ‚îÄ‚îÄ‚îÄ‚îÄ‚îÄ‚îÄ‚îÄ‚îÄ‚îÄ‚îÄ‚îÄ‚îÄ‚îÄ‚îÄ‚îÄ‚îÄ‚îÄ‚îÄ‚îÄ‚îÄ‚îÄ‚îÄ‚îÄ‚îÄ‚îÄ‚îÄ‚îÄ‚îÄ‚îÄ‚îÄ‚îÄ‚îÄ‚îÄ‚îÄ‚îÄ‚îÄ‚îÄ‚îÄ‚îÄ‚îÄ‚îÄ‚îÄ‚îÄ‚îÄ‚îÄ‚îÄ‚îÄ‚îÄ‚îÄ‚îÄ‚îÄ‚îÄ‚îÄ‚îÄ‚îÄ‚îÄ
    test-results\evidence-badges-Evidence-Q-08b2e-ain-evidence-quality-levels-chromium\video.webm
    ‚îÄ‚îÄ‚îÄ‚îÄ‚îÄ‚îÄ‚îÄ‚îÄ‚îÄ‚îÄ‚îÄ‚îÄ‚îÄ‚îÄ‚îÄ‚îÄ‚îÄ‚îÄ‚îÄ‚îÄ‚îÄ‚îÄ‚îÄ‚îÄ‚îÄ‚îÄ‚îÄ‚îÄ‚îÄ‚îÄ‚îÄ‚îÄ‚îÄ‚îÄ‚îÄ‚îÄ‚îÄ‚îÄ‚îÄ‚îÄ‚îÄ‚îÄ‚îÄ‚îÄ‚îÄ‚îÄ‚îÄ‚îÄ‚îÄ‚îÄ‚îÄ‚îÄ‚îÄ‚îÄ‚îÄ‚îÄ‚îÄ‚îÄ‚îÄ‚îÄ‚îÄ‚îÄ‚îÄ‚îÄ‚îÄ‚îÄ‚îÄ‚îÄ‚îÄ‚îÄ‚îÄ‚îÄ‚îÄ‚îÄ‚îÄ‚îÄ‚îÄ‚îÄ‚îÄ‚îÄ‚îÄ‚îÄ‚îÄ‚îÄ‚îÄ‚îÄ‚îÄ‚îÄ‚îÄ‚îÄ‚îÄ‚îÄ‚îÄ‚îÄ‚îÄ‚îÄ

    Error Context: test-results\evidence-badges-Evidence-Q-08b2e-ain-evidence-quality-levels-chromium\error-context.md

  14) [chromium] ‚Ä∫ tests\e2e\evidence-badges.spec.ts:164:7 ‚Ä∫ Evidence Quality Badges ‚Ä∫ Should filter edges by evidence quality 

    Error: [2mexpect([22m[31mlocator[39m[2m).[22mtoBeVisible[2m([22m[2m)[22m failed

    Locator: locator('svg:has(g.graph-container)')
    Expected: visible
    Timeout: 10000ms
    Error: element(s) not found

    Call log:
    [2m  - Expect "toBeVisible" with timeout 10000ms[22m
    [2m  - waiting for locator('svg:has(g.graph-container)')[22m

        at C:\Users\mauri\OneDrive - Harvard University\New folder (2)\healthsystems\frontend\tests\e2e\evidence-badges.spec.ts:170:23)
        at C:\Users\mauri\OneDrive - Harvard University\New folder (2)\healthsystems\frontend\node_modules\playwright\lib\worker\workerMain.js:310:9)
        at C:\Users\mauri\OneDrive - Harvard University\New folder (2)\healthsystems\frontend\node_modules\playwright\lib\worker\testInfo.js:305:11)
        at C:\Users\mauri\OneDrive - Harvard University\New folder (2)\healthsystems\frontend\node_modules\playwright\lib\worker\workerMain.js:308:7)

    attachment #1: screenshot (image/png) ‚îÄ‚îÄ‚îÄ‚îÄ‚îÄ‚îÄ‚îÄ‚îÄ‚îÄ‚îÄ‚îÄ‚îÄ‚îÄ‚îÄ‚îÄ‚îÄ‚îÄ‚îÄ‚îÄ‚îÄ‚îÄ‚îÄ‚îÄ‚îÄ‚îÄ‚îÄ‚îÄ‚îÄ‚îÄ‚îÄ‚îÄ‚îÄ‚îÄ‚îÄ‚îÄ‚îÄ‚îÄ‚îÄ‚îÄ‚îÄ‚îÄ‚îÄ‚îÄ‚îÄ‚îÄ‚îÄ‚îÄ‚îÄ‚îÄ‚îÄ‚îÄ‚îÄ‚îÄ‚îÄ‚îÄ‚îÄ‚îÄ‚îÄ
    test-results\evidence-badges-Evidence-Q-46e5d-r-edges-by-evidence-quality-chromium\test-failed-1.png
    ‚îÄ‚îÄ‚îÄ‚îÄ‚îÄ‚îÄ‚îÄ‚îÄ‚îÄ‚îÄ‚îÄ‚îÄ‚îÄ‚îÄ‚îÄ‚îÄ‚îÄ‚îÄ‚îÄ‚îÄ‚îÄ‚îÄ‚îÄ‚îÄ‚îÄ‚îÄ‚îÄ‚îÄ‚îÄ‚îÄ‚îÄ‚îÄ‚îÄ‚îÄ‚îÄ‚îÄ‚îÄ‚îÄ‚îÄ‚îÄ‚îÄ‚îÄ‚îÄ‚îÄ‚îÄ‚îÄ‚îÄ‚îÄ‚îÄ‚îÄ‚îÄ‚îÄ‚îÄ‚îÄ‚îÄ‚îÄ‚îÄ‚îÄ‚îÄ‚îÄ‚îÄ‚îÄ‚îÄ‚îÄ‚îÄ‚îÄ‚îÄ‚îÄ‚îÄ‚îÄ‚îÄ‚îÄ‚îÄ‚îÄ‚îÄ‚îÄ‚îÄ‚îÄ‚îÄ‚îÄ‚îÄ‚îÄ‚îÄ‚îÄ‚îÄ‚îÄ‚îÄ‚îÄ‚îÄ‚îÄ‚îÄ‚îÄ‚îÄ‚îÄ‚îÄ‚îÄ

    attachment #2: video (video/webm) ‚îÄ‚îÄ‚îÄ‚îÄ‚îÄ‚îÄ‚îÄ‚îÄ‚îÄ‚îÄ‚îÄ‚îÄ‚îÄ‚îÄ‚îÄ‚îÄ‚îÄ‚îÄ‚îÄ‚îÄ‚îÄ‚îÄ‚îÄ‚îÄ‚îÄ‚îÄ‚îÄ‚îÄ‚îÄ‚îÄ‚îÄ‚îÄ‚îÄ‚îÄ‚îÄ‚îÄ‚îÄ‚îÄ‚îÄ‚îÄ‚îÄ‚îÄ‚îÄ‚îÄ‚îÄ‚îÄ‚îÄ‚îÄ‚îÄ‚îÄ‚îÄ‚îÄ‚îÄ‚îÄ‚îÄ‚îÄ‚îÄ‚îÄ‚îÄ‚îÄ‚îÄ‚îÄ
    test-results\evidence-badges-Evidence-Q-46e5d-r-edges-by-evidence-quality-chromium\video.webm
    ‚îÄ‚îÄ‚îÄ‚îÄ‚îÄ‚îÄ‚îÄ‚îÄ‚îÄ‚îÄ‚îÄ‚îÄ‚îÄ‚îÄ‚îÄ‚îÄ‚îÄ‚îÄ‚îÄ‚îÄ‚îÄ‚îÄ‚îÄ‚îÄ‚îÄ‚îÄ‚îÄ‚îÄ‚îÄ‚îÄ‚îÄ‚îÄ‚îÄ‚îÄ‚îÄ‚îÄ‚îÄ‚îÄ‚îÄ‚îÄ‚îÄ‚îÄ‚îÄ‚îÄ‚îÄ‚îÄ‚îÄ‚îÄ‚îÄ‚îÄ‚îÄ‚îÄ‚îÄ‚îÄ‚îÄ‚îÄ‚îÄ‚îÄ‚îÄ‚îÄ‚îÄ‚îÄ‚îÄ‚îÄ‚îÄ‚îÄ‚îÄ‚îÄ‚îÄ‚îÄ‚îÄ‚îÄ‚îÄ‚îÄ‚îÄ‚îÄ‚îÄ‚îÄ‚îÄ‚îÄ‚îÄ‚îÄ‚îÄ‚îÄ‚îÄ‚îÄ‚îÄ‚îÄ‚îÄ‚îÄ‚îÄ‚îÄ‚îÄ‚îÄ‚îÄ‚îÄ

    Error Context: test-results\evidence-badges-Evidence-Q-46e5d-r-edges-by-evidence-quality-chromium\error-context.md

  15) [chromium] ‚Ä∫ tests\e2e\header-panel-interaction.spec.ts:7:5 ‚Ä∫ Header and Panel Interaction Test 

    Error: [2mexpect([22m[31mlocator[39m[2m).[22mtoBeVisible[2m([22m[2m)[22m failed

    Locator: locator('svg:has(g.graph-container)')
    Expected: visible
    Timeout: 10000ms
    Error: element(s) not found

    Call log:
    [2m  - Expect "toBeVisible" with timeout 10000ms[22m
    [2m  - waiting for locator('svg:has(g.graph-container)')[22m

        at C:\Users\mauri\OneDrive - Harvard University\New folder (2)\healthsystems\frontend\tests\e2e\header-panel-interaction.spec.ts:27:21)
        at C:\Users\mauri\OneDrive - Harvard University\New folder (2)\healthsystems\frontend\node_modules\playwright\lib\worker\workerMain.js:310:9)
        at C:\Users\mauri\OneDrive - Harvard University\New folder (2)\healthsystems\frontend\node_modules\playwright\lib\worker\testInfo.js:305:11)
        at C:\Users\mauri\OneDrive - Harvard University\New folder (2)\healthsystems\frontend\node_modules\playwright\lib\worker\workerMain.js:308:7)

    attachment #1: screenshot (image/png) ‚îÄ‚îÄ‚îÄ‚îÄ‚îÄ‚îÄ‚îÄ‚îÄ‚îÄ‚îÄ‚îÄ‚îÄ‚îÄ‚îÄ‚îÄ‚îÄ‚îÄ‚îÄ‚îÄ‚îÄ‚îÄ‚îÄ‚îÄ‚îÄ‚îÄ‚îÄ‚îÄ‚îÄ‚îÄ‚îÄ‚îÄ‚îÄ‚îÄ‚îÄ‚îÄ‚îÄ‚îÄ‚îÄ‚îÄ‚îÄ‚îÄ‚îÄ‚îÄ‚îÄ‚îÄ‚îÄ‚îÄ‚îÄ‚îÄ‚îÄ‚îÄ‚îÄ‚îÄ‚îÄ‚îÄ‚îÄ‚îÄ‚îÄ
    test-results\header-panel-interaction-Header-and-Panel-Interaction-Test-chromium\test-failed-1.png
    ‚îÄ‚îÄ‚îÄ‚îÄ‚îÄ‚îÄ‚îÄ‚îÄ‚îÄ‚îÄ‚îÄ‚îÄ‚îÄ‚îÄ‚îÄ‚îÄ‚îÄ‚îÄ‚îÄ‚îÄ‚îÄ‚îÄ‚îÄ‚îÄ‚îÄ‚îÄ‚îÄ‚îÄ‚îÄ‚îÄ‚îÄ‚îÄ‚îÄ‚îÄ‚îÄ‚îÄ‚îÄ‚îÄ‚îÄ‚îÄ‚îÄ‚îÄ‚îÄ‚îÄ‚îÄ‚îÄ‚îÄ‚îÄ‚îÄ‚îÄ‚îÄ‚îÄ‚îÄ‚îÄ‚îÄ‚îÄ‚îÄ‚îÄ‚îÄ‚îÄ‚îÄ‚îÄ‚îÄ‚îÄ‚îÄ‚îÄ‚îÄ‚îÄ‚îÄ‚îÄ‚îÄ‚îÄ‚îÄ‚îÄ‚îÄ‚îÄ‚îÄ‚îÄ‚îÄ‚îÄ‚îÄ‚îÄ‚îÄ‚îÄ‚îÄ‚îÄ‚îÄ‚îÄ‚îÄ‚îÄ‚îÄ‚îÄ‚îÄ‚îÄ‚îÄ‚îÄ

    attachment #2: video (video/webm) ‚îÄ‚îÄ‚îÄ‚îÄ‚îÄ‚îÄ‚îÄ‚îÄ‚îÄ‚îÄ‚îÄ‚îÄ‚îÄ‚îÄ‚îÄ‚îÄ‚îÄ‚îÄ‚îÄ‚îÄ‚îÄ‚îÄ‚îÄ‚îÄ‚îÄ‚îÄ‚îÄ‚îÄ‚îÄ‚îÄ‚îÄ‚îÄ‚îÄ‚îÄ‚îÄ‚îÄ‚îÄ‚îÄ‚îÄ‚îÄ‚îÄ‚îÄ‚îÄ‚îÄ‚îÄ‚îÄ‚îÄ‚îÄ‚îÄ‚îÄ‚îÄ‚îÄ‚îÄ‚îÄ‚îÄ‚îÄ‚îÄ‚îÄ‚îÄ‚îÄ‚îÄ‚îÄ
    test-results\header-panel-interaction-Header-and-Panel-Interaction-Test-chromium\video.webm
    ‚îÄ‚îÄ‚îÄ‚îÄ‚îÄ‚îÄ‚îÄ‚îÄ‚îÄ‚îÄ‚îÄ‚îÄ‚îÄ‚îÄ‚îÄ‚îÄ‚îÄ‚îÄ‚îÄ‚îÄ‚îÄ‚îÄ‚îÄ‚îÄ‚îÄ‚îÄ‚îÄ‚îÄ‚îÄ‚îÄ‚îÄ‚îÄ‚îÄ‚îÄ‚îÄ‚îÄ‚îÄ‚îÄ‚îÄ‚îÄ‚îÄ‚îÄ‚îÄ‚îÄ‚îÄ‚îÄ‚îÄ‚îÄ‚îÄ‚îÄ‚îÄ‚îÄ‚îÄ‚îÄ‚îÄ‚îÄ‚îÄ‚îÄ‚îÄ‚îÄ‚îÄ‚îÄ‚îÄ‚îÄ‚îÄ‚îÄ‚îÄ‚îÄ‚îÄ‚îÄ‚îÄ‚îÄ‚îÄ‚îÄ‚îÄ‚îÄ‚îÄ‚îÄ‚îÄ‚îÄ‚îÄ‚îÄ‚îÄ‚îÄ‚îÄ‚îÄ‚îÄ‚îÄ‚îÄ‚îÄ‚îÄ‚îÄ‚îÄ‚îÄ‚îÄ‚îÄ

    Error Context: test-results\header-panel-interaction-Header-and-Panel-Interaction-Test-chromium\error-context.md

  16) [chromium] ‚Ä∫ tests\e2e\hierarchical-diagram-debug.spec.ts:21:7 ‚Ä∫ Hierarchical Diagram - Visual Inspection ‚Ä∫ should take screenshot of full visualization for review 

    TimeoutError: page.waitForSelector: Timeout 10000ms exceeded.
    Call log:
    [2m  - waiting for locator('svg:has(g.graph-container)') to be visible[22m

        at C:\Users\mauri\OneDrive - Harvard University\New folder (2)\healthsystems\frontend\tests\e2e\hierarchical-diagram-debug.spec.ts:17:16)
        at C:\Users\mauri\OneDrive - Harvard University\New folder (2)\healthsystems\frontend\node_modules\playwright\lib\worker\testInfo.js:305:11)
        at C:\Users\mauri\OneDrive - Harvard University\New folder (2)\healthsystems\frontend\node_modules\playwright\lib\worker\workerMain.js:469:11)
        at C:\Users\mauri\OneDrive - Harvard University\New folder (2)\healthsystems\frontend\node_modules\playwright\lib\worker\workerMain.js:302:9)
        at C:\Users\mauri\OneDrive - Harvard University\New folder (2)\healthsystems\frontend\node_modules\playwright\lib\worker\workerMain.js:298:7)

    attachment #1: screenshot (image/png) ‚îÄ‚îÄ‚îÄ‚îÄ‚îÄ‚îÄ‚îÄ‚îÄ‚îÄ‚îÄ‚îÄ‚îÄ‚îÄ‚îÄ‚îÄ‚îÄ‚îÄ‚îÄ‚îÄ‚îÄ‚îÄ‚îÄ‚îÄ‚îÄ‚îÄ‚îÄ‚îÄ‚îÄ‚îÄ‚îÄ‚îÄ‚îÄ‚îÄ‚îÄ‚îÄ‚îÄ‚îÄ‚îÄ‚îÄ‚îÄ‚îÄ‚îÄ‚îÄ‚îÄ‚îÄ‚îÄ‚îÄ‚îÄ‚îÄ‚îÄ‚îÄ‚îÄ‚îÄ‚îÄ‚îÄ‚îÄ‚îÄ‚îÄ
    test-results\hierarchical-diagram-debug-21886-ll-visualization-for-review-chromium\test-failed-1.png
    ‚îÄ‚îÄ‚îÄ‚îÄ‚îÄ‚îÄ‚îÄ‚îÄ‚îÄ‚îÄ‚îÄ‚îÄ‚îÄ‚îÄ‚îÄ‚îÄ‚îÄ‚îÄ‚îÄ‚îÄ‚îÄ‚îÄ‚îÄ‚îÄ‚îÄ‚îÄ‚îÄ‚îÄ‚îÄ‚îÄ‚îÄ‚îÄ‚îÄ‚îÄ‚îÄ‚îÄ‚îÄ‚îÄ‚îÄ‚îÄ‚îÄ‚îÄ‚îÄ‚îÄ‚îÄ‚îÄ‚îÄ‚îÄ‚îÄ‚îÄ‚îÄ‚îÄ‚îÄ‚îÄ‚îÄ‚îÄ‚îÄ‚îÄ‚îÄ‚îÄ‚îÄ‚îÄ‚îÄ‚îÄ‚îÄ‚îÄ‚îÄ‚îÄ‚îÄ‚îÄ‚îÄ‚îÄ‚îÄ‚îÄ‚îÄ‚îÄ‚îÄ‚îÄ‚îÄ‚îÄ‚îÄ‚îÄ‚îÄ‚îÄ‚îÄ‚îÄ‚îÄ‚îÄ‚îÄ‚îÄ‚îÄ‚îÄ‚îÄ‚îÄ‚îÄ‚îÄ

    attachment #2: video (video/webm) ‚îÄ‚îÄ‚îÄ‚îÄ‚îÄ‚îÄ‚îÄ‚îÄ‚îÄ‚îÄ‚îÄ‚îÄ‚îÄ‚îÄ‚îÄ‚îÄ‚îÄ‚îÄ‚îÄ‚îÄ‚îÄ‚îÄ‚îÄ‚îÄ‚îÄ‚îÄ‚îÄ‚îÄ‚îÄ‚îÄ‚îÄ‚îÄ‚îÄ‚îÄ‚îÄ‚îÄ‚îÄ‚îÄ‚îÄ‚îÄ‚îÄ‚îÄ‚îÄ‚îÄ‚îÄ‚îÄ‚îÄ‚îÄ‚îÄ‚îÄ‚îÄ‚îÄ‚îÄ‚îÄ‚îÄ‚îÄ‚îÄ‚îÄ‚îÄ‚îÄ‚îÄ‚îÄ
    test-results\hierarchical-diagram-debug-21886-ll-visualization-for-review-chromium\video.webm
    ‚îÄ‚îÄ‚îÄ‚îÄ‚îÄ‚îÄ‚îÄ‚îÄ‚îÄ‚îÄ‚îÄ‚îÄ‚îÄ‚îÄ‚îÄ‚îÄ‚îÄ‚îÄ‚îÄ‚îÄ‚îÄ‚îÄ‚îÄ‚îÄ‚îÄ‚îÄ‚îÄ‚îÄ‚îÄ‚îÄ‚îÄ‚îÄ‚îÄ‚îÄ‚îÄ‚îÄ‚îÄ‚îÄ‚îÄ‚îÄ‚îÄ‚îÄ‚îÄ‚îÄ‚îÄ‚îÄ‚îÄ‚îÄ‚îÄ‚îÄ‚îÄ‚îÄ‚îÄ‚îÄ‚îÄ‚îÄ‚îÄ‚îÄ‚îÄ‚îÄ‚îÄ‚îÄ‚îÄ‚îÄ‚îÄ‚îÄ‚îÄ‚îÄ‚îÄ‚îÄ‚îÄ‚îÄ‚îÄ‚îÄ‚îÄ‚îÄ‚îÄ‚îÄ‚îÄ‚îÄ‚îÄ‚îÄ‚îÄ‚îÄ‚îÄ‚îÄ‚îÄ‚îÄ‚îÄ‚îÄ‚îÄ‚îÄ‚îÄ‚îÄ‚îÄ‚îÄ

    Error Context: test-results\hierarchical-diagram-debug-21886-ll-visualization-for-review-chromium\error-context.md

  17) [chromium] ‚Ä∫ tests\e2e\hierarchical-diagram-debug.spec.ts:37:7 ‚Ä∫ Hierarchical Diagram - Visual Inspection ‚Ä∫ should verify nodes are arranged in 5 vertical columns 

    TimeoutError: page.waitForSelector: Timeout 10000ms exceeded.
    Call log:
    [2m  - waiting for locator('svg:has(g.graph-container)') to be visible[22m

        at C:\Users\mauri\OneDrive - Harvard University\New folder (2)\healthsystems\frontend\tests\e2e\hierarchical-diagram-debug.spec.ts:17:16)
        at C:\Users\mauri\OneDrive - Harvard University\New folder (2)\healthsystems\frontend\node_modules\playwright\lib\worker\testInfo.js:305:11)
        at C:\Users\mauri\OneDrive - Harvard University\New folder (2)\healthsystems\frontend\node_modules\playwright\lib\worker\workerMain.js:469:11)
        at C:\Users\mauri\OneDrive - Harvard University\New folder (2)\healthsystems\frontend\node_modules\playwright\lib\worker\workerMain.js:302:9)
        at C:\Users\mauri\OneDrive - Harvard University\New folder (2)\healthsystems\frontend\node_modules\playwright\lib\worker\workerMain.js:298:7)

    attachment #1: screenshot (image/png) ‚îÄ‚îÄ‚îÄ‚îÄ‚îÄ‚îÄ‚îÄ‚îÄ‚îÄ‚îÄ‚îÄ‚îÄ‚îÄ‚îÄ‚îÄ‚îÄ‚îÄ‚îÄ‚îÄ‚îÄ‚îÄ‚îÄ‚îÄ‚îÄ‚îÄ‚îÄ‚îÄ‚îÄ‚îÄ‚îÄ‚îÄ‚îÄ‚îÄ‚îÄ‚îÄ‚îÄ‚îÄ‚îÄ‚îÄ‚îÄ‚îÄ‚îÄ‚îÄ‚îÄ‚îÄ‚îÄ‚îÄ‚îÄ‚îÄ‚îÄ‚îÄ‚îÄ‚îÄ‚îÄ‚îÄ‚îÄ‚îÄ‚îÄ
    test-results\hierarchical-diagram-debug-bd010-anged-in-5-vertical-columns-chromium\test-failed-1.png
    ‚îÄ‚îÄ‚îÄ‚îÄ‚îÄ‚îÄ‚îÄ‚îÄ‚îÄ‚îÄ‚îÄ‚îÄ‚îÄ‚îÄ‚îÄ‚îÄ‚îÄ‚îÄ‚îÄ‚îÄ‚îÄ‚îÄ‚îÄ‚îÄ‚îÄ‚îÄ‚îÄ‚îÄ‚îÄ‚îÄ‚îÄ‚îÄ‚îÄ‚îÄ‚îÄ‚îÄ‚îÄ‚îÄ‚îÄ‚îÄ‚îÄ‚îÄ‚îÄ‚îÄ‚îÄ‚îÄ‚îÄ‚îÄ‚îÄ‚îÄ‚îÄ‚îÄ‚îÄ‚îÄ‚îÄ‚îÄ‚îÄ‚îÄ‚îÄ‚îÄ‚îÄ‚îÄ‚îÄ‚îÄ‚îÄ‚îÄ‚îÄ‚îÄ‚îÄ‚îÄ‚îÄ‚îÄ‚îÄ‚îÄ‚îÄ‚îÄ‚îÄ‚îÄ‚îÄ‚îÄ‚îÄ‚îÄ‚îÄ‚îÄ‚îÄ‚îÄ‚îÄ‚îÄ‚îÄ‚îÄ‚îÄ‚îÄ‚îÄ‚îÄ‚îÄ‚îÄ

    attachment #2: video (video/webm) ‚îÄ‚îÄ‚îÄ‚îÄ‚îÄ‚îÄ‚îÄ‚îÄ‚îÄ‚îÄ‚îÄ‚îÄ‚îÄ‚îÄ‚îÄ‚îÄ‚îÄ‚îÄ‚îÄ‚îÄ‚îÄ‚îÄ‚îÄ‚îÄ‚îÄ‚îÄ‚îÄ‚îÄ‚îÄ‚îÄ‚îÄ‚îÄ‚îÄ‚îÄ‚îÄ‚îÄ‚îÄ‚îÄ‚îÄ‚îÄ‚îÄ‚îÄ‚îÄ‚îÄ‚îÄ‚îÄ‚îÄ‚îÄ‚îÄ‚îÄ‚îÄ‚îÄ‚îÄ‚îÄ‚îÄ‚îÄ‚îÄ‚îÄ‚îÄ‚îÄ‚îÄ‚îÄ
    test-results\hierarchical-diagram-debug-bd010-anged-in-5-vertical-columns-chromium\video.webm
    ‚îÄ‚îÄ‚îÄ‚îÄ‚îÄ‚îÄ‚îÄ‚îÄ‚îÄ‚îÄ‚îÄ‚îÄ‚îÄ‚îÄ‚îÄ‚îÄ‚îÄ‚îÄ‚îÄ‚îÄ‚îÄ‚îÄ‚îÄ‚îÄ‚îÄ‚îÄ‚îÄ‚îÄ‚îÄ‚îÄ‚îÄ‚îÄ‚îÄ‚îÄ‚îÄ‚îÄ‚îÄ‚îÄ‚îÄ‚îÄ‚îÄ‚îÄ‚îÄ‚îÄ‚îÄ‚îÄ‚îÄ‚îÄ‚îÄ‚îÄ‚îÄ‚îÄ‚îÄ‚îÄ‚îÄ‚îÄ‚îÄ‚îÄ‚îÄ‚îÄ‚îÄ‚îÄ‚îÄ‚îÄ‚îÄ‚îÄ‚îÄ‚îÄ‚îÄ‚îÄ‚îÄ‚îÄ‚îÄ‚îÄ‚îÄ‚îÄ‚îÄ‚îÄ‚îÄ‚îÄ‚îÄ‚îÄ‚îÄ‚îÄ‚îÄ‚îÄ‚îÄ‚îÄ‚îÄ‚îÄ‚îÄ‚îÄ‚îÄ‚îÄ‚îÄ‚îÄ

    Error Context: test-results\hierarchical-diagram-debug-bd010-anged-in-5-vertical-columns-chromium\error-context.md

  18) [chromium] ‚Ä∫ tests\e2e\hierarchical-diagram-debug.spec.ts:86:7 ‚Ä∫ Hierarchical Diagram - Visual Inspection ‚Ä∫ should verify level labels are present 

    TimeoutError: page.waitForSelector: Timeout 10000ms exceeded.
    Call log:
    [2m  - waiting for locator('svg:has(g.graph-container)') to be visible[22m

        at C:\Users\mauri\OneDrive - Harvard University\New folder (2)\healthsystems\frontend\tests\e2e\hierarchical-diagram-debug.spec.ts:17:16)
        at C:\Users\mauri\OneDrive - Harvard University\New folder (2)\healthsystems\frontend\node_modules\playwright\lib\worker\testInfo.js:305:11)
        at C:\Users\mauri\OneDrive - Harvard University\New folder (2)\healthsystems\frontend\node_modules\playwright\lib\worker\workerMain.js:469:11)
        at C:\Users\mauri\OneDrive - Harvard University\New folder (2)\healthsystems\frontend\node_modules\playwright\lib\worker\workerMain.js:302:9)
        at C:\Users\mauri\OneDrive - Harvard University\New folder (2)\healthsystems\frontend\node_modules\playwright\lib\worker\workerMain.js:298:7)

    attachment #1: screenshot (image/png) ‚îÄ‚îÄ‚îÄ‚îÄ‚îÄ‚îÄ‚îÄ‚îÄ‚îÄ‚îÄ‚îÄ‚îÄ‚îÄ‚îÄ‚îÄ‚îÄ‚îÄ‚îÄ‚îÄ‚îÄ‚îÄ‚îÄ‚îÄ‚îÄ‚îÄ‚îÄ‚îÄ‚îÄ‚îÄ‚îÄ‚îÄ‚îÄ‚îÄ‚îÄ‚îÄ‚îÄ‚îÄ‚îÄ‚îÄ‚îÄ‚îÄ‚îÄ‚îÄ‚îÄ‚îÄ‚îÄ‚îÄ‚îÄ‚îÄ‚îÄ‚îÄ‚îÄ‚îÄ‚îÄ‚îÄ‚îÄ‚îÄ‚îÄ
    test-results\hierarchical-diagram-debug-bfdc9-fy-level-labels-are-present-chromium\test-failed-1.png
    ‚îÄ‚îÄ‚îÄ‚îÄ‚îÄ‚îÄ‚îÄ‚îÄ‚îÄ‚îÄ‚îÄ‚îÄ‚îÄ‚îÄ‚îÄ‚îÄ‚îÄ‚îÄ‚îÄ‚îÄ‚îÄ‚îÄ‚îÄ‚îÄ‚îÄ‚îÄ‚îÄ‚îÄ‚îÄ‚îÄ‚îÄ‚îÄ‚îÄ‚îÄ‚îÄ‚îÄ‚îÄ‚îÄ‚îÄ‚îÄ‚îÄ‚îÄ‚îÄ‚îÄ‚îÄ‚îÄ‚îÄ‚îÄ‚îÄ‚îÄ‚îÄ‚îÄ‚îÄ‚îÄ‚îÄ‚îÄ‚îÄ‚îÄ‚îÄ‚îÄ‚îÄ‚îÄ‚îÄ‚îÄ‚îÄ‚îÄ‚îÄ‚îÄ‚îÄ‚îÄ‚îÄ‚îÄ‚îÄ‚îÄ‚îÄ‚îÄ‚îÄ‚îÄ‚îÄ‚îÄ‚îÄ‚îÄ‚îÄ‚îÄ‚îÄ‚îÄ‚îÄ‚îÄ‚îÄ‚îÄ‚îÄ‚îÄ‚îÄ‚îÄ‚îÄ‚îÄ

    attachment #2: video (video/webm) ‚îÄ‚îÄ‚îÄ‚îÄ‚îÄ‚îÄ‚îÄ‚îÄ‚îÄ‚îÄ‚îÄ‚îÄ‚îÄ‚îÄ‚îÄ‚îÄ‚îÄ‚îÄ‚îÄ‚îÄ‚îÄ‚îÄ‚îÄ‚îÄ‚îÄ‚îÄ‚îÄ‚îÄ‚îÄ‚îÄ‚îÄ‚îÄ‚îÄ‚îÄ‚îÄ‚îÄ‚îÄ‚îÄ‚îÄ‚îÄ‚îÄ‚îÄ‚îÄ‚îÄ‚îÄ‚îÄ‚îÄ‚îÄ‚îÄ‚îÄ‚îÄ‚îÄ‚îÄ‚îÄ‚îÄ‚îÄ‚îÄ‚îÄ‚îÄ‚îÄ‚îÄ‚îÄ
    test-results\hierarchical-diagram-debug-bfdc9-fy-level-labels-are-present-chromium\video.webm
    ‚îÄ‚îÄ‚îÄ‚îÄ‚îÄ‚îÄ‚îÄ‚îÄ‚îÄ‚îÄ‚îÄ‚îÄ‚îÄ‚îÄ‚îÄ‚îÄ‚îÄ‚îÄ‚îÄ‚îÄ‚îÄ‚îÄ‚îÄ‚îÄ‚îÄ‚îÄ‚îÄ‚îÄ‚îÄ‚îÄ‚îÄ‚îÄ‚îÄ‚îÄ‚îÄ‚îÄ‚îÄ‚îÄ‚îÄ‚îÄ‚îÄ‚îÄ‚îÄ‚îÄ‚îÄ‚îÄ‚îÄ‚îÄ‚îÄ‚îÄ‚îÄ‚îÄ‚îÄ‚îÄ‚îÄ‚îÄ‚îÄ‚îÄ‚îÄ‚îÄ‚îÄ‚îÄ‚îÄ‚îÄ‚îÄ‚îÄ‚îÄ‚îÄ‚îÄ‚îÄ‚îÄ‚îÄ‚îÄ‚îÄ‚îÄ‚îÄ‚îÄ‚îÄ‚îÄ‚îÄ‚îÄ‚îÄ‚îÄ‚îÄ‚îÄ‚îÄ‚îÄ‚îÄ‚îÄ‚îÄ‚îÄ‚îÄ‚îÄ‚îÄ‚îÄ‚îÄ

    Error Context: test-results\hierarchical-diagram-debug-bfdc9-fy-level-labels-are-present-chromium\error-context.md

  19) [chromium] ‚Ä∫ tests\e2e\hierarchical-diagram-debug.spec.ts:111:7 ‚Ä∫ Hierarchical Diagram - Visual Inspection ‚Ä∫ should verify edges use bezier curves (paths not lines) 

    TimeoutError: page.waitForSelector: Timeout 10000ms exceeded.
    Call log:
    [2m  - waiting for locator('svg:has(g.graph-container)') to be visible[22m

        at C:\Users\mauri\OneDrive - Harvard University\New folder (2)\healthsystems\frontend\tests\e2e\hierarchical-diagram-debug.spec.ts:17:16)
        at C:\Users\mauri\OneDrive - Harvard University\New folder (2)\healthsystems\frontend\node_modules\playwright\lib\worker\testInfo.js:305:11)
        at C:\Users\mauri\OneDrive - Harvard University\New folder (2)\healthsystems\frontend\node_modules\playwright\lib\worker\workerMain.js:469:11)
        at C:\Users\mauri\OneDrive - Harvard University\New folder (2)\healthsystems\frontend\node_modules\playwright\lib\worker\workerMain.js:302:9)
        at C:\Users\mauri\OneDrive - Harvard University\New folder (2)\healthsystems\frontend\node_modules\playwright\lib\worker\workerMain.js:298:7)

    attachment #1: screenshot (image/png) ‚îÄ‚îÄ‚îÄ‚îÄ‚îÄ‚îÄ‚îÄ‚îÄ‚îÄ‚îÄ‚îÄ‚îÄ‚îÄ‚îÄ‚îÄ‚îÄ‚îÄ‚îÄ‚îÄ‚îÄ‚îÄ‚îÄ‚îÄ‚îÄ‚îÄ‚îÄ‚îÄ‚îÄ‚îÄ‚îÄ‚îÄ‚îÄ‚îÄ‚îÄ‚îÄ‚îÄ‚îÄ‚îÄ‚îÄ‚îÄ‚îÄ‚îÄ‚îÄ‚îÄ‚îÄ‚îÄ‚îÄ‚îÄ‚îÄ‚îÄ‚îÄ‚îÄ‚îÄ‚îÄ‚îÄ‚îÄ‚îÄ‚îÄ
    test-results\hierarchical-diagram-debug-4872e-ier-curves-paths-not-lines--chromium\test-failed-1.png
    ‚îÄ‚îÄ‚îÄ‚îÄ‚îÄ‚îÄ‚îÄ‚îÄ‚îÄ‚îÄ‚îÄ‚îÄ‚îÄ‚îÄ‚îÄ‚îÄ‚îÄ‚îÄ‚îÄ‚îÄ‚îÄ‚îÄ‚îÄ‚îÄ‚îÄ‚îÄ‚îÄ‚îÄ‚îÄ‚îÄ‚îÄ‚îÄ‚îÄ‚îÄ‚îÄ‚îÄ‚îÄ‚îÄ‚îÄ‚îÄ‚îÄ‚îÄ‚îÄ‚îÄ‚îÄ‚îÄ‚îÄ‚îÄ‚îÄ‚îÄ‚îÄ‚îÄ‚îÄ‚îÄ‚îÄ‚îÄ‚îÄ‚îÄ‚îÄ‚îÄ‚îÄ‚îÄ‚îÄ‚îÄ‚îÄ‚îÄ‚îÄ‚îÄ‚îÄ‚îÄ‚îÄ‚îÄ‚îÄ‚îÄ‚îÄ‚îÄ‚îÄ‚îÄ‚îÄ‚îÄ‚îÄ‚îÄ‚îÄ‚îÄ‚îÄ‚îÄ‚îÄ‚îÄ‚îÄ‚îÄ‚îÄ‚îÄ‚îÄ‚îÄ‚îÄ‚îÄ

    attachment #2: video (video/webm) ‚îÄ‚îÄ‚îÄ‚îÄ‚îÄ‚îÄ‚îÄ‚îÄ‚îÄ‚îÄ‚îÄ‚îÄ‚îÄ‚îÄ‚îÄ‚îÄ‚îÄ‚îÄ‚îÄ‚îÄ‚îÄ‚îÄ‚îÄ‚îÄ‚îÄ‚îÄ‚îÄ‚îÄ‚îÄ‚îÄ‚îÄ‚îÄ‚îÄ‚îÄ‚îÄ‚îÄ‚îÄ‚îÄ‚îÄ‚îÄ‚îÄ‚îÄ‚îÄ‚îÄ‚îÄ‚îÄ‚îÄ‚îÄ‚îÄ‚îÄ‚îÄ‚îÄ‚îÄ‚îÄ‚îÄ‚îÄ‚îÄ‚îÄ‚îÄ‚îÄ‚îÄ‚îÄ
    test-results\hierarchical-diagram-debug-4872e-ier-curves-paths-not-lines--chromium\video.webm
    ‚îÄ‚îÄ‚îÄ‚îÄ‚îÄ‚îÄ‚îÄ‚îÄ‚îÄ‚îÄ‚îÄ‚îÄ‚îÄ‚îÄ‚îÄ‚îÄ‚îÄ‚îÄ‚îÄ‚îÄ‚îÄ‚îÄ‚îÄ‚îÄ‚îÄ‚îÄ‚îÄ‚îÄ‚îÄ‚îÄ‚îÄ‚îÄ‚îÄ‚îÄ‚îÄ‚îÄ‚îÄ‚îÄ‚îÄ‚îÄ‚îÄ‚îÄ‚îÄ‚îÄ‚îÄ‚îÄ‚îÄ‚îÄ‚îÄ‚îÄ‚îÄ‚îÄ‚îÄ‚îÄ‚îÄ‚îÄ‚îÄ‚îÄ‚îÄ‚îÄ‚îÄ‚îÄ‚îÄ‚îÄ‚îÄ‚îÄ‚îÄ‚îÄ‚îÄ‚îÄ‚îÄ‚îÄ‚îÄ‚îÄ‚îÄ‚îÄ‚îÄ‚îÄ‚îÄ‚îÄ‚îÄ‚îÄ‚îÄ‚îÄ‚îÄ‚îÄ‚îÄ‚îÄ‚îÄ‚îÄ‚îÄ‚îÄ‚îÄ‚îÄ‚îÄ‚îÄ

    Error Context: test-results\hierarchical-diagram-debug-4872e-ier-curves-paths-not-lines--chromium\error-context.md

  20) [chromium] ‚Ä∫ tests\e2e\hierarchical-diagram-debug.spec.ts:132:7 ‚Ä∫ Hierarchical Diagram - Visual Inspection ‚Ä∫ should verify nodes have uniform white fill 

    TimeoutError: page.waitForSelector: Timeout 10000ms exceeded.
    Call log:
    [2m  - waiting for locator('svg:has(g.graph-container)') to be visible[22m

        at C:\Users\mauri\OneDrive - Harvard University\New folder (2)\healthsystems\frontend\tests\e2e\hierarchical-diagram-debug.spec.ts:17:16)
        at C:\Users\mauri\OneDrive - Harvard University\New folder (2)\healthsystems\frontend\node_modules\playwright\lib\worker\testInfo.js:305:11)
        at C:\Users\mauri\OneDrive - Harvard University\New folder (2)\healthsystems\frontend\node_modules\playwright\lib\worker\workerMain.js:469:11)
        at C:\Users\mauri\OneDrive - Harvard University\New folder (2)\healthsystems\frontend\node_modules\playwright\lib\worker\workerMain.js:302:9)
        at C:\Users\mauri\OneDrive - Harvard University\New folder (2)\healthsystems\frontend\node_modules\playwright\lib\worker\workerMain.js:298:7)

    attachment #1: screenshot (image/png) ‚îÄ‚îÄ‚îÄ‚îÄ‚îÄ‚îÄ‚îÄ‚îÄ‚îÄ‚îÄ‚îÄ‚îÄ‚îÄ‚îÄ‚îÄ‚îÄ‚îÄ‚îÄ‚îÄ‚îÄ‚îÄ‚îÄ‚îÄ‚îÄ‚îÄ‚îÄ‚îÄ‚îÄ‚îÄ‚îÄ‚îÄ‚îÄ‚îÄ‚îÄ‚îÄ‚îÄ‚îÄ‚îÄ‚îÄ‚îÄ‚îÄ‚îÄ‚îÄ‚îÄ‚îÄ‚îÄ‚îÄ‚îÄ‚îÄ‚îÄ‚îÄ‚îÄ‚îÄ‚îÄ‚îÄ‚îÄ‚îÄ‚îÄ
    test-results\hierarchical-diagram-debug-17c44-des-have-uniform-white-fill-chromium\test-failed-1.png
    ‚îÄ‚îÄ‚îÄ‚îÄ‚îÄ‚îÄ‚îÄ‚îÄ‚îÄ‚îÄ‚îÄ‚îÄ‚îÄ‚îÄ‚îÄ‚îÄ‚îÄ‚îÄ‚îÄ‚îÄ‚îÄ‚îÄ‚îÄ‚îÄ‚îÄ‚îÄ‚îÄ‚îÄ‚îÄ‚îÄ‚îÄ‚îÄ‚îÄ‚îÄ‚îÄ‚îÄ‚îÄ‚îÄ‚îÄ‚îÄ‚îÄ‚îÄ‚îÄ‚îÄ‚îÄ‚îÄ‚îÄ‚îÄ‚îÄ‚îÄ‚îÄ‚îÄ‚îÄ‚îÄ‚îÄ‚îÄ‚îÄ‚îÄ‚îÄ‚îÄ‚îÄ‚îÄ‚îÄ‚îÄ‚îÄ‚îÄ‚îÄ‚îÄ‚îÄ‚îÄ‚îÄ‚îÄ‚îÄ‚îÄ‚îÄ‚îÄ‚îÄ‚îÄ‚îÄ‚îÄ‚îÄ‚îÄ‚îÄ‚îÄ‚îÄ‚îÄ‚îÄ‚îÄ‚îÄ‚îÄ‚îÄ‚îÄ‚îÄ‚îÄ‚îÄ‚îÄ

    attachment #2: video (video/webm) ‚îÄ‚îÄ‚îÄ‚îÄ‚îÄ‚îÄ‚îÄ‚îÄ‚îÄ‚îÄ‚îÄ‚îÄ‚îÄ‚îÄ‚îÄ‚îÄ‚îÄ‚îÄ‚îÄ‚îÄ‚îÄ‚îÄ‚îÄ‚îÄ‚îÄ‚îÄ‚îÄ‚îÄ‚îÄ‚îÄ‚îÄ‚îÄ‚îÄ‚îÄ‚îÄ‚îÄ‚îÄ‚îÄ‚îÄ‚îÄ‚îÄ‚îÄ‚îÄ‚îÄ‚îÄ‚îÄ‚îÄ‚îÄ‚îÄ‚îÄ‚îÄ‚îÄ‚îÄ‚îÄ‚îÄ‚îÄ‚îÄ‚îÄ‚îÄ‚îÄ‚îÄ‚îÄ
    test-results\hierarchical-diagram-debug-17c44-des-have-uniform-white-fill-chromium\video.webm
    ‚îÄ‚îÄ‚îÄ‚îÄ‚îÄ‚îÄ‚îÄ‚îÄ‚îÄ‚îÄ‚îÄ‚îÄ‚îÄ‚îÄ‚îÄ‚îÄ‚îÄ‚îÄ‚îÄ‚îÄ‚îÄ‚îÄ‚îÄ‚îÄ‚îÄ‚îÄ‚îÄ‚îÄ‚îÄ‚îÄ‚îÄ‚îÄ‚îÄ‚îÄ‚îÄ‚îÄ‚îÄ‚îÄ‚îÄ‚îÄ‚îÄ‚îÄ‚îÄ‚îÄ‚îÄ‚îÄ‚îÄ‚îÄ‚îÄ‚îÄ‚îÄ‚îÄ‚îÄ‚îÄ‚îÄ‚îÄ‚îÄ‚îÄ‚îÄ‚îÄ‚îÄ‚îÄ‚îÄ‚îÄ‚îÄ‚îÄ‚îÄ‚îÄ‚îÄ‚îÄ‚îÄ‚îÄ‚îÄ‚îÄ‚îÄ‚îÄ‚îÄ‚îÄ‚îÄ‚îÄ‚îÄ‚îÄ‚îÄ‚îÄ‚îÄ‚îÄ‚îÄ‚îÄ‚îÄ‚îÄ‚îÄ‚îÄ‚îÄ‚îÄ‚îÄ‚îÄ

    Error Context: test-results\hierarchical-diagram-debug-17c44-des-have-uniform-white-fill-chromium\error-context.md

  21) [chromium] ‚Ä∫ tests\e2e\hierarchical-diagram-debug.spec.ts:147:7 ‚Ä∫ Hierarchical Diagram - Visual Inspection ‚Ä∫ should verify glow effect appears on hover 

    TimeoutError: page.waitForSelector: Timeout 10000ms exceeded.
    Call log:
    [2m  - waiting for locator('svg:has(g.graph-container)') to be visible[22m

        at C:\Users\mauri\OneDrive - Harvard University\New folder (2)\healthsystems\frontend\tests\e2e\hierarchical-diagram-debug.spec.ts:17:16)
        at C:\Users\mauri\OneDrive - Harvard University\New folder (2)\healthsystems\frontend\node_modules\playwright\lib\worker\testInfo.js:305:11)
        at C:\Users\mauri\OneDrive - Harvard University\New folder (2)\healthsystems\frontend\node_modules\playwright\lib\worker\workerMain.js:469:11)
        at C:\Users\mauri\OneDrive - Harvard University\New folder (2)\healthsystems\frontend\node_modules\playwright\lib\worker\workerMain.js:302:9)
        at C:\Users\mauri\OneDrive - Harvard University\New folder (2)\healthsystems\frontend\node_modules\playwright\lib\worker\workerMain.js:298:7)

    attachment #1: screenshot (image/png) ‚îÄ‚îÄ‚îÄ‚îÄ‚îÄ‚îÄ‚îÄ‚îÄ‚îÄ‚îÄ‚îÄ‚îÄ‚îÄ‚îÄ‚îÄ‚îÄ‚îÄ‚îÄ‚îÄ‚îÄ‚îÄ‚îÄ‚îÄ‚îÄ‚îÄ‚îÄ‚îÄ‚îÄ‚îÄ‚îÄ‚îÄ‚îÄ‚îÄ‚îÄ‚îÄ‚îÄ‚îÄ‚îÄ‚îÄ‚îÄ‚îÄ‚îÄ‚îÄ‚îÄ‚îÄ‚îÄ‚îÄ‚îÄ‚îÄ‚îÄ‚îÄ‚îÄ‚îÄ‚îÄ‚îÄ‚îÄ‚îÄ‚îÄ
    test-results\hierarchical-diagram-debug-6843c-low-effect-appears-on-hover-chromium\test-failed-1.png
    ‚îÄ‚îÄ‚îÄ‚îÄ‚îÄ‚îÄ‚îÄ‚îÄ‚îÄ‚îÄ‚îÄ‚îÄ‚îÄ‚îÄ‚îÄ‚îÄ‚îÄ‚îÄ‚îÄ‚îÄ‚îÄ‚îÄ‚îÄ‚îÄ‚îÄ‚îÄ‚îÄ‚îÄ‚îÄ‚îÄ‚îÄ‚îÄ‚îÄ‚îÄ‚îÄ‚îÄ‚îÄ‚îÄ‚îÄ‚îÄ‚îÄ‚îÄ‚îÄ‚îÄ‚îÄ‚îÄ‚îÄ‚îÄ‚îÄ‚îÄ‚îÄ‚îÄ‚îÄ‚îÄ‚îÄ‚îÄ‚îÄ‚îÄ‚îÄ‚îÄ‚îÄ‚îÄ‚îÄ‚îÄ‚îÄ‚îÄ‚îÄ‚îÄ‚îÄ‚îÄ‚îÄ‚îÄ‚îÄ‚îÄ‚îÄ‚îÄ‚îÄ‚îÄ‚îÄ‚îÄ‚îÄ‚îÄ‚îÄ‚îÄ‚îÄ‚îÄ‚îÄ‚îÄ‚îÄ‚îÄ‚îÄ‚îÄ‚îÄ‚îÄ‚îÄ‚îÄ

    attachment #2: video (video/webm) ‚îÄ‚îÄ‚îÄ‚îÄ‚îÄ‚îÄ‚îÄ‚îÄ‚îÄ‚îÄ‚îÄ‚îÄ‚îÄ‚îÄ‚îÄ‚îÄ‚îÄ‚îÄ‚îÄ‚îÄ‚îÄ‚îÄ‚îÄ‚îÄ‚îÄ‚îÄ‚îÄ‚îÄ‚îÄ‚îÄ‚îÄ‚îÄ‚îÄ‚îÄ‚îÄ‚îÄ‚îÄ‚îÄ‚îÄ‚îÄ‚îÄ‚îÄ‚îÄ‚îÄ‚îÄ‚îÄ‚îÄ‚îÄ‚îÄ‚îÄ‚îÄ‚îÄ‚îÄ‚îÄ‚îÄ‚îÄ‚îÄ‚îÄ‚îÄ‚îÄ‚îÄ‚îÄ
    test-results\hierarchical-diagram-debug-6843c-low-effect-appears-on-hover-chromium\video.webm
    ‚îÄ‚îÄ‚îÄ‚îÄ‚îÄ‚îÄ‚îÄ‚îÄ‚îÄ‚îÄ‚îÄ‚îÄ‚îÄ‚îÄ‚îÄ‚îÄ‚îÄ‚îÄ‚îÄ‚îÄ‚îÄ‚îÄ‚îÄ‚îÄ‚îÄ‚îÄ‚îÄ‚îÄ‚îÄ‚îÄ‚îÄ‚îÄ‚îÄ‚îÄ‚îÄ‚îÄ‚îÄ‚îÄ‚îÄ‚îÄ‚îÄ‚îÄ‚îÄ‚îÄ‚îÄ‚îÄ‚îÄ‚îÄ‚îÄ‚îÄ‚îÄ‚îÄ‚îÄ‚îÄ‚îÄ‚îÄ‚îÄ‚îÄ‚îÄ‚îÄ‚îÄ‚îÄ‚îÄ‚îÄ‚îÄ‚îÄ‚îÄ‚îÄ‚îÄ‚îÄ‚îÄ‚îÄ‚îÄ‚îÄ‚îÄ‚îÄ‚îÄ‚îÄ‚îÄ‚îÄ‚îÄ‚îÄ‚îÄ‚îÄ‚îÄ‚îÄ‚îÄ‚îÄ‚îÄ‚îÄ‚îÄ‚îÄ‚îÄ‚îÄ‚îÄ‚îÄ

    Error Context: test-results\hierarchical-diagram-debug-6843c-low-effect-appears-on-hover-chromium\error-context.md

  22) [chromium] ‚Ä∫ tests\e2e\hierarchical-diagram-debug.spec.ts:178:7 ‚Ä∫ Hierarchical Diagram - Visual Inspection ‚Ä∫ should measure canvas dimensions 

    Error: [2mexpect([22m[31mreceived[39m[2m).[22mtoBe[2m([22m[32mexpected[39m[2m) // Object.is equality[22m

    Expected: [32m"1[7m728[27m"[39m
    Received: [31m"1[7m200[27m"[39m
        at C:\Users\mauri\OneDrive - Harvard University\New folder (2)\healthsystems\frontend\tests\e2e\hierarchical-diagram-debug.spec.ts:188:19)
        at C:\Users\mauri\OneDrive - Harvard University\New folder (2)\healthsystems\frontend\node_modules\playwright\lib\worker\workerMain.js:310:9)
        at C:\Users\mauri\OneDrive - Harvard University\New folder (2)\healthsystems\frontend\node_modules\playwright\lib\worker\testInfo.js:305:11)
        at C:\Users\mauri\OneDrive - Harvard University\New folder (2)\healthsystems\frontend\node_modules\playwright\lib\worker\workerMain.js:308:7)

    attachment #1: screenshot (image/png) ‚îÄ‚îÄ‚îÄ‚îÄ‚îÄ‚îÄ‚îÄ‚îÄ‚îÄ‚îÄ‚îÄ‚îÄ‚îÄ‚îÄ‚îÄ‚îÄ‚îÄ‚îÄ‚îÄ‚îÄ‚îÄ‚îÄ‚îÄ‚îÄ‚îÄ‚îÄ‚îÄ‚îÄ‚îÄ‚îÄ‚îÄ‚îÄ‚îÄ‚îÄ‚îÄ‚îÄ‚îÄ‚îÄ‚îÄ‚îÄ‚îÄ‚îÄ‚îÄ‚îÄ‚îÄ‚îÄ‚îÄ‚îÄ‚îÄ‚îÄ‚îÄ‚îÄ‚îÄ‚îÄ‚îÄ‚îÄ‚îÄ‚îÄ
    test-results\hierarchical-diagram-debug-0893e-d-measure-canvas-dimensions-chromium\test-failed-1.png
    ‚îÄ‚îÄ‚îÄ‚îÄ‚îÄ‚îÄ‚îÄ‚îÄ‚îÄ‚îÄ‚îÄ‚îÄ‚îÄ‚îÄ‚îÄ‚îÄ‚îÄ‚îÄ‚îÄ‚îÄ‚îÄ‚îÄ‚îÄ‚îÄ‚îÄ‚îÄ‚îÄ‚îÄ‚îÄ‚îÄ‚îÄ‚îÄ‚îÄ‚îÄ‚îÄ‚îÄ‚îÄ‚îÄ‚îÄ‚îÄ‚îÄ‚îÄ‚îÄ‚îÄ‚îÄ‚îÄ‚îÄ‚îÄ‚îÄ‚îÄ‚îÄ‚îÄ‚îÄ‚îÄ‚îÄ‚îÄ‚îÄ‚îÄ‚îÄ‚îÄ‚îÄ‚îÄ‚îÄ‚îÄ‚îÄ‚îÄ‚îÄ‚îÄ‚îÄ‚îÄ‚îÄ‚îÄ‚îÄ‚îÄ‚îÄ‚îÄ‚îÄ‚îÄ‚îÄ‚îÄ‚îÄ‚îÄ‚îÄ‚îÄ‚îÄ‚îÄ‚îÄ‚îÄ‚îÄ‚îÄ‚îÄ‚îÄ‚îÄ‚îÄ‚îÄ‚îÄ

    attachment #2: video (video/webm) ‚îÄ‚îÄ‚îÄ‚îÄ‚îÄ‚îÄ‚îÄ‚îÄ‚îÄ‚îÄ‚îÄ‚îÄ‚îÄ‚îÄ‚îÄ‚îÄ‚îÄ‚îÄ‚îÄ‚îÄ‚îÄ‚îÄ‚îÄ‚îÄ‚îÄ‚îÄ‚îÄ‚îÄ‚îÄ‚îÄ‚îÄ‚îÄ‚îÄ‚îÄ‚îÄ‚îÄ‚îÄ‚îÄ‚îÄ‚îÄ‚îÄ‚îÄ‚îÄ‚îÄ‚îÄ‚îÄ‚îÄ‚îÄ‚îÄ‚îÄ‚îÄ‚îÄ‚îÄ‚îÄ‚îÄ‚îÄ‚îÄ‚îÄ‚îÄ‚îÄ‚îÄ‚îÄ
    test-results\hierarchical-diagram-debug-0893e-d-measure-canvas-dimensions-chromium\video.webm
    ‚îÄ‚îÄ‚îÄ‚îÄ‚îÄ‚îÄ‚îÄ‚îÄ‚îÄ‚îÄ‚îÄ‚îÄ‚îÄ‚îÄ‚îÄ‚îÄ‚îÄ‚îÄ‚îÄ‚îÄ‚îÄ‚îÄ‚îÄ‚îÄ‚îÄ‚îÄ‚îÄ‚îÄ‚îÄ‚îÄ‚îÄ‚îÄ‚îÄ‚îÄ‚îÄ‚îÄ‚îÄ‚îÄ‚îÄ‚îÄ‚îÄ‚îÄ‚îÄ‚îÄ‚îÄ‚îÄ‚îÄ‚îÄ‚îÄ‚îÄ‚îÄ‚îÄ‚îÄ‚îÄ‚îÄ‚îÄ‚îÄ‚îÄ‚îÄ‚îÄ‚îÄ‚îÄ‚îÄ‚îÄ‚îÄ‚îÄ‚îÄ‚îÄ‚îÄ‚îÄ‚îÄ‚îÄ‚îÄ‚îÄ‚îÄ‚îÄ‚îÄ‚îÄ‚îÄ‚îÄ‚îÄ‚îÄ‚îÄ‚îÄ‚îÄ‚îÄ‚îÄ‚îÄ‚îÄ‚îÄ‚îÄ‚îÄ‚îÄ‚îÄ‚îÄ‚îÄ

    Error Context: test-results\hierarchical-diagram-debug-0893e-d-measure-canvas-dimensions-chromium\error-context.md

  23) [chromium] ‚Ä∫ tests\e2e\hierarchical-diagram-debug.spec.ts:200:7 ‚Ä∫ Hierarchical Diagram - Specific Issues ‚Ä∫ issue: nodes may be overlapping vertically 

    Error: [2mexpect([22m[31mreceived[39m[2m).[22mtoBeLessThan[2m([22m[32mexpected[39m[2m)[22m

    Expected: < [32m7.1000000000000005[39m
    Received:   [31m65[39m
        at C:\Users\mauri\OneDrive - Harvard University\New folder (2)\healthsystems\frontend\tests\e2e\hierarchical-diagram-debug.spec.ts:241:26)
        at C:\Users\mauri\OneDrive - Harvard University\New folder (2)\healthsystems\frontend\node_modules\playwright\lib\worker\workerMain.js:310:9)
        at C:\Users\mauri\OneDrive - Harvard University\New folder (2)\healthsystems\frontend\node_modules\playwright\lib\worker\testInfo.js:305:11)
        at C:\Users\mauri\OneDrive - Harvard University\New folder (2)\healthsystems\frontend\node_modules\playwright\lib\worker\workerMain.js:308:7)

    attachment #1: screenshot (image/png) ‚îÄ‚îÄ‚îÄ‚îÄ‚îÄ‚îÄ‚îÄ‚îÄ‚îÄ‚îÄ‚îÄ‚îÄ‚îÄ‚îÄ‚îÄ‚îÄ‚îÄ‚îÄ‚îÄ‚îÄ‚îÄ‚îÄ‚îÄ‚îÄ‚îÄ‚îÄ‚îÄ‚îÄ‚îÄ‚îÄ‚îÄ‚îÄ‚îÄ‚îÄ‚îÄ‚îÄ‚îÄ‚îÄ‚îÄ‚îÄ‚îÄ‚îÄ‚îÄ‚îÄ‚îÄ‚îÄ‚îÄ‚îÄ‚îÄ‚îÄ‚îÄ‚îÄ‚îÄ‚îÄ‚îÄ‚îÄ‚îÄ‚îÄ
    test-results\hierarchical-diagram-debug-f5c36-y-be-overlapping-vertically-chromium\test-failed-1.png
    ‚îÄ‚îÄ‚îÄ‚îÄ‚îÄ‚îÄ‚îÄ‚îÄ‚îÄ‚îÄ‚îÄ‚îÄ‚îÄ‚îÄ‚îÄ‚îÄ‚îÄ‚îÄ‚îÄ‚îÄ‚îÄ‚îÄ‚îÄ‚îÄ‚îÄ‚îÄ‚îÄ‚îÄ‚îÄ‚îÄ‚îÄ‚îÄ‚îÄ‚îÄ‚îÄ‚îÄ‚îÄ‚îÄ‚îÄ‚îÄ‚îÄ‚îÄ‚îÄ‚îÄ‚îÄ‚îÄ‚îÄ‚îÄ‚îÄ‚îÄ‚îÄ‚îÄ‚îÄ‚îÄ‚îÄ‚îÄ‚îÄ‚îÄ‚îÄ‚îÄ‚îÄ‚îÄ‚îÄ‚îÄ‚îÄ‚îÄ‚îÄ‚îÄ‚îÄ‚îÄ‚îÄ‚îÄ‚îÄ‚îÄ‚îÄ‚îÄ‚îÄ‚îÄ‚îÄ‚îÄ‚îÄ‚îÄ‚îÄ‚îÄ‚îÄ‚îÄ‚îÄ‚îÄ‚îÄ‚îÄ‚îÄ‚îÄ‚îÄ‚îÄ‚îÄ‚îÄ

    attachment #2: video (video/webm) ‚îÄ‚îÄ‚îÄ‚îÄ‚îÄ‚îÄ‚îÄ‚îÄ‚îÄ‚îÄ‚îÄ‚îÄ‚îÄ‚îÄ‚îÄ‚îÄ‚îÄ‚îÄ‚îÄ‚îÄ‚îÄ‚îÄ‚îÄ‚îÄ‚îÄ‚îÄ‚îÄ‚îÄ‚îÄ‚îÄ‚îÄ‚îÄ‚îÄ‚îÄ‚îÄ‚îÄ‚îÄ‚îÄ‚îÄ‚îÄ‚îÄ‚îÄ‚îÄ‚îÄ‚îÄ‚îÄ‚îÄ‚îÄ‚îÄ‚îÄ‚îÄ‚îÄ‚îÄ‚îÄ‚îÄ‚îÄ‚îÄ‚îÄ‚îÄ‚îÄ‚îÄ‚îÄ
    test-results\hierarchical-diagram-debug-f5c36-y-be-overlapping-vertically-chromium\video.webm
    ‚îÄ‚îÄ‚îÄ‚îÄ‚îÄ‚îÄ‚îÄ‚îÄ‚îÄ‚îÄ‚îÄ‚îÄ‚îÄ‚îÄ‚îÄ‚îÄ‚îÄ‚îÄ‚îÄ‚îÄ‚îÄ‚îÄ‚îÄ‚îÄ‚îÄ‚îÄ‚îÄ‚îÄ‚îÄ‚îÄ‚îÄ‚îÄ‚îÄ‚îÄ‚îÄ‚îÄ‚îÄ‚îÄ‚îÄ‚îÄ‚îÄ‚îÄ‚îÄ‚îÄ‚îÄ‚îÄ‚îÄ‚îÄ‚îÄ‚îÄ‚îÄ‚îÄ‚îÄ‚îÄ‚îÄ‚îÄ‚îÄ‚îÄ‚îÄ‚îÄ‚îÄ‚îÄ‚îÄ‚îÄ‚îÄ‚îÄ‚îÄ‚îÄ‚îÄ‚îÄ‚îÄ‚îÄ‚îÄ‚îÄ‚îÄ‚îÄ‚îÄ‚îÄ‚îÄ‚îÄ‚îÄ‚îÄ‚îÄ‚îÄ‚îÄ‚îÄ‚îÄ‚îÄ‚îÄ‚îÄ‚îÄ‚îÄ‚îÄ‚îÄ‚îÄ‚îÄ

    Error Context: test-results\hierarchical-diagram-debug-f5c36-y-be-overlapping-vertically-chromium\error-context.md

  24) [chromium] ‚Ä∫ tests\e2e\hierarchical-diagram-debug.spec.ts:346:7 ‚Ä∫ Alcoholism System Diagram - Specific View ‚Ä∫ should verify alcoholism nodes are correctly categorized 

    Error: [2mexpect([22m[31mreceived[39m[2m).[22mtoBeGreaterThan[2m([22m[32mexpected[39m[2m)[22m

    Expected: > [32m0[39m
    Received:   [31m0[39m
        at C:\Users\mauri\OneDrive - Harvard University\New folder (2)\healthsystems\frontend\tests\e2e\hierarchical-diagram-debug.spec.ts:357:19)
        at C:\Users\mauri\OneDrive - Harvard University\New folder (2)\healthsystems\frontend\node_modules\playwright\lib\worker\workerMain.js:310:9)
        at C:\Users\mauri\OneDrive - Harvard University\New folder (2)\healthsystems\frontend\node_modules\playwright\lib\worker\testInfo.js:305:11)
        at C:\Users\mauri\OneDrive - Harvard University\New folder (2)\healthsystems\frontend\node_modules\playwright\lib\worker\workerMain.js:308:7)

    attachment #1: screenshot (image/png) ‚îÄ‚îÄ‚îÄ‚îÄ‚îÄ‚îÄ‚îÄ‚îÄ‚îÄ‚îÄ‚îÄ‚îÄ‚îÄ‚îÄ‚îÄ‚îÄ‚îÄ‚îÄ‚îÄ‚îÄ‚îÄ‚îÄ‚îÄ‚îÄ‚îÄ‚îÄ‚îÄ‚îÄ‚îÄ‚îÄ‚îÄ‚îÄ‚îÄ‚îÄ‚îÄ‚îÄ‚îÄ‚îÄ‚îÄ‚îÄ‚îÄ‚îÄ‚îÄ‚îÄ‚îÄ‚îÄ‚îÄ‚îÄ‚îÄ‚îÄ‚îÄ‚îÄ‚îÄ‚îÄ‚îÄ‚îÄ‚îÄ‚îÄ
    test-results\hierarchical-diagram-debug-00b93-s-are-correctly-categorized-chromium\test-failed-1.png
    ‚îÄ‚îÄ‚îÄ‚îÄ‚îÄ‚îÄ‚îÄ‚îÄ‚îÄ‚îÄ‚îÄ‚îÄ‚îÄ‚îÄ‚îÄ‚îÄ‚îÄ‚îÄ‚îÄ‚îÄ‚îÄ‚îÄ‚îÄ‚îÄ‚îÄ‚îÄ‚îÄ‚îÄ‚îÄ‚îÄ‚îÄ‚îÄ‚îÄ‚îÄ‚îÄ‚îÄ‚îÄ‚îÄ‚îÄ‚îÄ‚îÄ‚îÄ‚îÄ‚îÄ‚îÄ‚îÄ‚îÄ‚îÄ‚îÄ‚îÄ‚îÄ‚îÄ‚îÄ‚îÄ‚îÄ‚îÄ‚îÄ‚îÄ‚îÄ‚îÄ‚îÄ‚îÄ‚îÄ‚îÄ‚îÄ‚îÄ‚îÄ‚îÄ‚îÄ‚îÄ‚îÄ‚îÄ‚îÄ‚îÄ‚îÄ‚îÄ‚îÄ‚îÄ‚îÄ‚îÄ‚îÄ‚îÄ‚îÄ‚îÄ‚îÄ‚îÄ‚îÄ‚îÄ‚îÄ‚îÄ‚îÄ‚îÄ‚îÄ‚îÄ‚îÄ‚îÄ

    attachment #2: video (video/webm) ‚îÄ‚îÄ‚îÄ‚îÄ‚îÄ‚îÄ‚îÄ‚îÄ‚îÄ‚îÄ‚îÄ‚îÄ‚îÄ‚îÄ‚îÄ‚îÄ‚îÄ‚îÄ‚îÄ‚îÄ‚îÄ‚îÄ‚îÄ‚îÄ‚îÄ‚îÄ‚îÄ‚îÄ‚îÄ‚îÄ‚îÄ‚îÄ‚îÄ‚îÄ‚îÄ‚îÄ‚îÄ‚îÄ‚îÄ‚îÄ‚îÄ‚îÄ‚îÄ‚îÄ‚îÄ‚îÄ‚îÄ‚îÄ‚îÄ‚îÄ‚îÄ‚îÄ‚îÄ‚îÄ‚îÄ‚îÄ‚îÄ‚îÄ‚îÄ‚îÄ‚îÄ‚îÄ
    test-results\hierarchical-diagram-debug-00b93-s-are-correctly-categorized-chromium\video.webm
    ‚îÄ‚îÄ‚îÄ‚îÄ‚îÄ‚îÄ‚îÄ‚îÄ‚îÄ‚îÄ‚îÄ‚îÄ‚îÄ‚îÄ‚îÄ‚îÄ‚îÄ‚îÄ‚îÄ‚îÄ‚îÄ‚îÄ‚îÄ‚îÄ‚îÄ‚îÄ‚îÄ‚îÄ‚îÄ‚îÄ‚îÄ‚îÄ‚îÄ‚îÄ‚îÄ‚îÄ‚îÄ‚îÄ‚îÄ‚îÄ‚îÄ‚îÄ‚îÄ‚îÄ‚îÄ‚îÄ‚îÄ‚îÄ‚îÄ‚îÄ‚îÄ‚îÄ‚îÄ‚îÄ‚îÄ‚îÄ‚îÄ‚îÄ‚îÄ‚îÄ‚îÄ‚îÄ‚îÄ‚îÄ‚îÄ‚îÄ‚îÄ‚îÄ‚îÄ‚îÄ‚îÄ‚îÄ‚îÄ‚îÄ‚îÄ‚îÄ‚îÄ‚îÄ‚îÄ‚îÄ‚îÄ‚îÄ‚îÄ‚îÄ‚îÄ‚îÄ‚îÄ‚îÄ‚îÄ‚îÄ‚îÄ‚îÄ‚îÄ‚îÄ‚îÄ‚îÄ

    Error Context: test-results\hierarchical-diagram-debug-00b93-s-are-correctly-categorized-chromium\error-context.md

  25) [chromium] ‚Ä∫ tests\e2e\node-library-view.spec.ts:328:7 ‚Ä∫ Node Library View ‚Ä∫ Should show node preview panel 

    [31mTest timeout of 30000ms exceeded.[39m

    Error: locator.click: Test timeout of 30000ms exceeded.
    Call log:
    [2m  - waiting for locator('tr, [role="row"]').nth(1)[22m

        at C:\Users\mauri\OneDrive - Harvard University\New folder (2)\healthsystems\frontend\tests\e2e\node-library-view.spec.ts:341:20)
        at C:\Users\mauri\OneDrive - Harvard University\New folder (2)\healthsystems\frontend\node_modules\playwright\lib\worker\workerMain.js:310:9)
        at C:\Users\mauri\OneDrive - Harvard University\New folder (2)\healthsystems\frontend\node_modules\playwright\lib\worker\testInfo.js:305:11)
        at C:\Users\mauri\OneDrive - Harvard University\New folder (2)\healthsystems\frontend\node_modules\playwright\lib\worker\workerMain.js:308:7)

    attachment #1: screenshot (image/png) ‚îÄ‚îÄ‚îÄ‚îÄ‚îÄ‚îÄ‚îÄ‚îÄ‚îÄ‚îÄ‚îÄ‚îÄ‚îÄ‚îÄ‚îÄ‚îÄ‚îÄ‚îÄ‚îÄ‚îÄ‚îÄ‚îÄ‚îÄ‚îÄ‚îÄ‚îÄ‚îÄ‚îÄ‚îÄ‚îÄ‚îÄ‚îÄ‚îÄ‚îÄ‚îÄ‚îÄ‚îÄ‚îÄ‚îÄ‚îÄ‚îÄ‚îÄ‚îÄ‚îÄ‚îÄ‚îÄ‚îÄ‚îÄ‚îÄ‚îÄ‚îÄ‚îÄ‚îÄ‚îÄ‚îÄ‚îÄ‚îÄ‚îÄ
    test-results\node-library-view-Node-Lib-12bee-uld-show-node-preview-panel-chromium\test-failed-1.png
    ‚îÄ‚îÄ‚îÄ‚îÄ‚îÄ‚îÄ‚îÄ‚îÄ‚îÄ‚îÄ‚îÄ‚îÄ‚îÄ‚îÄ‚îÄ‚îÄ‚îÄ‚îÄ‚îÄ‚îÄ‚îÄ‚îÄ‚îÄ‚îÄ‚îÄ‚îÄ‚îÄ‚îÄ‚îÄ‚îÄ‚îÄ‚îÄ‚îÄ‚îÄ‚îÄ‚îÄ‚îÄ‚îÄ‚îÄ‚îÄ‚îÄ‚îÄ‚îÄ‚îÄ‚îÄ‚îÄ‚îÄ‚îÄ‚îÄ‚îÄ‚îÄ‚îÄ‚îÄ‚îÄ‚îÄ‚îÄ‚îÄ‚îÄ‚îÄ‚îÄ‚îÄ‚îÄ‚îÄ‚îÄ‚îÄ‚îÄ‚îÄ‚îÄ‚îÄ‚îÄ‚îÄ‚îÄ‚îÄ‚îÄ‚îÄ‚îÄ‚îÄ‚îÄ‚îÄ‚îÄ‚îÄ‚îÄ‚îÄ‚îÄ‚îÄ‚îÄ‚îÄ‚îÄ‚îÄ‚îÄ‚îÄ‚îÄ‚îÄ‚îÄ‚îÄ‚îÄ

    attachment #2: video (video/webm) ‚îÄ‚îÄ‚îÄ‚îÄ‚îÄ‚îÄ‚îÄ‚îÄ‚îÄ‚îÄ‚îÄ‚îÄ‚îÄ‚îÄ‚îÄ‚îÄ‚îÄ‚îÄ‚îÄ‚îÄ‚îÄ‚îÄ‚îÄ‚îÄ‚îÄ‚îÄ‚îÄ‚îÄ‚îÄ‚îÄ‚îÄ‚îÄ‚îÄ‚îÄ‚îÄ‚îÄ‚îÄ‚îÄ‚îÄ‚îÄ‚îÄ‚îÄ‚îÄ‚îÄ‚îÄ‚îÄ‚îÄ‚îÄ‚îÄ‚îÄ‚îÄ‚îÄ‚îÄ‚îÄ‚îÄ‚îÄ‚îÄ‚îÄ‚îÄ‚îÄ‚îÄ‚îÄ
    test-results\node-library-view-Node-Lib-12bee-uld-show-node-preview-panel-chromium\video.webm
    ‚îÄ‚îÄ‚îÄ‚îÄ‚îÄ‚îÄ‚îÄ‚îÄ‚îÄ‚îÄ‚îÄ‚îÄ‚îÄ‚îÄ‚îÄ‚îÄ‚îÄ‚îÄ‚îÄ‚îÄ‚îÄ‚îÄ‚îÄ‚îÄ‚îÄ‚îÄ‚îÄ‚îÄ‚îÄ‚îÄ‚îÄ‚îÄ‚îÄ‚îÄ‚îÄ‚îÄ‚îÄ‚îÄ‚îÄ‚îÄ‚îÄ‚îÄ‚îÄ‚îÄ‚îÄ‚îÄ‚îÄ‚îÄ‚îÄ‚îÄ‚îÄ‚îÄ‚îÄ‚îÄ‚îÄ‚îÄ‚îÄ‚îÄ‚îÄ‚îÄ‚îÄ‚îÄ‚îÄ‚îÄ‚îÄ‚îÄ‚îÄ‚îÄ‚îÄ‚îÄ‚îÄ‚îÄ‚îÄ‚îÄ‚îÄ‚îÄ‚îÄ‚îÄ‚îÄ‚îÄ‚îÄ‚îÄ‚îÄ‚îÄ‚îÄ‚îÄ‚îÄ‚îÄ‚îÄ‚îÄ‚îÄ‚îÄ‚îÄ‚îÄ‚îÄ‚îÄ

    Error Context: test-results\node-library-view-Node-Lib-12bee-uld-show-node-preview-panel-chromium\error-context.md

  26) [chromium] ‚Ä∫ tests\e2e\node-library-view.spec.ts:371:7 ‚Ä∫ Node Library View ‚Ä∫ Should show node connections in preview 

    [31mTest timeout of 30000ms exceeded.[39m

    Error: locator.click: Test timeout of 30000ms exceeded.
    Call log:
    [2m  - waiting for locator('tr, [role="row"]').nth(1)[22m

        at C:\Users\mauri\OneDrive - Harvard University\New folder (2)\healthsystems\frontend\tests\e2e\node-library-view.spec.ts:384:20)
        at C:\Users\mauri\OneDrive - Harvard University\New folder (2)\healthsystems\frontend\node_modules\playwright\lib\worker\workerMain.js:310:9)
        at C:\Users\mauri\OneDrive - Harvard University\New folder (2)\healthsystems\frontend\node_modules\playwright\lib\worker\testInfo.js:305:11)
        at C:\Users\mauri\OneDrive - Harvard University\New folder (2)\healthsystems\frontend\node_modules\playwright\lib\worker\workerMain.js:308:7)

    attachment #1: screenshot (image/png) ‚îÄ‚îÄ‚îÄ‚îÄ‚îÄ‚îÄ‚îÄ‚îÄ‚îÄ‚îÄ‚îÄ‚îÄ‚îÄ‚îÄ‚îÄ‚îÄ‚îÄ‚îÄ‚îÄ‚îÄ‚îÄ‚îÄ‚îÄ‚îÄ‚îÄ‚îÄ‚îÄ‚îÄ‚îÄ‚îÄ‚îÄ‚îÄ‚îÄ‚îÄ‚îÄ‚îÄ‚îÄ‚îÄ‚îÄ‚îÄ‚îÄ‚îÄ‚îÄ‚îÄ‚îÄ‚îÄ‚îÄ‚îÄ‚îÄ‚îÄ‚îÄ‚îÄ‚îÄ‚îÄ‚îÄ‚îÄ‚îÄ‚îÄ
    test-results\node-library-view-Node-Lib-773cd-node-connections-in-preview-chromium\test-failed-1.png
    ‚îÄ‚îÄ‚îÄ‚îÄ‚îÄ‚îÄ‚îÄ‚îÄ‚îÄ‚îÄ‚îÄ‚îÄ‚îÄ‚îÄ‚îÄ‚îÄ‚îÄ‚îÄ‚îÄ‚îÄ‚îÄ‚îÄ‚îÄ‚îÄ‚îÄ‚îÄ‚îÄ‚îÄ‚îÄ‚îÄ‚îÄ‚îÄ‚îÄ‚îÄ‚îÄ‚îÄ‚îÄ‚îÄ‚îÄ‚îÄ‚îÄ‚îÄ‚îÄ‚îÄ‚îÄ‚îÄ‚îÄ‚îÄ‚îÄ‚îÄ‚îÄ‚îÄ‚îÄ‚îÄ‚îÄ‚îÄ‚îÄ‚îÄ‚îÄ‚îÄ‚îÄ‚îÄ‚îÄ‚îÄ‚îÄ‚îÄ‚îÄ‚îÄ‚îÄ‚îÄ‚îÄ‚îÄ‚îÄ‚îÄ‚îÄ‚îÄ‚îÄ‚îÄ‚îÄ‚îÄ‚îÄ‚îÄ‚îÄ‚îÄ‚îÄ‚îÄ‚îÄ‚îÄ‚îÄ‚îÄ‚îÄ‚îÄ‚îÄ‚îÄ‚îÄ‚îÄ

    attachment #2: video (video/webm) ‚îÄ‚îÄ‚îÄ‚îÄ‚îÄ‚îÄ‚îÄ‚îÄ‚îÄ‚îÄ‚îÄ‚îÄ‚îÄ‚îÄ‚îÄ‚îÄ‚îÄ‚îÄ‚îÄ‚îÄ‚îÄ‚îÄ‚îÄ‚îÄ‚îÄ‚îÄ‚îÄ‚îÄ‚îÄ‚îÄ‚îÄ‚îÄ‚îÄ‚îÄ‚îÄ‚îÄ‚îÄ‚îÄ‚îÄ‚îÄ‚îÄ‚îÄ‚îÄ‚îÄ‚îÄ‚îÄ‚îÄ‚îÄ‚îÄ‚îÄ‚îÄ‚îÄ‚îÄ‚îÄ‚îÄ‚îÄ‚îÄ‚îÄ‚îÄ‚îÄ‚îÄ‚îÄ
    test-results\node-library-view-Node-Lib-773cd-node-connections-in-preview-chromium\video.webm
    ‚îÄ‚îÄ‚îÄ‚îÄ‚îÄ‚îÄ‚îÄ‚îÄ‚îÄ‚îÄ‚îÄ‚îÄ‚îÄ‚îÄ‚îÄ‚îÄ‚îÄ‚îÄ‚îÄ‚îÄ‚îÄ‚îÄ‚îÄ‚îÄ‚îÄ‚îÄ‚îÄ‚îÄ‚îÄ‚îÄ‚îÄ‚îÄ‚îÄ‚îÄ‚îÄ‚îÄ‚îÄ‚îÄ‚îÄ‚îÄ‚îÄ‚îÄ‚îÄ‚îÄ‚îÄ‚îÄ‚îÄ‚îÄ‚îÄ‚îÄ‚îÄ‚îÄ‚îÄ‚îÄ‚îÄ‚îÄ‚îÄ‚îÄ‚îÄ‚îÄ‚îÄ‚îÄ‚îÄ‚îÄ‚îÄ‚îÄ‚îÄ‚îÄ‚îÄ‚îÄ‚îÄ‚îÄ‚îÄ‚îÄ‚îÄ‚îÄ‚îÄ‚îÄ‚îÄ‚îÄ‚îÄ‚îÄ‚îÄ‚îÄ‚îÄ‚îÄ‚îÄ‚îÄ‚îÄ‚îÄ‚îÄ‚îÄ‚îÄ‚îÄ‚îÄ‚îÄ

    Error Context: test-results\node-library-view-Node-Lib-773cd-node-connections-in-preview-chromium\error-context.md

  27) [chromium] ‚Ä∫ tests\e2e\node-rendering-diagnostic.spec.ts:7:5 ‚Ä∫ Node Rendering Diagnostic ‚îÄ‚îÄ‚îÄ‚îÄ‚îÄ

    Error: [2mexpect([22m[31mlocator[39m[2m).[22mtoBeVisible[2m([22m[2m)[22m failed

    Locator: locator('svg:has(g.graph-container)')
    Expected: visible
    Timeout: 10000ms
    Error: element(s) not found

    Call log:
    [2m  - Expect "toBeVisible" with timeout 10000ms[22m
    [2m  - waiting for locator('svg:has(g.graph-container)')[22m

        at C:\Users\mauri\OneDrive - Harvard University\New folder (2)\healthsystems\frontend\tests\e2e\node-rendering-diagnostic.spec.ts:15:21)
        at C:\Users\mauri\OneDrive - Harvard University\New folder (2)\healthsystems\frontend\node_modules\playwright\lib\worker\workerMain.js:310:9)
        at C:\Users\mauri\OneDrive - Harvard University\New folder (2)\healthsystems\frontend\node_modules\playwright\lib\worker\testInfo.js:305:11)
        at C:\Users\mauri\OneDrive - Harvard University\New folder (2)\healthsystems\frontend\node_modules\playwright\lib\worker\workerMain.js:308:7)

    attachment #1: screenshot (image/png) ‚îÄ‚îÄ‚îÄ‚îÄ‚îÄ‚îÄ‚îÄ‚îÄ‚îÄ‚îÄ‚îÄ‚îÄ‚îÄ‚îÄ‚îÄ‚îÄ‚îÄ‚îÄ‚îÄ‚îÄ‚îÄ‚îÄ‚îÄ‚îÄ‚îÄ‚îÄ‚îÄ‚îÄ‚îÄ‚îÄ‚îÄ‚îÄ‚îÄ‚îÄ‚îÄ‚îÄ‚îÄ‚îÄ‚îÄ‚îÄ‚îÄ‚îÄ‚îÄ‚îÄ‚îÄ‚îÄ‚îÄ‚îÄ‚îÄ‚îÄ‚îÄ‚îÄ‚îÄ‚îÄ‚îÄ‚îÄ‚îÄ‚îÄ
    test-results\node-rendering-diagnostic-Node-Rendering-Diagnostic-chromium\test-failed-1.png
    ‚îÄ‚îÄ‚îÄ‚îÄ‚îÄ‚îÄ‚îÄ‚îÄ‚îÄ‚îÄ‚îÄ‚îÄ‚îÄ‚îÄ‚îÄ‚îÄ‚îÄ‚îÄ‚îÄ‚îÄ‚îÄ‚îÄ‚îÄ‚îÄ‚îÄ‚îÄ‚îÄ‚îÄ‚îÄ‚îÄ‚îÄ‚îÄ‚îÄ‚îÄ‚îÄ‚îÄ‚îÄ‚îÄ‚îÄ‚îÄ‚îÄ‚îÄ‚îÄ‚îÄ‚îÄ‚îÄ‚îÄ‚îÄ‚îÄ‚îÄ‚îÄ‚îÄ‚îÄ‚îÄ‚îÄ‚îÄ‚îÄ‚îÄ‚îÄ‚îÄ‚îÄ‚îÄ‚îÄ‚îÄ‚îÄ‚îÄ‚îÄ‚îÄ‚îÄ‚îÄ‚îÄ‚îÄ‚îÄ‚îÄ‚îÄ‚îÄ‚îÄ‚îÄ‚îÄ‚îÄ‚îÄ‚îÄ‚îÄ‚îÄ‚îÄ‚îÄ‚îÄ‚îÄ‚îÄ‚îÄ‚îÄ‚îÄ‚îÄ‚îÄ‚îÄ‚îÄ

    attachment #2: video (video/webm) ‚îÄ‚îÄ‚îÄ‚îÄ‚îÄ‚îÄ‚îÄ‚îÄ‚îÄ‚îÄ‚îÄ‚îÄ‚îÄ‚îÄ‚îÄ‚îÄ‚îÄ‚îÄ‚îÄ‚îÄ‚îÄ‚îÄ‚îÄ‚îÄ‚îÄ‚îÄ‚îÄ‚îÄ‚îÄ‚îÄ‚îÄ‚îÄ‚îÄ‚îÄ‚îÄ‚îÄ‚îÄ‚îÄ‚îÄ‚îÄ‚îÄ‚îÄ‚îÄ‚îÄ‚îÄ‚îÄ‚îÄ‚îÄ‚îÄ‚îÄ‚îÄ‚îÄ‚îÄ‚îÄ‚îÄ‚îÄ‚îÄ‚îÄ‚îÄ‚îÄ‚îÄ‚îÄ
    test-results\node-rendering-diagnostic-Node-Rendering-Diagnostic-chromium\video.webm
    ‚îÄ‚îÄ‚îÄ‚îÄ‚îÄ‚îÄ‚îÄ‚îÄ‚îÄ‚îÄ‚îÄ‚îÄ‚îÄ‚îÄ‚îÄ‚îÄ‚îÄ‚îÄ‚îÄ‚îÄ‚îÄ‚îÄ‚îÄ‚îÄ‚îÄ‚îÄ‚îÄ‚îÄ‚îÄ‚îÄ‚îÄ‚îÄ‚îÄ‚îÄ‚îÄ‚îÄ‚îÄ‚îÄ‚îÄ‚îÄ‚îÄ‚îÄ‚îÄ‚îÄ‚îÄ‚îÄ‚îÄ‚îÄ‚îÄ‚îÄ‚îÄ‚îÄ‚îÄ‚îÄ‚îÄ‚îÄ‚îÄ‚îÄ‚îÄ‚îÄ‚îÄ‚îÄ‚îÄ‚îÄ‚îÄ‚îÄ‚îÄ‚îÄ‚îÄ‚îÄ‚îÄ‚îÄ‚îÄ‚îÄ‚îÄ‚îÄ‚îÄ‚îÄ‚îÄ‚îÄ‚îÄ‚îÄ‚îÄ‚îÄ‚îÄ‚îÄ‚îÄ‚îÄ‚îÄ‚îÄ‚îÄ‚îÄ‚îÄ‚îÄ‚îÄ‚îÄ

    Error Context: test-results\node-rendering-diagnostic-Node-Rendering-Diagnostic-chromium\error-context.md

  28) [chromium] ‚Ä∫ tests\e2e\pathfinder-view.spec.ts:79:7 ‚Ä∫ Pathfinder View ‚Ä∫ Mode switches after selecting from node 

    [31mTest timeout of 30000ms exceeded.[39m

    Error: locator.click: Test timeout of 30000ms exceeded.
    Call log:
    [2m  - waiting for locator('g.node').first()[22m

        at C:\Users\mauri\OneDrive - Harvard University\New folder (2)\healthsystems\frontend\tests\e2e\pathfinder-view.spec.ts:87:21)
        at C:\Users\mauri\OneDrive - Harvard University\New folder (2)\healthsystems\frontend\node_modules\playwright\lib\worker\workerMain.js:310:9)
        at C:\Users\mauri\OneDrive - Harvard University\New folder (2)\healthsystems\frontend\node_modules\playwright\lib\worker\testInfo.js:305:11)
        at C:\Users\mauri\OneDrive - Harvard University\New folder (2)\healthsystems\frontend\node_modules\playwright\lib\worker\workerMain.js:308:7)

    attachment #1: screenshot (image/png) ‚îÄ‚îÄ‚îÄ‚îÄ‚îÄ‚îÄ‚îÄ‚îÄ‚îÄ‚îÄ‚îÄ‚îÄ‚îÄ‚îÄ‚îÄ‚îÄ‚îÄ‚îÄ‚îÄ‚îÄ‚îÄ‚îÄ‚îÄ‚îÄ‚îÄ‚îÄ‚îÄ‚îÄ‚îÄ‚îÄ‚îÄ‚îÄ‚îÄ‚îÄ‚îÄ‚îÄ‚îÄ‚îÄ‚îÄ‚îÄ‚îÄ‚îÄ‚îÄ‚îÄ‚îÄ‚îÄ‚îÄ‚îÄ‚îÄ‚îÄ‚îÄ‚îÄ‚îÄ‚îÄ‚îÄ‚îÄ‚îÄ‚îÄ
    test-results\pathfinder-view-Pathfinder-b1757-s-after-selecting-from-node-chromium\test-failed-1.png
    ‚îÄ‚îÄ‚îÄ‚îÄ‚îÄ‚îÄ‚îÄ‚îÄ‚îÄ‚îÄ‚îÄ‚îÄ‚îÄ‚îÄ‚îÄ‚îÄ‚îÄ‚îÄ‚îÄ‚îÄ‚îÄ‚îÄ‚îÄ‚îÄ‚îÄ‚îÄ‚îÄ‚îÄ‚îÄ‚îÄ‚îÄ‚îÄ‚îÄ‚îÄ‚îÄ‚îÄ‚îÄ‚îÄ‚îÄ‚îÄ‚îÄ‚îÄ‚îÄ‚îÄ‚îÄ‚îÄ‚îÄ‚îÄ‚îÄ‚îÄ‚îÄ‚îÄ‚îÄ‚îÄ‚îÄ‚îÄ‚îÄ‚îÄ‚îÄ‚îÄ‚îÄ‚îÄ‚îÄ‚îÄ‚îÄ‚îÄ‚îÄ‚îÄ‚îÄ‚îÄ‚îÄ‚îÄ‚îÄ‚îÄ‚îÄ‚îÄ‚îÄ‚îÄ‚îÄ‚îÄ‚îÄ‚îÄ‚îÄ‚îÄ‚îÄ‚îÄ‚îÄ‚îÄ‚îÄ‚îÄ‚îÄ‚îÄ‚îÄ‚îÄ‚îÄ‚îÄ

    attachment #2: video (video/webm) ‚îÄ‚îÄ‚îÄ‚îÄ‚îÄ‚îÄ‚îÄ‚îÄ‚îÄ‚îÄ‚îÄ‚îÄ‚îÄ‚îÄ‚îÄ‚îÄ‚îÄ‚îÄ‚îÄ‚îÄ‚îÄ‚îÄ‚îÄ‚îÄ‚îÄ‚îÄ‚îÄ‚îÄ‚îÄ‚îÄ‚îÄ‚îÄ‚îÄ‚îÄ‚îÄ‚îÄ‚îÄ‚îÄ‚îÄ‚îÄ‚îÄ‚îÄ‚îÄ‚îÄ‚îÄ‚îÄ‚îÄ‚îÄ‚îÄ‚îÄ‚îÄ‚îÄ‚îÄ‚îÄ‚îÄ‚îÄ‚îÄ‚îÄ‚îÄ‚îÄ‚îÄ‚îÄ
    test-results\pathfinder-view-Pathfinder-b1757-s-after-selecting-from-node-chromium\video.webm
    ‚îÄ‚îÄ‚îÄ‚îÄ‚îÄ‚îÄ‚îÄ‚îÄ‚îÄ‚îÄ‚îÄ‚îÄ‚îÄ‚îÄ‚îÄ‚îÄ‚îÄ‚îÄ‚îÄ‚îÄ‚îÄ‚îÄ‚îÄ‚îÄ‚îÄ‚îÄ‚îÄ‚îÄ‚îÄ‚îÄ‚îÄ‚îÄ‚îÄ‚îÄ‚îÄ‚îÄ‚îÄ‚îÄ‚îÄ‚îÄ‚îÄ‚îÄ‚îÄ‚îÄ‚îÄ‚îÄ‚îÄ‚îÄ‚îÄ‚îÄ‚îÄ‚îÄ‚îÄ‚îÄ‚îÄ‚îÄ‚îÄ‚îÄ‚îÄ‚îÄ‚îÄ‚îÄ‚îÄ‚îÄ‚îÄ‚îÄ‚îÄ‚îÄ‚îÄ‚îÄ‚îÄ‚îÄ‚îÄ‚îÄ‚îÄ‚îÄ‚îÄ‚îÄ‚îÄ‚îÄ‚îÄ‚îÄ‚îÄ‚îÄ‚îÄ‚îÄ‚îÄ‚îÄ‚îÄ‚îÄ‚îÄ‚îÄ‚îÄ‚îÄ‚îÄ‚îÄ

    Error Context: test-results\pathfinder-view-Pathfinder-b1757-s-after-selecting-from-node-chromium\error-context.md

  29) [chromium] ‚Ä∫ tests\e2e\pathfinder-view.spec.ts:104:7 ‚Ä∫ Pathfinder View ‚Ä∫ Can select both from and to nodes 

    TimeoutError: page.waitForSelector: Timeout 15000ms exceeded.
    Call log:
    [2m  - waiting for locator('g.node') to be visible[22m

        at C:\Users\mauri\OneDrive - Harvard University\New folder (2)\healthsystems\frontend\tests\e2e\pathfinder-view.spec.ts:105:16)
        at C:\Users\mauri\OneDrive - Harvard University\New folder (2)\healthsystems\frontend\node_modules\playwright\lib\worker\workerMain.js:310:15)
        at C:\Users\mauri\OneDrive - Harvard University\New folder (2)\healthsystems\frontend\node_modules\playwright\lib\worker\testInfo.js:305:17)
        at C:\Users\mauri\OneDrive - Harvard University\New folder (2)\healthsystems\frontend\node_modules\playwright\lib\worker\workerMain.js:308:22)

    attachment #1: screenshot (image/png) ‚îÄ‚îÄ‚îÄ‚îÄ‚îÄ‚îÄ‚îÄ‚îÄ‚îÄ‚îÄ‚îÄ‚îÄ‚îÄ‚îÄ‚îÄ‚îÄ‚îÄ‚îÄ‚îÄ‚îÄ‚îÄ‚îÄ‚îÄ‚îÄ‚îÄ‚îÄ‚îÄ‚îÄ‚îÄ‚îÄ‚îÄ‚îÄ‚îÄ‚îÄ‚îÄ‚îÄ‚îÄ‚îÄ‚îÄ‚îÄ‚îÄ‚îÄ‚îÄ‚îÄ‚îÄ‚îÄ‚îÄ‚îÄ‚îÄ‚îÄ‚îÄ‚îÄ‚îÄ‚îÄ‚îÄ‚îÄ‚îÄ‚îÄ
    test-results\pathfinder-view-Pathfinder-3c30e-lect-both-from-and-to-nodes-chromium\test-failed-1.png
    ‚îÄ‚îÄ‚îÄ‚îÄ‚îÄ‚îÄ‚îÄ‚îÄ‚îÄ‚îÄ‚îÄ‚îÄ‚îÄ‚îÄ‚îÄ‚îÄ‚îÄ‚îÄ‚îÄ‚îÄ‚îÄ‚îÄ‚îÄ‚îÄ‚îÄ‚îÄ‚îÄ‚îÄ‚îÄ‚îÄ‚îÄ‚îÄ‚îÄ‚îÄ‚îÄ‚îÄ‚îÄ‚îÄ‚îÄ‚îÄ‚îÄ‚îÄ‚îÄ‚îÄ‚îÄ‚îÄ‚îÄ‚îÄ‚îÄ‚îÄ‚îÄ‚îÄ‚îÄ‚îÄ‚îÄ‚îÄ‚îÄ‚îÄ‚îÄ‚îÄ‚îÄ‚îÄ‚îÄ‚îÄ‚îÄ‚îÄ‚îÄ‚îÄ‚îÄ‚îÄ‚îÄ‚îÄ‚îÄ‚îÄ‚îÄ‚îÄ‚îÄ‚îÄ‚îÄ‚îÄ‚îÄ‚îÄ‚îÄ‚îÄ‚îÄ‚îÄ‚îÄ‚îÄ‚îÄ‚îÄ‚îÄ‚îÄ‚îÄ‚îÄ‚îÄ‚îÄ

    attachment #2: video (video/webm) ‚îÄ‚îÄ‚îÄ‚îÄ‚îÄ‚îÄ‚îÄ‚îÄ‚îÄ‚îÄ‚îÄ‚îÄ‚îÄ‚îÄ‚îÄ‚îÄ‚îÄ‚îÄ‚îÄ‚îÄ‚îÄ‚îÄ‚îÄ‚îÄ‚îÄ‚îÄ‚îÄ‚îÄ‚îÄ‚îÄ‚îÄ‚îÄ‚îÄ‚îÄ‚îÄ‚îÄ‚îÄ‚îÄ‚îÄ‚îÄ‚îÄ‚îÄ‚îÄ‚îÄ‚îÄ‚îÄ‚îÄ‚îÄ‚îÄ‚îÄ‚îÄ‚îÄ‚îÄ‚îÄ‚îÄ‚îÄ‚îÄ‚îÄ‚îÄ‚îÄ‚îÄ‚îÄ
    test-results\pathfinder-view-Pathfinder-3c30e-lect-both-from-and-to-nodes-chromium\video.webm
    ‚îÄ‚îÄ‚îÄ‚îÄ‚îÄ‚îÄ‚îÄ‚îÄ‚îÄ‚îÄ‚îÄ‚îÄ‚îÄ‚îÄ‚îÄ‚îÄ‚îÄ‚îÄ‚îÄ‚îÄ‚îÄ‚îÄ‚îÄ‚îÄ‚îÄ‚îÄ‚îÄ‚îÄ‚îÄ‚îÄ‚îÄ‚îÄ‚îÄ‚îÄ‚îÄ‚îÄ‚îÄ‚îÄ‚îÄ‚îÄ‚îÄ‚îÄ‚îÄ‚îÄ‚îÄ‚îÄ‚îÄ‚îÄ‚îÄ‚îÄ‚îÄ‚îÄ‚îÄ‚îÄ‚îÄ‚îÄ‚îÄ‚îÄ‚îÄ‚îÄ‚îÄ‚îÄ‚îÄ‚îÄ‚îÄ‚îÄ‚îÄ‚îÄ‚îÄ‚îÄ‚îÄ‚îÄ‚îÄ‚îÄ‚îÄ‚îÄ‚îÄ‚îÄ‚îÄ‚îÄ‚îÄ‚îÄ‚îÄ‚îÄ‚îÄ‚îÄ‚îÄ‚îÄ‚îÄ‚îÄ‚îÄ‚îÄ‚îÄ‚îÄ‚îÄ‚îÄ

    Error Context: test-results\pathfinder-view-Pathfinder-3c30e-lect-both-from-and-to-nodes-chromium\error-context.md

  30) [chromium] ‚Ä∫ tests\e2e\pathfinder.spec.ts:16:9 ‚Ä∫ Pathfinder View ‚Ä∫ Page Load and Layout ‚Ä∫ should load the pathfinder page 

    Error: [2mexpect([22m[31mlocator[39m[2m).[22mtoContainText[2m([22m[32mexpected[39m[2m)[22m failed

    Locator: locator('h1, h2')
    Expected pattern: [32m/Pathfinder|Find Path/i[39m
    Error: strict mode violation: locator('h1, h2') resolved to 2 elements:
        1) <h1 class="text-3xl font-bold text-gray-900 mb-2">Pathfinder</h1> aka getByRole('heading', { name: 'Pathfinder' })
        2) <h2 class="text-lg font-semibold text-gray-900 mb-4">Search Configuration</h2> aka getByRole('heading', { name: 'Search Configuration' })

    Call log:
    [2m  - Expect "toContainText" with timeout 5000ms[22m
    [2m  - waiting for locator('h1, h2')[22m

        at C:\Users\mauri\OneDrive - Harvard University\New folder (2)\healthsystems\frontend\tests\e2e\pathfinder.spec.ts:18:44)
        at C:\Users\mauri\OneDrive - Harvard University\New folder (2)\healthsystems\frontend\node_modules\playwright\lib\worker\workerMain.js:310:9)
        at C:\Users\mauri\OneDrive - Harvard University\New folder (2)\healthsystems\frontend\node_modules\playwright\lib\worker\testInfo.js:305:11)
        at C:\Users\mauri\OneDrive - Harvard University\New folder (2)\healthsystems\frontend\node_modules\playwright\lib\worker\workerMain.js:308:7)

    attachment #1: screenshot (image/png) ‚îÄ‚îÄ‚îÄ‚îÄ‚îÄ‚îÄ‚îÄ‚îÄ‚îÄ‚îÄ‚îÄ‚îÄ‚îÄ‚îÄ‚îÄ‚îÄ‚îÄ‚îÄ‚îÄ‚îÄ‚îÄ‚îÄ‚îÄ‚îÄ‚îÄ‚îÄ‚îÄ‚îÄ‚îÄ‚îÄ‚îÄ‚îÄ‚îÄ‚îÄ‚îÄ‚îÄ‚îÄ‚îÄ‚îÄ‚îÄ‚îÄ‚îÄ‚îÄ‚îÄ‚îÄ‚îÄ‚îÄ‚îÄ‚îÄ‚îÄ‚îÄ‚îÄ‚îÄ‚îÄ‚îÄ‚îÄ‚îÄ‚îÄ
    test-results\pathfinder-Pathfinder-View-72111-ld-load-the-pathfinder-page-chromium\test-failed-1.png
    ‚îÄ‚îÄ‚îÄ‚îÄ‚îÄ‚îÄ‚îÄ‚îÄ‚îÄ‚îÄ‚îÄ‚îÄ‚îÄ‚îÄ‚îÄ‚îÄ‚îÄ‚îÄ‚îÄ‚îÄ‚îÄ‚îÄ‚îÄ‚îÄ‚îÄ‚îÄ‚îÄ‚îÄ‚îÄ‚îÄ‚îÄ‚îÄ‚îÄ‚îÄ‚îÄ‚îÄ‚îÄ‚îÄ‚îÄ‚îÄ‚îÄ‚îÄ‚îÄ‚îÄ‚îÄ‚îÄ‚îÄ‚îÄ‚îÄ‚îÄ‚îÄ‚îÄ‚îÄ‚îÄ‚îÄ‚îÄ‚îÄ‚îÄ‚îÄ‚îÄ‚îÄ‚îÄ‚îÄ‚îÄ‚îÄ‚îÄ‚îÄ‚îÄ‚îÄ‚îÄ‚îÄ‚îÄ‚îÄ‚îÄ‚îÄ‚îÄ‚îÄ‚îÄ‚îÄ‚îÄ‚îÄ‚îÄ‚îÄ‚îÄ‚îÄ‚îÄ‚îÄ‚îÄ‚îÄ‚îÄ‚îÄ‚îÄ‚îÄ‚îÄ‚îÄ‚îÄ

    attachment #2: video (video/webm) ‚îÄ‚îÄ‚îÄ‚îÄ‚îÄ‚îÄ‚îÄ‚îÄ‚îÄ‚îÄ‚îÄ‚îÄ‚îÄ‚îÄ‚îÄ‚îÄ‚îÄ‚îÄ‚îÄ‚îÄ‚îÄ‚îÄ‚îÄ‚îÄ‚îÄ‚îÄ‚îÄ‚îÄ‚îÄ‚îÄ‚îÄ‚îÄ‚îÄ‚îÄ‚îÄ‚îÄ‚îÄ‚îÄ‚îÄ‚îÄ‚îÄ‚îÄ‚îÄ‚îÄ‚îÄ‚îÄ‚îÄ‚îÄ‚îÄ‚îÄ‚îÄ‚îÄ‚îÄ‚îÄ‚îÄ‚îÄ‚îÄ‚îÄ‚îÄ‚îÄ‚îÄ‚îÄ
    test-results\pathfinder-Pathfinder-View-72111-ld-load-the-pathfinder-page-chromium\video.webm
    ‚îÄ‚îÄ‚îÄ‚îÄ‚îÄ‚îÄ‚îÄ‚îÄ‚îÄ‚îÄ‚îÄ‚îÄ‚îÄ‚îÄ‚îÄ‚îÄ‚îÄ‚îÄ‚îÄ‚îÄ‚îÄ‚îÄ‚îÄ‚îÄ‚îÄ‚îÄ‚îÄ‚îÄ‚îÄ‚îÄ‚îÄ‚îÄ‚îÄ‚îÄ‚îÄ‚îÄ‚îÄ‚îÄ‚îÄ‚îÄ‚îÄ‚îÄ‚îÄ‚îÄ‚îÄ‚îÄ‚îÄ‚îÄ‚îÄ‚îÄ‚îÄ‚îÄ‚îÄ‚îÄ‚îÄ‚îÄ‚îÄ‚îÄ‚îÄ‚îÄ‚îÄ‚îÄ‚îÄ‚îÄ‚îÄ‚îÄ‚îÄ‚îÄ‚îÄ‚îÄ‚îÄ‚îÄ‚îÄ‚îÄ‚îÄ‚îÄ‚îÄ‚îÄ‚îÄ‚îÄ‚îÄ‚îÄ‚îÄ‚îÄ‚îÄ‚îÄ‚îÄ‚îÄ‚îÄ‚îÄ‚îÄ‚îÄ‚îÄ‚îÄ‚îÄ‚îÄ

    Error Context: test-results\pathfinder-Pathfinder-View-72111-ld-load-the-pathfinder-page-chromium\error-context.md

  31) [chromium] ‚Ä∫ tests\e2e\pathfinder.spec.ts:21:9 ‚Ä∫ Pathfinder View ‚Ä∫ Page Load and Layout ‚Ä∫ should display node selection inputs 

    Error: [2mexpect([22m[31mlocator[39m[2m).[22mtoBeVisible[2m([22m[2m)[22m failed

    Locator: getByLabel(/from node|source|start/i)
    Expected: visible
    Timeout: 5000ms
    Error: element(s) not found

    Call log:
    [2m  - Expect "toBeVisible" with timeout 5000ms[22m
    [2m  - waiting for getByLabel(/from node|source|start/i)[22m

        at C:\Users\mauri\OneDrive - Harvard University\New folder (2)\healthsystems\frontend\tests\e2e\pathfinder.spec.ts:26:31)
        at C:\Users\mauri\OneDrive - Harvard University\New folder (2)\healthsystems\frontend\node_modules\playwright\lib\worker\workerMain.js:310:15)
        at C:\Users\mauri\OneDrive - Harvard University\New folder (2)\healthsystems\frontend\node_modules\playwright\lib\worker\testInfo.js:305:17)
        at C:\Users\mauri\OneDrive - Harvard University\New folder (2)\healthsystems\frontend\node_modules\playwright\lib\worker\workerMain.js:308:22)

    attachment #1: screenshot (image/png) ‚îÄ‚îÄ‚îÄ‚îÄ‚îÄ‚îÄ‚îÄ‚îÄ‚îÄ‚îÄ‚îÄ‚îÄ‚îÄ‚îÄ‚îÄ‚îÄ‚îÄ‚îÄ‚îÄ‚îÄ‚îÄ‚îÄ‚îÄ‚îÄ‚îÄ‚îÄ‚îÄ‚îÄ‚îÄ‚îÄ‚îÄ‚îÄ‚îÄ‚îÄ‚îÄ‚îÄ‚îÄ‚îÄ‚îÄ‚îÄ‚îÄ‚îÄ‚îÄ‚îÄ‚îÄ‚îÄ‚îÄ‚îÄ‚îÄ‚îÄ‚îÄ‚îÄ‚îÄ‚îÄ‚îÄ‚îÄ‚îÄ‚îÄ
    test-results\pathfinder-Pathfinder-View-b9cd8-splay-node-selection-inputs-chromium\test-failed-1.png
    ‚îÄ‚îÄ‚îÄ‚îÄ‚îÄ‚îÄ‚îÄ‚îÄ‚îÄ‚îÄ‚îÄ‚îÄ‚îÄ‚îÄ‚îÄ‚îÄ‚îÄ‚îÄ‚îÄ‚îÄ‚îÄ‚îÄ‚îÄ‚îÄ‚îÄ‚îÄ‚îÄ‚îÄ‚îÄ‚îÄ‚îÄ‚îÄ‚îÄ‚îÄ‚îÄ‚îÄ‚îÄ‚îÄ‚îÄ‚îÄ‚îÄ‚îÄ‚îÄ‚îÄ‚îÄ‚îÄ‚îÄ‚îÄ‚îÄ‚îÄ‚îÄ‚îÄ‚îÄ‚îÄ‚îÄ‚îÄ‚îÄ‚îÄ‚îÄ‚îÄ‚îÄ‚îÄ‚îÄ‚îÄ‚îÄ‚îÄ‚îÄ‚îÄ‚îÄ‚îÄ‚îÄ‚îÄ‚îÄ‚îÄ‚îÄ‚îÄ‚îÄ‚îÄ‚îÄ‚îÄ‚îÄ‚îÄ‚îÄ‚îÄ‚îÄ‚îÄ‚îÄ‚îÄ‚îÄ‚îÄ‚îÄ‚îÄ‚îÄ‚îÄ‚îÄ‚îÄ

    attachment #2: video (video/webm) ‚îÄ‚îÄ‚îÄ‚îÄ‚îÄ‚îÄ‚îÄ‚îÄ‚îÄ‚îÄ‚îÄ‚îÄ‚îÄ‚îÄ‚îÄ‚îÄ‚îÄ‚îÄ‚îÄ‚îÄ‚îÄ‚îÄ‚îÄ‚îÄ‚îÄ‚îÄ‚îÄ‚îÄ‚îÄ‚îÄ‚îÄ‚îÄ‚îÄ‚îÄ‚îÄ‚îÄ‚îÄ‚îÄ‚îÄ‚îÄ‚îÄ‚îÄ‚îÄ‚îÄ‚îÄ‚îÄ‚îÄ‚îÄ‚îÄ‚îÄ‚îÄ‚îÄ‚îÄ‚îÄ‚îÄ‚îÄ‚îÄ‚îÄ‚îÄ‚îÄ‚îÄ‚îÄ
    test-results\pathfinder-Pathfinder-View-b9cd8-splay-node-selection-inputs-chromium\video.webm
    ‚îÄ‚îÄ‚îÄ‚îÄ‚îÄ‚îÄ‚îÄ‚îÄ‚îÄ‚îÄ‚îÄ‚îÄ‚îÄ‚îÄ‚îÄ‚îÄ‚îÄ‚îÄ‚îÄ‚îÄ‚îÄ‚îÄ‚îÄ‚îÄ‚îÄ‚îÄ‚îÄ‚îÄ‚îÄ‚îÄ‚îÄ‚îÄ‚îÄ‚îÄ‚îÄ‚îÄ‚îÄ‚îÄ‚îÄ‚îÄ‚îÄ‚îÄ‚îÄ‚îÄ‚îÄ‚îÄ‚îÄ‚îÄ‚îÄ‚îÄ‚îÄ‚îÄ‚îÄ‚îÄ‚îÄ‚îÄ‚îÄ‚îÄ‚îÄ‚îÄ‚îÄ‚îÄ‚îÄ‚îÄ‚îÄ‚îÄ‚îÄ‚îÄ‚îÄ‚îÄ‚îÄ‚îÄ‚îÄ‚îÄ‚îÄ‚îÄ‚îÄ‚îÄ‚îÄ‚îÄ‚îÄ‚îÄ‚îÄ‚îÄ‚îÄ‚îÄ‚îÄ‚îÄ‚îÄ‚îÄ‚îÄ‚îÄ‚îÄ‚îÄ‚îÄ‚îÄ

    Error Context: test-results\pathfinder-Pathfinder-View-b9cd8-splay-node-selection-inputs-chromium\error-context.md

  32) [chromium] ‚Ä∫ tests\e2e\pathfinder.spec.ts:30:9 ‚Ä∫ Pathfinder View ‚Ä∫ Page Load and Layout ‚Ä∫ should display algorithm selection 

    Error: [2mexpect([22m[31mlocator[39m[2m).[22mtoBeVisible[2m([22m[2m)[22m failed

    Locator: locator('select, [role="radiogroup"]').filter({ hasText: /algorithm|method/i }).first()
    Expected: visible
    Timeout: 5000ms
    Error: element(s) not found

    Call log:
    [2m  - Expect "toBeVisible" with timeout 5000ms[22m
    [2m  - waiting for locator('select, [role="radiogroup"]').filter({ hasText: /algorithm|method/i }).first()[22m

        at C:\Users\mauri\OneDrive - Harvard University\New folder (2)\healthsystems\frontend\tests\e2e\pathfinder.spec.ts:32:39)
        at C:\Users\mauri\OneDrive - Harvard University\New folder (2)\healthsystems\frontend\node_modules\playwright\lib\worker\workerMain.js:310:15)
        at C:\Users\mauri\OneDrive - Harvard University\New folder (2)\healthsystems\frontend\node_modules\playwright\lib\worker\testInfo.js:305:17)
        at C:\Users\mauri\OneDrive - Harvard University\New folder (2)\healthsystems\frontend\node_modules\playwright\lib\worker\workerMain.js:308:22)

    attachment #1: screenshot (image/png) ‚îÄ‚îÄ‚îÄ‚îÄ‚îÄ‚îÄ‚îÄ‚îÄ‚îÄ‚îÄ‚îÄ‚îÄ‚îÄ‚îÄ‚îÄ‚îÄ‚îÄ‚îÄ‚îÄ‚îÄ‚îÄ‚îÄ‚îÄ‚îÄ‚îÄ‚îÄ‚îÄ‚îÄ‚îÄ‚îÄ‚îÄ‚îÄ‚îÄ‚îÄ‚îÄ‚îÄ‚îÄ‚îÄ‚îÄ‚îÄ‚îÄ‚îÄ‚îÄ‚îÄ‚îÄ‚îÄ‚îÄ‚îÄ‚îÄ‚îÄ‚îÄ‚îÄ‚îÄ‚îÄ‚îÄ‚îÄ‚îÄ‚îÄ
    test-results\pathfinder-Pathfinder-View-c0107-display-algorithm-selection-chromium\test-failed-1.png
    ‚îÄ‚îÄ‚îÄ‚îÄ‚îÄ‚îÄ‚îÄ‚îÄ‚îÄ‚îÄ‚îÄ‚îÄ‚îÄ‚îÄ‚îÄ‚îÄ‚îÄ‚îÄ‚îÄ‚îÄ‚îÄ‚îÄ‚îÄ‚îÄ‚îÄ‚îÄ‚îÄ‚îÄ‚îÄ‚îÄ‚îÄ‚îÄ‚îÄ‚îÄ‚îÄ‚îÄ‚îÄ‚îÄ‚îÄ‚îÄ‚îÄ‚îÄ‚îÄ‚îÄ‚îÄ‚îÄ‚îÄ‚îÄ‚îÄ‚îÄ‚îÄ‚îÄ‚îÄ‚îÄ‚îÄ‚îÄ‚îÄ‚îÄ‚îÄ‚îÄ‚îÄ‚îÄ‚îÄ‚îÄ‚îÄ‚îÄ‚îÄ‚îÄ‚îÄ‚îÄ‚îÄ‚îÄ‚îÄ‚îÄ‚îÄ‚îÄ‚îÄ‚îÄ‚îÄ‚îÄ‚îÄ‚îÄ‚îÄ‚îÄ‚îÄ‚îÄ‚îÄ‚îÄ‚îÄ‚îÄ‚îÄ‚îÄ‚îÄ‚îÄ‚îÄ‚îÄ

    attachment #2: video (video/webm) ‚îÄ‚îÄ‚îÄ‚îÄ‚îÄ‚îÄ‚îÄ‚îÄ‚îÄ‚îÄ‚îÄ‚îÄ‚îÄ‚îÄ‚îÄ‚îÄ‚îÄ‚îÄ‚îÄ‚îÄ‚îÄ‚îÄ‚îÄ‚îÄ‚îÄ‚îÄ‚îÄ‚îÄ‚îÄ‚îÄ‚îÄ‚îÄ‚îÄ‚îÄ‚îÄ‚îÄ‚îÄ‚îÄ‚îÄ‚îÄ‚îÄ‚îÄ‚îÄ‚îÄ‚îÄ‚îÄ‚îÄ‚îÄ‚îÄ‚îÄ‚îÄ‚îÄ‚îÄ‚îÄ‚îÄ‚îÄ‚îÄ‚îÄ‚îÄ‚îÄ‚îÄ‚îÄ
    test-results\pathfinder-Pathfinder-View-c0107-display-algorithm-selection-chromium\video.webm
    ‚îÄ‚îÄ‚îÄ‚îÄ‚îÄ‚îÄ‚îÄ‚îÄ‚îÄ‚îÄ‚îÄ‚îÄ‚îÄ‚îÄ‚îÄ‚îÄ‚îÄ‚îÄ‚îÄ‚îÄ‚îÄ‚îÄ‚îÄ‚îÄ‚îÄ‚îÄ‚îÄ‚îÄ‚îÄ‚îÄ‚îÄ‚îÄ‚îÄ‚îÄ‚îÄ‚îÄ‚îÄ‚îÄ‚îÄ‚îÄ‚îÄ‚îÄ‚îÄ‚îÄ‚îÄ‚îÄ‚îÄ‚îÄ‚îÄ‚îÄ‚îÄ‚îÄ‚îÄ‚îÄ‚îÄ‚îÄ‚îÄ‚îÄ‚îÄ‚îÄ‚îÄ‚îÄ‚îÄ‚îÄ‚îÄ‚îÄ‚îÄ‚îÄ‚îÄ‚îÄ‚îÄ‚îÄ‚îÄ‚îÄ‚îÄ‚îÄ‚îÄ‚îÄ‚îÄ‚îÄ‚îÄ‚îÄ‚îÄ‚îÄ‚îÄ‚îÄ‚îÄ‚îÄ‚îÄ‚îÄ‚îÄ‚îÄ‚îÄ‚îÄ‚îÄ‚îÄ

    Error Context: test-results\pathfinder-Pathfinder-View-c0107-display-algorithm-selection-chromium\error-context.md

  33) [chromium] ‚Ä∫ tests\e2e\pathfinder.spec.ts:45:9 ‚Ä∫ Pathfinder View ‚Ä∫ Node Selection ‚Ä∫ should allow selecting from node via search 

    [31mTest timeout of 30000ms exceeded.[39m

    Error: locator.click: Test timeout of 30000ms exceeded.
    Call log:
    [2m  - waiting for getByLabel(/from node|source|start/i).first()[22m

        at C:\Users\mauri\OneDrive - Harvard University\New folder (2)\healthsystems\frontend\tests\e2e\pathfinder.spec.ts:48:23)
        at C:\Users\mauri\OneDrive - Harvard University\New folder (2)\healthsystems\frontend\node_modules\playwright\lib\worker\workerMain.js:310:15)
        at C:\Users\mauri\OneDrive - Harvard University\New folder (2)\healthsystems\frontend\node_modules\playwright\lib\worker\testInfo.js:305:17)
        at C:\Users\mauri\OneDrive - Harvard University\New folder (2)\healthsystems\frontend\node_modules\playwright\lib\worker\workerMain.js:308:22)

    attachment #1: screenshot (image/png) ‚îÄ‚îÄ‚îÄ‚îÄ‚îÄ‚îÄ‚îÄ‚îÄ‚îÄ‚îÄ‚îÄ‚îÄ‚îÄ‚îÄ‚îÄ‚îÄ‚îÄ‚îÄ‚îÄ‚îÄ‚îÄ‚îÄ‚îÄ‚îÄ‚îÄ‚îÄ‚îÄ‚îÄ‚îÄ‚îÄ‚îÄ‚îÄ‚îÄ‚îÄ‚îÄ‚îÄ‚îÄ‚îÄ‚îÄ‚îÄ‚îÄ‚îÄ‚îÄ‚îÄ‚îÄ‚îÄ‚îÄ‚îÄ‚îÄ‚îÄ‚îÄ‚îÄ‚îÄ‚îÄ‚îÄ‚îÄ‚îÄ‚îÄ
    test-results\pathfinder-Pathfinder-View-bd178-ecting-from-node-via-search-chromium\test-failed-1.png
    ‚îÄ‚îÄ‚îÄ‚îÄ‚îÄ‚îÄ‚îÄ‚îÄ‚îÄ‚îÄ‚îÄ‚îÄ‚îÄ‚îÄ‚îÄ‚îÄ‚îÄ‚îÄ‚îÄ‚îÄ‚îÄ‚îÄ‚îÄ‚îÄ‚îÄ‚îÄ‚îÄ‚îÄ‚îÄ‚îÄ‚îÄ‚îÄ‚îÄ‚îÄ‚îÄ‚îÄ‚îÄ‚îÄ‚îÄ‚îÄ‚îÄ‚îÄ‚îÄ‚îÄ‚îÄ‚îÄ‚îÄ‚îÄ‚îÄ‚îÄ‚îÄ‚îÄ‚îÄ‚îÄ‚îÄ‚îÄ‚îÄ‚îÄ‚îÄ‚îÄ‚îÄ‚îÄ‚îÄ‚îÄ‚îÄ‚îÄ‚îÄ‚îÄ‚îÄ‚îÄ‚îÄ‚îÄ‚îÄ‚îÄ‚îÄ‚îÄ‚îÄ‚îÄ‚îÄ‚îÄ‚îÄ‚îÄ‚îÄ‚îÄ‚îÄ‚îÄ‚îÄ‚îÄ‚îÄ‚îÄ‚îÄ‚îÄ‚îÄ‚îÄ‚îÄ‚îÄ

    attachment #2: video (video/webm) ‚îÄ‚îÄ‚îÄ‚îÄ‚îÄ‚îÄ‚îÄ‚îÄ‚îÄ‚îÄ‚îÄ‚îÄ‚îÄ‚îÄ‚îÄ‚îÄ‚îÄ‚îÄ‚îÄ‚îÄ‚îÄ‚îÄ‚îÄ‚îÄ‚îÄ‚îÄ‚îÄ‚îÄ‚îÄ‚îÄ‚îÄ‚îÄ‚îÄ‚îÄ‚îÄ‚îÄ‚îÄ‚îÄ‚îÄ‚îÄ‚îÄ‚îÄ‚îÄ‚îÄ‚îÄ‚îÄ‚îÄ‚îÄ‚îÄ‚îÄ‚îÄ‚îÄ‚îÄ‚îÄ‚îÄ‚îÄ‚îÄ‚îÄ‚îÄ‚îÄ‚îÄ‚îÄ
    test-results\pathfinder-Pathfinder-View-bd178-ecting-from-node-via-search-chromium\video.webm
    ‚îÄ‚îÄ‚îÄ‚îÄ‚îÄ‚îÄ‚îÄ‚îÄ‚îÄ‚îÄ‚îÄ‚îÄ‚îÄ‚îÄ‚îÄ‚îÄ‚îÄ‚îÄ‚îÄ‚îÄ‚îÄ‚îÄ‚îÄ‚îÄ‚îÄ‚îÄ‚îÄ‚îÄ‚îÄ‚îÄ‚îÄ‚îÄ‚îÄ‚îÄ‚îÄ‚îÄ‚îÄ‚îÄ‚îÄ‚îÄ‚îÄ‚îÄ‚îÄ‚îÄ‚îÄ‚îÄ‚îÄ‚îÄ‚îÄ‚îÄ‚îÄ‚îÄ‚îÄ‚îÄ‚îÄ‚îÄ‚îÄ‚îÄ‚îÄ‚îÄ‚îÄ‚îÄ‚îÄ‚îÄ‚îÄ‚îÄ‚îÄ‚îÄ‚îÄ‚îÄ‚îÄ‚îÄ‚îÄ‚îÄ‚îÄ‚îÄ‚îÄ‚îÄ‚îÄ‚îÄ‚îÄ‚îÄ‚îÄ‚îÄ‚îÄ‚îÄ‚îÄ‚îÄ‚îÄ‚îÄ‚îÄ‚îÄ‚îÄ‚îÄ‚îÄ‚îÄ

    Error Context: test-results\pathfinder-Pathfinder-View-bd178-ecting-from-node-via-search-chromium\error-context.md

  34) [chromium] ‚Ä∫ tests\e2e\pathfinder.spec.ts:59:9 ‚Ä∫ Pathfinder View ‚Ä∫ Node Selection ‚Ä∫ should allow selecting to node via search 

    [31mTest timeout of 30000ms exceeded.[39m

    Error: locator.click: Test timeout of 30000ms exceeded.
    Call log:
    [2m  - waiting for getByLabel(/to node|target|destination|end/i).first()[22m

        at C:\Users\mauri\OneDrive - Harvard University\New folder (2)\healthsystems\frontend\tests\e2e\pathfinder.spec.ts:62:21)
        at C:\Users\mauri\OneDrive - Harvard University\New folder (2)\healthsystems\frontend\node_modules\playwright\lib\worker\workerMain.js:310:15)
        at C:\Users\mauri\OneDrive - Harvard University\New folder (2)\healthsystems\frontend\node_modules\playwright\lib\worker\testInfo.js:305:17)
        at C:\Users\mauri\OneDrive - Harvard University\New folder (2)\healthsystems\frontend\node_modules\playwright\lib\worker\workerMain.js:308:22)

    attachment #1: screenshot (image/png) ‚îÄ‚îÄ‚îÄ‚îÄ‚îÄ‚îÄ‚îÄ‚îÄ‚îÄ‚îÄ‚îÄ‚îÄ‚îÄ‚îÄ‚îÄ‚îÄ‚îÄ‚îÄ‚îÄ‚îÄ‚îÄ‚îÄ‚îÄ‚îÄ‚îÄ‚îÄ‚îÄ‚îÄ‚îÄ‚îÄ‚îÄ‚îÄ‚îÄ‚îÄ‚îÄ‚îÄ‚îÄ‚îÄ‚îÄ‚îÄ‚îÄ‚îÄ‚îÄ‚îÄ‚îÄ‚îÄ‚îÄ‚îÄ‚îÄ‚îÄ‚îÄ‚îÄ‚îÄ‚îÄ‚îÄ‚îÄ‚îÄ‚îÄ
    test-results\pathfinder-Pathfinder-View-fa6a6-electing-to-node-via-search-chromium\test-failed-1.png
    ‚îÄ‚îÄ‚îÄ‚îÄ‚îÄ‚îÄ‚îÄ‚îÄ‚îÄ‚îÄ‚îÄ‚îÄ‚îÄ‚îÄ‚îÄ‚îÄ‚îÄ‚îÄ‚îÄ‚îÄ‚îÄ‚îÄ‚îÄ‚îÄ‚îÄ‚îÄ‚îÄ‚îÄ‚îÄ‚îÄ‚îÄ‚îÄ‚îÄ‚îÄ‚îÄ‚îÄ‚îÄ‚îÄ‚îÄ‚îÄ‚îÄ‚îÄ‚îÄ‚îÄ‚îÄ‚îÄ‚îÄ‚îÄ‚îÄ‚îÄ‚îÄ‚îÄ‚îÄ‚îÄ‚îÄ‚îÄ‚îÄ‚îÄ‚îÄ‚îÄ‚îÄ‚îÄ‚îÄ‚îÄ‚îÄ‚îÄ‚îÄ‚îÄ‚îÄ‚îÄ‚îÄ‚îÄ‚îÄ‚îÄ‚îÄ‚îÄ‚îÄ‚îÄ‚îÄ‚îÄ‚îÄ‚îÄ‚îÄ‚îÄ‚îÄ‚îÄ‚îÄ‚îÄ‚îÄ‚îÄ‚îÄ‚îÄ‚îÄ‚îÄ‚îÄ‚îÄ

    Error Context: test-results\pathfinder-Pathfinder-View-fa6a6-electing-to-node-via-search-chromium\error-context.md

  35) [chromium] ‚Ä∫ tests\e2e\pathfinder.spec.ts:321:9 ‚Ä∫ Pathfinder View ‚Ä∫ Accessibility ‚Ä∫ should support keyboard navigation 

    Error: [2mexpect([22m[31mlocator[39m[2m).[22mtoBeFocused[2m([22m[2m)[22m failed

    Locator:  locator('button').filter({ hasText: /find|search/i }).first()
    Expected: focused
    Received: inactive
    Timeout:  5000ms

    Call log:
    [2m  - Expect "toBeFocused" with timeout 5000ms[22m
    [2m  - waiting for locator('button').filter({ hasText: /find|search/i }).first()[22m
    [2m    8 √ó locator resolved to <button disabled class="w-full px-4 py-3 bg-blue-600 text-white rounded-lg hover:bg-blue-700 disabled:bg-gray-400 disabled:cursor-not-allowed transition-colors font-medium">Find Paths</button>[22m
    [2m      - unexpected value "inactive"[22m

        at C:\Users\mauri\OneDrive - Harvard University\New folder (2)\healthsystems\frontend\tests\e2e\pathfinder.spec.ts:326:34)
        at C:\Users\mauri\OneDrive - Harvard University\New folder (2)\healthsystems\frontend\node_modules\playwright\lib\worker\workerMain.js:310:9)
        at C:\Users\mauri\OneDrive - Harvard University\New folder (2)\healthsystems\frontend\node_modules\playwright\lib\worker\testInfo.js:305:11)
        at C:\Users\mauri\OneDrive - Harvard University\New folder (2)\healthsystems\frontend\node_modules\playwright\lib\worker\workerMain.js:308:7)

    attachment #1: screenshot (image/png) ‚îÄ‚îÄ‚îÄ‚îÄ‚îÄ‚îÄ‚îÄ‚îÄ‚îÄ‚îÄ‚îÄ‚îÄ‚îÄ‚îÄ‚îÄ‚îÄ‚îÄ‚îÄ‚îÄ‚îÄ‚îÄ‚îÄ‚îÄ‚îÄ‚îÄ‚îÄ‚îÄ‚îÄ‚îÄ‚îÄ‚îÄ‚îÄ‚îÄ‚îÄ‚îÄ‚îÄ‚îÄ‚îÄ‚îÄ‚îÄ‚îÄ‚îÄ‚îÄ‚îÄ‚îÄ‚îÄ‚îÄ‚îÄ‚îÄ‚îÄ‚îÄ‚îÄ‚îÄ‚îÄ‚îÄ‚îÄ‚îÄ‚îÄ
    test-results\pathfinder-Pathfinder-View-03830-support-keyboard-navigation-chromium\test-failed-1.png
    ‚îÄ‚îÄ‚îÄ‚îÄ‚îÄ‚îÄ‚îÄ‚îÄ‚îÄ‚îÄ‚îÄ‚îÄ‚îÄ‚îÄ‚îÄ‚îÄ‚îÄ‚îÄ‚îÄ‚îÄ‚îÄ‚îÄ‚îÄ‚îÄ‚îÄ‚îÄ‚îÄ‚îÄ‚îÄ‚îÄ‚îÄ‚îÄ‚îÄ‚îÄ‚îÄ‚îÄ‚îÄ‚îÄ‚îÄ‚îÄ‚îÄ‚îÄ‚îÄ‚îÄ‚îÄ‚îÄ‚îÄ‚îÄ‚îÄ‚îÄ‚îÄ‚îÄ‚îÄ‚îÄ‚îÄ‚îÄ‚îÄ‚îÄ‚îÄ‚îÄ‚îÄ‚îÄ‚îÄ‚îÄ‚îÄ‚îÄ‚îÄ‚îÄ‚îÄ‚îÄ‚îÄ‚îÄ‚îÄ‚îÄ‚îÄ‚îÄ‚îÄ‚îÄ‚îÄ‚îÄ‚îÄ‚îÄ‚îÄ‚îÄ‚îÄ‚îÄ‚îÄ‚îÄ‚îÄ‚îÄ‚îÄ‚îÄ‚îÄ‚îÄ‚îÄ‚îÄ

    attachment #2: video (video/webm) ‚îÄ‚îÄ‚îÄ‚îÄ‚îÄ‚îÄ‚îÄ‚îÄ‚îÄ‚îÄ‚îÄ‚îÄ‚îÄ‚îÄ‚îÄ‚îÄ‚îÄ‚îÄ‚îÄ‚îÄ‚îÄ‚îÄ‚îÄ‚îÄ‚îÄ‚îÄ‚îÄ‚îÄ‚îÄ‚îÄ‚îÄ‚îÄ‚îÄ‚îÄ‚îÄ‚îÄ‚îÄ‚îÄ‚îÄ‚îÄ‚îÄ‚îÄ‚îÄ‚îÄ‚îÄ‚îÄ‚îÄ‚îÄ‚îÄ‚îÄ‚îÄ‚îÄ‚îÄ‚îÄ‚îÄ‚îÄ‚îÄ‚îÄ‚îÄ‚îÄ‚îÄ‚îÄ
    test-results\pathfinder-Pathfinder-View-03830-support-keyboard-navigation-chromium\video.webm
    ‚îÄ‚îÄ‚îÄ‚îÄ‚îÄ‚îÄ‚îÄ‚îÄ‚îÄ‚îÄ‚îÄ‚îÄ‚îÄ‚îÄ‚îÄ‚îÄ‚îÄ‚îÄ‚îÄ‚îÄ‚îÄ‚îÄ‚îÄ‚îÄ‚îÄ‚îÄ‚îÄ‚îÄ‚îÄ‚îÄ‚îÄ‚îÄ‚îÄ‚îÄ‚îÄ‚îÄ‚îÄ‚îÄ‚îÄ‚îÄ‚îÄ‚îÄ‚îÄ‚îÄ‚îÄ‚îÄ‚îÄ‚îÄ‚îÄ‚îÄ‚îÄ‚îÄ‚îÄ‚îÄ‚îÄ‚îÄ‚îÄ‚îÄ‚îÄ‚îÄ‚îÄ‚îÄ‚îÄ‚îÄ‚îÄ‚îÄ‚îÄ‚îÄ‚îÄ‚îÄ‚îÄ‚îÄ‚îÄ‚îÄ‚îÄ‚îÄ‚îÄ‚îÄ‚îÄ‚îÄ‚îÄ‚îÄ‚îÄ‚îÄ‚îÄ‚îÄ‚îÄ‚îÄ‚îÄ‚îÄ‚îÄ‚îÄ‚îÄ‚îÄ‚îÄ‚îÄ

    Error Context: test-results\pathfinder-Pathfinder-View-03830-support-keyboard-navigation-chromium\error-context.md

  36) [chromium] ‚Ä∫ tests\e2e\remaining-views.spec.ts:16:7 ‚Ä∫ Pathway Explorer View ‚Ä∫ should load pathway explorer page 

    Error: [2mexpect([22m[31mlocator[39m[2m).[22mtoContainText[2m([22m[32mexpected[39m[2m)[22m failed

    Locator: locator('h1, h2')
    Expected pattern: [32m/Pathway/i[39m
    Error: strict mode violation: locator('h1, h2') resolved to 2 elements:
        1) <h1 class="text-3xl font-bold text-gray-900 mb-2">Pathway Explorer</h1> aka getByRole('heading', { name: 'Pathway Explorer' })
        2) <h2 class="text-lg font-semibold text-gray-900">Pathways (0)</h2> aka getByRole('heading', { name: 'Pathways (0)' })

    Call log:
    [2m  - Expect "toContainText" with timeout 5000ms[22m
    [2m  - waiting for locator('h1, h2')[22m

        at C:\Users\mauri\OneDrive - Harvard University\New folder (2)\healthsystems\frontend\tests\e2e\remaining-views.spec.ts:18:42)
        at C:\Users\mauri\OneDrive - Harvard University\New folder (2)\healthsystems\frontend\node_modules\playwright\lib\worker\workerMain.js:310:9)
        at C:\Users\mauri\OneDrive - Harvard University\New folder (2)\healthsystems\frontend\node_modules\playwright\lib\worker\testInfo.js:305:11)
        at C:\Users\mauri\OneDrive - Harvard University\New folder (2)\healthsystems\frontend\node_modules\playwright\lib\worker\workerMain.js:308:7)

    attachment #1: screenshot (image/png) ‚îÄ‚îÄ‚îÄ‚îÄ‚îÄ‚îÄ‚îÄ‚îÄ‚îÄ‚îÄ‚îÄ‚îÄ‚îÄ‚îÄ‚îÄ‚îÄ‚îÄ‚îÄ‚îÄ‚îÄ‚îÄ‚îÄ‚îÄ‚îÄ‚îÄ‚îÄ‚îÄ‚îÄ‚îÄ‚îÄ‚îÄ‚îÄ‚îÄ‚îÄ‚îÄ‚îÄ‚îÄ‚îÄ‚îÄ‚îÄ‚îÄ‚îÄ‚îÄ‚îÄ‚îÄ‚îÄ‚îÄ‚îÄ‚îÄ‚îÄ‚îÄ‚îÄ‚îÄ‚îÄ‚îÄ‚îÄ‚îÄ‚îÄ
    test-results\remaining-views-Pathway-Ex-638fa--load-pathway-explorer-page-chromium\test-failed-1.png
    ‚îÄ‚îÄ‚îÄ‚îÄ‚îÄ‚îÄ‚îÄ‚îÄ‚îÄ‚îÄ‚îÄ‚îÄ‚îÄ‚îÄ‚îÄ‚îÄ‚îÄ‚îÄ‚îÄ‚îÄ‚îÄ‚îÄ‚îÄ‚îÄ‚îÄ‚îÄ‚îÄ‚îÄ‚îÄ‚îÄ‚îÄ‚îÄ‚îÄ‚îÄ‚îÄ‚îÄ‚îÄ‚îÄ‚îÄ‚îÄ‚îÄ‚îÄ‚îÄ‚îÄ‚îÄ‚îÄ‚îÄ‚îÄ‚îÄ‚îÄ‚îÄ‚îÄ‚îÄ‚îÄ‚îÄ‚îÄ‚îÄ‚îÄ‚îÄ‚îÄ‚îÄ‚îÄ‚îÄ‚îÄ‚îÄ‚îÄ‚îÄ‚îÄ‚îÄ‚îÄ‚îÄ‚îÄ‚îÄ‚îÄ‚îÄ‚îÄ‚îÄ‚îÄ‚îÄ‚îÄ‚îÄ‚îÄ‚îÄ‚îÄ‚îÄ‚îÄ‚îÄ‚îÄ‚îÄ‚îÄ‚îÄ‚îÄ‚îÄ‚îÄ‚îÄ‚îÄ

    attachment #2: video (video/webm) ‚îÄ‚îÄ‚îÄ‚îÄ‚îÄ‚îÄ‚îÄ‚îÄ‚îÄ‚îÄ‚îÄ‚îÄ‚îÄ‚îÄ‚îÄ‚îÄ‚îÄ‚îÄ‚îÄ‚îÄ‚îÄ‚îÄ‚îÄ‚îÄ‚îÄ‚îÄ‚îÄ‚îÄ‚îÄ‚îÄ‚îÄ‚îÄ‚îÄ‚îÄ‚îÄ‚îÄ‚îÄ‚îÄ‚îÄ‚îÄ‚îÄ‚îÄ‚îÄ‚îÄ‚îÄ‚îÄ‚îÄ‚îÄ‚îÄ‚îÄ‚îÄ‚îÄ‚îÄ‚îÄ‚îÄ‚îÄ‚îÄ‚îÄ‚îÄ‚îÄ‚îÄ‚îÄ
    test-results\remaining-views-Pathway-Ex-638fa--load-pathway-explorer-page-chromium\video.webm
    ‚îÄ‚îÄ‚îÄ‚îÄ‚îÄ‚îÄ‚îÄ‚îÄ‚îÄ‚îÄ‚îÄ‚îÄ‚îÄ‚îÄ‚îÄ‚îÄ‚îÄ‚îÄ‚îÄ‚îÄ‚îÄ‚îÄ‚îÄ‚îÄ‚îÄ‚îÄ‚îÄ‚îÄ‚îÄ‚îÄ‚îÄ‚îÄ‚îÄ‚îÄ‚îÄ‚îÄ‚îÄ‚îÄ‚îÄ‚îÄ‚îÄ‚îÄ‚îÄ‚îÄ‚îÄ‚îÄ‚îÄ‚îÄ‚îÄ‚îÄ‚îÄ‚îÄ‚îÄ‚îÄ‚îÄ‚îÄ‚îÄ‚îÄ‚îÄ‚îÄ‚îÄ‚îÄ‚îÄ‚îÄ‚îÄ‚îÄ‚îÄ‚îÄ‚îÄ‚îÄ‚îÄ‚îÄ‚îÄ‚îÄ‚îÄ‚îÄ‚îÄ‚îÄ‚îÄ‚îÄ‚îÄ‚îÄ‚îÄ‚îÄ‚îÄ‚îÄ‚îÄ‚îÄ‚îÄ‚îÄ‚îÄ‚îÄ‚îÄ‚îÄ‚îÄ‚îÄ

    Error Context: test-results\remaining-views-Pathway-Ex-638fa--load-pathway-explorer-page-chromium\error-context.md

  37) [chromium] ‚Ä∫ tests\e2e\remaining-views.spec.ts:43:7 ‚Ä∫ Pathway Explorer View ‚Ä∫ should have evidence quality filter 

    Error: [2mexpect([22m[31mlocator[39m[2m).[22mtoBeVisible[2m([22m[2m)[22m failed

    Locator:  locator('text=/evidence|quality|grade/i').first()
    Expected: visible
    Received: hidden
    Timeout:  5000ms

    Call log:
    [2m  - Expect "toBeVisible" with timeout 5000ms[22m
    [2m  - waiting for locator('text=/evidence|quality|grade/i').first()[22m
    [2m    8 √ó locator resolved to <option value="">Any Evidence</option>[22m
    [2m      - unexpected value "hidden"[22m

        at C:\Users\mauri\OneDrive - Harvard University\New folder (2)\healthsystems\frontend\tests\e2e\remaining-views.spec.ts:47:44)
        at C:\Users\mauri\OneDrive - Harvard University\New folder (2)\healthsystems\frontend\node_modules\playwright\lib\worker\workerMain.js:310:9)
        at C:\Users\mauri\OneDrive - Harvard University\New folder (2)\healthsystems\frontend\node_modules\playwright\lib\worker\testInfo.js:305:11)
        at C:\Users\mauri\OneDrive - Harvard University\New folder (2)\healthsystems\frontend\node_modules\playwright\lib\worker\workerMain.js:308:7)

    attachment #1: screenshot (image/png) ‚îÄ‚îÄ‚îÄ‚îÄ‚îÄ‚îÄ‚îÄ‚îÄ‚îÄ‚îÄ‚îÄ‚îÄ‚îÄ‚îÄ‚îÄ‚îÄ‚îÄ‚îÄ‚îÄ‚îÄ‚îÄ‚îÄ‚îÄ‚îÄ‚îÄ‚îÄ‚îÄ‚îÄ‚îÄ‚îÄ‚îÄ‚îÄ‚îÄ‚îÄ‚îÄ‚îÄ‚îÄ‚îÄ‚îÄ‚îÄ‚îÄ‚îÄ‚îÄ‚îÄ‚îÄ‚îÄ‚îÄ‚îÄ‚îÄ‚îÄ‚îÄ‚îÄ‚îÄ‚îÄ‚îÄ‚îÄ‚îÄ‚îÄ
    test-results\remaining-views-Pathway-Ex-1df24-ave-evidence-quality-filter-chromium\test-failed-1.png
    ‚îÄ‚îÄ‚îÄ‚îÄ‚îÄ‚îÄ‚îÄ‚îÄ‚îÄ‚îÄ‚îÄ‚îÄ‚îÄ‚îÄ‚îÄ‚îÄ‚îÄ‚îÄ‚îÄ‚îÄ‚îÄ‚îÄ‚îÄ‚îÄ‚îÄ‚îÄ‚îÄ‚îÄ‚îÄ‚îÄ‚îÄ‚îÄ‚îÄ‚îÄ‚îÄ‚îÄ‚îÄ‚îÄ‚îÄ‚îÄ‚îÄ‚îÄ‚îÄ‚îÄ‚îÄ‚îÄ‚îÄ‚îÄ‚îÄ‚îÄ‚îÄ‚îÄ‚îÄ‚îÄ‚îÄ‚îÄ‚îÄ‚îÄ‚îÄ‚îÄ‚îÄ‚îÄ‚îÄ‚îÄ‚îÄ‚îÄ‚îÄ‚îÄ‚îÄ‚îÄ‚îÄ‚îÄ‚îÄ‚îÄ‚îÄ‚îÄ‚îÄ‚îÄ‚îÄ‚îÄ‚îÄ‚îÄ‚îÄ‚îÄ‚îÄ‚îÄ‚îÄ‚îÄ‚îÄ‚îÄ‚îÄ‚îÄ‚îÄ‚îÄ‚îÄ‚îÄ

    attachment #2: video (video/webm) ‚îÄ‚îÄ‚îÄ‚îÄ‚îÄ‚îÄ‚îÄ‚îÄ‚îÄ‚îÄ‚îÄ‚îÄ‚îÄ‚îÄ‚îÄ‚îÄ‚îÄ‚îÄ‚îÄ‚îÄ‚îÄ‚îÄ‚îÄ‚îÄ‚îÄ‚îÄ‚îÄ‚îÄ‚îÄ‚îÄ‚îÄ‚îÄ‚îÄ‚îÄ‚îÄ‚îÄ‚îÄ‚îÄ‚îÄ‚îÄ‚îÄ‚îÄ‚îÄ‚îÄ‚îÄ‚îÄ‚îÄ‚îÄ‚îÄ‚îÄ‚îÄ‚îÄ‚îÄ‚îÄ‚îÄ‚îÄ‚îÄ‚îÄ‚îÄ‚îÄ‚îÄ‚îÄ
    test-results\remaining-views-Pathway-Ex-1df24-ave-evidence-quality-filter-chromium\video.webm
    ‚îÄ‚îÄ‚îÄ‚îÄ‚îÄ‚îÄ‚îÄ‚îÄ‚îÄ‚îÄ‚îÄ‚îÄ‚îÄ‚îÄ‚îÄ‚îÄ‚îÄ‚îÄ‚îÄ‚îÄ‚îÄ‚îÄ‚îÄ‚îÄ‚îÄ‚îÄ‚îÄ‚îÄ‚îÄ‚îÄ‚îÄ‚îÄ‚îÄ‚îÄ‚îÄ‚îÄ‚îÄ‚îÄ‚îÄ‚îÄ‚îÄ‚îÄ‚îÄ‚îÄ‚îÄ‚îÄ‚îÄ‚îÄ‚îÄ‚îÄ‚îÄ‚îÄ‚îÄ‚îÄ‚îÄ‚îÄ‚îÄ‚îÄ‚îÄ‚îÄ‚îÄ‚îÄ‚îÄ‚îÄ‚îÄ‚îÄ‚îÄ‚îÄ‚îÄ‚îÄ‚îÄ‚îÄ‚îÄ‚îÄ‚îÄ‚îÄ‚îÄ‚îÄ‚îÄ‚îÄ‚îÄ‚îÄ‚îÄ‚îÄ‚îÄ‚îÄ‚îÄ‚îÄ‚îÄ‚îÄ‚îÄ‚îÄ‚îÄ‚îÄ‚îÄ‚îÄ

    Error Context: test-results\remaining-views-Pathway-Ex-1df24-ave-evidence-quality-filter-chromium\error-context.md

  38) [chromium] ‚Ä∫ tests\e2e\remaining-views.spec.ts:91:7 ‚Ä∫ Crisis Explorer View ‚Ä∫ should load crisis explorer page 

    Error: [2mexpect([22m[31mlocator[39m[2m).[22mtoContainText[2m([22m[32mexpected[39m[2m)[22m failed

    Locator: locator('h1, h2')
    Expected pattern: [32m/Crisis/i[39m
    Error: strict mode violation: locator('h1, h2') resolved to 2 elements:
        1) <h1 class="text-3xl font-bold text-gray-900 mb-2">Crisis Endpoint Explorer</h1> aka getByRole('heading', { name: 'Crisis Endpoint Explorer' })
        2) <h2 class="text-lg font-semibold text-gray-900 mb-4">Configuration</h2> aka getByRole('heading', { name: 'Configuration' })

    Call log:
    [2m  - Expect "toContainText" with timeout 5000ms[22m
    [2m  - waiting for locator('h1, h2')[22m

        at C:\Users\mauri\OneDrive - Harvard University\New folder (2)\healthsystems\frontend\tests\e2e\remaining-views.spec.ts:93:42)
        at C:\Users\mauri\OneDrive - Harvard University\New folder (2)\healthsystems\frontend\node_modules\playwright\lib\worker\workerMain.js:310:9)
        at C:\Users\mauri\OneDrive - Harvard University\New folder (2)\healthsystems\frontend\node_modules\playwright\lib\worker\testInfo.js:305:11)
        at C:\Users\mauri\OneDrive - Harvard University\New folder (2)\healthsystems\frontend\node_modules\playwright\lib\worker\workerMain.js:308:7)

    attachment #1: screenshot (image/png) ‚îÄ‚îÄ‚îÄ‚îÄ‚îÄ‚îÄ‚îÄ‚îÄ‚îÄ‚îÄ‚îÄ‚îÄ‚îÄ‚îÄ‚îÄ‚îÄ‚îÄ‚îÄ‚îÄ‚îÄ‚îÄ‚îÄ‚îÄ‚îÄ‚îÄ‚îÄ‚îÄ‚îÄ‚îÄ‚îÄ‚îÄ‚îÄ‚îÄ‚îÄ‚îÄ‚îÄ‚îÄ‚îÄ‚îÄ‚îÄ‚îÄ‚îÄ‚îÄ‚îÄ‚îÄ‚îÄ‚îÄ‚îÄ‚îÄ‚îÄ‚îÄ‚îÄ‚îÄ‚îÄ‚îÄ‚îÄ‚îÄ‚îÄ
    test-results\remaining-views-Crisis-Exp-f8aa6-d-load-crisis-explorer-page-chromium\test-failed-1.png
    ‚îÄ‚îÄ‚îÄ‚îÄ‚îÄ‚îÄ‚îÄ‚îÄ‚îÄ‚îÄ‚îÄ‚îÄ‚îÄ‚îÄ‚îÄ‚îÄ‚îÄ‚îÄ‚îÄ‚îÄ‚îÄ‚îÄ‚îÄ‚îÄ‚îÄ‚îÄ‚îÄ‚îÄ‚îÄ‚îÄ‚îÄ‚îÄ‚îÄ‚îÄ‚îÄ‚îÄ‚îÄ‚îÄ‚îÄ‚îÄ‚îÄ‚îÄ‚îÄ‚îÄ‚îÄ‚îÄ‚îÄ‚îÄ‚îÄ‚îÄ‚îÄ‚îÄ‚îÄ‚îÄ‚îÄ‚îÄ‚îÄ‚îÄ‚îÄ‚îÄ‚îÄ‚îÄ‚îÄ‚îÄ‚îÄ‚îÄ‚îÄ‚îÄ‚îÄ‚îÄ‚îÄ‚îÄ‚îÄ‚îÄ‚îÄ‚îÄ‚îÄ‚îÄ‚îÄ‚îÄ‚îÄ‚îÄ‚îÄ‚îÄ‚îÄ‚îÄ‚îÄ‚îÄ‚îÄ‚îÄ‚îÄ‚îÄ‚îÄ‚îÄ‚îÄ‚îÄ

    attachment #2: video (video/webm) ‚îÄ‚îÄ‚îÄ‚îÄ‚îÄ‚îÄ‚îÄ‚îÄ‚îÄ‚îÄ‚îÄ‚îÄ‚îÄ‚îÄ‚îÄ‚îÄ‚îÄ‚îÄ‚îÄ‚îÄ‚îÄ‚îÄ‚îÄ‚îÄ‚îÄ‚îÄ‚îÄ‚îÄ‚îÄ‚îÄ‚îÄ‚îÄ‚îÄ‚îÄ‚îÄ‚îÄ‚îÄ‚îÄ‚îÄ‚îÄ‚îÄ‚îÄ‚îÄ‚îÄ‚îÄ‚îÄ‚îÄ‚îÄ‚îÄ‚îÄ‚îÄ‚îÄ‚îÄ‚îÄ‚îÄ‚îÄ‚îÄ‚îÄ‚îÄ‚îÄ‚îÄ‚îÄ
    test-results\remaining-views-Crisis-Exp-f8aa6-d-load-crisis-explorer-page-chromium\video.webm
    ‚îÄ‚îÄ‚îÄ‚îÄ‚îÄ‚îÄ‚îÄ‚îÄ‚îÄ‚îÄ‚îÄ‚îÄ‚îÄ‚îÄ‚îÄ‚îÄ‚îÄ‚îÄ‚îÄ‚îÄ‚îÄ‚îÄ‚îÄ‚îÄ‚îÄ‚îÄ‚îÄ‚îÄ‚îÄ‚îÄ‚îÄ‚îÄ‚îÄ‚îÄ‚îÄ‚îÄ‚îÄ‚îÄ‚îÄ‚îÄ‚îÄ‚îÄ‚îÄ‚îÄ‚îÄ‚îÄ‚îÄ‚îÄ‚îÄ‚îÄ‚îÄ‚îÄ‚îÄ‚îÄ‚îÄ‚îÄ‚îÄ‚îÄ‚îÄ‚îÄ‚îÄ‚îÄ‚îÄ‚îÄ‚îÄ‚îÄ‚îÄ‚îÄ‚îÄ‚îÄ‚îÄ‚îÄ‚îÄ‚îÄ‚îÄ‚îÄ‚îÄ‚îÄ‚îÄ‚îÄ‚îÄ‚îÄ‚îÄ‚îÄ‚îÄ‚îÄ‚îÄ‚îÄ‚îÄ‚îÄ‚îÄ‚îÄ‚îÄ‚îÄ‚îÄ‚îÄ

    Error Context: test-results\remaining-views-Crisis-Exp-f8aa6-d-load-crisis-explorer-page-chromium\error-context.md

  39) [chromium] ‚Ä∫ tests\e2e\remaining-views.spec.ts:208:7 ‚Ä∫ Alcoholism System View ‚Ä∫ should display legend with node types 

    Error: locator.count: Unexpected token "=" while parsing css selector "[class*="legend"], text=/legend/i". Did you mean to CSS.escape it?
        at C:\Users\mauri\OneDrive - Harvard University\New folder (2)\healthsystems\frontend\tests\e2e\remaining-views.spec.ts:212:22)
        at C:\Users\mauri\OneDrive - Harvard University\New folder (2)\healthsystems\frontend\node_modules\playwright\lib\worker\workerMain.js:310:15)
        at C:\Users\mauri\OneDrive - Harvard University\New folder (2)\healthsystems\frontend\node_modules\playwright\lib\worker\testInfo.js:305:17)
        at C:\Users\mauri\OneDrive - Harvard University\New folder (2)\healthsystems\frontend\node_modules\playwright\lib\worker\workerMain.js:308:22)

    attachment #1: screenshot (image/png) ‚îÄ‚îÄ‚îÄ‚îÄ‚îÄ‚îÄ‚îÄ‚îÄ‚îÄ‚îÄ‚îÄ‚îÄ‚îÄ‚îÄ‚îÄ‚îÄ‚îÄ‚îÄ‚îÄ‚îÄ‚îÄ‚îÄ‚îÄ‚îÄ‚îÄ‚îÄ‚îÄ‚îÄ‚îÄ‚îÄ‚îÄ‚îÄ‚îÄ‚îÄ‚îÄ‚îÄ‚îÄ‚îÄ‚îÄ‚îÄ‚îÄ‚îÄ‚îÄ‚îÄ‚îÄ‚îÄ‚îÄ‚îÄ‚îÄ‚îÄ‚îÄ‚îÄ‚îÄ‚îÄ‚îÄ‚îÄ‚îÄ‚îÄ
    test-results\remaining-views-Alcoholism-42285-play-legend-with-node-types-chromium\test-failed-1.png
    ‚îÄ‚îÄ‚îÄ‚îÄ‚îÄ‚îÄ‚îÄ‚îÄ‚îÄ‚îÄ‚îÄ‚îÄ‚îÄ‚îÄ‚îÄ‚îÄ‚îÄ‚îÄ‚îÄ‚îÄ‚îÄ‚îÄ‚îÄ‚îÄ‚îÄ‚îÄ‚îÄ‚îÄ‚îÄ‚îÄ‚îÄ‚îÄ‚îÄ‚îÄ‚îÄ‚îÄ‚îÄ‚îÄ‚îÄ‚îÄ‚îÄ‚îÄ‚îÄ‚îÄ‚îÄ‚îÄ‚îÄ‚îÄ‚îÄ‚îÄ‚îÄ‚îÄ‚îÄ‚îÄ‚îÄ‚îÄ‚îÄ‚îÄ‚îÄ‚îÄ‚îÄ‚îÄ‚îÄ‚îÄ‚îÄ‚îÄ‚îÄ‚îÄ‚îÄ‚îÄ‚îÄ‚îÄ‚îÄ‚îÄ‚îÄ‚îÄ‚îÄ‚îÄ‚îÄ‚îÄ‚îÄ‚îÄ‚îÄ‚îÄ‚îÄ‚îÄ‚îÄ‚îÄ‚îÄ‚îÄ‚îÄ‚îÄ‚îÄ‚îÄ‚îÄ‚îÄ

    attachment #2: video (video/webm) ‚îÄ‚îÄ‚îÄ‚îÄ‚îÄ‚îÄ‚îÄ‚îÄ‚îÄ‚îÄ‚îÄ‚îÄ‚îÄ‚îÄ‚îÄ‚îÄ‚îÄ‚îÄ‚îÄ‚îÄ‚îÄ‚îÄ‚îÄ‚îÄ‚îÄ‚îÄ‚îÄ‚îÄ‚îÄ‚îÄ‚îÄ‚îÄ‚îÄ‚îÄ‚îÄ‚îÄ‚îÄ‚îÄ‚îÄ‚îÄ‚îÄ‚îÄ‚îÄ‚îÄ‚îÄ‚îÄ‚îÄ‚îÄ‚îÄ‚îÄ‚îÄ‚îÄ‚îÄ‚îÄ‚îÄ‚îÄ‚îÄ‚îÄ‚îÄ‚îÄ‚îÄ‚îÄ
    test-results\remaining-views-Alcoholism-42285-play-legend-with-node-types-chromium\video.webm
    ‚îÄ‚îÄ‚îÄ‚îÄ‚îÄ‚îÄ‚îÄ‚îÄ‚îÄ‚îÄ‚îÄ‚îÄ‚îÄ‚îÄ‚îÄ‚îÄ‚îÄ‚îÄ‚îÄ‚îÄ‚îÄ‚îÄ‚îÄ‚îÄ‚îÄ‚îÄ‚îÄ‚îÄ‚îÄ‚îÄ‚îÄ‚îÄ‚îÄ‚îÄ‚îÄ‚îÄ‚îÄ‚îÄ‚îÄ‚îÄ‚îÄ‚îÄ‚îÄ‚îÄ‚îÄ‚îÄ‚îÄ‚îÄ‚îÄ‚îÄ‚îÄ‚îÄ‚îÄ‚îÄ‚îÄ‚îÄ‚îÄ‚îÄ‚îÄ‚îÄ‚îÄ‚îÄ‚îÄ‚îÄ‚îÄ‚îÄ‚îÄ‚îÄ‚îÄ‚îÄ‚îÄ‚îÄ‚îÄ‚îÄ‚îÄ‚îÄ‚îÄ‚îÄ‚îÄ‚îÄ‚îÄ‚îÄ‚îÄ‚îÄ‚îÄ‚îÄ‚îÄ‚îÄ‚îÄ‚îÄ‚îÄ‚îÄ‚îÄ‚îÄ‚îÄ‚îÄ

    Error Context: test-results\remaining-views-Alcoholism-42285-play-legend-with-node-types-chromium\error-context.md

  40) [chromium] ‚Ä∫ tests\e2e\scale-badges.spec.ts:16:7 ‚Ä∫ Scale Badges on Nodes ‚Ä∫ Systems Map nodes should display scale badges 

    Error: [2mexpect([22m[31mlocator[39m[2m).[22mtoBeVisible[2m([22m[2m)[22m failed

    Locator: locator('svg:has(g.graph-container)')
    Expected: visible
    Timeout: 10000ms
    Error: element(s) not found

    Call log:
    [2m  - Expect "toBeVisible" with timeout 10000ms[22m
    [2m  - waiting for locator('svg:has(g.graph-container)')[22m

        at C:\Users\mauri\OneDrive - Harvard University\New folder (2)\healthsystems\frontend\tests\e2e\scale-badges.spec.ts:24:23)
        at C:\Users\mauri\OneDrive - Harvard University\New folder (2)\healthsystems\frontend\node_modules\playwright\lib\worker\workerMain.js:310:9)
        at C:\Users\mauri\OneDrive - Harvard University\New folder (2)\healthsystems\frontend\node_modules\playwright\lib\worker\testInfo.js:305:11)
        at C:\Users\mauri\OneDrive - Harvard University\New folder (2)\healthsystems\frontend\node_modules\playwright\lib\worker\workerMain.js:308:7)

    attachment #1: screenshot (image/png) ‚îÄ‚îÄ‚îÄ‚îÄ‚îÄ‚îÄ‚îÄ‚îÄ‚îÄ‚îÄ‚îÄ‚îÄ‚îÄ‚îÄ‚îÄ‚îÄ‚îÄ‚îÄ‚îÄ‚îÄ‚îÄ‚îÄ‚îÄ‚îÄ‚îÄ‚îÄ‚îÄ‚îÄ‚îÄ‚îÄ‚îÄ‚îÄ‚îÄ‚îÄ‚îÄ‚îÄ‚îÄ‚îÄ‚îÄ‚îÄ‚îÄ‚îÄ‚îÄ‚îÄ‚îÄ‚îÄ‚îÄ‚îÄ‚îÄ‚îÄ‚îÄ‚îÄ‚îÄ‚îÄ‚îÄ‚îÄ‚îÄ‚îÄ
    test-results\scale-badges-Scale-Badges--dd441-should-display-scale-badges-chromium\test-failed-1.png
    ‚îÄ‚îÄ‚îÄ‚îÄ‚îÄ‚îÄ‚îÄ‚îÄ‚îÄ‚îÄ‚îÄ‚îÄ‚îÄ‚îÄ‚îÄ‚îÄ‚îÄ‚îÄ‚îÄ‚îÄ‚îÄ‚îÄ‚îÄ‚îÄ‚îÄ‚îÄ‚îÄ‚îÄ‚îÄ‚îÄ‚îÄ‚îÄ‚îÄ‚îÄ‚îÄ‚îÄ‚îÄ‚îÄ‚îÄ‚îÄ‚îÄ‚îÄ‚îÄ‚îÄ‚îÄ‚îÄ‚îÄ‚îÄ‚îÄ‚îÄ‚îÄ‚îÄ‚îÄ‚îÄ‚îÄ‚îÄ‚îÄ‚îÄ‚îÄ‚îÄ‚îÄ‚îÄ‚îÄ‚îÄ‚îÄ‚îÄ‚îÄ‚îÄ‚îÄ‚îÄ‚îÄ‚îÄ‚îÄ‚îÄ‚îÄ‚îÄ‚îÄ‚îÄ‚îÄ‚îÄ‚îÄ‚îÄ‚îÄ‚îÄ‚îÄ‚îÄ‚îÄ‚îÄ‚îÄ‚îÄ‚îÄ‚îÄ‚îÄ‚îÄ‚îÄ‚îÄ

    attachment #2: video (video/webm) ‚îÄ‚îÄ‚îÄ‚îÄ‚îÄ‚îÄ‚îÄ‚îÄ‚îÄ‚îÄ‚îÄ‚îÄ‚îÄ‚îÄ‚îÄ‚îÄ‚îÄ‚îÄ‚îÄ‚îÄ‚îÄ‚îÄ‚îÄ‚îÄ‚îÄ‚îÄ‚îÄ‚îÄ‚îÄ‚îÄ‚îÄ‚îÄ‚îÄ‚îÄ‚îÄ‚îÄ‚îÄ‚îÄ‚îÄ‚îÄ‚îÄ‚îÄ‚îÄ‚îÄ‚îÄ‚îÄ‚îÄ‚îÄ‚îÄ‚îÄ‚îÄ‚îÄ‚îÄ‚îÄ‚îÄ‚îÄ‚îÄ‚îÄ‚îÄ‚îÄ‚îÄ‚îÄ
    test-results\scale-badges-Scale-Badges--dd441-should-display-scale-badges-chromium\video.webm
    ‚îÄ‚îÄ‚îÄ‚îÄ‚îÄ‚îÄ‚îÄ‚îÄ‚îÄ‚îÄ‚îÄ‚îÄ‚îÄ‚îÄ‚îÄ‚îÄ‚îÄ‚îÄ‚îÄ‚îÄ‚îÄ‚îÄ‚îÄ‚îÄ‚îÄ‚îÄ‚îÄ‚îÄ‚îÄ‚îÄ‚îÄ‚îÄ‚îÄ‚îÄ‚îÄ‚îÄ‚îÄ‚îÄ‚îÄ‚îÄ‚îÄ‚îÄ‚îÄ‚îÄ‚îÄ‚îÄ‚îÄ‚îÄ‚îÄ‚îÄ‚îÄ‚îÄ‚îÄ‚îÄ‚îÄ‚îÄ‚îÄ‚îÄ‚îÄ‚îÄ‚îÄ‚îÄ‚îÄ‚îÄ‚îÄ‚îÄ‚îÄ‚îÄ‚îÄ‚îÄ‚îÄ‚îÄ‚îÄ‚îÄ‚îÄ‚îÄ‚îÄ‚îÄ‚îÄ‚îÄ‚îÄ‚îÄ‚îÄ‚îÄ‚îÄ‚îÄ‚îÄ‚îÄ‚îÄ‚îÄ‚îÄ‚îÄ‚îÄ‚îÄ‚îÄ‚îÄ

    Error Context: test-results\scale-badges-Scale-Badges--dd441-should-display-scale-badges-chromium\error-context.md

  41) [chromium] ‚Ä∫ tests\e2e\scale-badges.spec.ts:57:7 ‚Ä∫ Scale Badges on Nodes ‚Ä∫ Scale badges should show values 1-7 

    Error: [2mexpect([22m[31mlocator[39m[2m).[22mtoBeVisible[2m([22m[2m)[22m failed

    Locator: locator('svg:has(g.graph-container)')
    Expected: visible
    Timeout: 10000ms
    Error: element(s) not found

    Call log:
    [2m  - Expect "toBeVisible" with timeout 10000ms[22m
    [2m  - waiting for locator('svg:has(g.graph-container)')[22m

        at C:\Users\mauri\OneDrive - Harvard University\New folder (2)\healthsystems\frontend\tests\e2e\scale-badges.spec.ts:63:23)
        at C:\Users\mauri\OneDrive - Harvard University\New folder (2)\healthsystems\frontend\node_modules\playwright\lib\worker\workerMain.js:310:9)
        at C:\Users\mauri\OneDrive - Harvard University\New folder (2)\healthsystems\frontend\node_modules\playwright\lib\worker\testInfo.js:305:11)
        at C:\Users\mauri\OneDrive - Harvard University\New folder (2)\healthsystems\frontend\node_modules\playwright\lib\worker\workerMain.js:308:7)

    attachment #1: screenshot (image/png) ‚îÄ‚îÄ‚îÄ‚îÄ‚îÄ‚îÄ‚îÄ‚îÄ‚îÄ‚îÄ‚îÄ‚îÄ‚îÄ‚îÄ‚îÄ‚îÄ‚îÄ‚îÄ‚îÄ‚îÄ‚îÄ‚îÄ‚îÄ‚îÄ‚îÄ‚îÄ‚îÄ‚îÄ‚îÄ‚îÄ‚îÄ‚îÄ‚îÄ‚îÄ‚îÄ‚îÄ‚îÄ‚îÄ‚îÄ‚îÄ‚îÄ‚îÄ‚îÄ‚îÄ‚îÄ‚îÄ‚îÄ‚îÄ‚îÄ‚îÄ‚îÄ‚îÄ‚îÄ‚îÄ‚îÄ‚îÄ‚îÄ‚îÄ
    test-results\scale-badges-Scale-Badges--13bf5-dges-should-show-values-1-7-chromium\test-failed-1.png
    ‚îÄ‚îÄ‚îÄ‚îÄ‚îÄ‚îÄ‚îÄ‚îÄ‚îÄ‚îÄ‚îÄ‚îÄ‚îÄ‚îÄ‚îÄ‚îÄ‚îÄ‚îÄ‚îÄ‚îÄ‚îÄ‚îÄ‚îÄ‚îÄ‚îÄ‚îÄ‚îÄ‚îÄ‚îÄ‚îÄ‚îÄ‚îÄ‚îÄ‚îÄ‚îÄ‚îÄ‚îÄ‚îÄ‚îÄ‚îÄ‚îÄ‚îÄ‚îÄ‚îÄ‚îÄ‚îÄ‚îÄ‚îÄ‚îÄ‚îÄ‚îÄ‚îÄ‚îÄ‚îÄ‚îÄ‚îÄ‚îÄ‚îÄ‚îÄ‚îÄ‚îÄ‚îÄ‚îÄ‚îÄ‚îÄ‚îÄ‚îÄ‚îÄ‚îÄ‚îÄ‚îÄ‚îÄ‚îÄ‚îÄ‚îÄ‚îÄ‚îÄ‚îÄ‚îÄ‚îÄ‚îÄ‚îÄ‚îÄ‚îÄ‚îÄ‚îÄ‚îÄ‚îÄ‚îÄ‚îÄ‚îÄ‚îÄ‚îÄ‚îÄ‚îÄ‚îÄ

    attachment #2: video (video/webm) ‚îÄ‚îÄ‚îÄ‚îÄ‚îÄ‚îÄ‚îÄ‚îÄ‚îÄ‚îÄ‚îÄ‚îÄ‚îÄ‚îÄ‚îÄ‚îÄ‚îÄ‚îÄ‚îÄ‚îÄ‚îÄ‚îÄ‚îÄ‚îÄ‚îÄ‚îÄ‚îÄ‚îÄ‚îÄ‚îÄ‚îÄ‚îÄ‚îÄ‚îÄ‚îÄ‚îÄ‚îÄ‚îÄ‚îÄ‚îÄ‚îÄ‚îÄ‚îÄ‚îÄ‚îÄ‚îÄ‚îÄ‚îÄ‚îÄ‚îÄ‚îÄ‚îÄ‚îÄ‚îÄ‚îÄ‚îÄ‚îÄ‚îÄ‚îÄ‚îÄ‚îÄ‚îÄ
    test-results\scale-badges-Scale-Badges--13bf5-dges-should-show-values-1-7-chromium\video.webm
    ‚îÄ‚îÄ‚îÄ‚îÄ‚îÄ‚îÄ‚îÄ‚îÄ‚îÄ‚îÄ‚îÄ‚îÄ‚îÄ‚îÄ‚îÄ‚îÄ‚îÄ‚îÄ‚îÄ‚îÄ‚îÄ‚îÄ‚îÄ‚îÄ‚îÄ‚îÄ‚îÄ‚îÄ‚îÄ‚îÄ‚îÄ‚îÄ‚îÄ‚îÄ‚îÄ‚îÄ‚îÄ‚îÄ‚îÄ‚îÄ‚îÄ‚îÄ‚îÄ‚îÄ‚îÄ‚îÄ‚îÄ‚îÄ‚îÄ‚îÄ‚îÄ‚îÄ‚îÄ‚îÄ‚îÄ‚îÄ‚îÄ‚îÄ‚îÄ‚îÄ‚îÄ‚îÄ‚îÄ‚îÄ‚îÄ‚îÄ‚îÄ‚îÄ‚îÄ‚îÄ‚îÄ‚îÄ‚îÄ‚îÄ‚îÄ‚îÄ‚îÄ‚îÄ‚îÄ‚îÄ‚îÄ‚îÄ‚îÄ‚îÄ‚îÄ‚îÄ‚îÄ‚îÄ‚îÄ‚îÄ‚îÄ‚îÄ‚îÄ‚îÄ‚îÄ‚îÄ

    Error Context: test-results\scale-badges-Scale-Badges--13bf5-dges-should-show-values-1-7-chromium\error-context.md

  42) [chromium] ‚Ä∫ tests\e2e\scale-badges.spec.ts:96:7 ‚Ä∫ Scale Badges on Nodes ‚Ä∫ Hierarchical layout should group nodes by scale 

    Error: [2mexpect([22m[31mlocator[39m[2m).[22mtoBeVisible[2m([22m[2m)[22m failed

    Locator: locator('svg:has(g.graph-container)')
    Expected: visible
    Timeout: 10000ms
    Error: element(s) not found

    Call log:
    [2m  - Expect "toBeVisible" with timeout 10000ms[22m
    [2m  - waiting for locator('svg:has(g.graph-container)')[22m

        at C:\Users\mauri\OneDrive - Harvard University\New folder (2)\healthsystems\frontend\tests\e2e\scale-badges.spec.ts:102:23)
        at C:\Users\mauri\OneDrive - Harvard University\New folder (2)\healthsystems\frontend\node_modules\playwright\lib\worker\workerMain.js:310:9)
        at C:\Users\mauri\OneDrive - Harvard University\New folder (2)\healthsystems\frontend\node_modules\playwright\lib\worker\testInfo.js:305:11)
        at C:\Users\mauri\OneDrive - Harvard University\New folder (2)\healthsystems\frontend\node_modules\playwright\lib\worker\workerMain.js:308:7)

    attachment #1: screenshot (image/png) ‚îÄ‚îÄ‚îÄ‚îÄ‚îÄ‚îÄ‚îÄ‚îÄ‚îÄ‚îÄ‚îÄ‚îÄ‚îÄ‚îÄ‚îÄ‚îÄ‚îÄ‚îÄ‚îÄ‚îÄ‚îÄ‚îÄ‚îÄ‚îÄ‚îÄ‚îÄ‚îÄ‚îÄ‚îÄ‚îÄ‚îÄ‚îÄ‚îÄ‚îÄ‚îÄ‚îÄ‚îÄ‚îÄ‚îÄ‚îÄ‚îÄ‚îÄ‚îÄ‚îÄ‚îÄ‚îÄ‚îÄ‚îÄ‚îÄ‚îÄ‚îÄ‚îÄ‚îÄ‚îÄ‚îÄ‚îÄ‚îÄ‚îÄ
    test-results\scale-badges-Scale-Badges--c8c2a-should-group-nodes-by-scale-chromium\test-failed-1.png
    ‚îÄ‚îÄ‚îÄ‚îÄ‚îÄ‚îÄ‚îÄ‚îÄ‚îÄ‚îÄ‚îÄ‚îÄ‚îÄ‚îÄ‚îÄ‚îÄ‚îÄ‚îÄ‚îÄ‚îÄ‚îÄ‚îÄ‚îÄ‚îÄ‚îÄ‚îÄ‚îÄ‚îÄ‚îÄ‚îÄ‚îÄ‚îÄ‚îÄ‚îÄ‚îÄ‚îÄ‚îÄ‚îÄ‚îÄ‚îÄ‚îÄ‚îÄ‚îÄ‚îÄ‚îÄ‚îÄ‚îÄ‚îÄ‚îÄ‚îÄ‚îÄ‚îÄ‚îÄ‚îÄ‚îÄ‚îÄ‚îÄ‚îÄ‚îÄ‚îÄ‚îÄ‚îÄ‚îÄ‚îÄ‚îÄ‚îÄ‚îÄ‚îÄ‚îÄ‚îÄ‚îÄ‚îÄ‚îÄ‚îÄ‚îÄ‚îÄ‚îÄ‚îÄ‚îÄ‚îÄ‚îÄ‚îÄ‚îÄ‚îÄ‚îÄ‚îÄ‚îÄ‚îÄ‚îÄ‚îÄ‚îÄ‚îÄ‚îÄ‚îÄ‚îÄ‚îÄ

    attachment #2: video (video/webm) ‚îÄ‚îÄ‚îÄ‚îÄ‚îÄ‚îÄ‚îÄ‚îÄ‚îÄ‚îÄ‚îÄ‚îÄ‚îÄ‚îÄ‚îÄ‚îÄ‚îÄ‚îÄ‚îÄ‚îÄ‚îÄ‚îÄ‚îÄ‚îÄ‚îÄ‚îÄ‚îÄ‚îÄ‚îÄ‚îÄ‚îÄ‚îÄ‚îÄ‚îÄ‚îÄ‚îÄ‚îÄ‚îÄ‚îÄ‚îÄ‚îÄ‚îÄ‚îÄ‚îÄ‚îÄ‚îÄ‚îÄ‚îÄ‚îÄ‚îÄ‚îÄ‚îÄ‚îÄ‚îÄ‚îÄ‚îÄ‚îÄ‚îÄ‚îÄ‚îÄ‚îÄ‚îÄ
    test-results\scale-badges-Scale-Badges--c8c2a-should-group-nodes-by-scale-chromium\video.webm
    ‚îÄ‚îÄ‚îÄ‚îÄ‚îÄ‚îÄ‚îÄ‚îÄ‚îÄ‚îÄ‚îÄ‚îÄ‚îÄ‚îÄ‚îÄ‚îÄ‚îÄ‚îÄ‚îÄ‚îÄ‚îÄ‚îÄ‚îÄ‚îÄ‚îÄ‚îÄ‚îÄ‚îÄ‚îÄ‚îÄ‚îÄ‚îÄ‚îÄ‚îÄ‚îÄ‚îÄ‚îÄ‚îÄ‚îÄ‚îÄ‚îÄ‚îÄ‚îÄ‚îÄ‚îÄ‚îÄ‚îÄ‚îÄ‚îÄ‚îÄ‚îÄ‚îÄ‚îÄ‚îÄ‚îÄ‚îÄ‚îÄ‚îÄ‚îÄ‚îÄ‚îÄ‚îÄ‚îÄ‚îÄ‚îÄ‚îÄ‚îÄ‚îÄ‚îÄ‚îÄ‚îÄ‚îÄ‚îÄ‚îÄ‚îÄ‚îÄ‚îÄ‚îÄ‚îÄ‚îÄ‚îÄ‚îÄ‚îÄ‚îÄ‚îÄ‚îÄ‚îÄ‚îÄ‚îÄ‚îÄ‚îÄ‚îÄ‚îÄ‚îÄ‚îÄ‚îÄ

    Error Context: test-results\scale-badges-Scale-Badges--c8c2a-should-group-nodes-by-scale-chromium\error-context.md

  43) [chromium] ‚Ä∫ tests\e2e\scale-badges.spec.ts:230:7 ‚Ä∫ Scale Badges on Nodes ‚Ä∫ Should filter nodes by scale 

    Error: [2mexpect([22m[31mlocator[39m[2m).[22mtoBeVisible[2m([22m[2m)[22m failed

    Locator: locator('svg:has(g.graph-container)')
    Expected: visible
    Timeout: 10000ms
    Error: element(s) not found

    Call log:
    [2m  - Expect "toBeVisible" with timeout 10000ms[22m
    [2m  - waiting for locator('svg:has(g.graph-container)')[22m

        at C:\Users\mauri\OneDrive - Harvard University\New folder (2)\healthsystems\frontend\tests\e2e\scale-badges.spec.ts:236:23)
        at C:\Users\mauri\OneDrive - Harvard University\New folder (2)\healthsystems\frontend\node_modules\playwright\lib\worker\workerMain.js:310:9)
        at C:\Users\mauri\OneDrive - Harvard University\New folder (2)\healthsystems\frontend\node_modules\playwright\lib\worker\testInfo.js:305:11)
        at C:\Users\mauri\OneDrive - Harvard University\New folder (2)\healthsystems\frontend\node_modules\playwright\lib\worker\workerMain.js:308:7)

    attachment #1: screenshot (image/png) ‚îÄ‚îÄ‚îÄ‚îÄ‚îÄ‚îÄ‚îÄ‚îÄ‚îÄ‚îÄ‚îÄ‚îÄ‚îÄ‚îÄ‚îÄ‚îÄ‚îÄ‚îÄ‚îÄ‚îÄ‚îÄ‚îÄ‚îÄ‚îÄ‚îÄ‚îÄ‚îÄ‚îÄ‚îÄ‚îÄ‚îÄ‚îÄ‚îÄ‚îÄ‚îÄ‚îÄ‚îÄ‚îÄ‚îÄ‚îÄ‚îÄ‚îÄ‚îÄ‚îÄ‚îÄ‚îÄ‚îÄ‚îÄ‚îÄ‚îÄ‚îÄ‚îÄ‚îÄ‚îÄ‚îÄ‚îÄ‚îÄ‚îÄ
    test-results\scale-badges-Scale-Badges--4e92c-hould-filter-nodes-by-scale-chromium\test-failed-1.png
    ‚îÄ‚îÄ‚îÄ‚îÄ‚îÄ‚îÄ‚îÄ‚îÄ‚îÄ‚îÄ‚îÄ‚îÄ‚îÄ‚îÄ‚îÄ‚îÄ‚îÄ‚îÄ‚îÄ‚îÄ‚îÄ‚îÄ‚îÄ‚îÄ‚îÄ‚îÄ‚îÄ‚îÄ‚îÄ‚îÄ‚îÄ‚îÄ‚îÄ‚îÄ‚îÄ‚îÄ‚îÄ‚îÄ‚îÄ‚îÄ‚îÄ‚îÄ‚îÄ‚îÄ‚îÄ‚îÄ‚îÄ‚îÄ‚îÄ‚îÄ‚îÄ‚îÄ‚îÄ‚îÄ‚îÄ‚îÄ‚îÄ‚îÄ‚îÄ‚îÄ‚îÄ‚îÄ‚îÄ‚îÄ‚îÄ‚îÄ‚îÄ‚îÄ‚îÄ‚îÄ‚îÄ‚îÄ‚îÄ‚îÄ‚îÄ‚îÄ‚îÄ‚îÄ‚îÄ‚îÄ‚îÄ‚îÄ‚îÄ‚îÄ‚îÄ‚îÄ‚îÄ‚îÄ‚îÄ‚îÄ‚îÄ‚îÄ‚îÄ‚îÄ‚îÄ‚îÄ

    attachment #2: video (video/webm) ‚îÄ‚îÄ‚îÄ‚îÄ‚îÄ‚îÄ‚îÄ‚îÄ‚îÄ‚îÄ‚îÄ‚îÄ‚îÄ‚îÄ‚îÄ‚îÄ‚îÄ‚îÄ‚îÄ‚îÄ‚îÄ‚îÄ‚îÄ‚îÄ‚îÄ‚îÄ‚îÄ‚îÄ‚îÄ‚îÄ‚îÄ‚îÄ‚îÄ‚îÄ‚îÄ‚îÄ‚îÄ‚îÄ‚îÄ‚îÄ‚îÄ‚îÄ‚îÄ‚îÄ‚îÄ‚îÄ‚îÄ‚îÄ‚îÄ‚îÄ‚îÄ‚îÄ‚îÄ‚îÄ‚îÄ‚îÄ‚îÄ‚îÄ‚îÄ‚îÄ‚îÄ‚îÄ
    test-results\scale-badges-Scale-Badges--4e92c-hould-filter-nodes-by-scale-chromium\video.webm
    ‚îÄ‚îÄ‚îÄ‚îÄ‚îÄ‚îÄ‚îÄ‚îÄ‚îÄ‚îÄ‚îÄ‚îÄ‚îÄ‚îÄ‚îÄ‚îÄ‚îÄ‚îÄ‚îÄ‚îÄ‚îÄ‚îÄ‚îÄ‚îÄ‚îÄ‚îÄ‚îÄ‚îÄ‚îÄ‚îÄ‚îÄ‚îÄ‚îÄ‚îÄ‚îÄ‚îÄ‚îÄ‚îÄ‚îÄ‚îÄ‚îÄ‚îÄ‚îÄ‚îÄ‚îÄ‚îÄ‚îÄ‚îÄ‚îÄ‚îÄ‚îÄ‚îÄ‚îÄ‚îÄ‚îÄ‚îÄ‚îÄ‚îÄ‚îÄ‚îÄ‚îÄ‚îÄ‚îÄ‚îÄ‚îÄ‚îÄ‚îÄ‚îÄ‚îÄ‚îÄ‚îÄ‚îÄ‚îÄ‚îÄ‚îÄ‚îÄ‚îÄ‚îÄ‚îÄ‚îÄ‚îÄ‚îÄ‚îÄ‚îÄ‚îÄ‚îÄ‚îÄ‚îÄ‚îÄ‚îÄ‚îÄ‚îÄ‚îÄ‚îÄ‚îÄ‚îÄ

    Error Context: test-results\scale-badges-Scale-Badges--4e92c-hould-filter-nodes-by-scale-chromium\error-context.md

  44) [chromium] ‚Ä∫ tests\e2e\user-workflow-crisis-analysis.spec.ts:11:7 ‚Ä∫ User Workflow: Crisis Analysis ‚Ä∫ Complete crisis analysis workflow 

    Error: [2mexpect([22m[31mreceived[39m[2m).[22mtoBeGreaterThan[2m([22m[32mexpected[39m[2m)[22m

    Expected: > [32m0[39m
    Received:   [31m0[39m
        at C:\Users\mauri\OneDrive - Harvard University\New folder (2)\healthsystems\frontend\tests\e2e\user-workflow-crisis-analysis.spec.ts:40:27)
        at C:\Users\mauri\OneDrive - Harvard University\New folder (2)\healthsystems\frontend\node_modules\playwright\lib\worker\workerMain.js:310:9)
        at C:\Users\mauri\OneDrive - Harvard University\New folder (2)\healthsystems\frontend\node_modules\playwright\lib\worker\testInfo.js:305:11)
        at C:\Users\mauri\OneDrive - Harvard University\New folder (2)\healthsystems\frontend\node_modules\playwright\lib\worker\workerMain.js:308:7)

    attachment #1: screenshot (image/png) ‚îÄ‚îÄ‚îÄ‚îÄ‚îÄ‚îÄ‚îÄ‚îÄ‚îÄ‚îÄ‚îÄ‚îÄ‚îÄ‚îÄ‚îÄ‚îÄ‚îÄ‚îÄ‚îÄ‚îÄ‚îÄ‚îÄ‚îÄ‚îÄ‚îÄ‚îÄ‚îÄ‚îÄ‚îÄ‚îÄ‚îÄ‚îÄ‚îÄ‚îÄ‚îÄ‚îÄ‚îÄ‚îÄ‚îÄ‚îÄ‚îÄ‚îÄ‚îÄ‚îÄ‚îÄ‚îÄ‚îÄ‚îÄ‚îÄ‚îÄ‚îÄ‚îÄ‚îÄ‚îÄ‚îÄ‚îÄ‚îÄ‚îÄ
    test-results\user-workflow-crisis-analy-33641-te-crisis-analysis-workflow-chromium\test-failed-1.png
    ‚îÄ‚îÄ‚îÄ‚îÄ‚îÄ‚îÄ‚îÄ‚îÄ‚îÄ‚îÄ‚îÄ‚îÄ‚îÄ‚îÄ‚îÄ‚îÄ‚îÄ‚îÄ‚îÄ‚îÄ‚îÄ‚îÄ‚îÄ‚îÄ‚îÄ‚îÄ‚îÄ‚îÄ‚îÄ‚îÄ‚îÄ‚îÄ‚îÄ‚îÄ‚îÄ‚îÄ‚îÄ‚îÄ‚îÄ‚îÄ‚îÄ‚îÄ‚îÄ‚îÄ‚îÄ‚îÄ‚îÄ‚îÄ‚îÄ‚îÄ‚îÄ‚îÄ‚îÄ‚îÄ‚îÄ‚îÄ‚îÄ‚îÄ‚îÄ‚îÄ‚îÄ‚îÄ‚îÄ‚îÄ‚îÄ‚îÄ‚îÄ‚îÄ‚îÄ‚îÄ‚îÄ‚îÄ‚îÄ‚îÄ‚îÄ‚îÄ‚îÄ‚îÄ‚îÄ‚îÄ‚îÄ‚îÄ‚îÄ‚îÄ‚îÄ‚îÄ‚îÄ‚îÄ‚îÄ‚îÄ‚îÄ‚îÄ‚îÄ‚îÄ‚îÄ‚îÄ

    attachment #2: video (video/webm) ‚îÄ‚îÄ‚îÄ‚îÄ‚îÄ‚îÄ‚îÄ‚îÄ‚îÄ‚îÄ‚îÄ‚îÄ‚îÄ‚îÄ‚îÄ‚îÄ‚îÄ‚îÄ‚îÄ‚îÄ‚îÄ‚îÄ‚îÄ‚îÄ‚îÄ‚îÄ‚îÄ‚îÄ‚îÄ‚îÄ‚îÄ‚îÄ‚îÄ‚îÄ‚îÄ‚îÄ‚îÄ‚îÄ‚îÄ‚îÄ‚îÄ‚îÄ‚îÄ‚îÄ‚îÄ‚îÄ‚îÄ‚îÄ‚îÄ‚îÄ‚îÄ‚îÄ‚îÄ‚îÄ‚îÄ‚îÄ‚îÄ‚îÄ‚îÄ‚îÄ‚îÄ‚îÄ
    test-results\user-workflow-crisis-analy-33641-te-crisis-analysis-workflow-chromium\video.webm
    ‚îÄ‚îÄ‚îÄ‚îÄ‚îÄ‚îÄ‚îÄ‚îÄ‚îÄ‚îÄ‚îÄ‚îÄ‚îÄ‚îÄ‚îÄ‚îÄ‚îÄ‚îÄ‚îÄ‚îÄ‚îÄ‚îÄ‚îÄ‚îÄ‚îÄ‚îÄ‚îÄ‚îÄ‚îÄ‚îÄ‚îÄ‚îÄ‚îÄ‚îÄ‚îÄ‚îÄ‚îÄ‚îÄ‚îÄ‚îÄ‚îÄ‚îÄ‚îÄ‚îÄ‚îÄ‚îÄ‚îÄ‚îÄ‚îÄ‚îÄ‚îÄ‚îÄ‚îÄ‚îÄ‚îÄ‚îÄ‚îÄ‚îÄ‚îÄ‚îÄ‚îÄ‚îÄ‚îÄ‚îÄ‚îÄ‚îÄ‚îÄ‚îÄ‚îÄ‚îÄ‚îÄ‚îÄ‚îÄ‚îÄ‚îÄ‚îÄ‚îÄ‚îÄ‚îÄ‚îÄ‚îÄ‚îÄ‚îÄ‚îÄ‚îÄ‚îÄ‚îÄ‚îÄ‚îÄ‚îÄ‚îÄ‚îÄ‚îÄ‚îÄ‚îÄ‚îÄ

    Error Context: test-results\user-workflow-crisis-analy-33641-te-crisis-analysis-workflow-chromium\error-context.md

  45) [chromium] ‚Ä∫ tests\e2e\user-workflow-crisis-analysis.spec.ts:172:7 ‚Ä∫ User Workflow: Crisis Analysis ‚Ä∫ Reset functionality 

    [31mTest timeout of 30000ms exceeded.[39m

    Error: locator.click: Test timeout of 30000ms exceeded.
    Call log:
    [2m  - waiting for locator('input[type="checkbox"]').first()[22m

        at C:\Users\mauri\OneDrive - Harvard University\New folder (2)\healthsystems\frontend\tests\e2e\user-workflow-crisis-analysis.spec.ts:187:20)
        at C:\Users\mauri\OneDrive - Harvard University\New folder (2)\healthsystems\frontend\node_modules\playwright\lib\worker\workerMain.js:310:9)
        at C:\Users\mauri\OneDrive - Harvard University\New folder (2)\healthsystems\frontend\node_modules\playwright\lib\worker\testInfo.js:305:11)
        at C:\Users\mauri\OneDrive - Harvard University\New folder (2)\healthsystems\frontend\node_modules\playwright\lib\worker\workerMain.js:308:7)

    attachment #1: screenshot (image/png) ‚îÄ‚îÄ‚îÄ‚îÄ‚îÄ‚îÄ‚îÄ‚îÄ‚îÄ‚îÄ‚îÄ‚îÄ‚îÄ‚îÄ‚îÄ‚îÄ‚îÄ‚îÄ‚îÄ‚îÄ‚îÄ‚îÄ‚îÄ‚îÄ‚îÄ‚îÄ‚îÄ‚îÄ‚îÄ‚îÄ‚îÄ‚îÄ‚îÄ‚îÄ‚îÄ‚îÄ‚îÄ‚îÄ‚îÄ‚îÄ‚îÄ‚îÄ‚îÄ‚îÄ‚îÄ‚îÄ‚îÄ‚îÄ‚îÄ‚îÄ‚îÄ‚îÄ‚îÄ‚îÄ‚îÄ‚îÄ‚îÄ‚îÄ
    test-results\user-workflow-crisis-analy-0cd9d-nalysis-Reset-functionality-chromium\test-failed-1.png
    ‚îÄ‚îÄ‚îÄ‚îÄ‚îÄ‚îÄ‚îÄ‚îÄ‚îÄ‚îÄ‚îÄ‚îÄ‚îÄ‚îÄ‚îÄ‚îÄ‚îÄ‚îÄ‚îÄ‚îÄ‚îÄ‚îÄ‚îÄ‚îÄ‚îÄ‚îÄ‚îÄ‚îÄ‚îÄ‚îÄ‚îÄ‚îÄ‚îÄ‚îÄ‚îÄ‚îÄ‚îÄ‚îÄ‚îÄ‚îÄ‚îÄ‚îÄ‚îÄ‚îÄ‚îÄ‚îÄ‚îÄ‚îÄ‚îÄ‚îÄ‚îÄ‚îÄ‚îÄ‚îÄ‚îÄ‚îÄ‚îÄ‚îÄ‚îÄ‚îÄ‚îÄ‚îÄ‚îÄ‚îÄ‚îÄ‚îÄ‚îÄ‚îÄ‚îÄ‚îÄ‚îÄ‚îÄ‚îÄ‚îÄ‚îÄ‚îÄ‚îÄ‚îÄ‚îÄ‚îÄ‚îÄ‚îÄ‚îÄ‚îÄ‚îÄ‚îÄ‚îÄ‚îÄ‚îÄ‚îÄ‚îÄ‚îÄ‚îÄ‚îÄ‚îÄ‚îÄ

    attachment #2: video (video/webm) ‚îÄ‚îÄ‚îÄ‚îÄ‚îÄ‚îÄ‚îÄ‚îÄ‚îÄ‚îÄ‚îÄ‚îÄ‚îÄ‚îÄ‚îÄ‚îÄ‚îÄ‚îÄ‚îÄ‚îÄ‚îÄ‚îÄ‚îÄ‚îÄ‚îÄ‚îÄ‚îÄ‚îÄ‚îÄ‚îÄ‚îÄ‚îÄ‚îÄ‚îÄ‚îÄ‚îÄ‚îÄ‚îÄ‚îÄ‚îÄ‚îÄ‚îÄ‚îÄ‚îÄ‚îÄ‚îÄ‚îÄ‚îÄ‚îÄ‚îÄ‚îÄ‚îÄ‚îÄ‚îÄ‚îÄ‚îÄ‚îÄ‚îÄ‚îÄ‚îÄ‚îÄ‚îÄ
    test-results\user-workflow-crisis-analy-0cd9d-nalysis-Reset-functionality-chromium\video.webm
    ‚îÄ‚îÄ‚îÄ‚îÄ‚îÄ‚îÄ‚îÄ‚îÄ‚îÄ‚îÄ‚îÄ‚îÄ‚îÄ‚îÄ‚îÄ‚îÄ‚îÄ‚îÄ‚îÄ‚îÄ‚îÄ‚îÄ‚îÄ‚îÄ‚îÄ‚îÄ‚îÄ‚îÄ‚îÄ‚îÄ‚îÄ‚îÄ‚îÄ‚îÄ‚îÄ‚îÄ‚îÄ‚îÄ‚îÄ‚îÄ‚îÄ‚îÄ‚îÄ‚îÄ‚îÄ‚îÄ‚îÄ‚îÄ‚îÄ‚îÄ‚îÄ‚îÄ‚îÄ‚îÄ‚îÄ‚îÄ‚îÄ‚îÄ‚îÄ‚îÄ‚îÄ‚îÄ‚îÄ‚îÄ‚îÄ‚îÄ‚îÄ‚îÄ‚îÄ‚îÄ‚îÄ‚îÄ‚îÄ‚îÄ‚îÄ‚îÄ‚îÄ‚îÄ‚îÄ‚îÄ‚îÄ‚îÄ‚îÄ‚îÄ‚îÄ‚îÄ‚îÄ‚îÄ‚îÄ‚îÄ‚îÄ‚îÄ‚îÄ‚îÄ‚îÄ‚îÄ

    Error Context: test-results\user-workflow-crisis-analy-0cd9d-nalysis-Reset-functionality-chromium\error-context.md

  46) [chromium] ‚Ä∫ tests\e2e\user-workflow-crisis-analysis.spec.ts:216:7 ‚Ä∫ User Workflow: Crisis Analysis ‚Ä∫ Clear selection button 

    [31mTest timeout of 30000ms exceeded.[39m

    Error: locator.click: Test timeout of 30000ms exceeded.
    Call log:
    [2m  - waiting for locator('input[type="checkbox"]').first()[22m

        at C:\Users\mauri\OneDrive - Harvard University\New folder (2)\healthsystems\frontend\tests\e2e\user-workflow-crisis-analysis.spec.ts:231:30)
        at C:\Users\mauri\OneDrive - Harvard University\New folder (2)\healthsystems\frontend\node_modules\playwright\lib\worker\workerMain.js:310:9)
        at C:\Users\mauri\OneDrive - Harvard University\New folder (2)\healthsystems\frontend\node_modules\playwright\lib\worker\testInfo.js:305:11)
        at C:\Users\mauri\OneDrive - Harvard University\New folder (2)\healthsystems\frontend\node_modules\playwright\lib\worker\workerMain.js:308:7)

    attachment #1: screenshot (image/png) ‚îÄ‚îÄ‚îÄ‚îÄ‚îÄ‚îÄ‚îÄ‚îÄ‚îÄ‚îÄ‚îÄ‚îÄ‚îÄ‚îÄ‚îÄ‚îÄ‚îÄ‚îÄ‚îÄ‚îÄ‚îÄ‚îÄ‚îÄ‚îÄ‚îÄ‚îÄ‚îÄ‚îÄ‚îÄ‚îÄ‚îÄ‚îÄ‚îÄ‚îÄ‚îÄ‚îÄ‚îÄ‚îÄ‚îÄ‚îÄ‚îÄ‚îÄ‚îÄ‚îÄ‚îÄ‚îÄ‚îÄ‚îÄ‚îÄ‚îÄ‚îÄ‚îÄ‚îÄ‚îÄ‚îÄ‚îÄ‚îÄ‚îÄ
    test-results\user-workflow-crisis-analy-3748c-ysis-Clear-selection-button-chromium\test-failed-1.png
    ‚îÄ‚îÄ‚îÄ‚îÄ‚îÄ‚îÄ‚îÄ‚îÄ‚îÄ‚îÄ‚îÄ‚îÄ‚îÄ‚îÄ‚îÄ‚îÄ‚îÄ‚îÄ‚îÄ‚îÄ‚îÄ‚îÄ‚îÄ‚îÄ‚îÄ‚îÄ‚îÄ‚îÄ‚îÄ‚îÄ‚îÄ‚îÄ‚îÄ‚îÄ‚îÄ‚îÄ‚îÄ‚îÄ‚îÄ‚îÄ‚îÄ‚îÄ‚îÄ‚îÄ‚îÄ‚îÄ‚îÄ‚îÄ‚îÄ‚îÄ‚îÄ‚îÄ‚îÄ‚îÄ‚îÄ‚îÄ‚îÄ‚îÄ‚îÄ‚îÄ‚îÄ‚îÄ‚îÄ‚îÄ‚îÄ‚îÄ‚îÄ‚îÄ‚îÄ‚îÄ‚îÄ‚îÄ‚îÄ‚îÄ‚îÄ‚îÄ‚îÄ‚îÄ‚îÄ‚îÄ‚îÄ‚îÄ‚îÄ‚îÄ‚îÄ‚îÄ‚îÄ‚îÄ‚îÄ‚îÄ‚îÄ‚îÄ‚îÄ‚îÄ‚îÄ‚îÄ

    attachment #2: video (video/webm) ‚îÄ‚îÄ‚îÄ‚îÄ‚îÄ‚îÄ‚îÄ‚îÄ‚îÄ‚îÄ‚îÄ‚îÄ‚îÄ‚îÄ‚îÄ‚îÄ‚îÄ‚îÄ‚îÄ‚îÄ‚îÄ‚îÄ‚îÄ‚îÄ‚îÄ‚îÄ‚îÄ‚îÄ‚îÄ‚îÄ‚îÄ‚îÄ‚îÄ‚îÄ‚îÄ‚îÄ‚îÄ‚îÄ‚îÄ‚îÄ‚îÄ‚îÄ‚îÄ‚îÄ‚îÄ‚îÄ‚îÄ‚îÄ‚îÄ‚îÄ‚îÄ‚îÄ‚îÄ‚îÄ‚îÄ‚îÄ‚îÄ‚îÄ‚îÄ‚îÄ‚îÄ‚îÄ
    test-results\user-workflow-crisis-analy-3748c-ysis-Clear-selection-button-chromium\video.webm
    ‚îÄ‚îÄ‚îÄ‚îÄ‚îÄ‚îÄ‚îÄ‚îÄ‚îÄ‚îÄ‚îÄ‚îÄ‚îÄ‚îÄ‚îÄ‚îÄ‚îÄ‚îÄ‚îÄ‚îÄ‚îÄ‚îÄ‚îÄ‚îÄ‚îÄ‚îÄ‚îÄ‚îÄ‚îÄ‚îÄ‚îÄ‚îÄ‚îÄ‚îÄ‚îÄ‚îÄ‚îÄ‚îÄ‚îÄ‚îÄ‚îÄ‚îÄ‚îÄ‚îÄ‚îÄ‚îÄ‚îÄ‚îÄ‚îÄ‚îÄ‚îÄ‚îÄ‚îÄ‚îÄ‚îÄ‚îÄ‚îÄ‚îÄ‚îÄ‚îÄ‚îÄ‚îÄ‚îÄ‚îÄ‚îÄ‚îÄ‚îÄ‚îÄ‚îÄ‚îÄ‚îÄ‚îÄ‚îÄ‚îÄ‚îÄ‚îÄ‚îÄ‚îÄ‚îÄ‚îÄ‚îÄ‚îÄ‚îÄ‚îÄ‚îÄ‚îÄ‚îÄ‚îÄ‚îÄ‚îÄ‚îÄ‚îÄ‚îÄ‚îÄ‚îÄ‚îÄ

    Error Context: test-results\user-workflow-crisis-analy-3748c-ysis-Clear-selection-button-chromium\error-context.md

  47) [chromium] ‚Ä∫ tests\e2e\user-workflow-crisis-analysis.spec.ts:257:7 ‚Ä∫ User Workflow: Crisis Analysis ‚Ä∫ Filter by policy levers tab 

    [31mTest timeout of 30000ms exceeded.[39m

    Error: locator.click: Test timeout of 30000ms exceeded.
    Call log:
    [2m  - waiting for locator('input[type="checkbox"]').first()[22m

        at C:\Users\mauri\OneDrive - Harvard University\New folder (2)\healthsystems\frontend\tests\e2e\user-workflow-crisis-analysis.spec.ts:272:20)
        at C:\Users\mauri\OneDrive - Harvard University\New folder (2)\healthsystems\frontend\node_modules\playwright\lib\worker\workerMain.js:310:9)
        at C:\Users\mauri\OneDrive - Harvard University\New folder (2)\healthsystems\frontend\node_modules\playwright\lib\worker\testInfo.js:305:11)
        at C:\Users\mauri\OneDrive - Harvard University\New folder (2)\healthsystems\frontend\node_modules\playwright\lib\worker\workerMain.js:308:7)

    attachment #1: screenshot (image/png) ‚îÄ‚îÄ‚îÄ‚îÄ‚îÄ‚îÄ‚îÄ‚îÄ‚îÄ‚îÄ‚îÄ‚îÄ‚îÄ‚îÄ‚îÄ‚îÄ‚îÄ‚îÄ‚îÄ‚îÄ‚îÄ‚îÄ‚îÄ‚îÄ‚îÄ‚îÄ‚îÄ‚îÄ‚îÄ‚îÄ‚îÄ‚îÄ‚îÄ‚îÄ‚îÄ‚îÄ‚îÄ‚îÄ‚îÄ‚îÄ‚îÄ‚îÄ‚îÄ‚îÄ‚îÄ‚îÄ‚îÄ‚îÄ‚îÄ‚îÄ‚îÄ‚îÄ‚îÄ‚îÄ‚îÄ‚îÄ‚îÄ‚îÄ
    test-results\user-workflow-crisis-analy-f7bc0-Filter-by-policy-levers-tab-chromium\test-failed-1.png
    ‚îÄ‚îÄ‚îÄ‚îÄ‚îÄ‚îÄ‚îÄ‚îÄ‚îÄ‚îÄ‚îÄ‚îÄ‚îÄ‚îÄ‚îÄ‚îÄ‚îÄ‚îÄ‚îÄ‚îÄ‚îÄ‚îÄ‚îÄ‚îÄ‚îÄ‚îÄ‚îÄ‚îÄ‚îÄ‚îÄ‚îÄ‚îÄ‚îÄ‚îÄ‚îÄ‚îÄ‚îÄ‚îÄ‚îÄ‚îÄ‚îÄ‚îÄ‚îÄ‚îÄ‚îÄ‚îÄ‚îÄ‚îÄ‚îÄ‚îÄ‚îÄ‚îÄ‚îÄ‚îÄ‚îÄ‚îÄ‚îÄ‚îÄ‚îÄ‚îÄ‚îÄ‚îÄ‚îÄ‚îÄ‚îÄ‚îÄ‚îÄ‚îÄ‚îÄ‚îÄ‚îÄ‚îÄ‚îÄ‚îÄ‚îÄ‚îÄ‚îÄ‚îÄ‚îÄ‚îÄ‚îÄ‚îÄ‚îÄ‚îÄ‚îÄ‚îÄ‚îÄ‚îÄ‚îÄ‚îÄ‚îÄ‚îÄ‚îÄ‚îÄ‚îÄ‚îÄ

    attachment #2: video (video/webm) ‚îÄ‚îÄ‚îÄ‚îÄ‚îÄ‚îÄ‚îÄ‚îÄ‚îÄ‚îÄ‚îÄ‚îÄ‚îÄ‚îÄ‚îÄ‚îÄ‚îÄ‚îÄ‚îÄ‚îÄ‚îÄ‚îÄ‚îÄ‚îÄ‚îÄ‚îÄ‚îÄ‚îÄ‚îÄ‚îÄ‚îÄ‚îÄ‚îÄ‚îÄ‚îÄ‚îÄ‚îÄ‚îÄ‚îÄ‚îÄ‚îÄ‚îÄ‚îÄ‚îÄ‚îÄ‚îÄ‚îÄ‚îÄ‚îÄ‚îÄ‚îÄ‚îÄ‚îÄ‚îÄ‚îÄ‚îÄ‚îÄ‚îÄ‚îÄ‚îÄ‚îÄ‚îÄ
    test-results\user-workflow-crisis-analy-f7bc0-Filter-by-policy-levers-tab-chromium\video.webm
    ‚îÄ‚îÄ‚îÄ‚îÄ‚îÄ‚îÄ‚îÄ‚îÄ‚îÄ‚îÄ‚îÄ‚îÄ‚îÄ‚îÄ‚îÄ‚îÄ‚îÄ‚îÄ‚îÄ‚îÄ‚îÄ‚îÄ‚îÄ‚îÄ‚îÄ‚îÄ‚îÄ‚îÄ‚îÄ‚îÄ‚îÄ‚îÄ‚îÄ‚îÄ‚îÄ‚îÄ‚îÄ‚îÄ‚îÄ‚îÄ‚îÄ‚îÄ‚îÄ‚îÄ‚îÄ‚îÄ‚îÄ‚îÄ‚îÄ‚îÄ‚îÄ‚îÄ‚îÄ‚îÄ‚îÄ‚îÄ‚îÄ‚îÄ‚îÄ‚îÄ‚îÄ‚îÄ‚îÄ‚îÄ‚îÄ‚îÄ‚îÄ‚îÄ‚îÄ‚îÄ‚îÄ‚îÄ‚îÄ‚îÄ‚îÄ‚îÄ‚îÄ‚îÄ‚îÄ‚îÄ‚îÄ‚îÄ‚îÄ‚îÄ‚îÄ‚îÄ‚îÄ‚îÄ‚îÄ‚îÄ‚îÄ‚îÄ‚îÄ‚îÄ‚îÄ‚îÄ

    Error Context: test-results\user-workflow-crisis-analy-f7bc0-Filter-by-policy-levers-tab-chromium\error-context.md

  48) [chromium] ‚Ä∫ tests\e2e\user-workflow-pathfinding.spec.ts:11:7 ‚Ä∫ User Workflow: Pathfinding ‚Ä∫ Complete pathfinding workflow - researcher finds paths 

    Error: [2mexpect([22m[31mlocator[39m[2m).[22mtoBeVisible[2m([22m[2m)[22m failed

    Locator: locator('svg:has(g.graph-container)')
    Expected: visible
    Timeout: 15000ms
    Error: element(s) not found

    Call log:
    [2m  - Expect "toBeVisible" with timeout 15000ms[22m
    [2m  - waiting for locator('svg:has(g.graph-container)')[22m

        at C:\Users\mauri\OneDrive - Harvard University\New folder (2)\healthsystems\frontend\tests\e2e\user-workflow-pathfinding.spec.ts:26:23)
        at C:\Users\mauri\OneDrive - Harvard University\New folder (2)\healthsystems\frontend\node_modules\playwright\lib\worker\workerMain.js:310:9)
        at C:\Users\mauri\OneDrive - Harvard University\New folder (2)\healthsystems\frontend\node_modules\playwright\lib\worker\testInfo.js:305:11)
        at C:\Users\mauri\OneDrive - Harvard University\New folder (2)\healthsystems\frontend\node_modules\playwright\lib\worker\workerMain.js:308:7)

    attachment #1: screenshot (image/png) ‚îÄ‚îÄ‚îÄ‚îÄ‚îÄ‚îÄ‚îÄ‚îÄ‚îÄ‚îÄ‚îÄ‚îÄ‚îÄ‚îÄ‚îÄ‚îÄ‚îÄ‚îÄ‚îÄ‚îÄ‚îÄ‚îÄ‚îÄ‚îÄ‚îÄ‚îÄ‚îÄ‚îÄ‚îÄ‚îÄ‚îÄ‚îÄ‚îÄ‚îÄ‚îÄ‚îÄ‚îÄ‚îÄ‚îÄ‚îÄ‚îÄ‚îÄ‚îÄ‚îÄ‚îÄ‚îÄ‚îÄ‚îÄ‚îÄ‚îÄ‚îÄ‚îÄ‚îÄ‚îÄ‚îÄ‚îÄ‚îÄ‚îÄ
    test-results\user-workflow-pathfinding--31e95-ow---researcher-finds-paths-chromium\test-failed-1.png
    ‚îÄ‚îÄ‚îÄ‚îÄ‚îÄ‚îÄ‚îÄ‚îÄ‚îÄ‚îÄ‚îÄ‚îÄ‚îÄ‚îÄ‚îÄ‚îÄ‚îÄ‚îÄ‚îÄ‚îÄ‚îÄ‚îÄ‚îÄ‚îÄ‚îÄ‚îÄ‚îÄ‚îÄ‚îÄ‚îÄ‚îÄ‚îÄ‚îÄ‚îÄ‚îÄ‚îÄ‚îÄ‚îÄ‚îÄ‚îÄ‚îÄ‚îÄ‚îÄ‚îÄ‚îÄ‚îÄ‚îÄ‚îÄ‚îÄ‚îÄ‚îÄ‚îÄ‚îÄ‚îÄ‚îÄ‚îÄ‚îÄ‚îÄ‚îÄ‚îÄ‚îÄ‚îÄ‚îÄ‚îÄ‚îÄ‚îÄ‚îÄ‚îÄ‚îÄ‚îÄ‚îÄ‚îÄ‚îÄ‚îÄ‚îÄ‚îÄ‚îÄ‚îÄ‚îÄ‚îÄ‚îÄ‚îÄ‚îÄ‚îÄ‚îÄ‚îÄ‚îÄ‚îÄ‚îÄ‚îÄ‚îÄ‚îÄ‚îÄ‚îÄ‚îÄ‚îÄ

    attachment #2: video (video/webm) ‚îÄ‚îÄ‚îÄ‚îÄ‚îÄ‚îÄ‚îÄ‚îÄ‚îÄ‚îÄ‚îÄ‚îÄ‚îÄ‚îÄ‚îÄ‚îÄ‚îÄ‚îÄ‚îÄ‚îÄ‚îÄ‚îÄ‚îÄ‚îÄ‚îÄ‚îÄ‚îÄ‚îÄ‚îÄ‚îÄ‚îÄ‚îÄ‚îÄ‚îÄ‚îÄ‚îÄ‚îÄ‚îÄ‚îÄ‚îÄ‚îÄ‚îÄ‚îÄ‚îÄ‚îÄ‚îÄ‚îÄ‚îÄ‚îÄ‚îÄ‚îÄ‚îÄ‚îÄ‚îÄ‚îÄ‚îÄ‚îÄ‚îÄ‚îÄ‚îÄ‚îÄ‚îÄ
    test-results\user-workflow-pathfinding--31e95-ow---researcher-finds-paths-chromium\video.webm
    ‚îÄ‚îÄ‚îÄ‚îÄ‚îÄ‚îÄ‚îÄ‚îÄ‚îÄ‚îÄ‚îÄ‚îÄ‚îÄ‚îÄ‚îÄ‚îÄ‚îÄ‚îÄ‚îÄ‚îÄ‚îÄ‚îÄ‚îÄ‚îÄ‚îÄ‚îÄ‚îÄ‚îÄ‚îÄ‚îÄ‚îÄ‚îÄ‚îÄ‚îÄ‚îÄ‚îÄ‚îÄ‚îÄ‚îÄ‚îÄ‚îÄ‚îÄ‚îÄ‚îÄ‚îÄ‚îÄ‚îÄ‚îÄ‚îÄ‚îÄ‚îÄ‚îÄ‚îÄ‚îÄ‚îÄ‚îÄ‚îÄ‚îÄ‚îÄ‚îÄ‚îÄ‚îÄ‚îÄ‚îÄ‚îÄ‚îÄ‚îÄ‚îÄ‚îÄ‚îÄ‚îÄ‚îÄ‚îÄ‚îÄ‚îÄ‚îÄ‚îÄ‚îÄ‚îÄ‚îÄ‚îÄ‚îÄ‚îÄ‚îÄ‚îÄ‚îÄ‚îÄ‚îÄ‚îÄ‚îÄ‚îÄ‚îÄ‚îÄ‚îÄ‚îÄ‚îÄ

    Error Context: test-results\user-workflow-pathfinding--31e95-ow---researcher-finds-paths-chromium\error-context.md

  49) [chromium] ‚Ä∫ tests\e2e\user-workflow-pathfinding.spec.ts:126:7 ‚Ä∫ User Workflow: Pathfinding ‚Ä∫ Error handling - selecting same node twice 

    TimeoutError: page.waitForSelector: Timeout 15000ms exceeded.
    Call log:
    [2m  - waiting for locator('g.node') to be visible[22m

        at C:\Users\mauri\OneDrive - Harvard University\New folder (2)\healthsystems\frontend\tests\e2e\user-workflow-pathfinding.spec.ts:134:16)
        at C:\Users\mauri\OneDrive - Harvard University\New folder (2)\healthsystems\frontend\node_modules\playwright\lib\worker\workerMain.js:310:9)
        at C:\Users\mauri\OneDrive - Harvard University\New folder (2)\healthsystems\frontend\node_modules\playwright\lib\worker\testInfo.js:305:11)
        at C:\Users\mauri\OneDrive - Harvard University\New folder (2)\healthsystems\frontend\node_modules\playwright\lib\worker\workerMain.js:308:7)

    attachment #1: screenshot (image/png) ‚îÄ‚îÄ‚îÄ‚îÄ‚îÄ‚îÄ‚îÄ‚îÄ‚îÄ‚îÄ‚îÄ‚îÄ‚îÄ‚îÄ‚îÄ‚îÄ‚îÄ‚îÄ‚îÄ‚îÄ‚îÄ‚îÄ‚îÄ‚îÄ‚îÄ‚îÄ‚îÄ‚îÄ‚îÄ‚îÄ‚îÄ‚îÄ‚îÄ‚îÄ‚îÄ‚îÄ‚îÄ‚îÄ‚îÄ‚îÄ‚îÄ‚îÄ‚îÄ‚îÄ‚îÄ‚îÄ‚îÄ‚îÄ‚îÄ‚îÄ‚îÄ‚îÄ‚îÄ‚îÄ‚îÄ‚îÄ‚îÄ‚îÄ
    test-results\user-workflow-pathfinding--fab87---selecting-same-node-twice-chromium\test-failed-1.png
    ‚îÄ‚îÄ‚îÄ‚îÄ‚îÄ‚îÄ‚îÄ‚îÄ‚îÄ‚îÄ‚îÄ‚îÄ‚îÄ‚îÄ‚îÄ‚îÄ‚îÄ‚îÄ‚îÄ‚îÄ‚îÄ‚îÄ‚îÄ‚îÄ‚îÄ‚îÄ‚îÄ‚îÄ‚îÄ‚îÄ‚îÄ‚îÄ‚îÄ‚îÄ‚îÄ‚îÄ‚îÄ‚îÄ‚îÄ‚îÄ‚îÄ‚îÄ‚îÄ‚îÄ‚îÄ‚îÄ‚îÄ‚îÄ‚îÄ‚îÄ‚îÄ‚îÄ‚îÄ‚îÄ‚îÄ‚îÄ‚îÄ‚îÄ‚îÄ‚îÄ‚îÄ‚îÄ‚îÄ‚îÄ‚îÄ‚îÄ‚îÄ‚îÄ‚îÄ‚îÄ‚îÄ‚îÄ‚îÄ‚îÄ‚îÄ‚îÄ‚îÄ‚îÄ‚îÄ‚îÄ‚îÄ‚îÄ‚îÄ‚îÄ‚îÄ‚îÄ‚îÄ‚îÄ‚îÄ‚îÄ‚îÄ‚îÄ‚îÄ‚îÄ‚îÄ‚îÄ

    attachment #2: video (video/webm) ‚îÄ‚îÄ‚îÄ‚îÄ‚îÄ‚îÄ‚îÄ‚îÄ‚îÄ‚îÄ‚îÄ‚îÄ‚îÄ‚îÄ‚îÄ‚îÄ‚îÄ‚îÄ‚îÄ‚îÄ‚îÄ‚îÄ‚îÄ‚îÄ‚îÄ‚îÄ‚îÄ‚îÄ‚îÄ‚îÄ‚îÄ‚îÄ‚îÄ‚îÄ‚îÄ‚îÄ‚îÄ‚îÄ‚îÄ‚îÄ‚îÄ‚îÄ‚îÄ‚îÄ‚îÄ‚îÄ‚îÄ‚îÄ‚îÄ‚îÄ‚îÄ‚îÄ‚îÄ‚îÄ‚îÄ‚îÄ‚îÄ‚îÄ‚îÄ‚îÄ‚îÄ‚îÄ
    test-results\user-workflow-pathfinding--fab87---selecting-same-node-twice-chromium\video.webm
    ‚îÄ‚îÄ‚îÄ‚îÄ‚îÄ‚îÄ‚îÄ‚îÄ‚îÄ‚îÄ‚îÄ‚îÄ‚îÄ‚îÄ‚îÄ‚îÄ‚îÄ‚îÄ‚îÄ‚îÄ‚îÄ‚îÄ‚îÄ‚îÄ‚îÄ‚îÄ‚îÄ‚îÄ‚îÄ‚îÄ‚îÄ‚îÄ‚îÄ‚îÄ‚îÄ‚îÄ‚îÄ‚îÄ‚îÄ‚îÄ‚îÄ‚îÄ‚îÄ‚îÄ‚îÄ‚îÄ‚îÄ‚îÄ‚îÄ‚îÄ‚îÄ‚îÄ‚îÄ‚îÄ‚îÄ‚îÄ‚îÄ‚îÄ‚îÄ‚îÄ‚îÄ‚îÄ‚îÄ‚îÄ‚îÄ‚îÄ‚îÄ‚îÄ‚îÄ‚îÄ‚îÄ‚îÄ‚îÄ‚îÄ‚îÄ‚îÄ‚îÄ‚îÄ‚îÄ‚îÄ‚îÄ‚îÄ‚îÄ‚îÄ‚îÄ‚îÄ‚îÄ‚îÄ‚îÄ‚îÄ‚îÄ‚îÄ‚îÄ‚îÄ‚îÄ‚îÄ

    Error Context: test-results\user-workflow-pathfinding--fab87---selecting-same-node-twice-chromium\error-context.md

  50) [chromium] ‚Ä∫ tests\e2e\user-workflows.spec.ts:92:7 ‚Ä∫ User Workflow: Pathfinding Analysis ‚Ä∫ complete pathfinding workflow: select source ‚Üí select target ‚Üí configure ‚Üí find paths ‚Üí analyze results 

    Error: [2mexpect([22m[31mlocator[39m[2m).[22mtoContainText[2m([22m[32mexpected[39m[2m)[22m failed

    Locator: locator('h1, h2')
    Expected pattern: [32m/path/i[39m
    Error: strict mode violation: locator('h1, h2') resolved to 2 elements:
        1) <h1 class="text-3xl font-bold text-gray-900 mb-2">Pathfinder</h1> aka getByRole('heading', { name: 'Pathfinder' })
        2) <h2 class="text-lg font-semibold text-gray-900 mb-4">Search Configuration</h2> aka getByRole('heading', { name: 'Search Configuration' })

    Call log:
    [2m  - Expect "toContainText" with timeout 5000ms[22m
    [2m  - waiting for locator('h1, h2')[22m

        at C:\Users\mauri\OneDrive - Harvard University\New folder (2)\healthsystems\frontend\tests\e2e\user-workflows.spec.ts:97:42)
        at C:\Users\mauri\OneDrive - Harvard University\New folder (2)\healthsystems\frontend\node_modules\playwright\lib\worker\workerMain.js:310:9)
        at C:\Users\mauri\OneDrive - Harvard University\New folder (2)\healthsystems\frontend\node_modules\playwright\lib\worker\testInfo.js:305:11)
        at C:\Users\mauri\OneDrive - Harvard University\New folder (2)\healthsystems\frontend\node_modules\playwright\lib\worker\workerMain.js:308:7)

    attachment #1: screenshot (image/png) ‚îÄ‚îÄ‚îÄ‚îÄ‚îÄ‚îÄ‚îÄ‚îÄ‚îÄ‚îÄ‚îÄ‚îÄ‚îÄ‚îÄ‚îÄ‚îÄ‚îÄ‚îÄ‚îÄ‚îÄ‚îÄ‚îÄ‚îÄ‚îÄ‚îÄ‚îÄ‚îÄ‚îÄ‚îÄ‚îÄ‚îÄ‚îÄ‚îÄ‚îÄ‚îÄ‚îÄ‚îÄ‚îÄ‚îÄ‚îÄ‚îÄ‚îÄ‚îÄ‚îÄ‚îÄ‚îÄ‚îÄ‚îÄ‚îÄ‚îÄ‚îÄ‚îÄ‚îÄ‚îÄ‚îÄ‚îÄ‚îÄ‚îÄ
    test-results\user-workflows-User-Workfl-88dd4-ind-paths-‚Üí-analyze-results-chromium\test-failed-1.png
    ‚îÄ‚îÄ‚îÄ‚îÄ‚îÄ‚îÄ‚îÄ‚îÄ‚îÄ‚îÄ‚îÄ‚îÄ‚îÄ‚îÄ‚îÄ‚îÄ‚îÄ‚îÄ‚îÄ‚îÄ‚îÄ‚îÄ‚îÄ‚îÄ‚îÄ‚îÄ‚îÄ‚îÄ‚îÄ‚îÄ‚îÄ‚îÄ‚îÄ‚îÄ‚îÄ‚îÄ‚îÄ‚îÄ‚îÄ‚îÄ‚îÄ‚îÄ‚îÄ‚îÄ‚îÄ‚îÄ‚îÄ‚îÄ‚îÄ‚îÄ‚îÄ‚îÄ‚îÄ‚îÄ‚îÄ‚îÄ‚îÄ‚îÄ‚îÄ‚îÄ‚îÄ‚îÄ‚îÄ‚îÄ‚îÄ‚îÄ‚îÄ‚îÄ‚îÄ‚îÄ‚îÄ‚îÄ‚îÄ‚îÄ‚îÄ‚îÄ‚îÄ‚îÄ‚îÄ‚îÄ‚îÄ‚îÄ‚îÄ‚îÄ‚îÄ‚îÄ‚îÄ‚îÄ‚îÄ‚îÄ‚îÄ‚îÄ‚îÄ‚îÄ‚îÄ‚îÄ

    attachment #2: video (video/webm) ‚îÄ‚îÄ‚îÄ‚îÄ‚îÄ‚îÄ‚îÄ‚îÄ‚îÄ‚îÄ‚îÄ‚îÄ‚îÄ‚îÄ‚îÄ‚îÄ‚îÄ‚îÄ‚îÄ‚îÄ‚îÄ‚îÄ‚îÄ‚îÄ‚îÄ‚îÄ‚îÄ‚îÄ‚îÄ‚îÄ‚îÄ‚îÄ‚îÄ‚îÄ‚îÄ‚îÄ‚îÄ‚îÄ‚îÄ‚îÄ‚îÄ‚îÄ‚îÄ‚îÄ‚îÄ‚îÄ‚îÄ‚îÄ‚îÄ‚îÄ‚îÄ‚îÄ‚îÄ‚îÄ‚îÄ‚îÄ‚îÄ‚îÄ‚îÄ‚îÄ‚îÄ‚îÄ
    test-results\user-workflows-User-Workfl-88dd4-ind-paths-‚Üí-analyze-results-chromium\video.webm
    ‚îÄ‚îÄ‚îÄ‚îÄ‚îÄ‚îÄ‚îÄ‚îÄ‚îÄ‚îÄ‚îÄ‚îÄ‚îÄ‚îÄ‚îÄ‚îÄ‚îÄ‚îÄ‚îÄ‚îÄ‚îÄ‚îÄ‚îÄ‚îÄ‚îÄ‚îÄ‚îÄ‚îÄ‚îÄ‚îÄ‚îÄ‚îÄ‚îÄ‚îÄ‚îÄ‚îÄ‚îÄ‚îÄ‚îÄ‚îÄ‚îÄ‚îÄ‚îÄ‚îÄ‚îÄ‚îÄ‚îÄ‚îÄ‚îÄ‚îÄ‚îÄ‚îÄ‚îÄ‚îÄ‚îÄ‚îÄ‚îÄ‚îÄ‚îÄ‚îÄ‚îÄ‚îÄ‚îÄ‚îÄ‚îÄ‚îÄ‚îÄ‚îÄ‚îÄ‚îÄ‚îÄ‚îÄ‚îÄ‚îÄ‚îÄ‚îÄ‚îÄ‚îÄ‚îÄ‚îÄ‚îÄ‚îÄ‚îÄ‚îÄ‚îÄ‚îÄ‚îÄ‚îÄ‚îÄ‚îÄ‚îÄ‚îÄ‚îÄ‚îÄ‚îÄ‚îÄ

    Error Context: test-results\user-workflows-User-Workfl-88dd4-ind-paths-‚Üí-analyze-results-chromium\error-context.md

  51) [chromium] ‚Ä∫ tests\e2e\user-workflows.spec.ts:174:7 ‚Ä∫ User Workflow: Crisis Analysis ‚Ä∫ complete crisis analysis workflow: select crises ‚Üí configure ‚Üí explore ‚Üí identify levers 

    Error: [2mexpect([22m[31mlocator[39m[2m).[22mtoContainText[2m([22m[32mexpected[39m[2m)[22m failed

    Locator: locator('h1, h2')
    Expected pattern: [32m/crisis/i[39m
    Error: strict mode violation: locator('h1, h2') resolved to 2 elements:
        1) <h1 class="text-3xl font-bold text-gray-900 mb-2">Crisis Endpoint Explorer</h1> aka getByRole('heading', { name: 'Crisis Endpoint Explorer' })
        2) <h2 class="text-lg font-semibold text-gray-900 mb-4">Configuration</h2> aka getByRole('heading', { name: 'Configuration' })

    Call log:
    [2m  - Expect "toContainText" with timeout 5000ms[22m
    [2m  - waiting for locator('h1, h2')[22m

        at C:\Users\mauri\OneDrive - Harvard University\New folder (2)\healthsystems\frontend\tests\e2e\user-workflows.spec.ts:179:42)
        at C:\Users\mauri\OneDrive - Harvard University\New folder (2)\healthsystems\frontend\node_modules\playwright\lib\worker\workerMain.js:310:9)
        at C:\Users\mauri\OneDrive - Harvard University\New folder (2)\healthsystems\frontend\node_modules\playwright\lib\worker\testInfo.js:305:11)
        at C:\Users\mauri\OneDrive - Harvard University\New folder (2)\healthsystems\frontend\node_modules\playwright\lib\worker\workerMain.js:308:7)

    attachment #1: screenshot (image/png) ‚îÄ‚îÄ‚îÄ‚îÄ‚îÄ‚îÄ‚îÄ‚îÄ‚îÄ‚îÄ‚îÄ‚îÄ‚îÄ‚îÄ‚îÄ‚îÄ‚îÄ‚îÄ‚îÄ‚îÄ‚îÄ‚îÄ‚îÄ‚îÄ‚îÄ‚îÄ‚îÄ‚îÄ‚îÄ‚îÄ‚îÄ‚îÄ‚îÄ‚îÄ‚îÄ‚îÄ‚îÄ‚îÄ‚îÄ‚îÄ‚îÄ‚îÄ‚îÄ‚îÄ‚îÄ‚îÄ‚îÄ‚îÄ‚îÄ‚îÄ‚îÄ‚îÄ‚îÄ‚îÄ‚îÄ‚îÄ‚îÄ‚îÄ
    test-results\user-workflows-User-Workfl-0ba5c-‚Üí-explore-‚Üí-identify-levers-chromium\test-failed-1.png
    ‚îÄ‚îÄ‚îÄ‚îÄ‚îÄ‚îÄ‚îÄ‚îÄ‚îÄ‚îÄ‚îÄ‚îÄ‚îÄ‚îÄ‚îÄ‚îÄ‚îÄ‚îÄ‚îÄ‚îÄ‚îÄ‚îÄ‚îÄ‚îÄ‚îÄ‚îÄ‚îÄ‚îÄ‚îÄ‚îÄ‚îÄ‚îÄ‚îÄ‚îÄ‚îÄ‚îÄ‚îÄ‚îÄ‚îÄ‚îÄ‚îÄ‚îÄ‚îÄ‚îÄ‚îÄ‚îÄ‚îÄ‚îÄ‚îÄ‚îÄ‚îÄ‚îÄ‚îÄ‚îÄ‚îÄ‚îÄ‚îÄ‚îÄ‚îÄ‚îÄ‚îÄ‚îÄ‚îÄ‚îÄ‚îÄ‚îÄ‚îÄ‚îÄ‚îÄ‚îÄ‚îÄ‚îÄ‚îÄ‚îÄ‚îÄ‚îÄ‚îÄ‚îÄ‚îÄ‚îÄ‚îÄ‚îÄ‚îÄ‚îÄ‚îÄ‚îÄ‚îÄ‚îÄ‚îÄ‚îÄ‚îÄ‚îÄ‚îÄ‚îÄ‚îÄ‚îÄ

    attachment #2: video (video/webm) ‚îÄ‚îÄ‚îÄ‚îÄ‚îÄ‚îÄ‚îÄ‚îÄ‚îÄ‚îÄ‚îÄ‚îÄ‚îÄ‚îÄ‚îÄ‚îÄ‚îÄ‚îÄ‚îÄ‚îÄ‚îÄ‚îÄ‚îÄ‚îÄ‚îÄ‚îÄ‚îÄ‚îÄ‚îÄ‚îÄ‚îÄ‚îÄ‚îÄ‚îÄ‚îÄ‚îÄ‚îÄ‚îÄ‚îÄ‚îÄ‚îÄ‚îÄ‚îÄ‚îÄ‚îÄ‚îÄ‚îÄ‚îÄ‚îÄ‚îÄ‚îÄ‚îÄ‚îÄ‚îÄ‚îÄ‚îÄ‚îÄ‚îÄ‚îÄ‚îÄ‚îÄ‚îÄ
    test-results\user-workflows-User-Workfl-0ba5c-‚Üí-explore-‚Üí-identify-levers-chromium\video.webm
    ‚îÄ‚îÄ‚îÄ‚îÄ‚îÄ‚îÄ‚îÄ‚îÄ‚îÄ‚îÄ‚îÄ‚îÄ‚îÄ‚îÄ‚îÄ‚îÄ‚îÄ‚îÄ‚îÄ‚îÄ‚îÄ‚îÄ‚îÄ‚îÄ‚îÄ‚îÄ‚îÄ‚îÄ‚îÄ‚îÄ‚îÄ‚îÄ‚îÄ‚îÄ‚îÄ‚îÄ‚îÄ‚îÄ‚îÄ‚îÄ‚îÄ‚îÄ‚îÄ‚îÄ‚îÄ‚îÄ‚îÄ‚îÄ‚îÄ‚îÄ‚îÄ‚îÄ‚îÄ‚îÄ‚îÄ‚îÄ‚îÄ‚îÄ‚îÄ‚îÄ‚îÄ‚îÄ‚îÄ‚îÄ‚îÄ‚îÄ‚îÄ‚îÄ‚îÄ‚îÄ‚îÄ‚îÄ‚îÄ‚îÄ‚îÄ‚îÄ‚îÄ‚îÄ‚îÄ‚îÄ‚îÄ‚îÄ‚îÄ‚îÄ‚îÄ‚îÄ‚îÄ‚îÄ‚îÄ‚îÄ‚îÄ‚îÄ‚îÄ‚îÄ‚îÄ‚îÄ

    Error Context: test-results\user-workflows-User-Workfl-0ba5c-‚Üí-explore-‚Üí-identify-levers-chromium\error-context.md

  52) [chromium] ‚Ä∫ tests\e2e\user-workflows.spec.ts:326:7 ‚Ä∫ User Workflow: Cross-View Navigation ‚Ä∫ navigate through all major views maintaining context 

    Error: [2mexpect([22m[31mpage[39m[2m).[22mtoHaveURL[2m([22m[32mexpected[39m[2m)[22m failed

    Expected pattern: [32m/map|graph|systems|^\/$/[39m
    Received string:  [31m"http://localhost:3000/"[39m
    Timeout: 5000ms

    Call log:
    [2m  - Expect "toHaveURL" with timeout 5000ms[22m
    [2m    9 √ó unexpected value "http://localhost:3000/"[22m

        at C:\Users\mauri\OneDrive - Harvard University\New folder (2)\healthsystems\frontend\tests\e2e\user-workflows.spec.ts:336:26)
        at C:\Users\mauri\OneDrive - Harvard University\New folder (2)\healthsystems\frontend\node_modules\playwright\lib\worker\workerMain.js:310:9)
        at C:\Users\mauri\OneDrive - Harvard University\New folder (2)\healthsystems\frontend\node_modules\playwright\lib\worker\testInfo.js:305:11)
        at C:\Users\mauri\OneDrive - Harvard University\New folder (2)\healthsystems\frontend\node_modules\playwright\lib\worker\workerMain.js:308:7)

    attachment #1: screenshot (image/png) ‚îÄ‚îÄ‚îÄ‚îÄ‚îÄ‚îÄ‚îÄ‚îÄ‚îÄ‚îÄ‚îÄ‚îÄ‚îÄ‚îÄ‚îÄ‚îÄ‚îÄ‚îÄ‚îÄ‚îÄ‚îÄ‚îÄ‚îÄ‚îÄ‚îÄ‚îÄ‚îÄ‚îÄ‚îÄ‚îÄ‚îÄ‚îÄ‚îÄ‚îÄ‚îÄ‚îÄ‚îÄ‚îÄ‚îÄ‚îÄ‚îÄ‚îÄ‚îÄ‚îÄ‚îÄ‚îÄ‚îÄ‚îÄ‚îÄ‚îÄ‚îÄ‚îÄ‚îÄ‚îÄ‚îÄ‚îÄ‚îÄ‚îÄ
    test-results\user-workflows-User-Workfl-03993-r-views-maintaining-context-chromium\test-failed-1.png
    ‚îÄ‚îÄ‚îÄ‚îÄ‚îÄ‚îÄ‚îÄ‚îÄ‚îÄ‚îÄ‚îÄ‚îÄ‚îÄ‚îÄ‚îÄ‚îÄ‚îÄ‚îÄ‚îÄ‚îÄ‚îÄ‚îÄ‚îÄ‚îÄ‚îÄ‚îÄ‚îÄ‚îÄ‚îÄ‚îÄ‚îÄ‚îÄ‚îÄ‚îÄ‚îÄ‚îÄ‚îÄ‚îÄ‚îÄ‚îÄ‚îÄ‚îÄ‚îÄ‚îÄ‚îÄ‚îÄ‚îÄ‚îÄ‚îÄ‚îÄ‚îÄ‚îÄ‚îÄ‚îÄ‚îÄ‚îÄ‚îÄ‚îÄ‚îÄ‚îÄ‚îÄ‚îÄ‚îÄ‚îÄ‚îÄ‚îÄ‚îÄ‚îÄ‚îÄ‚îÄ‚îÄ‚îÄ‚îÄ‚îÄ‚îÄ‚îÄ‚îÄ‚îÄ‚îÄ‚îÄ‚îÄ‚îÄ‚îÄ‚îÄ‚îÄ‚îÄ‚îÄ‚îÄ‚îÄ‚îÄ‚îÄ‚îÄ‚îÄ‚îÄ‚îÄ‚îÄ

    attachment #2: video (video/webm) ‚îÄ‚îÄ‚îÄ‚îÄ‚îÄ‚îÄ‚îÄ‚îÄ‚îÄ‚îÄ‚îÄ‚îÄ‚îÄ‚îÄ‚îÄ‚îÄ‚îÄ‚îÄ‚îÄ‚îÄ‚îÄ‚îÄ‚îÄ‚îÄ‚îÄ‚îÄ‚îÄ‚îÄ‚îÄ‚îÄ‚îÄ‚îÄ‚îÄ‚îÄ‚îÄ‚îÄ‚îÄ‚îÄ‚îÄ‚îÄ‚îÄ‚îÄ‚îÄ‚îÄ‚îÄ‚îÄ‚îÄ‚îÄ‚îÄ‚îÄ‚îÄ‚îÄ‚îÄ‚îÄ‚îÄ‚îÄ‚îÄ‚îÄ‚îÄ‚îÄ‚îÄ‚îÄ
    test-results\user-workflows-User-Workfl-03993-r-views-maintaining-context-chromium\video.webm
    ‚îÄ‚îÄ‚îÄ‚îÄ‚îÄ‚îÄ‚îÄ‚îÄ‚îÄ‚îÄ‚îÄ‚îÄ‚îÄ‚îÄ‚îÄ‚îÄ‚îÄ‚îÄ‚îÄ‚îÄ‚îÄ‚îÄ‚îÄ‚îÄ‚îÄ‚îÄ‚îÄ‚îÄ‚îÄ‚îÄ‚îÄ‚îÄ‚îÄ‚îÄ‚îÄ‚îÄ‚îÄ‚îÄ‚îÄ‚îÄ‚îÄ‚îÄ‚îÄ‚îÄ‚îÄ‚îÄ‚îÄ‚îÄ‚îÄ‚îÄ‚îÄ‚îÄ‚îÄ‚îÄ‚îÄ‚îÄ‚îÄ‚îÄ‚îÄ‚îÄ‚îÄ‚îÄ‚îÄ‚îÄ‚îÄ‚îÄ‚îÄ‚îÄ‚îÄ‚îÄ‚îÄ‚îÄ‚îÄ‚îÄ‚îÄ‚îÄ‚îÄ‚îÄ‚îÄ‚îÄ‚îÄ‚îÄ‚îÄ‚îÄ‚îÄ‚îÄ‚îÄ‚îÄ‚îÄ‚îÄ‚îÄ‚îÄ‚îÄ‚îÄ‚îÄ‚îÄ

    Error Context: test-results\user-workflows-User-Workfl-03993-r-views-maintaining-context-chromium\error-context.md

  52 failed
    [chromium] ‚Ä∫ tests\e2e\accessibility.spec.ts:17:7 ‚Ä∫ Accessibility - Keyboard Navigation ‚Ä∫ should navigate through all interactive elements with Tab 
    [chromium] ‚Ä∫ tests\e2e\accessibility.spec.ts:189:7 ‚Ä∫ Accessibility - Screen Reader Support ‚Ä∫ should have proper heading hierarchy 
    [chromium] ‚Ä∫ tests\e2e\accessibility.spec.ts:312:7 ‚Ä∫ Accessibility - Color and Contrast ‚Ä∫ should pass automated color contrast checks 
    [chromium] ‚Ä∫ tests\e2e\accessibility.spec.ts:385:7 ‚Ä∫ Accessibility - Full Page Scans ‚Ä∫ should pass WCAG 2.1 AA on homepage 
    [chromium] ‚Ä∫ tests\e2e\crisis-explorer-view.spec.ts:33:7 ‚Ä∫ Crisis Explorer View ‚Ä∫ Crisis endpoints load from API 
    [chromium] ‚Ä∫ tests\e2e\crisis-explorer-view.spec.ts:132:7 ‚Ä∫ Crisis Explorer View ‚Ä∫ Can trigger crisis exploration 
    [chromium] ‚Ä∫ tests\e2e\crisis-explorer-view.spec.ts:152:7 ‚Ä∫ Crisis Explorer View ‚Ä∫ Shows loading state during exploration 
    [chromium] ‚Ä∫ tests\e2e\crisis-explorer-view.spec.ts:186:7 ‚Ä∫ Crisis Explorer View ‚Ä∫ Shows visualization after exploration 
    [chromium] ‚Ä∫ tests\e2e\crisis-explorer-view.spec.ts:200:7 ‚Ä∫ Crisis Explorer View ‚Ä∫ Reset button clears selection 
    [chromium] ‚Ä∫ tests\e2e\evidence-badges.spec.ts:16:7 ‚Ä∫ Evidence Quality Badges ‚Ä∫ Systems Map should display evidence badges on edges 
    [chromium] ‚Ä∫ tests\e2e\evidence-badges.spec.ts:56:7 ‚Ä∫ Evidence Quality Badges ‚Ä∫ Evidence badges should be color-coded by quality 
    [chromium] ‚Ä∫ tests\e2e\evidence-badges.spec.ts:92:7 ‚Ä∫ Evidence Quality Badges ‚Ä∫ Edge hover should show full evidence details 
    [chromium] ‚Ä∫ tests\e2e\evidence-badges.spec.ts:129:7 ‚Ä∫ Evidence Quality Badges ‚Ä∫ Legend should explain evidence quality levels 
    [chromium] ‚Ä∫ tests\e2e\evidence-badges.spec.ts:164:7 ‚Ä∫ Evidence Quality Badges ‚Ä∫ Should filter edges by evidence quality 
    [chromium] ‚Ä∫ tests\e2e\header-panel-interaction.spec.ts:7:5 ‚Ä∫ Header and Panel Interaction Test 
    [chromium] ‚Ä∫ tests\e2e\hierarchical-diagram-debug.spec.ts:21:7 ‚Ä∫ Hierarchical Diagram - Visual Inspection ‚Ä∫ should take screenshot of full visualization for review 
    [chromium] ‚Ä∫ tests\e2e\hierarchical-diagram-debug.spec.ts:37:7 ‚Ä∫ Hierarchical Diagram - Visual Inspection ‚Ä∫ should verify nodes are arranged in 5 vertical columns 
    [chromium] ‚Ä∫ tests\e2e\hierarchical-diagram-debug.spec.ts:86:7 ‚Ä∫ Hierarchical Diagram - Visual Inspection ‚Ä∫ should verify level labels are present 
    [chromium] ‚Ä∫ tests\e2e\hierarchical-diagram-debug.spec.ts:111:7 ‚Ä∫ Hierarchical Diagram - Visual Inspection ‚Ä∫ should verify edges use bezier curves (paths not lines) 
    [chromium] ‚Ä∫ tests\e2e\hierarchical-diagram-debug.spec.ts:132:7 ‚Ä∫ Hierarchical Diagram - Visual Inspection ‚Ä∫ should verify nodes have uniform white fill 
    [chromium] ‚Ä∫ tests\e2e\hierarchical-diagram-debug.spec.ts:147:7 ‚Ä∫ Hierarchical Diagram - Visual Inspection ‚Ä∫ should verify glow effect appears on hover 
    [chromium] ‚Ä∫ tests\e2e\hierarchical-diagram-debug.spec.ts:178:7 ‚Ä∫ Hierarchical Diagram - Visual Inspection ‚Ä∫ should measure canvas dimensions 
    [chromium] ‚Ä∫ tests\e2e\hierarchical-diagram-debug.spec.ts:200:7 ‚Ä∫ Hierarchical Diagram - Specific Issues ‚Ä∫ issue: nodes may be overlapping vertically 
    [chromium] ‚Ä∫ tests\e2e\hierarchical-diagram-debug.spec.ts:346:7 ‚Ä∫ Alcoholism System Diagram - Specific View ‚Ä∫ should verify alcoholism nodes are correctly categorized 
    [chromium] ‚Ä∫ tests\e2e\node-library-view.spec.ts:328:7 ‚Ä∫ Node Library View ‚Ä∫ Should show node preview panel 
    [chromium] ‚Ä∫ tests\e2e\node-library-view.spec.ts:371:7 ‚Ä∫ Node Library View ‚Ä∫ Should show node connections in preview 
    [chromium] ‚Ä∫ tests\e2e\node-rendering-diagnostic.spec.ts:7:5 ‚Ä∫ Node Rendering Diagnostic ‚îÄ‚îÄ‚îÄ‚îÄ‚îÄ‚îÄ‚îÄ
    [chromium] ‚Ä∫ tests\e2e\pathfinder-view.spec.ts:79:7 ‚Ä∫ Pathfinder View ‚Ä∫ Mode switches after selecting from node 
    [chromium] ‚Ä∫ tests\e2e\pathfinder-view.spec.ts:104:7 ‚Ä∫ Pathfinder View ‚Ä∫ Can select both from and to nodes 
    [chromium] ‚Ä∫ tests\e2e\pathfinder.spec.ts:16:9 ‚Ä∫ Pathfinder View ‚Ä∫ Page Load and Layout ‚Ä∫ should load the pathfinder page 
    [chromium] ‚Ä∫ tests\e2e\pathfinder.spec.ts:21:9 ‚Ä∫ Pathfinder View ‚Ä∫ Page Load and Layout ‚Ä∫ should display node selection inputs 
    [chromium] ‚Ä∫ tests\e2e\pathfinder.spec.ts:30:9 ‚Ä∫ Pathfinder View ‚Ä∫ Page Load and Layout ‚Ä∫ should display algorithm selection 
    [chromium] ‚Ä∫ tests\e2e\pathfinder.spec.ts:45:9 ‚Ä∫ Pathfinder View ‚Ä∫ Node Selection ‚Ä∫ should allow selecting from node via search 
    [chromium] ‚Ä∫ tests\e2e\pathfinder.spec.ts:59:9 ‚Ä∫ Pathfinder View ‚Ä∫ Node Selection ‚Ä∫ should allow selecting to node via search 
    [chromium] ‚Ä∫ tests\e2e\pathfinder.spec.ts:321:9 ‚Ä∫ Pathfinder View ‚Ä∫ Accessibility ‚Ä∫ should support keyboard navigation 
    [chromium] ‚Ä∫ tests\e2e\remaining-views.spec.ts:16:7 ‚Ä∫ Pathway Explorer View ‚Ä∫ should load pathway explorer page 
    [chromium] ‚Ä∫ tests\e2e\remaining-views.spec.ts:43:7 ‚Ä∫ Pathway Explorer View ‚Ä∫ should have evidence quality filter 
    [chromium] ‚Ä∫ tests\e2e\remaining-views.spec.ts:91:7 ‚Ä∫ Crisis Explorer View ‚Ä∫ should load crisis explorer page 
    [chromium] ‚Ä∫ tests\e2e\remaining-views.spec.ts:208:7 ‚Ä∫ Alcoholism System View ‚Ä∫ should display legend with node types 
    [chromium] ‚Ä∫ tests\e2e\scale-badges.spec.ts:16:7 ‚Ä∫ Scale Badges on Nodes ‚Ä∫ Systems Map nodes should display scale badges 
    [chromium] ‚Ä∫ tests\e2e\scale-badges.spec.ts:57:7 ‚Ä∫ Scale Badges on Nodes ‚Ä∫ Scale badges should show values 1-7 
    [chromium] ‚Ä∫ tests\e2e\scale-badges.spec.ts:96:7 ‚Ä∫ Scale Badges on Nodes ‚Ä∫ Hierarchical layout should group nodes by scale 
    [chromium] ‚Ä∫ tests\e2e\scale-badges.spec.ts:230:7 ‚Ä∫ Scale Badges on Nodes ‚Ä∫ Should filter nodes by scale 
    [chromium] ‚Ä∫ tests\e2e\user-workflow-crisis-analysis.spec.ts:11:7 ‚Ä∫ User Workflow: Crisis Analysis ‚Ä∫ Complete crisis analysis workflow 
    [chromium] ‚Ä∫ tests\e2e\user-workflow-crisis-analysis.spec.ts:172:7 ‚Ä∫ User Workflow: Crisis Analysis ‚Ä∫ Reset functionality 
    [chromium] ‚Ä∫ tests\e2e\user-workflow-crisis-analysis.spec.ts:216:7 ‚Ä∫ User Workflow: Crisis Analysis ‚Ä∫ Clear selection button 
    [chromium] ‚Ä∫ tests\e2e\user-workflow-crisis-analysis.spec.ts:257:7 ‚Ä∫ User Workflow: Crisis Analysis ‚Ä∫ Filter by policy levers tab 
    [chromium] ‚Ä∫ tests\e2e\user-workflow-pathfinding.spec.ts:11:7 ‚Ä∫ User Workflow: Pathfinding ‚Ä∫ Complete pathfinding workflow - researcher finds paths 
    [chromium] ‚Ä∫ tests\e2e\user-workflow-pathfinding.spec.ts:126:7 ‚Ä∫ User Workflow: Pathfinding ‚Ä∫ Error handling - selecting same node twice 
    [chromium] ‚Ä∫ tests\e2e\user-workflows.spec.ts:92:7 ‚Ä∫ User Workflow: Pathfinding Analysis ‚Ä∫ complete pathfinding workflow: select source ‚Üí select target ‚Üí configure ‚Üí find paths ‚Üí analyze results 
    [chromium] ‚Ä∫ tests\e2e\user-workflows.spec.ts:174:7 ‚Ä∫ User Workflow: Crisis Analysis ‚Ä∫ complete crisis analysis workflow: select crises ‚Üí configure ‚Üí explore ‚Üí identify levers 
    [chromium] ‚Ä∫ tests\e2e\user-workflows.spec.ts:326:7 ‚Ä∫ User Workflow: Cross-View Navigation ‚Ä∫ navigate through all major views maintaining context 
  22 skipped
  259 passed (4.6m)
